[35m[Appium][39m Welcome to Appium v1.21.0
[35m[Appium][39m Non-default server args:
[35m[Appium][39m   port: 56585
[35m[Appium][39m   loglevel: info
[35m[Appium][39m   tmpDir: C:\Users\Lenovo\AppData\Local\Temp\\Katalon\Appium\Temp1645009602845
[35m[Appium][39m   chromedriverPort: 56586
[35m[Appium][39m Deprecated server args:
[35m[Appium][39m   [31m--chromedriver-port[39m => --default-capabilities
[35m[Appium][39m Default capabilities, which will be added to each request unless overridden by desired capabilities:
[35m[Appium][39m   chromedriverPort: 56586
[35m[Appium][39m Appium REST http interface listener started on 0.0.0.0:56585
[35m[HTTP][39m [37m-->[39m [37mGET[39m [37m/wd/hub/status[39m
[35m[HTTP][39m [90m{}[39m
[35m[HTTP][39m [37m<-- GET /wd/hub/status [39m[32m200[39m [90m14 ms - 68[39m
[35m[HTTP][39m [90m[39m
[35m[HTTP][39m [37m-->[39m [37mPOST[39m [37m/wd/hub/session[39m
[35m[HTTP][39m [90m{"desiredCapabilities":{"appActivity":".Settings","appPackage":"com.android.settings","newCommandTimeout":1800,"platformVersion":"10","automationName":"uiautomator2","autoGrantPermissions":true,"platformName":"Android","udid":"4a90dd0d","deviceName":"Xiaomi Redmi 7 (Android 10)","platform":"ANDROID","systemPort":8216},"capabilities":{"firstMatch":[{"appium:appActivity":".Settings","appium:appPackage":"com.android.settings","appium:autoGrantPermissions":true,"appium:automationName":"uiautomator2","appium:deviceName":"Xiaomi Redmi 7 (Android 10)","appium:newCommandTimeout":1800,"platform":"ANDROID","platformName":"android","appium:platformVersion":"10","appium:systemPort":8216,"appium:udid":"4a90dd0d"}]}}[39m
[35m[BaseDriver][39m The following capabilities are not standard capabilities and should have an extension prefix:
[35m[BaseDriver][39m   platform
[35m[BaseDriver][39m   chromedriverPort
[35m[Appium][39m Appium v1.21.0 creating new AndroidUiautomator2Driver (v1.65.0) session
[35m[BaseDriver][39m The following capabilities were provided, but are not recognized by Appium:
[35m[BaseDriver][39m   platform
[35m[BaseDriver][39m Session created with session id: 416a49cb-c0b6-48d8-b2e7-f2b770844569
[35m[UiAutomator2][39m Starting 'com.android.settings' directly on the device
[35m[ADB][39m Found 1 'build-tools' folders under 'C:\Users\Lenovo\.katalon\tools\android_sdk' (newest first):
[35m[ADB][39m     C:/Users/Lenovo/.katalon/tools/android_sdk/build-tools/29.0.3
[35m[ADB][39m Using 'adb.exe' from 'C:\Users\Lenovo\.katalon\tools\android_sdk\platform-tools\adb.exe'
[35m[AndroidDriver][39m Retrieving device list
[35m[AndroidDriver][39m Using device: 4a90dd0d
[35m[ADB][39m Using 'adb.exe' from 'C:\Users\Lenovo\.katalon\tools\android_sdk\platform-tools\adb.exe'
[35m[ADB][39m Getting device platform version
[35m[UiAutomator2][39m Relaxing hidden api policy
[35m[AndroidDriver][39m No app sent in, not parsing package/activity
[35m[ADB][39m Using 'apksigner.jar' from 'C:\Users\Lenovo\.katalon\tools\android_sdk\build-tools\29.0.3\lib\apksigner.jar'
[35m[ADB][39m 'C:\Users\Lenovo\AppData\Roaming\npm\node_modules\appium\node_modules\appium-uiautomator2-server\apks\appium-uiautomator2-server-v4.21.1.apk' is signed with the default certificate
[35m[ADB][39m 'C:\Users\Lenovo\AppData\Roaming\npm\node_modules\appium\node_modules\appium-uiautomator2-server\apks\appium-uiautomator2-server-debug-androidTest.apk' is signed with the default certificate
[35m[UiAutomator2][39m Server packages are not going to be (re)installed
[35m[ADB][39m Adding packages ["io.appium.settings","io.appium.uiautomator2.server","io.appium.uiautomator2.server.test"] to Doze whitelist
[35m[UiAutomator2][39m Starting UIAutomator2 server 4.21.1
[35m[UiAutomator2][39m Using UIAutomator2 server from 'C:\Users\Lenovo\AppData\Roaming\npm\node_modules\appium\node_modules\appium-uiautomator2-server\apks\appium-uiautomator2-server-v4.21.1.apk' and test from 'C:\Users\Lenovo\AppData\Roaming\npm\node_modules\appium\node_modules\appium-uiautomator2-server\apks\appium-uiautomator2-server-debug-androidTest.apk'
[35m[UiAutomator2][39m Waiting up to 30000ms for UiAutomator2 to be online...
[35m[WD Proxy][39m socket hang up
[35m[WD Proxy][39m socket hang up
[35m[WD Proxy][39m socket hang up
[35m[WD Proxy][39m socket hang up
[35m[WD Proxy][39m Determined the downstream protocol as 'W3C'
[35m[AndroidDriver][39m Screen already unlocked, doing nothing
[35m[UiAutomator2][39m Starting 'com.android.settings/.Settings and waiting for 'com.android.settings/.Settings'
[35m[Appium][39m New AndroidUiautomator2Driver session created successfully, session 416a49cb-c0b6-48d8-b2e7-f2b770844569 added to master session list
[35m[HTTP][39m [37m<-- POST /wd/hub/session [39m[32m200[39m [90m14405 ms - 1136[39m
[35m[HTTP][39m [90m[39m
[35m[HTTP][39m [37m-->[39m [37mGET[39m [37m/wd/hub/session/416a49cb-c0b6-48d8-b2e7-f2b770844569[39m
[35m[HTTP][39m [90m{}[39m
[35m[HTTP][39m [37m<-- GET /wd/hub/session/416a49cb-c0b6-48d8-b2e7-f2b770844569 [39m[32m200[39m [90m17 ms - 1090[39m
[35m[HTTP][39m [90m[39m
[35m[HTTP][39m [37m-->[39m [37mGET[39m [37m/wd/hub/session/416a49cb-c0b6-48d8-b2e7-f2b770844569[39m
[35m[HTTP][39m [90m{}[39m
[35m[HTTP][39m [37m<-- GET /wd/hub/session/416a49cb-c0b6-48d8-b2e7-f2b770844569 [39m[32m200[39m [90m13 ms - 1090[39m
[35m[HTTP][39m [90m[39m
[35m[HTTP][39m [37m-->[39m [37mGET[39m [37m/wd/hub/status[39m
[35m[HTTP][39m [90m{}[39m
[35m[HTTP][39m [37m<-- GET /wd/hub/status [39m[32m200[39m [90m2 ms - 68[39m
[35m[HTTP][39m [90m[39m
[35m[HTTP][39m [37m-->[39m [37mPOST[39m [37m/wd/hub/session/416a49cb-c0b6-48d8-b2e7-f2b770844569/timeouts[39m
[35m[HTTP][39m [90m{"implicit":30000}[39m
[35m[HTTP][39m [37m<-- POST /wd/hub/session/416a49cb-c0b6-48d8-b2e7-f2b770844569/timeouts [39m[32m200[39m [90m9 ms - 14[39m
[35m[HTTP][39m [90m[39m
[35m[HTTP][39m [37m-->[39m [37mGET[39m [37m/wd/hub/session/416a49cb-c0b6-48d8-b2e7-f2b770844569/screenshot[39m
[35m[HTTP][39m [90m{}[39m
[35m[HTTP][39m [37m<-- GET /wd/hub/session/416a49cb-c0b6-48d8-b2e7-f2b770844569/screenshot [39m[32m200[39m [90m585 ms - 125104[39m
[35m[HTTP][39m [90m[39m
[35m[HTTP][39m [37m-->[39m [37mGET[39m [37m/wd/hub/session/416a49cb-c0b6-48d8-b2e7-f2b770844569/window/rect[39m
[35m[HTTP][39m [90m{}[39m
[35m[HTTP][39m [37m<-- GET /wd/hub/session/416a49cb-c0b6-48d8-b2e7-f2b770844569/window/rect [39m[32m200[39m [90m35 ms - 49[39m
[35m[HTTP][39m [90m[39m
[35m[HTTP][39m [37m-->[39m [37mGET[39m [37m/wd/hub/session/416a49cb-c0b6-48d8-b2e7-f2b770844569/appium/device/system_bars[39m
[35m[HTTP][39m [90m{}[39m
[35m[HTTP][39m [37m<-- GET /wd/hub/session/416a49cb-c0b6-48d8-b2e7-f2b770844569/appium/device/system_bars [39m[31m500[39m [90m312 ms - 649[39m
[35m[HTTP][39m [90m[39m
[35m[HTTP][39m [37m-->[39m [37mPOST[39m [37m/wd/hub/session/416a49cb-c0b6-48d8-b2e7-f2b770844569/appium/device/activate_app[39m
[35m[HTTP][39m [90m{"bundleId":"com.swaglabsmobileapp"}[39m
[35m[HTTP][39m [37m<-- POST /wd/hub/session/416a49cb-c0b6-48d8-b2e7-f2b770844569/appium/device/activate_app [39m[32m200[39m [90m770 ms - 14[39m
[35m[HTTP][39m [90m[39m
[35m[HTTP][39m [37m-->[39m [37mPOST[39m [37m/wd/hub/session/416a49cb-c0b6-48d8-b2e7-f2b770844569/timeouts[39m
[35m[HTTP][39m [90m{"implicit":50}[39m
[35m[HTTP][39m [37m<-- POST /wd/hub/session/416a49cb-c0b6-48d8-b2e7-f2b770844569/timeouts [39m[32m200[39m [90m6 ms - 14[39m
[35m[HTTP][39m [90m[39m
[35m[HTTP][39m [37m-->[39m [37mGET[39m [37m/wd/hub/session/416a49cb-c0b6-48d8-b2e7-f2b770844569/window/rect[39m
[35m[HTTP][39m [90m{}[39m
[35m[HTTP][39m [37m<-- GET /wd/hub/session/416a49cb-c0b6-48d8-b2e7-f2b770844569/window/rect [39m[32m200[39m [90m35 ms - 49[39m
[35m[HTTP][39m [90m[39m
[35m[HTTP][39m [37m-->[39m [37mPOST[39m [37m/wd/hub/session/416a49cb-c0b6-48d8-b2e7-f2b770844569/elements[39m
[35m[HTTP][39m [90m{"using":"xpath","value":"//*[@class = 'android.widget.EditText' and (@text = 'Username' or . = 'Username')]"}[39m
[35m[HTTP][39m [37m<-- POST /wd/hub/session/416a49cb-c0b6-48d8-b2e7-f2b770844569/elements [39m[32m200[39m [90m643 ms - 12[39m
[35m[HTTP][39m [90m[39m
[35m[HTTP][39m [37m-->[39m [37mPOST[39m [37m/wd/hub/session/416a49cb-c0b6-48d8-b2e7-f2b770844569/elements[39m
[35m[HTTP][39m [90m{"using":"xpath","value":"//*[@class = 'android.widget.EditText' and (@text = 'Username' or . = 'Username')]"}[39m
[35m[HTTP][39m [37m<-- POST /wd/hub/session/416a49cb-c0b6-48d8-b2e7-f2b770844569/elements [39m[32m200[39m [90m207 ms - 12[39m
[35m[HTTP][39m [90m[39m
[35m[HTTP][39m [37m-->[39m [37mPOST[39m [37m/wd/hub/session/416a49cb-c0b6-48d8-b2e7-f2b770844569/elements[39m
[35m[HTTP][39m [90m{"using":"xpath","value":"//*[@class = 'android.widget.EditText' and (@text = 'Username' or . = 'Username')]"}[39m
[35m[HTTP][39m [37m<-- POST /wd/hub/session/416a49cb-c0b6-48d8-b2e7-f2b770844569/elements [39m[32m200[39m [90m155 ms - 12[39m
[35m[HTTP][39m [90m[39m
[35m[HTTP][39m [37m-->[39m [37mPOST[39m [37m/wd/hub/session/416a49cb-c0b6-48d8-b2e7-f2b770844569/elements[39m
[35m[HTTP][39m [90m{"using":"xpath","value":"//*[@class = 'android.widget.EditText' and (@text = 'Username' or . = 'Username')]"}[39m
[35m[HTTP][39m [37m<-- POST /wd/hub/session/416a49cb-c0b6-48d8-b2e7-f2b770844569/elements [39m[32m200[39m [90m160 ms - 12[39m
[35m[HTTP][39m [90m[39m
[35m[HTTP][39m [37m-->[39m [37mPOST[39m [37m/wd/hub/session/416a49cb-c0b6-48d8-b2e7-f2b770844569/elements[39m
[35m[HTTP][39m [90m{"using":"xpath","value":"//*[@class = 'android.widget.EditText' and (@text = 'Username' or . = 'Username')]"}[39m
[35m[HTTP][39m [37m<-- POST /wd/hub/session/416a49cb-c0b6-48d8-b2e7-f2b770844569/elements [39m[32m200[39m [90m173 ms - 12[39m
[35m[HTTP][39m [90m[39m
[35m[HTTP][39m [37m-->[39m [37mPOST[39m [37m/wd/hub/session/416a49cb-c0b6-48d8-b2e7-f2b770844569/elements[39m
[35m[HTTP][39m [90m{"using":"xpath","value":"//*[@class = 'android.widget.EditText' and (@text = 'Username' or . = 'Username')]"}[39m
[35m[HTTP][39m [37m<-- POST /wd/hub/session/416a49cb-c0b6-48d8-b2e7-f2b770844569/elements [39m[32m200[39m [90m193 ms - 12[39m
[35m[HTTP][39m [90m[39m
[35m[HTTP][39m [37m-->[39m [37mPOST[39m [37m/wd/hub/session/416a49cb-c0b6-48d8-b2e7-f2b770844569/elements[39m
[35m[HTTP][39m [90m{"using":"xpath","value":"//*[@class = 'android.widget.EditText' and (@text = 'Username' or . = 'Username')]"}[39m
[35m[HTTP][39m [37m<-- POST /wd/hub/session/416a49cb-c0b6-48d8-b2e7-f2b770844569/elements [39m[32m200[39m [90m132 ms - 12[39m
[35m[HTTP][39m [90m[39m
[35m[HTTP][39m [37m-->[39m [37mPOST[39m [37m/wd/hub/session/416a49cb-c0b6-48d8-b2e7-f2b770844569/elements[39m
[35m[HTTP][39m [90m{"using":"xpath","value":"//*[@class = 'android.widget.EditText' and (@text = 'Username' or . = 'Username')]"}[39m
[35m[HTTP][39m [37m<-- POST /wd/hub/session/416a49cb-c0b6-48d8-b2e7-f2b770844569/elements [39m[32m200[39m [90m604 ms - 12[39m
[35m[HTTP][39m [90m[39m
[35m[HTTP][39m [37m-->[39m [37mPOST[39m [37m/wd/hub/session/416a49cb-c0b6-48d8-b2e7-f2b770844569/elements[39m
[35m[HTTP][39m [90m{"using":"xpath","value":"//*[@class = 'android.widget.EditText' and (@text = 'Username' or . = 'Username')]"}[39m
[35m[HTTP][39m [37m<-- POST /wd/hub/session/416a49cb-c0b6-48d8-b2e7-f2b770844569/elements [39m[32m200[39m [90m128 ms - 12[39m
[35m[HTTP][39m [90m[39m
[35m[HTTP][39m [37m-->[39m [37mPOST[39m [37m/wd/hub/session/416a49cb-c0b6-48d8-b2e7-f2b770844569/elements[39m
[35m[HTTP][39m [90m{"using":"xpath","value":"//*[@class = 'android.widget.EditText' and (@text = 'Username' or . = 'Username')]"}[39m
[35m[HTTP][39m [37m<-- POST /wd/hub/session/416a49cb-c0b6-48d8-b2e7-f2b770844569/elements [39m[32m200[39m [90m152 ms - 12[39m
[35m[HTTP][39m [90m[39m
[35m[HTTP][39m [37m-->[39m [37mPOST[39m [37m/wd/hub/session/416a49cb-c0b6-48d8-b2e7-f2b770844569/elements[39m
[35m[HTTP][39m [90m{"using":"xpath","value":"//*[@class = 'android.widget.EditText' and (@text = 'Username' or . = 'Username')]"}[39m
[35m[HTTP][39m [37m<-- POST /wd/hub/session/416a49cb-c0b6-48d8-b2e7-f2b770844569/elements [39m[32m200[39m [90m160 ms - 12[39m
[35m[HTTP][39m [90m[39m
[35m[HTTP][39m [37m-->[39m [37mPOST[39m [37m/wd/hub/session/416a49cb-c0b6-48d8-b2e7-f2b770844569/elements[39m
[35m[HTTP][39m [90m{"using":"xpath","value":"//*[@class = 'android.widget.EditText' and (@text = 'Username' or . = 'Username')]"}[39m
[35m[HTTP][39m [37m<-- POST /wd/hub/session/416a49cb-c0b6-48d8-b2e7-f2b770844569/elements [39m[32m200[39m [90m146 ms - 12[39m
[35m[HTTP][39m [90m[39m
[35m[HTTP][39m [37m-->[39m [37mPOST[39m [37m/wd/hub/session/416a49cb-c0b6-48d8-b2e7-f2b770844569/elements[39m
[35m[HTTP][39m [90m{"using":"xpath","value":"//*[@class = 'android.widget.EditText' and (@text = 'Username' or . = 'Username')]"}[39m
[35m[HTTP][39m [37m<-- POST /wd/hub/session/416a49cb-c0b6-48d8-b2e7-f2b770844569/elements [39m[32m200[39m [90m111 ms - 12[39m
[35m[HTTP][39m [90m[39m
[35m[HTTP][39m [37m-->[39m [37mPOST[39m [37m/wd/hub/session/416a49cb-c0b6-48d8-b2e7-f2b770844569/elements[39m
[35m[HTTP][39m [90m{"using":"xpath","value":"//*[@class = 'android.widget.EditText' and (@text = 'Username' or . = 'Username')]"}[39m
[35m[HTTP][39m [37m<-- POST /wd/hub/session/416a49cb-c0b6-48d8-b2e7-f2b770844569/elements [39m[32m200[39m [90m130 ms - 12[39m
[35m[HTTP][39m [90m[39m
[35m[HTTP][39m [37m-->[39m [37mPOST[39m [37m/wd/hub/session/416a49cb-c0b6-48d8-b2e7-f2b770844569/elements[39m
[35m[HTTP][39m [90m{"using":"xpath","value":"//*[@class = 'android.widget.EditText' and (@text = 'Username' or . = 'Username')]"}[39m
[35m[HTTP][39m [37m<-- POST /wd/hub/session/416a49cb-c0b6-48d8-b2e7-f2b770844569/elements [39m[32m200[39m [90m105 ms - 12[39m
[35m[HTTP][39m [90m[39m
[35m[HTTP][39m [37m-->[39m [37mPOST[39m [37m/wd/hub/session/416a49cb-c0b6-48d8-b2e7-f2b770844569/elements[39m
[35m[HTTP][39m [90m{"using":"xpath","value":"//*[@class = 'android.widget.EditText' and (@text = 'Username' or . = 'Username')]"}[39m
[35m[HTTP][39m [37m<-- POST /wd/hub/session/416a49cb-c0b6-48d8-b2e7-f2b770844569/elements [39m[32m200[39m [90m122 ms - 12[39m
[35m[HTTP][39m [90m[39m
[35m[HTTP][39m [37m-->[39m [37mPOST[39m [37m/wd/hub/session/416a49cb-c0b6-48d8-b2e7-f2b770844569/elements[39m
[35m[HTTP][39m [90m{"using":"xpath","value":"//*[@class = 'android.widget.EditText' and (@text = 'Username' or . = 'Username')]"}[39m
[35m[HTTP][39m [37m<-- POST /wd/hub/session/416a49cb-c0b6-48d8-b2e7-f2b770844569/elements [39m[32m200[39m [90m119 ms - 12[39m
[35m[HTTP][39m [90m[39m
[35m[HTTP][39m [37m-->[39m [37mPOST[39m [37m/wd/hub/session/416a49cb-c0b6-48d8-b2e7-f2b770844569/elements[39m
[35m[HTTP][39m [90m{"using":"xpath","value":"//*[@class = 'android.widget.EditText' and (@text = 'Username' or . = 'Username')]"}[39m
[35m[HTTP][39m [37m<-- POST /wd/hub/session/416a49cb-c0b6-48d8-b2e7-f2b770844569/elements [39m[32m200[39m [90m129 ms - 12[39m
[35m[HTTP][39m [90m[39m
[35m[HTTP][39m [37m-->[39m [37mPOST[39m [37m/wd/hub/session/416a49cb-c0b6-48d8-b2e7-f2b770844569/elements[39m
[35m[HTTP][39m [90m{"using":"xpath","value":"//*[@class = 'android.widget.EditText' and (@text = 'Username' or . = 'Username')]"}[39m
[35m[HTTP][39m [37m<-- POST /wd/hub/session/416a49cb-c0b6-48d8-b2e7-f2b770844569/elements [39m[32m200[39m [90m127 ms - 12[39m
[35m[HTTP][39m [90m[39m
[35m[HTTP][39m [37m-->[39m [37mPOST[39m [37m/wd/hub/session/416a49cb-c0b6-48d8-b2e7-f2b770844569/elements[39m
[35m[HTTP][39m [90m{"using":"xpath","value":"//*[@class = 'android.widget.EditText' and (@text = 'Username' or . = 'Username')]"}[39m
[35m[HTTP][39m [37m<-- POST /wd/hub/session/416a49cb-c0b6-48d8-b2e7-f2b770844569/elements [39m[32m200[39m [90m148 ms - 12[39m
[35m[HTTP][39m [90m[39m
[35m[HTTP][39m [37m-->[39m [37mPOST[39m [37m/wd/hub/session/416a49cb-c0b6-48d8-b2e7-f2b770844569/elements[39m
[35m[HTTP][39m [90m{"using":"xpath","value":"//*[@class = 'android.widget.EditText' and (@text = 'Username' or . = 'Username')]"}[39m
[35m[HTTP][39m [37m<-- POST /wd/hub/session/416a49cb-c0b6-48d8-b2e7-f2b770844569/elements [39m[32m200[39m [90m126 ms - 12[39m
[35m[HTTP][39m [90m[39m
[35m[HTTP][39m [37m-->[39m [37mPOST[39m [37m/wd/hub/session/416a49cb-c0b6-48d8-b2e7-f2b770844569/elements[39m
[35m[HTTP][39m [90m{"using":"xpath","value":"//*[@class = 'android.widget.EditText' and (@text = 'Username' or . = 'Username')]"}[39m
[35m[HTTP][39m [37m<-- POST /wd/hub/session/416a49cb-c0b6-48d8-b2e7-f2b770844569/elements [39m[32m200[39m [90m130 ms - 12[39m
[35m[HTTP][39m [90m[39m
[35m[HTTP][39m [37m-->[39m [37mPOST[39m [37m/wd/hub/session/416a49cb-c0b6-48d8-b2e7-f2b770844569/elements[39m
[35m[HTTP][39m [90m{"using":"xpath","value":"//*[@class = 'android.widget.EditText' and (@text = 'Username' or . = 'Username')]"}[39m
[35m[HTTP][39m [37m<-- POST /wd/hub/session/416a49cb-c0b6-48d8-b2e7-f2b770844569/elements [39m[32m200[39m [90m108 ms - 12[39m
[35m[HTTP][39m [90m[39m
[35m[HTTP][39m [37m-->[39m [37mPOST[39m [37m/wd/hub/session/416a49cb-c0b6-48d8-b2e7-f2b770844569/elements[39m
[35m[HTTP][39m [90m{"using":"xpath","value":"//*[@class = 'android.widget.EditText' and (@text = 'Username' or . = 'Username')]"}[39m
[35m[HTTP][39m [37m<-- POST /wd/hub/session/416a49cb-c0b6-48d8-b2e7-f2b770844569/elements [39m[32m200[39m [90m127 ms - 12[39m
[35m[HTTP][39m [90m[39m
[35m[HTTP][39m [37m-->[39m [37mPOST[39m [37m/wd/hub/session/416a49cb-c0b6-48d8-b2e7-f2b770844569/elements[39m
[35m[HTTP][39m [90m{"using":"xpath","value":"//*[@class = 'android.widget.EditText' and (@text = 'Username' or . = 'Username')]"}[39m
[35m[HTTP][39m [37m<-- POST /wd/hub/session/416a49cb-c0b6-48d8-b2e7-f2b770844569/elements [39m[32m200[39m [90m125 ms - 12[39m
[35m[HTTP][39m [90m[39m
[35m[HTTP][39m [37m-->[39m [37mPOST[39m [37m/wd/hub/session/416a49cb-c0b6-48d8-b2e7-f2b770844569/elements[39m
[35m[HTTP][39m [90m{"using":"xpath","value":"//*[@class = 'android.widget.EditText' and (@text = 'Username' or . = 'Username')]"}[39m
[35m[HTTP][39m [37m<-- POST /wd/hub/session/416a49cb-c0b6-48d8-b2e7-f2b770844569/elements [39m[32m200[39m [90m114 ms - 12[39m
[35m[HTTP][39m [90m[39m
[35m[HTTP][39m [37m-->[39m [37mPOST[39m [37m/wd/hub/session/416a49cb-c0b6-48d8-b2e7-f2b770844569/elements[39m
[35m[HTTP][39m [90m{"using":"xpath","value":"//*[@class = 'android.widget.EditText' and (@text = 'Username' or . = 'Username')]"}[39m
[35m[HTTP][39m [37m<-- POST /wd/hub/session/416a49cb-c0b6-48d8-b2e7-f2b770844569/elements [39m[32m200[39m [90m118 ms - 12[39m
[35m[HTTP][39m [90m[39m
[35m[HTTP][39m [37m-->[39m [37mPOST[39m [37m/wd/hub/session/416a49cb-c0b6-48d8-b2e7-f2b770844569/elements[39m
[35m[HTTP][39m [90m{"using":"xpath","value":"//*[@class = 'android.widget.EditText' and (@text = 'Username' or . = 'Username')]"}[39m
[35m[HTTP][39m [37m<-- POST /wd/hub/session/416a49cb-c0b6-48d8-b2e7-f2b770844569/elements [39m[32m200[39m [90m100 ms - 12[39m
[35m[HTTP][39m [90m[39m
[35m[HTTP][39m [37m-->[39m [37mPOST[39m [37m/wd/hub/session/416a49cb-c0b6-48d8-b2e7-f2b770844569/elements[39m
[35m[HTTP][39m [90m{"using":"xpath","value":"//*[@class = 'android.widget.EditText' and (@text = 'Username' or . = 'Username')]"}[39m
[35m[HTTP][39m [37m<-- POST /wd/hub/session/416a49cb-c0b6-48d8-b2e7-f2b770844569/elements [39m[32m200[39m [90m90 ms - 12[39m
[35m[HTTP][39m [90m[39m
[35m[HTTP][39m [37m-->[39m [37mPOST[39m [37m/wd/hub/session/416a49cb-c0b6-48d8-b2e7-f2b770844569/elements[39m
[35m[HTTP][39m [90m{"using":"xpath","value":"//*[@class = 'android.widget.EditText' and (@text = 'Username' or . = 'Username')]"}[39m
[35m[HTTP][39m [37m<-- POST /wd/hub/session/416a49cb-c0b6-48d8-b2e7-f2b770844569/elements [39m[32m200[39m [90m82 ms - 12[39m
[35m[HTTP][39m [90m[39m
[35m[HTTP][39m [37m-->[39m [37mPOST[39m [37m/wd/hub/session/416a49cb-c0b6-48d8-b2e7-f2b770844569/elements[39m
[35m[HTTP][39m [90m{"using":"xpath","value":"//*[@class = 'android.widget.EditText' and (@text = 'Username' or . = 'Username')]"}[39m
[35m[HTTP][39m [37m<-- POST /wd/hub/session/416a49cb-c0b6-48d8-b2e7-f2b770844569/elements [39m[32m200[39m [90m75 ms - 12[39m
[35m[HTTP][39m [90m[39m
[35m[HTTP][39m [37m-->[39m [37mPOST[39m [37m/wd/hub/session/416a49cb-c0b6-48d8-b2e7-f2b770844569/elements[39m
[35m[HTTP][39m [90m{"using":"xpath","value":"//*[@class = 'android.widget.EditText' and (@text = 'Username' or . = 'Username')]"}[39m
[35m[HTTP][39m [37m<-- POST /wd/hub/session/416a49cb-c0b6-48d8-b2e7-f2b770844569/elements [39m[32m200[39m [90m72 ms - 12[39m
[35m[HTTP][39m [90m[39m
[35m[HTTP][39m [37m-->[39m [37mPOST[39m [37m/wd/hub/session/416a49cb-c0b6-48d8-b2e7-f2b770844569/elements[39m
[35m[HTTP][39m [90m{"using":"xpath","value":"//*[@class = 'android.widget.EditText' and (@text = 'Username' or . = 'Username')]"}[39m
[35m[HTTP][39m [37m<-- POST /wd/hub/session/416a49cb-c0b6-48d8-b2e7-f2b770844569/elements [39m[32m200[39m [90m823 ms - 12[39m
[35m[HTTP][39m [90m[39m
[35m[HTTP][39m [37m-->[39m [37mPOST[39m [37m/wd/hub/session/416a49cb-c0b6-48d8-b2e7-f2b770844569/elements[39m
[35m[HTTP][39m [90m{"using":"xpath","value":"//*[@class = 'android.widget.EditText' and (@text = 'Username' or . = 'Username')]"}[39m
[35m[HTTP][39m [37m<-- POST /wd/hub/session/416a49cb-c0b6-48d8-b2e7-f2b770844569/elements [39m[32m200[39m [90m102 ms - 12[39m
[35m[HTTP][39m [90m[39m
[35m[HTTP][39m [37m-->[39m [37mPOST[39m [37m/wd/hub/session/416a49cb-c0b6-48d8-b2e7-f2b770844569/elements[39m
[35m[HTTP][39m [90m{"using":"xpath","value":"//*[@class = 'android.widget.EditText' and (@text = 'Username' or . = 'Username')]"}[39m
[35m[HTTP][39m [37m<-- POST /wd/hub/session/416a49cb-c0b6-48d8-b2e7-f2b770844569/elements [39m[32m200[39m [90m106 ms - 12[39m
[35m[HTTP][39m [90m[39m
[35m[HTTP][39m [37m-->[39m [37mPOST[39m [37m/wd/hub/session/416a49cb-c0b6-48d8-b2e7-f2b770844569/elements[39m
[35m[HTTP][39m [90m{"using":"xpath","value":"//*[@class = 'android.widget.EditText' and (@text = 'Username' or . = 'Username')]"}[39m
[35m[HTTP][39m [37m<-- POST /wd/hub/session/416a49cb-c0b6-48d8-b2e7-f2b770844569/elements [39m[32m200[39m [90m97 ms - 12[39m
[35m[HTTP][39m [90m[39m
[35m[HTTP][39m [37m-->[39m [37mPOST[39m [37m/wd/hub/session/416a49cb-c0b6-48d8-b2e7-f2b770844569/elements[39m
[35m[HTTP][39m [90m{"using":"xpath","value":"//*[@class = 'android.widget.EditText' and (@text = 'Username' or . = 'Username')]"}[39m
[35m[HTTP][39m [37m<-- POST /wd/hub/session/416a49cb-c0b6-48d8-b2e7-f2b770844569/elements [39m[32m200[39m [90m100 ms - 12[39m
[35m[HTTP][39m [90m[39m
[35m[HTTP][39m [37m-->[39m [37mPOST[39m [37m/wd/hub/session/416a49cb-c0b6-48d8-b2e7-f2b770844569/elements[39m
[35m[HTTP][39m [90m{"using":"xpath","value":"//*[@class = 'android.widget.EditText' and (@text = 'Username' or . = 'Username')]"}[39m
[35m[HTTP][39m [37m<-- POST /wd/hub/session/416a49cb-c0b6-48d8-b2e7-f2b770844569/elements [39m[32m200[39m [90m101 ms - 12[39m
[35m[HTTP][39m [90m[39m
[35m[HTTP][39m [37m-->[39m [37mPOST[39m [37m/wd/hub/session/416a49cb-c0b6-48d8-b2e7-f2b770844569/elements[39m
[35m[HTTP][39m [90m{"using":"xpath","value":"//*[@class = 'android.widget.EditText' and (@text = 'Username' or . = 'Username')]"}[39m
[35m[HTTP][39m [37m<-- POST /wd/hub/session/416a49cb-c0b6-48d8-b2e7-f2b770844569/elements [39m[32m200[39m [90m114 ms - 12[39m
[35m[HTTP][39m [90m[39m
[35m[HTTP][39m [37m-->[39m [37mPOST[39m [37m/wd/hub/session/416a49cb-c0b6-48d8-b2e7-f2b770844569/elements[39m
[35m[HTTP][39m [90m{"using":"xpath","value":"//*[@class = 'android.widget.EditText' and (@text = 'Username' or . = 'Username')]"}[39m
[35m[HTTP][39m [37m<-- POST /wd/hub/session/416a49cb-c0b6-48d8-b2e7-f2b770844569/elements [39m[32m200[39m [90m91 ms - 12[39m
[35m[HTTP][39m [90m[39m
[35m[HTTP][39m [37m-->[39m [37mPOST[39m [37m/wd/hub/session/416a49cb-c0b6-48d8-b2e7-f2b770844569/elements[39m
[35m[HTTP][39m [90m{"using":"xpath","value":"//*[@class = 'android.widget.EditText' and (@text = 'Username' or . = 'Username')]"}[39m
[35m[HTTP][39m [37m<-- POST /wd/hub/session/416a49cb-c0b6-48d8-b2e7-f2b770844569/elements [39m[32m200[39m [90m116 ms - 12[39m
[35m[HTTP][39m [90m[39m
[35m[HTTP][39m [37m-->[39m [37mPOST[39m [37m/wd/hub/session/416a49cb-c0b6-48d8-b2e7-f2b770844569/elements[39m
[35m[HTTP][39m [90m{"using":"xpath","value":"//*[@class = 'android.widget.EditText' and (@text = 'Username' or . = 'Username')]"}[39m
[35m[HTTP][39m [37m<-- POST /wd/hub/session/416a49cb-c0b6-48d8-b2e7-f2b770844569/elements [39m[32m200[39m [90m89 ms - 12[39m
[35m[HTTP][39m [90m[39m
[35m[HTTP][39m [37m-->[39m [37mPOST[39m [37m/wd/hub/session/416a49cb-c0b6-48d8-b2e7-f2b770844569/elements[39m
[35m[HTTP][39m [90m{"using":"xpath","value":"//*[@class = 'android.widget.EditText' and (@text = 'Username' or . = 'Username')]"}[39m
[35m[HTTP][39m [37m<-- POST /wd/hub/session/416a49cb-c0b6-48d8-b2e7-f2b770844569/elements [39m[32m200[39m [90m91 ms - 12[39m
[35m[HTTP][39m [90m[39m
[35m[HTTP][39m [37m-->[39m [37mPOST[39m [37m/wd/hub/session/416a49cb-c0b6-48d8-b2e7-f2b770844569/elements[39m
[35m[HTTP][39m [90m{"using":"xpath","value":"//*[@class = 'android.widget.EditText' and (@text = 'Username' or . = 'Username')]"}[39m
[35m[HTTP][39m [37m<-- POST /wd/hub/session/416a49cb-c0b6-48d8-b2e7-f2b770844569/elements [39m[32m200[39m [90m136 ms - 12[39m
[35m[HTTP][39m [90m[39m
[35m[HTTP][39m [37m-->[39m [37mPOST[39m [37m/wd/hub/session/416a49cb-c0b6-48d8-b2e7-f2b770844569/elements[39m
[35m[HTTP][39m [90m{"using":"xpath","value":"//*[@class = 'android.widget.EditText' and (@text = 'Username' or . = 'Username')]"}[39m
[35m[HTTP][39m [37m<-- POST /wd/hub/session/416a49cb-c0b6-48d8-b2e7-f2b770844569/elements [39m[32m200[39m [90m119 ms - 12[39m
[35m[HTTP][39m [90m[39m
[35m[HTTP][39m [37m-->[39m [37mPOST[39m [37m/wd/hub/session/416a49cb-c0b6-48d8-b2e7-f2b770844569/elements[39m
[35m[HTTP][39m [90m{"using":"xpath","value":"//*[@class = 'android.widget.EditText' and (@text = 'Username' or . = 'Username')]"}[39m
[35m[HTTP][39m [37m<-- POST /wd/hub/session/416a49cb-c0b6-48d8-b2e7-f2b770844569/elements [39m[32m200[39m [90m106 ms - 12[39m
[35m[HTTP][39m [90m[39m
[35m[HTTP][39m [37m-->[39m [37mPOST[39m [37m/wd/hub/session/416a49cb-c0b6-48d8-b2e7-f2b770844569/elements[39m
[35m[HTTP][39m [90m{"using":"xpath","value":"//*[@class = 'android.widget.EditText' and (@text = 'Username' or . = 'Username')]"}[39m
[35m[HTTP][39m [37m<-- POST /wd/hub/session/416a49cb-c0b6-48d8-b2e7-f2b770844569/elements [39m[32m200[39m [90m111 ms - 12[39m
[35m[HTTP][39m [90m[39m
[35m[HTTP][39m [37m-->[39m [37mPOST[39m [37m/wd/hub/session/416a49cb-c0b6-48d8-b2e7-f2b770844569/elements[39m
[35m[HTTP][39m [90m{"using":"xpath","value":"//*[@class = 'android.widget.EditText' and (@text = 'Username' or . = 'Username')]"}[39m
[35m[HTTP][39m [37m<-- POST /wd/hub/session/416a49cb-c0b6-48d8-b2e7-f2b770844569/elements [39m[32m200[39m [90m87 ms - 12[39m
[35m[HTTP][39m [90m[39m
[35m[HTTP][39m [37m-->[39m [37mPOST[39m [37m/wd/hub/session/416a49cb-c0b6-48d8-b2e7-f2b770844569/elements[39m
[35m[HTTP][39m [90m{"using":"xpath","value":"//*[@class = 'android.widget.EditText' and (@text = 'Username' or . = 'Username')]"}[39m
[35m[HTTP][39m [37m<-- POST /wd/hub/session/416a49cb-c0b6-48d8-b2e7-f2b770844569/elements [39m[32m200[39m [90m94 ms - 12[39m
[35m[HTTP][39m [90m[39m
[35m[HTTP][39m [37m-->[39m [37mPOST[39m [37m/wd/hub/session/416a49cb-c0b6-48d8-b2e7-f2b770844569/elements[39m
[35m[HTTP][39m [90m{"using":"xpath","value":"//*[@class = 'android.widget.EditText' and (@text = 'Username' or . = 'Username')]"}[39m
[35m[HTTP][39m [37m<-- POST /wd/hub/session/416a49cb-c0b6-48d8-b2e7-f2b770844569/elements [39m[32m200[39m [90m74 ms - 12[39m
[35m[HTTP][39m [90m[39m
[35m[HTTP][39m [37m-->[39m [37mPOST[39m [37m/wd/hub/session/416a49cb-c0b6-48d8-b2e7-f2b770844569/elements[39m
[35m[HTTP][39m [90m{"using":"xpath","value":"//*[@class = 'android.widget.EditText' and (@text = 'Username' or . = 'Username')]"}[39m
[35m[HTTP][39m [37m<-- POST /wd/hub/session/416a49cb-c0b6-48d8-b2e7-f2b770844569/elements [39m[32m200[39m [90m675 ms - 12[39m
[35m[HTTP][39m [90m[39m
[35m[HTTP][39m [37m-->[39m [37mPOST[39m [37m/wd/hub/session/416a49cb-c0b6-48d8-b2e7-f2b770844569/elements[39m
[35m[HTTP][39m [90m{"using":"xpath","value":"//*[@class = 'android.widget.EditText' and (@text = 'Username' or . = 'Username')]"}[39m
[35m[HTTP][39m [37m<-- POST /wd/hub/session/416a49cb-c0b6-48d8-b2e7-f2b770844569/elements [39m[32m200[39m [90m91 ms - 12[39m
[35m[HTTP][39m [90m[39m
[35m[HTTP][39m [37m-->[39m [37mPOST[39m [37m/wd/hub/session/416a49cb-c0b6-48d8-b2e7-f2b770844569/elements[39m
[35m[HTTP][39m [90m{"using":"xpath","value":"//*[@class = 'android.widget.EditText' and (@text = 'Username' or . = 'Username')]"}[39m
[35m[HTTP][39m [37m<-- POST /wd/hub/session/416a49cb-c0b6-48d8-b2e7-f2b770844569/elements [39m[32m200[39m [90m97 ms - 12[39m
[35m[HTTP][39m [90m[39m
[35m[HTTP][39m [37m-->[39m [37mPOST[39m [37m/wd/hub/session/416a49cb-c0b6-48d8-b2e7-f2b770844569/elements[39m
[35m[HTTP][39m [90m{"using":"xpath","value":"//*[@class = 'android.widget.EditText' and (@text = 'Username' or . = 'Username')]"}[39m
[35m[HTTP][39m [37m<-- POST /wd/hub/session/416a49cb-c0b6-48d8-b2e7-f2b770844569/elements [39m[32m200[39m [90m80 ms - 12[39m
[35m[HTTP][39m [90m[39m
[35m[HTTP][39m [37m-->[39m [37mPOST[39m [37m/wd/hub/session/416a49cb-c0b6-48d8-b2e7-f2b770844569/elements[39m
[35m[HTTP][39m [90m{"using":"xpath","value":"//*[@class = 'android.widget.EditText' and (@text = 'Username' or . = 'Username')]"}[39m
[35m[HTTP][39m [37m<-- POST /wd/hub/session/416a49cb-c0b6-48d8-b2e7-f2b770844569/elements [39m[32m200[39m [90m1016 ms - 12[39m
[35m[HTTP][39m [90m[39m
[35m[HTTP][39m [37m-->[39m [37mPOST[39m [37m/wd/hub/session/416a49cb-c0b6-48d8-b2e7-f2b770844569/elements[39m
[35m[HTTP][39m [90m{"using":"xpath","value":"//*[@class = 'android.widget.EditText' and (@text = 'Username' or . = 'Username')]"}[39m
[35m[HTTP][39m [37m<-- POST /wd/hub/session/416a49cb-c0b6-48d8-b2e7-f2b770844569/elements [39m[32m200[39m [90m78 ms - 12[39m
[35m[HTTP][39m [90m[39m
[35m[HTTP][39m [37m-->[39m [37mPOST[39m [37m/wd/hub/session/416a49cb-c0b6-48d8-b2e7-f2b770844569/elements[39m
[35m[HTTP][39m [90m{"using":"xpath","value":"//*[@class = 'android.widget.EditText' and (@text = 'Username' or . = 'Username')]"}[39m
[35m[HTTP][39m [37m<-- POST /wd/hub/session/416a49cb-c0b6-48d8-b2e7-f2b770844569/elements [39m[32m200[39m [90m577 ms - 12[39m
[35m[HTTP][39m [90m[39m
[35m[HTTP][39m [37m-->[39m [37mPOST[39m [37m/wd/hub/session/416a49cb-c0b6-48d8-b2e7-f2b770844569/elements[39m
[35m[HTTP][39m [90m{"using":"xpath","value":"//*[@class = 'android.widget.EditText' and (@text = 'Username' or . = 'Username')]"}[39m
[35m[HTTP][39m [37m<-- POST /wd/hub/session/416a49cb-c0b6-48d8-b2e7-f2b770844569/elements [39m[32m200[39m [90m102 ms - 12[39m
[35m[HTTP][39m [90m[39m
[35m[HTTP][39m [37m-->[39m [37mPOST[39m [37m/wd/hub/session/416a49cb-c0b6-48d8-b2e7-f2b770844569/elements[39m
[35m[HTTP][39m [90m{"using":"xpath","value":"//*[@class = 'android.widget.EditText' and (@text = 'Username' or . = 'Username')]"}[39m
[35m[HTTP][39m [37m<-- POST /wd/hub/session/416a49cb-c0b6-48d8-b2e7-f2b770844569/elements [39m[32m200[39m [90m102 ms - 12[39m
[35m[HTTP][39m [90m[39m
[35m[HTTP][39m [37m-->[39m [37mPOST[39m [37m/wd/hub/session/416a49cb-c0b6-48d8-b2e7-f2b770844569/elements[39m
[35m[HTTP][39m [90m{"using":"xpath","value":"//*[@class = 'android.widget.EditText' and (@text = 'Username' or . = 'Username')]"}[39m
[35m[HTTP][39m [37m<-- POST /wd/hub/session/416a49cb-c0b6-48d8-b2e7-f2b770844569/elements [39m[32m200[39m [90m87 ms - 12[39m
[35m[HTTP][39m [90m[39m
[35m[HTTP][39m [37m-->[39m [37mPOST[39m [37m/wd/hub/session/416a49cb-c0b6-48d8-b2e7-f2b770844569/elements[39m
[35m[HTTP][39m [90m{"using":"xpath","value":"//*[@class = 'android.widget.EditText' and (@text = 'Username' or . = 'Username')]"}[39m
[35m[HTTP][39m [37m<-- POST /wd/hub/session/416a49cb-c0b6-48d8-b2e7-f2b770844569/elements [39m[32m200[39m [90m594 ms - 12[39m
[35m[HTTP][39m [90m[39m
[35m[HTTP][39m [37m-->[39m [37mPOST[39m [37m/wd/hub/session/416a49cb-c0b6-48d8-b2e7-f2b770844569/elements[39m
[35m[HTTP][39m [90m{"using":"xpath","value":"//*[@class = 'android.widget.EditText' and (@text = 'Username' or . = 'Username')]"}[39m
[35m[HTTP][39m [37m<-- POST /wd/hub/session/416a49cb-c0b6-48d8-b2e7-f2b770844569/elements [39m[32m200[39m [90m93 ms - 12[39m
[35m[HTTP][39m [90m[39m
[35m[HTTP][39m [37m-->[39m [37mPOST[39m [37m/wd/hub/session/416a49cb-c0b6-48d8-b2e7-f2b770844569/elements[39m
[35m[HTTP][39m [90m{"using":"xpath","value":"//*[@class = 'android.widget.EditText' and (@text = 'Username' or . = 'Username')]"}[39m
[35m[HTTP][39m [37m<-- POST /wd/hub/session/416a49cb-c0b6-48d8-b2e7-f2b770844569/elements [39m[32m200[39m [90m109 ms - 12[39m
[35m[HTTP][39m [90m[39m
[35m[HTTP][39m [37m-->[39m [37mPOST[39m [37m/wd/hub/session/416a49cb-c0b6-48d8-b2e7-f2b770844569/elements[39m
[35m[HTTP][39m [90m{"using":"xpath","value":"//*[@class = 'android.widget.EditText' and (@text = 'Username' or . = 'Username')]"}[39m
[35m[HTTP][39m [37m<-- POST /wd/hub/session/416a49cb-c0b6-48d8-b2e7-f2b770844569/elements [39m[32m200[39m [90m138 ms - 12[39m
[35m[HTTP][39m [90m[39m
[35m[HTTP][39m [37m-->[39m [37mPOST[39m [37m/wd/hub/session/416a49cb-c0b6-48d8-b2e7-f2b770844569/elements[39m
[35m[HTTP][39m [90m{"using":"xpath","value":"//*[@class = 'android.widget.EditText' and (@text = 'Username' or . = 'Username')]"}[39m
[35m[HTTP][39m [37m<-- POST /wd/hub/session/416a49cb-c0b6-48d8-b2e7-f2b770844569/elements [39m[32m200[39m [90m132 ms - 12[39m
[35m[HTTP][39m [90m[39m
[35m[HTTP][39m [37m-->[39m [37mPOST[39m [37m/wd/hub/session/416a49cb-c0b6-48d8-b2e7-f2b770844569/elements[39m
[35m[HTTP][39m [90m{"using":"xpath","value":"//*[@class = 'android.widget.EditText' and (@text = 'Username' or . = 'Username')]"}[39m
[35m[HTTP][39m [37m<-- POST /wd/hub/session/416a49cb-c0b6-48d8-b2e7-f2b770844569/elements [39m[32m200[39m [90m90 ms - 12[39m
[35m[HTTP][39m [90m[39m
[35m[HTTP][39m [37m-->[39m [37mPOST[39m [37m/wd/hub/session/416a49cb-c0b6-48d8-b2e7-f2b770844569/elements[39m
[35m[HTTP][39m [90m{"using":"xpath","value":"//*[@class = 'android.widget.EditText' and (@text = 'Username' or . = 'Username')]"}[39m
[35m[HTTP][39m [37m<-- POST /wd/hub/session/416a49cb-c0b6-48d8-b2e7-f2b770844569/elements [39m[32m200[39m [90m103 ms - 12[39m
[35m[HTTP][39m [90m[39m
[35m[HTTP][39m [37m-->[39m [37mPOST[39m [37m/wd/hub/session/416a49cb-c0b6-48d8-b2e7-f2b770844569/elements[39m
[35m[HTTP][39m [90m{"using":"xpath","value":"//*[@class = 'android.widget.EditText' and (@text = 'Username' or . = 'Username')]"}[39m
[35m[HTTP][39m [37m<-- POST /wd/hub/session/416a49cb-c0b6-48d8-b2e7-f2b770844569/elements [39m[32m200[39m [90m548 ms - 12[39m
[35m[HTTP][39m [90m[39m
[35m[HTTP][39m [37m-->[39m [37mPOST[39m [37m/wd/hub/session/416a49cb-c0b6-48d8-b2e7-f2b770844569/elements[39m
[35m[HTTP][39m [90m{"using":"xpath","value":"//*[@class = 'android.widget.EditText' and (@text = 'Username' or . = 'Username')]"}[39m
[35m[HTTP][39m [37m<-- POST /wd/hub/session/416a49cb-c0b6-48d8-b2e7-f2b770844569/elements [39m[32m200[39m [90m68 ms - 12[39m
[35m[HTTP][39m [90m[39m
[35m[HTTP][39m [37m-->[39m [37mPOST[39m [37m/wd/hub/session/416a49cb-c0b6-48d8-b2e7-f2b770844569/elements[39m
[35m[HTTP][39m [90m{"using":"xpath","value":"//*[@class = 'android.widget.EditText' and (@text = 'Username' or . = 'Username')]"}[39m
[35m[HTTP][39m [37m<-- POST /wd/hub/session/416a49cb-c0b6-48d8-b2e7-f2b770844569/elements [39m[32m-[39m [90m- ms - -[39m
[35m[HTTP][39m [90m[39m
