[35m[Appium][39m Welcome to Appium v1.21.0
[35m[Appium][39m Non-default server args:
[35m[Appium][39m   port: 58059
[35m[Appium][39m   loglevel: info
[35m[Appium][39m   tmpDir: C:\Users\Lenovo\AppData\Local\Temp\\Katalon\Appium\Temp1645012286158
[35m[Appium][39m   chromedriverPort: 58060
[35m[Appium][39m Deprecated server args:
[35m[Appium][39m   [31m--chromedriver-port[39m => --default-capabilities
[35m[Appium][39m Default capabilities, which will be added to each request unless overridden by desired capabilities:
[35m[Appium][39m   chromedriverPort: 58060
[35m[Appium][39m Appium REST http interface listener started on 0.0.0.0:58059
[35m[HTTP][39m [37m-->[39m [37mGET[39m [37m/wd/hub/status[39m
[35m[HTTP][39m [90m{}[39m
[35m[HTTP][39m [37m<-- GET /wd/hub/status [39m[32m200[39m [90m13 ms - 68[39m
[35m[HTTP][39m [90m[39m
[35m[HTTP][39m [37m-->[39m [37mPOST[39m [37m/wd/hub/session[39m
[35m[HTTP][39m [90m{"desiredCapabilities":{"appActivity":".Settings","appPackage":"com.android.settings","newCommandTimeout":1800,"platformVersion":"10","automationName":"uiautomator2","autoGrantPermissions":true,"platformName":"Android","udid":"4a90dd0d","deviceName":"Xiaomi Redmi 7 (Android 10)","platform":"ANDROID","systemPort":8258},"capabilities":{"firstMatch":[{"appium:appActivity":".Settings","appium:appPackage":"com.android.settings","appium:autoGrantPermissions":true,"appium:automationName":"uiautomator2","appium:deviceName":"Xiaomi Redmi 7 (Android 10)","appium:newCommandTimeout":1800,"platform":"ANDROID","platformName":"android","appium:platformVersion":"10","appium:systemPort":8258,"appium:udid":"4a90dd0d"}]}}[39m
[35m[BaseDriver][39m The following capabilities are not standard capabilities and should have an extension prefix:
[35m[BaseDriver][39m   platform
[35m[BaseDriver][39m   chromedriverPort
[35m[Appium][39m Appium v1.21.0 creating new AndroidUiautomator2Driver (v1.65.0) session
[35m[BaseDriver][39m The following capabilities were provided, but are not recognized by Appium:
[35m[BaseDriver][39m   platform
[35m[BaseDriver][39m Session created with session id: d0618b13-7312-4fb1-8f25-8326a9db8caf
[35m[UiAutomator2][39m Starting 'com.android.settings' directly on the device
[35m[ADB][39m Found 1 'build-tools' folders under 'C:\Users\Lenovo\.katalon\tools\android_sdk' (newest first):
[35m[ADB][39m     C:/Users/Lenovo/.katalon/tools/android_sdk/build-tools/29.0.3
[35m[ADB][39m Using 'adb.exe' from 'C:\Users\Lenovo\.katalon\tools\android_sdk\platform-tools\adb.exe'
[35m[AndroidDriver][39m Retrieving device list
[35m[AndroidDriver][39m Using device: 4a90dd0d
[35m[ADB][39m Using 'adb.exe' from 'C:\Users\Lenovo\.katalon\tools\android_sdk\platform-tools\adb.exe'
[35m[ADB][39m Getting device platform version
[35m[UiAutomator2][39m Relaxing hidden api policy
[35m[AndroidDriver][39m No app sent in, not parsing package/activity
[35m[ADB][39m Using 'apksigner.jar' from 'C:\Users\Lenovo\.katalon\tools\android_sdk\build-tools\29.0.3\lib\apksigner.jar'
[35m[ADB][39m 'C:\Users\Lenovo\AppData\Roaming\npm\node_modules\appium\node_modules\appium-uiautomator2-server\apks\appium-uiautomator2-server-v4.21.1.apk' is signed with the default certificate
[35m[ADB][39m 'C:\Users\Lenovo\AppData\Roaming\npm\node_modules\appium\node_modules\appium-uiautomator2-server\apks\appium-uiautomator2-server-debug-androidTest.apk' is signed with the default certificate
[35m[UiAutomator2][39m Server packages are not going to be (re)installed
[35m[ADB][39m Adding packages ["io.appium.settings","io.appium.uiautomator2.server","io.appium.uiautomator2.server.test"] to Doze whitelist
[35m[UiAutomator2][39m Starting UIAutomator2 server 4.21.1
[35m[UiAutomator2][39m Using UIAutomator2 server from 'C:\Users\Lenovo\AppData\Roaming\npm\node_modules\appium\node_modules\appium-uiautomator2-server\apks\appium-uiautomator2-server-v4.21.1.apk' and test from 'C:\Users\Lenovo\AppData\Roaming\npm\node_modules\appium\node_modules\appium-uiautomator2-server\apks\appium-uiautomator2-server-debug-androidTest.apk'
[35m[UiAutomator2][39m Waiting up to 30000ms for UiAutomator2 to be online...
[35m[WD Proxy][39m socket hang up
[35m[WD Proxy][39m socket hang up
[35m[WD Proxy][39m socket hang up
[35m[WD Proxy][39m socket hang up
[35m[WD Proxy][39m Determined the downstream protocol as 'W3C'
[35m[AndroidDriver][39m Screen already unlocked, doing nothing
[35m[UiAutomator2][39m Starting 'com.android.settings/.Settings and waiting for 'com.android.settings/.Settings'
[35m[Appium][39m New AndroidUiautomator2Driver session created successfully, session d0618b13-7312-4fb1-8f25-8326a9db8caf added to master session list
[35m[HTTP][39m [37m<-- POST /wd/hub/session [39m[32m200[39m [90m14164 ms - 1136[39m
[35m[HTTP][39m [90m[39m
[35m[HTTP][39m [37m-->[39m [37mGET[39m [37m/wd/hub/session/d0618b13-7312-4fb1-8f25-8326a9db8caf[39m
[35m[HTTP][39m [90m{}[39m
[35m[HTTP][39m [37m<-- GET /wd/hub/session/d0618b13-7312-4fb1-8f25-8326a9db8caf [39m[32m200[39m [90m17 ms - 1090[39m
[35m[HTTP][39m [90m[39m
[35m[HTTP][39m [37m-->[39m [37mGET[39m [37m/wd/hub/session/d0618b13-7312-4fb1-8f25-8326a9db8caf[39m
[35m[HTTP][39m [90m{}[39m
[35m[HTTP][39m [37m<-- GET /wd/hub/session/d0618b13-7312-4fb1-8f25-8326a9db8caf [39m[32m200[39m [90m14 ms - 1090[39m
[35m[HTTP][39m [90m[39m
[35m[HTTP][39m [37m-->[39m [37mGET[39m [37m/wd/hub/status[39m
[35m[HTTP][39m [90m{}[39m
[35m[HTTP][39m [37m<-- GET /wd/hub/status [39m[32m200[39m [90m2 ms - 68[39m
[35m[HTTP][39m [90m[39m
[35m[HTTP][39m [37m-->[39m [37mPOST[39m [37m/wd/hub/session/d0618b13-7312-4fb1-8f25-8326a9db8caf/timeouts[39m
[35m[HTTP][39m [90m{"implicit":30000}[39m
[35m[HTTP][39m [37m<-- POST /wd/hub/session/d0618b13-7312-4fb1-8f25-8326a9db8caf/timeouts [39m[32m200[39m [90m6 ms - 14[39m
[35m[HTTP][39m [90m[39m
[35m[HTTP][39m [37m-->[39m [37mGET[39m [37m/wd/hub/session/d0618b13-7312-4fb1-8f25-8326a9db8caf/screenshot[39m
[35m[HTTP][39m [90m{}[39m
[35m[HTTP][39m [37m<-- GET /wd/hub/session/d0618b13-7312-4fb1-8f25-8326a9db8caf/screenshot [39m[32m200[39m [90m701 ms - 130342[39m
[35m[HTTP][39m [90m[39m
[35m[HTTP][39m [37m-->[39m [37mGET[39m [37m/wd/hub/session/d0618b13-7312-4fb1-8f25-8326a9db8caf/window/rect[39m
[35m[HTTP][39m [90m{}[39m
[35m[HTTP][39m [37m<-- GET /wd/hub/session/d0618b13-7312-4fb1-8f25-8326a9db8caf/window/rect [39m[32m200[39m [90m53 ms - 49[39m
[35m[HTTP][39m [90m[39m
[35m[HTTP][39m [37m-->[39m [37mGET[39m [37m/wd/hub/session/d0618b13-7312-4fb1-8f25-8326a9db8caf/appium/device/system_bars[39m
[35m[HTTP][39m [90m{}[39m
[35m[HTTP][39m [37m<-- GET /wd/hub/session/d0618b13-7312-4fb1-8f25-8326a9db8caf/appium/device/system_bars [39m[31m500[39m [90m362 ms - 649[39m
[35m[HTTP][39m [90m[39m
[35m[HTTP][39m [37m-->[39m [37mPOST[39m [37m/wd/hub/session/d0618b13-7312-4fb1-8f25-8326a9db8caf/appium/device/activate_app[39m
[35m[HTTP][39m [90m{"bundleId":"com.swaglabsmobileapp"}[39m
[35m[HTTP][39m [37m<-- POST /wd/hub/session/d0618b13-7312-4fb1-8f25-8326a9db8caf/appium/device/activate_app [39m[32m200[39m [90m948 ms - 14[39m
[35m[HTTP][39m [90m[39m
[35m[HTTP][39m [37m-->[39m [37mPOST[39m [37m/wd/hub/session/d0618b13-7312-4fb1-8f25-8326a9db8caf/timeouts[39m
[35m[HTTP][39m [90m{"implicit":50}[39m
[35m[HTTP][39m [37m<-- POST /wd/hub/session/d0618b13-7312-4fb1-8f25-8326a9db8caf/timeouts [39m[32m200[39m [90m6 ms - 14[39m
[35m[HTTP][39m [90m[39m
[35m[HTTP][39m [37m-->[39m [37mGET[39m [37m/wd/hub/session/d0618b13-7312-4fb1-8f25-8326a9db8caf/window/rect[39m
[35m[HTTP][39m [90m{}[39m
[35m[HTTP][39m [37m<-- GET /wd/hub/session/d0618b13-7312-4fb1-8f25-8326a9db8caf/window/rect [39m[32m200[39m [90m33 ms - 49[39m
[35m[HTTP][39m [90m[39m
[35m[HTTP][39m [37m-->[39m [37mPOST[39m [37m/wd/hub/session/d0618b13-7312-4fb1-8f25-8326a9db8caf/elements[39m
[35m[HTTP][39m [90m{"using":"xpath","value":"//*[@class = 'android.widget.EditText' and (@text = 'Username' or . = 'Username')]"}[39m
[35m[HTTP][39m [37m<-- POST /wd/hub/session/d0618b13-7312-4fb1-8f25-8326a9db8caf/elements [39m[32m200[39m [90m2074 ms - 12[39m
[35m[HTTP][39m [90m[39m
[35m[HTTP][39m [37m-->[39m [37mPOST[39m [37m/wd/hub/session/d0618b13-7312-4fb1-8f25-8326a9db8caf/elements[39m
[35m[HTTP][39m [90m{"using":"xpath","value":"//*[@class = 'android.widget.EditText' and (@text = 'Username' or . = 'Username')]"}[39m
[35m[HTTP][39m [37m<-- POST /wd/hub/session/d0618b13-7312-4fb1-8f25-8326a9db8caf/elements [39m[32m200[39m [90m66 ms - 12[39m
[35m[HTTP][39m [90m[39m
[35m[HTTP][39m [37m-->[39m [37mPOST[39m [37m/wd/hub/session/d0618b13-7312-4fb1-8f25-8326a9db8caf/elements[39m
[35m[HTTP][39m [90m{"using":"xpath","value":"//*[@class = 'android.widget.EditText' and (@text = 'Username' or . = 'Username')]"}[39m
[35m[HTTP][39m [37m<-- POST /wd/hub/session/d0618b13-7312-4fb1-8f25-8326a9db8caf/elements [39m[32m200[39m [90m55 ms - 12[39m
[35m[HTTP][39m [90m[39m
[35m[HTTP][39m [37m-->[39m [37mPOST[39m [37m/wd/hub/session/d0618b13-7312-4fb1-8f25-8326a9db8caf/elements[39m
[35m[HTTP][39m [90m{"using":"xpath","value":"//*[@class = 'android.widget.EditText' and (@text = 'Username' or . = 'Username')]"}[39m
[35m[HTTP][39m [37m<-- POST /wd/hub/session/d0618b13-7312-4fb1-8f25-8326a9db8caf/elements [39m[32m200[39m [90m1250 ms - 139[39m
[35m[HTTP][39m [90m[39m
[35m[HTTP][39m [37m-->[39m [37mGET[39m [37m/wd/hub/session/d0618b13-7312-4fb1-8f25-8326a9db8caf/element/53787707-b85a-40bb-88cf-a90d763a4104/location[39m
[35m[HTTP][39m [90m{}[39m
[35m[W3C (d0618b13)][39m Driver proxy active, passing request on via HTTP proxy
[35m[WD Proxy][39m Replacing sessionId f0dafd42-6aca-4edf-86e7-472063115d29 with d0618b13-7312-4fb1-8f25-8326a9db8caf
[35m[HTTP][39m [37m<-- GET /wd/hub/session/d0618b13-7312-4fb1-8f25-8326a9db8caf/element/53787707-b85a-40bb-88cf-a90d763a4104/location [39m[32m200[39m [90m29 ms - 77[39m
[35m[HTTP][39m [90m[39m
[35m[HTTP][39m [37m-->[39m [37mPOST[39m [37m/wd/hub/session/d0618b13-7312-4fb1-8f25-8326a9db8caf/timeouts[39m
[35m[HTTP][39m [90m{"implicit":30000}[39m
[35m[HTTP][39m [37m<-- POST /wd/hub/session/d0618b13-7312-4fb1-8f25-8326a9db8caf/timeouts [39m[32m200[39m [90m3 ms - 14[39m
[35m[HTTP][39m [90m[39m
[35m[HTTP][39m [37m-->[39m [37mPOST[39m [37m/wd/hub/session/d0618b13-7312-4fb1-8f25-8326a9db8caf/element/53787707-b85a-40bb-88cf-a90d763a4104/clear[39m
[35m[HTTP][39m [90m{"id":"53787707-b85a-40bb-88cf-a90d763a4104"}[39m
[35m[HTTP][39m [37m<-- POST /wd/hub/session/d0618b13-7312-4fb1-8f25-8326a9db8caf/element/53787707-b85a-40bb-88cf-a90d763a4104/clear [39m[32m200[39m [90m22 ms - 14[39m
[35m[HTTP][39m [90m[39m
[35m[HTTP][39m [37m-->[39m [37mPOST[39m [37m/wd/hub/session/d0618b13-7312-4fb1-8f25-8326a9db8caf/element/53787707-b85a-40bb-88cf-a90d763a4104/value[39m
[35m[HTTP][39m [90m{"id":"53787707-b85a-40bb-88cf-a90d763a4104","text":"standard_user","value":["s","t","a","n","d","a","r","d","_","u","s","e","r"]}[39m
[35m[HTTP][39m [37m<-- POST /wd/hub/session/d0618b13-7312-4fb1-8f25-8326a9db8caf/element/53787707-b85a-40bb-88cf-a90d763a4104/value [39m[32m200[39m [90m1951 ms - 14[39m
[35m[HTTP][39m [90m[39m
[35m[HTTP][39m [37m-->[39m [37mPOST[39m [37m/wd/hub/session/d0618b13-7312-4fb1-8f25-8326a9db8caf/timeouts[39m
[35m[HTTP][39m [90m{"implicit":50}[39m
[35m[HTTP][39m [37m<-- POST /wd/hub/session/d0618b13-7312-4fb1-8f25-8326a9db8caf/timeouts [39m[32m200[39m [90m3 ms - 14[39m
[35m[HTTP][39m [90m[39m
[35m[HTTP][39m [37m-->[39m [37mGET[39m [37m/wd/hub/session/d0618b13-7312-4fb1-8f25-8326a9db8caf/window/rect[39m
[35m[HTTP][39m [90m{}[39m
[35m[HTTP][39m [37m<-- GET /wd/hub/session/d0618b13-7312-4fb1-8f25-8326a9db8caf/window/rect [39m[32m200[39m [90m34 ms - 49[39m
[35m[HTTP][39m [90m[39m
[35m[HTTP][39m [37m-->[39m [37mPOST[39m [37m/wd/hub/session/d0618b13-7312-4fb1-8f25-8326a9db8caf/elements[39m
[35m[HTTP][39m [90m{"using":"xpath","value":"//*[@class = 'android.widget.EditText' and (@text = 'Password' or . = 'Password')]"}[39m
[35m[HTTP][39m [37m<-- POST /wd/hub/session/d0618b13-7312-4fb1-8f25-8326a9db8caf/elements [39m[32m200[39m [90m369 ms - 139[39m
[35m[HTTP][39m [90m[39m
[35m[HTTP][39m [37m-->[39m [37mGET[39m [37m/wd/hub/session/d0618b13-7312-4fb1-8f25-8326a9db8caf/element/355ccd1b-7c99-4b54-aa7d-73971ce84b04/location[39m
[35m[HTTP][39m [90m{}[39m
[35m[W3C (d0618b13)][39m Driver proxy active, passing request on via HTTP proxy
[35m[WD Proxy][39m Replacing sessionId f0dafd42-6aca-4edf-86e7-472063115d29 with d0618b13-7312-4fb1-8f25-8326a9db8caf
[35m[HTTP][39m [37m<-- GET /wd/hub/session/d0618b13-7312-4fb1-8f25-8326a9db8caf/element/355ccd1b-7c99-4b54-aa7d-73971ce84b04/location [39m[32m200[39m [90m46 ms - 77[39m
[35m[HTTP][39m [90m[39m
[35m[HTTP][39m [37m-->[39m [37mPOST[39m [37m/wd/hub/session/d0618b13-7312-4fb1-8f25-8326a9db8caf/timeouts[39m
[35m[HTTP][39m [90m{"implicit":30000}[39m
[35m[HTTP][39m [37m<-- POST /wd/hub/session/d0618b13-7312-4fb1-8f25-8326a9db8caf/timeouts [39m[32m200[39m [90m3 ms - 14[39m
[35m[HTTP][39m [90m[39m
[35m[HTTP][39m [37m-->[39m [37mPOST[39m [37m/wd/hub/session/d0618b13-7312-4fb1-8f25-8326a9db8caf/element/355ccd1b-7c99-4b54-aa7d-73971ce84b04/clear[39m
[35m[HTTP][39m [90m{"id":"355ccd1b-7c99-4b54-aa7d-73971ce84b04"}[39m
[35m[HTTP][39m [37m<-- POST /wd/hub/session/d0618b13-7312-4fb1-8f25-8326a9db8caf/element/355ccd1b-7c99-4b54-aa7d-73971ce84b04/clear [39m[32m200[39m [90m31 ms - 14[39m
[35m[HTTP][39m [90m[39m
[35m[HTTP][39m [37m-->[39m [37mPOST[39m [37m/wd/hub/session/d0618b13-7312-4fb1-8f25-8326a9db8caf/element/355ccd1b-7c99-4b54-aa7d-73971ce84b04/value[39m
[35m[HTTP][39m [90m{"id":"355ccd1b-7c99-4b54-aa7d-73971ce84b04","text":"secret_sauce","value":["s","e","c","r","e","t","_","s","a","u","c","e"]}[39m
[35m[HTTP][39m [37m<-- POST /wd/hub/session/d0618b13-7312-4fb1-8f25-8326a9db8caf/element/355ccd1b-7c99-4b54-aa7d-73971ce84b04/value [39m[32m200[39m [90m1007 ms - 14[39m
[35m[HTTP][39m [90m[39m
[35m[HTTP][39m [37m-->[39m [37mPOST[39m [37m/wd/hub/session/d0618b13-7312-4fb1-8f25-8326a9db8caf/timeouts[39m
[35m[HTTP][39m [90m{"implicit":50}[39m
[35m[HTTP][39m [37m<-- POST /wd/hub/session/d0618b13-7312-4fb1-8f25-8326a9db8caf/timeouts [39m[32m200[39m [90m3 ms - 14[39m
[35m[HTTP][39m [90m[39m
[35m[HTTP][39m [37m-->[39m [37mGET[39m [37m/wd/hub/session/d0618b13-7312-4fb1-8f25-8326a9db8caf/window/rect[39m
[35m[HTTP][39m [90m{}[39m
[35m[HTTP][39m [37m<-- GET /wd/hub/session/d0618b13-7312-4fb1-8f25-8326a9db8caf/window/rect [39m[32m200[39m [90m22 ms - 49[39m
[35m[HTTP][39m [90m[39m
[35m[HTTP][39m [37m-->[39m [37mPOST[39m [37m/wd/hub/session/d0618b13-7312-4fb1-8f25-8326a9db8caf/elements[39m
[35m[HTTP][39m [90m{"using":"accessibility id","value":"test-LOGIN"}[39m
[35m[HTTP][39m [37m<-- POST /wd/hub/session/d0618b13-7312-4fb1-8f25-8326a9db8caf/elements [39m[32m200[39m [90m159 ms - 139[39m
[35m[HTTP][39m [90m[39m
[35m[HTTP][39m [37m-->[39m [37mGET[39m [37m/wd/hub/session/d0618b13-7312-4fb1-8f25-8326a9db8caf/element/96d9b7f8-aad0-489d-94c7-1e87934932cb/location[39m
[35m[HTTP][39m [90m{}[39m
[35m[W3C (d0618b13)][39m Driver proxy active, passing request on via HTTP proxy
[35m[WD Proxy][39m Replacing sessionId f0dafd42-6aca-4edf-86e7-472063115d29 with d0618b13-7312-4fb1-8f25-8326a9db8caf
[35m[HTTP][39m [37m<-- GET /wd/hub/session/d0618b13-7312-4fb1-8f25-8326a9db8caf/element/96d9b7f8-aad0-489d-94c7-1e87934932cb/location [39m[32m200[39m [90m36 ms - 77[39m
[35m[HTTP][39m [90m[39m
[35m[HTTP][39m [37m-->[39m [37mPOST[39m [37m/wd/hub/session/d0618b13-7312-4fb1-8f25-8326a9db8caf/timeouts[39m
[35m[HTTP][39m [90m{"implicit":30000}[39m
[35m[HTTP][39m [37m<-- POST /wd/hub/session/d0618b13-7312-4fb1-8f25-8326a9db8caf/timeouts [39m[32m200[39m [90m2 ms - 14[39m
[35m[HTTP][39m [90m[39m
[35m[HTTP][39m [37m-->[39m [37mPOST[39m [37m/wd/hub/session/d0618b13-7312-4fb1-8f25-8326a9db8caf/touch/perform[39m
[35m[HTTP][39m [90m{"actions":[{"action":"tap","options":{"x":1,"y":1,"element":"96d9b7f8-aad0-489d-94c7-1e87934932cb"}},{"action":"release","options":{}}]}[39m
[35m[UiAutomator2][39m calling get location: 96d9b7f8-aad0-489d-94c7-1e87934932cb
[35m[HTTP][39m [37m<-- POST /wd/hub/session/d0618b13-7312-4fb1-8f25-8326a9db8caf/touch/perform [39m[32m200[39m [90m244 ms - 14[39m
[35m[HTTP][39m [90m[39m
[35m[HTTP][39m [37m-->[39m [37mGET[39m [37m/wd/hub/session/d0618b13-7312-4fb1-8f25-8326a9db8caf/context[39m
[35m[HTTP][39m [90m{}[39m
[35m[HTTP][39m [37m<-- GET /wd/hub/session/d0618b13-7312-4fb1-8f25-8326a9db8caf/context [39m[32m200[39m [90m10 ms - 22[39m
[35m[HTTP][39m [90m[39m
[35m[HTTP][39m [37m-->[39m [37mGET[39m [37m/wd/hub/session/d0618b13-7312-4fb1-8f25-8326a9db8caf/contexts[39m
[35m[HTTP][39m [90m{}[39m
[35m[AndroidDriver][39m Not collecting web view details. Details collection might help to make Chromedriver initialization more precise. Use the 'enableWebviewDetailsCollection' cap to turn it on
[35m[AndroidDriver][39m Skipping the webview 'WEBVIEW_9767' at '@webview_devtools_remote_9767' since it has reported having zero pages
[35m[HTTP][39m [37m<-- GET /wd/hub/session/d0618b13-7312-4fb1-8f25-8326a9db8caf/contexts [39m[32m200[39m [90m829 ms - 24[39m
[35m[HTTP][39m [90m[39m
[35m[HTTP][39m [37m-->[39m [37mPOST[39m [37m/wd/hub/session/d0618b13-7312-4fb1-8f25-8326a9db8caf/context[39m
[35m[HTTP][39m [90m{"name":"NATIVE_APP"}[39m
[35m[HTTP][39m [37m<-- POST /wd/hub/session/d0618b13-7312-4fb1-8f25-8326a9db8caf/context [39m[32m200[39m [90m3 ms - 14[39m
[35m[HTTP][39m [90m[39m
[35m[HTTP][39m [37m-->[39m [37mPOST[39m [37m/wd/hub/session/d0618b13-7312-4fb1-8f25-8326a9db8caf/element[39m
[35m[HTTP][39m [90m{"using":"-android uiautomator","value":"new UiScrollable(new UiSelector().scrollable(true).instance(0)).scrollIntoView(new UiSelector().textContains(\"Onesie\"))"}[39m
[35m[HTTP][39m [37m<-- POST /wd/hub/session/d0618b13-7312-4fb1-8f25-8326a9db8caf/element [39m[32m200[39m [90m3397 ms - 137[39m
[35m[HTTP][39m [90m[39m
[35m[HTTP][39m [37m-->[39m [37mPOST[39m [37m/wd/hub/session/d0618b13-7312-4fb1-8f25-8326a9db8caf/context[39m
[35m[HTTP][39m [90m{"name":"NATIVE_APP"}[39m
[35m[HTTP][39m [37m<-- POST /wd/hub/session/d0618b13-7312-4fb1-8f25-8326a9db8caf/context [39m[32m200[39m [90m2 ms - 14[39m
[35m[HTTP][39m [90m[39m
[35m[HTTP][39m [37m-->[39m [37mPOST[39m [37m/wd/hub/session/d0618b13-7312-4fb1-8f25-8326a9db8caf/timeouts[39m
[35m[HTTP][39m [90m{"implicit":50}[39m
[35m[HTTP][39m [37m<-- POST /wd/hub/session/d0618b13-7312-4fb1-8f25-8326a9db8caf/timeouts [39m[32m200[39m [90m3 ms - 14[39m
[35m[HTTP][39m [90m[39m
[35m[HTTP][39m [37m-->[39m [37mGET[39m [37m/wd/hub/session/d0618b13-7312-4fb1-8f25-8326a9db8caf/window/rect[39m
[35m[HTTP][39m [90m{}[39m
[35m[HTTP][39m [37m<-- GET /wd/hub/session/d0618b13-7312-4fb1-8f25-8326a9db8caf/window/rect [39m[32m200[39m [90m28 ms - 49[39m
[35m[HTTP][39m [90m[39m
[35m[HTTP][39m [37m-->[39m [37mPOST[39m [37m/wd/hub/session/d0618b13-7312-4fb1-8f25-8326a9db8caf/elements[39m
[35m[HTTP][39m [90m{"using":"xpath","value":"//*[@class = 'android.widget.TextView' and (contains(@text, 'Onesie') or contains(., 'Onesie'))]"}[39m
[35m[HTTP][39m [37m<-- POST /wd/hub/session/d0618b13-7312-4fb1-8f25-8326a9db8caf/elements [39m[32m200[39m [90m403 ms - 139[39m
[35m[HTTP][39m [90m[39m
[35m[HTTP][39m [37m-->[39m [37mGET[39m [37m/wd/hub/session/d0618b13-7312-4fb1-8f25-8326a9db8caf/element/3f75bd13-59e0-456f-b5f9-bba58d92d2c3/location[39m
[35m[HTTP][39m [90m{}[39m
[35m[W3C (d0618b13)][39m Driver proxy active, passing request on via HTTP proxy
[35m[WD Proxy][39m Replacing sessionId f0dafd42-6aca-4edf-86e7-472063115d29 with d0618b13-7312-4fb1-8f25-8326a9db8caf
[35m[HTTP][39m [37m<-- GET /wd/hub/session/d0618b13-7312-4fb1-8f25-8326a9db8caf/element/3f75bd13-59e0-456f-b5f9-bba58d92d2c3/location [39m[32m200[39m [90m36 ms - 78[39m
[35m[HTTP][39m [90m[39m
[35m[HTTP][39m [37m-->[39m [37mPOST[39m [37m/wd/hub/session/d0618b13-7312-4fb1-8f25-8326a9db8caf/timeouts[39m
[35m[HTTP][39m [90m{"implicit":30000}[39m
[35m[HTTP][39m [37m<-- POST /wd/hub/session/d0618b13-7312-4fb1-8f25-8326a9db8caf/timeouts [39m[32m200[39m [90m2 ms - 14[39m
[35m[HTTP][39m [90m[39m
[35m[HTTP][39m [37m-->[39m [37mPOST[39m [37m/wd/hub/session/d0618b13-7312-4fb1-8f25-8326a9db8caf/touch/perform[39m
[35m[HTTP][39m [90m{"actions":[{"action":"tap","options":{"x":1,"y":1,"element":"3f75bd13-59e0-456f-b5f9-bba58d92d2c3"}},{"action":"release","options":{}}]}[39m
[35m[UiAutomator2][39m calling get location: 3f75bd13-59e0-456f-b5f9-bba58d92d2c3
[35m[HTTP][39m [37m<-- POST /wd/hub/session/d0618b13-7312-4fb1-8f25-8326a9db8caf/touch/perform [39m[32m200[39m [90m190 ms - 14[39m
[35m[HTTP][39m [90m[39m
[35m[HTTP][39m [37m-->[39m [37mGET[39m [37m/wd/hub/session/d0618b13-7312-4fb1-8f25-8326a9db8caf/context[39m
[35m[HTTP][39m [90m{}[39m
[35m[HTTP][39m [37m<-- GET /wd/hub/session/d0618b13-7312-4fb1-8f25-8326a9db8caf/context [39m[32m200[39m [90m3 ms - 22[39m
[35m[HTTP][39m [90m[39m
[35m[HTTP][39m [37m-->[39m [37mGET[39m [37m/wd/hub/session/d0618b13-7312-4fb1-8f25-8326a9db8caf/contexts[39m
[35m[HTTP][39m [90m{}[39m
[35m[AndroidDriver][39m Not collecting web view details. Details collection might help to make Chromedriver initialization more precise. Use the 'enableWebviewDetailsCollection' cap to turn it on
[35m[AndroidDriver][39m Skipping the webview 'WEBVIEW_9767' at '@webview_devtools_remote_9767' since it has reported having zero pages
[35m[HTTP][39m [37m<-- GET /wd/hub/session/d0618b13-7312-4fb1-8f25-8326a9db8caf/contexts [39m[32m200[39m [90m686 ms - 24[39m
[35m[HTTP][39m [90m[39m
[35m[HTTP][39m [37m-->[39m [37mPOST[39m [37m/wd/hub/session/d0618b13-7312-4fb1-8f25-8326a9db8caf/context[39m
[35m[HTTP][39m [90m{"name":"NATIVE_APP"}[39m
[35m[HTTP][39m [37m<-- POST /wd/hub/session/d0618b13-7312-4fb1-8f25-8326a9db8caf/context [39m[32m200[39m [90m2 ms - 14[39m
[35m[HTTP][39m [90m[39m
[35m[HTTP][39m [37m-->[39m [37mPOST[39m [37m/wd/hub/session/d0618b13-7312-4fb1-8f25-8326a9db8caf/element[39m
[35m[HTTP][39m [90m{"using":"-android uiautomator","value":"new UiScrollable(new UiSelector().scrollable(true).instance(0)).scrollIntoView(new UiSelector().textContains(\"ADD TO CART\"))"}[39m
[35m[HTTP][39m [37m<-- POST /wd/hub/session/d0618b13-7312-4fb1-8f25-8326a9db8caf/element [39m[32m200[39m [90m3240 ms - 137[39m
[35m[HTTP][39m [90m[39m
[35m[HTTP][39m [37m-->[39m [37mPOST[39m [37m/wd/hub/session/d0618b13-7312-4fb1-8f25-8326a9db8caf/context[39m
[35m[HTTP][39m [90m{"name":"NATIVE_APP"}[39m
[35m[HTTP][39m [37m<-- POST /wd/hub/session/d0618b13-7312-4fb1-8f25-8326a9db8caf/context [39m[32m200[39m [90m2 ms - 14[39m
[35m[HTTP][39m [90m[39m
[35m[HTTP][39m [37m-->[39m [37mPOST[39m [37m/wd/hub/session/d0618b13-7312-4fb1-8f25-8326a9db8caf/timeouts[39m
[35m[HTTP][39m [90m{"implicit":50}[39m
[35m[HTTP][39m [37m<-- POST /wd/hub/session/d0618b13-7312-4fb1-8f25-8326a9db8caf/timeouts [39m[32m200[39m [90m2 ms - 14[39m
[35m[HTTP][39m [90m[39m
[35m[HTTP][39m [37m-->[39m [37mGET[39m [37m/wd/hub/session/d0618b13-7312-4fb1-8f25-8326a9db8caf/window/rect[39m
[35m[HTTP][39m [90m{}[39m
[35m[HTTP][39m [37m<-- GET /wd/hub/session/d0618b13-7312-4fb1-8f25-8326a9db8caf/window/rect [39m[32m200[39m [90m21 ms - 49[39m
[35m[HTTP][39m [90m[39m
[35m[HTTP][39m [37m-->[39m [37mPOST[39m [37m/wd/hub/session/d0618b13-7312-4fb1-8f25-8326a9db8caf/elements[39m
[35m[HTTP][39m [90m{"using":"xpath","value":"//*[@class = 'android.widget.TextView' and (@text = 'ADD TO CART' or . = 'ADD TO CART')]"}[39m
[35m[HTTP][39m [37m<-- POST /wd/hub/session/d0618b13-7312-4fb1-8f25-8326a9db8caf/elements [39m[32m200[39m [90m126 ms - 139[39m
[35m[HTTP][39m [90m[39m
[35m[HTTP][39m [37m-->[39m [37mGET[39m [37m/wd/hub/session/d0618b13-7312-4fb1-8f25-8326a9db8caf/element/c2070371-4cf9-4587-9e3a-0b30da966ca8/location[39m
[35m[HTTP][39m [90m{}[39m
[35m[W3C (d0618b13)][39m Driver proxy active, passing request on via HTTP proxy
[35m[WD Proxy][39m Replacing sessionId f0dafd42-6aca-4edf-86e7-472063115d29 with d0618b13-7312-4fb1-8f25-8326a9db8caf
[35m[HTTP][39m [37m<-- GET /wd/hub/session/d0618b13-7312-4fb1-8f25-8326a9db8caf/element/c2070371-4cf9-4587-9e3a-0b30da966ca8/location [39m[32m200[39m [90m20 ms - 78[39m
[35m[HTTP][39m [90m[39m
[35m[HTTP][39m [37m-->[39m [37mPOST[39m [37m/wd/hub/session/d0618b13-7312-4fb1-8f25-8326a9db8caf/timeouts[39m
[35m[HTTP][39m [90m{"implicit":30000}[39m
[35m[HTTP][39m [37m<-- POST /wd/hub/session/d0618b13-7312-4fb1-8f25-8326a9db8caf/timeouts [39m[32m200[39m [90m2 ms - 14[39m
[35m[HTTP][39m [90m[39m
[35m[HTTP][39m [37m-->[39m [37mPOST[39m [37m/wd/hub/session/d0618b13-7312-4fb1-8f25-8326a9db8caf/touch/perform[39m
[35m[HTTP][39m [90m{"actions":[{"action":"tap","options":{"x":1,"y":1,"element":"c2070371-4cf9-4587-9e3a-0b30da966ca8"}},{"action":"release","options":{}}]}[39m
[35m[UiAutomator2][39m calling get location: c2070371-4cf9-4587-9e3a-0b30da966ca8
[35m[HTTP][39m [37m<-- POST /wd/hub/session/d0618b13-7312-4fb1-8f25-8326a9db8caf/touch/perform [39m[32m200[39m [90m856 ms - 14[39m
[35m[HTTP][39m [90m[39m
[35m[HTTP][39m [37m-->[39m [37mPOST[39m [37m/wd/hub/session/d0618b13-7312-4fb1-8f25-8326a9db8caf/timeouts[39m
[35m[HTTP][39m [90m{"implicit":50}[39m
[35m[HTTP][39m [37m<-- POST /wd/hub/session/d0618b13-7312-4fb1-8f25-8326a9db8caf/timeouts [39m[32m200[39m [90m2 ms - 14[39m
[35m[HTTP][39m [90m[39m
[35m[HTTP][39m [37m-->[39m [37mGET[39m [37m/wd/hub/session/d0618b13-7312-4fb1-8f25-8326a9db8caf/window/rect[39m
[35m[HTTP][39m [90m{}[39m
[35m[HTTP][39m [37m<-- GET /wd/hub/session/d0618b13-7312-4fb1-8f25-8326a9db8caf/window/rect [39m[32m200[39m [90m25 ms - 49[39m
[35m[HTTP][39m [90m[39m
[35m[HTTP][39m [37m-->[39m [37mPOST[39m [37m/wd/hub/session/d0618b13-7312-4fb1-8f25-8326a9db8caf/elements[39m
[35m[HTTP][39m [90m{"using":"accessibility id","value":"test-BACK TO PRODUCTS"}[39m
[35m[HTTP][39m [37m<-- POST /wd/hub/session/d0618b13-7312-4fb1-8f25-8326a9db8caf/elements [39m[32m200[39m [90m62 ms - 139[39m
[35m[HTTP][39m [90m[39m
[35m[HTTP][39m [37m-->[39m [37mGET[39m [37m/wd/hub/session/d0618b13-7312-4fb1-8f25-8326a9db8caf/element/79b50f11-895d-41f5-b082-4624ab5311c6/location[39m
[35m[HTTP][39m [90m{}[39m
[35m[W3C (d0618b13)][39m Driver proxy active, passing request on via HTTP proxy
[35m[WD Proxy][39m Replacing sessionId f0dafd42-6aca-4edf-86e7-472063115d29 with d0618b13-7312-4fb1-8f25-8326a9db8caf
[35m[HTTP][39m [37m<-- GET /wd/hub/session/d0618b13-7312-4fb1-8f25-8326a9db8caf/element/79b50f11-895d-41f5-b082-4624ab5311c6/location [39m[32m200[39m [90m31 ms - 77[39m
[35m[HTTP][39m [90m[39m
[35m[HTTP][39m [37m-->[39m [37mPOST[39m [37m/wd/hub/session/d0618b13-7312-4fb1-8f25-8326a9db8caf/timeouts[39m
[35m[HTTP][39m [90m{"implicit":30000}[39m
[35m[HTTP][39m [37m<-- POST /wd/hub/session/d0618b13-7312-4fb1-8f25-8326a9db8caf/timeouts [39m[32m200[39m [90m2 ms - 14[39m
[35m[HTTP][39m [90m[39m
[35m[HTTP][39m [37m-->[39m [37mPOST[39m [37m/wd/hub/session/d0618b13-7312-4fb1-8f25-8326a9db8caf/touch/perform[39m
[35m[HTTP][39m [90m{"actions":[{"action":"tap","options":{"x":1,"y":1,"element":"79b50f11-895d-41f5-b082-4624ab5311c6"}},{"action":"release","options":{}}]}[39m
[35m[UiAutomator2][39m calling get location: 79b50f11-895d-41f5-b082-4624ab5311c6
[35m[HTTP][39m [37m<-- POST /wd/hub/session/d0618b13-7312-4fb1-8f25-8326a9db8caf/touch/perform [39m[32m200[39m [90m203 ms - 14[39m
[35m[HTTP][39m [90m[39m
[35m[HTTP][39m [37m-->[39m [37mGET[39m [37m/wd/hub/session/d0618b13-7312-4fb1-8f25-8326a9db8caf/context[39m
[35m[HTTP][39m [90m{}[39m
[35m[HTTP][39m [37m<-- GET /wd/hub/session/d0618b13-7312-4fb1-8f25-8326a9db8caf/context [39m[32m200[39m [90m3 ms - 22[39m
[35m[HTTP][39m [90m[39m
[35m[HTTP][39m [37m-->[39m [37mGET[39m [37m/wd/hub/session/d0618b13-7312-4fb1-8f25-8326a9db8caf/contexts[39m
[35m[HTTP][39m [90m{}[39m
[35m[AndroidDriver][39m Not collecting web view details. Details collection might help to make Chromedriver initialization more precise. Use the 'enableWebviewDetailsCollection' cap to turn it on
[35m[AndroidDriver][39m Skipping the webview 'WEBVIEW_9767' at '@webview_devtools_remote_9767' since it has reported having zero pages
[35m[HTTP][39m [37m<-- GET /wd/hub/session/d0618b13-7312-4fb1-8f25-8326a9db8caf/contexts [39m[32m200[39m [90m524 ms - 24[39m
[35m[HTTP][39m [90m[39m
[35m[HTTP][39m [37m-->[39m [37mPOST[39m [37m/wd/hub/session/d0618b13-7312-4fb1-8f25-8326a9db8caf/context[39m
[35m[HTTP][39m [90m{"name":"NATIVE_APP"}[39m
[35m[HTTP][39m [37m<-- POST /wd/hub/session/d0618b13-7312-4fb1-8f25-8326a9db8caf/context [39m[32m200[39m [90m2 ms - 14[39m
[35m[HTTP][39m [90m[39m
[35m[HTTP][39m [37m-->[39m [37mPOST[39m [37m/wd/hub/session/d0618b13-7312-4fb1-8f25-8326a9db8caf/element[39m
[35m[HTTP][39m [90m{"using":"-android uiautomator","value":"new UiScrollable(new UiSelector().scrollable(true).instance(0)).scrollIntoView(new UiSelector().textContains(\"Bolt\"))"}[39m
[35m[HTTP][39m [37m<-- POST /wd/hub/session/d0618b13-7312-4fb1-8f25-8326a9db8caf/element [39m[32m200[39m [90m266 ms - 137[39m
[35m[HTTP][39m [90m[39m
[35m[HTTP][39m [37m-->[39m [37mPOST[39m [37m/wd/hub/session/d0618b13-7312-4fb1-8f25-8326a9db8caf/context[39m
[35m[HTTP][39m [90m{"name":"NATIVE_APP"}[39m
[35m[HTTP][39m [37m<-- POST /wd/hub/session/d0618b13-7312-4fb1-8f25-8326a9db8caf/context [39m[32m200[39m [90m3 ms - 14[39m
[35m[HTTP][39m [90m[39m
[35m[HTTP][39m [37m-->[39m [37mPOST[39m [37m/wd/hub/session/d0618b13-7312-4fb1-8f25-8326a9db8caf/timeouts[39m
[35m[HTTP][39m [90m{"implicit":50}[39m
[35m[HTTP][39m [37m<-- POST /wd/hub/session/d0618b13-7312-4fb1-8f25-8326a9db8caf/timeouts [39m[32m200[39m [90m2 ms - 14[39m
[35m[HTTP][39m [90m[39m
[35m[HTTP][39m [37m-->[39m [37mGET[39m [37m/wd/hub/session/d0618b13-7312-4fb1-8f25-8326a9db8caf/window/rect[39m
[35m[HTTP][39m [90m{}[39m
[35m[HTTP][39m [37m<-- GET /wd/hub/session/d0618b13-7312-4fb1-8f25-8326a9db8caf/window/rect [39m[32m200[39m [90m25 ms - 49[39m
[35m[HTTP][39m [90m[39m
[35m[HTTP][39m [37m-->[39m [37mPOST[39m [37m/wd/hub/session/d0618b13-7312-4fb1-8f25-8326a9db8caf/elements[39m
[35m[HTTP][39m [90m{"using":"xpath","value":"//*[@class = 'android.widget.TextView' and (contains(@text, 'Bolt') or contains(., 'Bolt'))]"}[39m
[35m[HTTP][39m [37m<-- POST /wd/hub/session/d0618b13-7312-4fb1-8f25-8326a9db8caf/elements [39m[32m200[39m [90m159 ms - 139[39m
[35m[HTTP][39m [90m[39m
[35m[HTTP][39m [37m-->[39m [37mGET[39m [37m/wd/hub/session/d0618b13-7312-4fb1-8f25-8326a9db8caf/element/b4b33a97-2c5a-489f-8c5b-5245227985e4/location[39m
[35m[HTTP][39m [90m{}[39m
[35m[W3C (d0618b13)][39m Driver proxy active, passing request on via HTTP proxy
[35m[WD Proxy][39m Replacing sessionId f0dafd42-6aca-4edf-86e7-472063115d29 with d0618b13-7312-4fb1-8f25-8326a9db8caf
[35m[HTTP][39m [37m<-- GET /wd/hub/session/d0618b13-7312-4fb1-8f25-8326a9db8caf/element/b4b33a97-2c5a-489f-8c5b-5245227985e4/location [39m[32m200[39m [90m22 ms - 77[39m
[35m[HTTP][39m [90m[39m
[35m[HTTP][39m [37m-->[39m [37mPOST[39m [37m/wd/hub/session/d0618b13-7312-4fb1-8f25-8326a9db8caf/timeouts[39m
[35m[HTTP][39m [90m{"implicit":30000}[39m
[35m[HTTP][39m [37m<-- POST /wd/hub/session/d0618b13-7312-4fb1-8f25-8326a9db8caf/timeouts [39m[32m200[39m [90m3 ms - 14[39m
[35m[HTTP][39m [90m[39m
[35m[HTTP][39m [37m-->[39m [37mPOST[39m [37m/wd/hub/session/d0618b13-7312-4fb1-8f25-8326a9db8caf/touch/perform[39m
[35m[HTTP][39m [90m{"actions":[{"action":"tap","options":{"x":1,"y":1,"element":"b4b33a97-2c5a-489f-8c5b-5245227985e4"}},{"action":"release","options":{}}]}[39m
[35m[UiAutomator2][39m calling get location: b4b33a97-2c5a-489f-8c5b-5245227985e4
[35m[HTTP][39m [37m<-- POST /wd/hub/session/d0618b13-7312-4fb1-8f25-8326a9db8caf/touch/perform [39m[32m200[39m [90m178 ms - 14[39m
[35m[HTTP][39m [90m[39m
[35m[HTTP][39m [37m-->[39m [37mGET[39m [37m/wd/hub/session/d0618b13-7312-4fb1-8f25-8326a9db8caf/context[39m
[35m[HTTP][39m [90m{}[39m
[35m[HTTP][39m [37m<-- GET /wd/hub/session/d0618b13-7312-4fb1-8f25-8326a9db8caf/context [39m[32m200[39m [90m2 ms - 22[39m
[35m[HTTP][39m [90m[39m
[35m[HTTP][39m [37m-->[39m [37mGET[39m [37m/wd/hub/session/d0618b13-7312-4fb1-8f25-8326a9db8caf/contexts[39m
[35m[HTTP][39m [90m{}[39m
[35m[AndroidDriver][39m Not collecting web view details. Details collection might help to make Chromedriver initialization more precise. Use the 'enableWebviewDetailsCollection' cap to turn it on
[35m[AndroidDriver][39m Skipping the webview 'WEBVIEW_9767' at '@webview_devtools_remote_9767' since it has reported having zero pages
[35m[HTTP][39m [37m<-- GET /wd/hub/session/d0618b13-7312-4fb1-8f25-8326a9db8caf/contexts [39m[32m200[39m [90m616 ms - 24[39m
[35m[HTTP][39m [90m[39m
[35m[HTTP][39m [37m-->[39m [37mPOST[39m [37m/wd/hub/session/d0618b13-7312-4fb1-8f25-8326a9db8caf/context[39m
[35m[HTTP][39m [90m{"name":"NATIVE_APP"}[39m
[35m[HTTP][39m [37m<-- POST /wd/hub/session/d0618b13-7312-4fb1-8f25-8326a9db8caf/context [39m[32m200[39m [90m2 ms - 14[39m
[35m[HTTP][39m [90m[39m
[35m[HTTP][39m [37m-->[39m [37mPOST[39m [37m/wd/hub/session/d0618b13-7312-4fb1-8f25-8326a9db8caf/element[39m
[35m[HTTP][39m [90m{"using":"-android uiautomator","value":"new UiScrollable(new UiSelector().scrollable(true).instance(0)).scrollIntoView(new UiSelector().textContains(\"ADD TO CART\"))"}[39m
[35m[HTTP][39m [37m<-- POST /wd/hub/session/d0618b13-7312-4fb1-8f25-8326a9db8caf/element [39m[32m200[39m [90m3269 ms - 137[39m
[35m[HTTP][39m [90m[39m
[35m[HTTP][39m [37m-->[39m [37mPOST[39m [37m/wd/hub/session/d0618b13-7312-4fb1-8f25-8326a9db8caf/context[39m
[35m[HTTP][39m [90m{"name":"NATIVE_APP"}[39m
[35m[HTTP][39m [37m<-- POST /wd/hub/session/d0618b13-7312-4fb1-8f25-8326a9db8caf/context [39m[32m200[39m [90m2 ms - 14[39m
[35m[HTTP][39m [90m[39m
[35m[HTTP][39m [37m-->[39m [37mPOST[39m [37m/wd/hub/session/d0618b13-7312-4fb1-8f25-8326a9db8caf/timeouts[39m
[35m[HTTP][39m [90m{"implicit":50}[39m
[35m[HTTP][39m [37m<-- POST /wd/hub/session/d0618b13-7312-4fb1-8f25-8326a9db8caf/timeouts [39m[32m200[39m [90m2 ms - 14[39m
[35m[HTTP][39m [90m[39m
[35m[HTTP][39m [37m-->[39m [37mGET[39m [37m/wd/hub/session/d0618b13-7312-4fb1-8f25-8326a9db8caf/window/rect[39m
[35m[HTTP][39m [90m{}[39m
[35m[HTTP][39m [37m<-- GET /wd/hub/session/d0618b13-7312-4fb1-8f25-8326a9db8caf/window/rect [39m[32m200[39m [90m34 ms - 49[39m
[35m[HTTP][39m [90m[39m
[35m[HTTP][39m [37m-->[39m [37mPOST[39m [37m/wd/hub/session/d0618b13-7312-4fb1-8f25-8326a9db8caf/elements[39m
[35m[HTTP][39m [90m{"using":"xpath","value":"//*[@class = 'android.widget.TextView' and (@text = 'ADD TO CART' or . = 'ADD TO CART')]"}[39m
[35m[HTTP][39m [37m<-- POST /wd/hub/session/d0618b13-7312-4fb1-8f25-8326a9db8caf/elements [39m[32m200[39m [90m165 ms - 139[39m
[35m[HTTP][39m [90m[39m
[35m[HTTP][39m [37m-->[39m [37mGET[39m [37m/wd/hub/session/d0618b13-7312-4fb1-8f25-8326a9db8caf/element/7b6c6737-5145-489c-be02-568aa58cef4b/location[39m
[35m[HTTP][39m [90m{}[39m
[35m[W3C (d0618b13)][39m Driver proxy active, passing request on via HTTP proxy
[35m[WD Proxy][39m Replacing sessionId f0dafd42-6aca-4edf-86e7-472063115d29 with d0618b13-7312-4fb1-8f25-8326a9db8caf
[35m[HTTP][39m [37m<-- GET /wd/hub/session/d0618b13-7312-4fb1-8f25-8326a9db8caf/element/7b6c6737-5145-489c-be02-568aa58cef4b/location [39m[32m200[39m [90m25 ms - 78[39m
[35m[HTTP][39m [90m[39m
[35m[HTTP][39m [37m-->[39m [37mPOST[39m [37m/wd/hub/session/d0618b13-7312-4fb1-8f25-8326a9db8caf/timeouts[39m
[35m[HTTP][39m [90m{"implicit":30000}[39m
[35m[HTTP][39m [37m<-- POST /wd/hub/session/d0618b13-7312-4fb1-8f25-8326a9db8caf/timeouts [39m[32m200[39m [90m3 ms - 14[39m
[35m[HTTP][39m [90m[39m
[35m[HTTP][39m [37m-->[39m [37mPOST[39m [37m/wd/hub/session/d0618b13-7312-4fb1-8f25-8326a9db8caf/touch/perform[39m
[35m[HTTP][39m [90m{"actions":[{"action":"tap","options":{"x":1,"y":1,"element":"7b6c6737-5145-489c-be02-568aa58cef4b"}},{"action":"release","options":{}}]}[39m
[35m[UiAutomator2][39m calling get location: 7b6c6737-5145-489c-be02-568aa58cef4b
[35m[HTTP][39m [37m<-- POST /wd/hub/session/d0618b13-7312-4fb1-8f25-8326a9db8caf/touch/perform [39m[32m200[39m [90m882 ms - 14[39m
[35m[HTTP][39m [90m[39m
[35m[HTTP][39m [37m-->[39m [37mPOST[39m [37m/wd/hub/session/d0618b13-7312-4fb1-8f25-8326a9db8caf/timeouts[39m
[35m[HTTP][39m [90m{"implicit":50}[39m
[35m[HTTP][39m [37m<-- POST /wd/hub/session/d0618b13-7312-4fb1-8f25-8326a9db8caf/timeouts [39m[32m200[39m [90m3 ms - 14[39m
[35m[HTTP][39m [90m[39m
[35m[HTTP][39m [37m-->[39m [37mGET[39m [37m/wd/hub/session/d0618b13-7312-4fb1-8f25-8326a9db8caf/window/rect[39m
[35m[HTTP][39m [90m{}[39m
[35m[HTTP][39m [37m<-- GET /wd/hub/session/d0618b13-7312-4fb1-8f25-8326a9db8caf/window/rect [39m[32m200[39m [90m28 ms - 49[39m
[35m[HTTP][39m [90m[39m
[35m[HTTP][39m [37m-->[39m [37mPOST[39m [37m/wd/hub/session/d0618b13-7312-4fb1-8f25-8326a9db8caf/elements[39m
[35m[HTTP][39m [90m{"using":"accessibility id","value":"test-BACK TO PRODUCTS"}[39m
[35m[HTTP][39m [37m<-- POST /wd/hub/session/d0618b13-7312-4fb1-8f25-8326a9db8caf/elements [39m[32m200[39m [90m843 ms - 139[39m
[35m[HTTP][39m [90m[39m
[35m[HTTP][39m [37m-->[39m [37mGET[39m [37m/wd/hub/session/d0618b13-7312-4fb1-8f25-8326a9db8caf/element/38ce698e-c111-4bfe-8356-6c3a15cf9b31/location[39m
[35m[HTTP][39m [90m{}[39m
[35m[W3C (d0618b13)][39m Driver proxy active, passing request on via HTTP proxy
[35m[WD Proxy][39m Replacing sessionId f0dafd42-6aca-4edf-86e7-472063115d29 with d0618b13-7312-4fb1-8f25-8326a9db8caf
[35m[HTTP][39m [37m<-- GET /wd/hub/session/d0618b13-7312-4fb1-8f25-8326a9db8caf/element/38ce698e-c111-4bfe-8356-6c3a15cf9b31/location [39m[32m200[39m [90m27 ms - 77[39m
[35m[HTTP][39m [90m[39m
[35m[HTTP][39m [37m-->[39m [37mPOST[39m [37m/wd/hub/session/d0618b13-7312-4fb1-8f25-8326a9db8caf/timeouts[39m
[35m[HTTP][39m [90m{"implicit":30000}[39m
[35m[HTTP][39m [37m<-- POST /wd/hub/session/d0618b13-7312-4fb1-8f25-8326a9db8caf/timeouts [39m[32m200[39m [90m3 ms - 14[39m
[35m[HTTP][39m [90m[39m
[35m[HTTP][39m [37m-->[39m [37mPOST[39m [37m/wd/hub/session/d0618b13-7312-4fb1-8f25-8326a9db8caf/touch/perform[39m
[35m[HTTP][39m [90m{"actions":[{"action":"tap","options":{"x":1,"y":1,"element":"38ce698e-c111-4bfe-8356-6c3a15cf9b31"}},{"action":"release","options":{}}]}[39m
[35m[UiAutomator2][39m calling get location: 38ce698e-c111-4bfe-8356-6c3a15cf9b31
[35m[HTTP][39m [37m<-- POST /wd/hub/session/d0618b13-7312-4fb1-8f25-8326a9db8caf/touch/perform [39m[32m200[39m [90m1111 ms - 14[39m
[35m[HTTP][39m [90m[39m
[35m[HTTP][39m [37m-->[39m [37mPOST[39m [37m/wd/hub/session/d0618b13-7312-4fb1-8f25-8326a9db8caf/timeouts[39m
[35m[HTTP][39m [90m{"implicit":50}[39m
[35m[HTTP][39m [37m<-- POST /wd/hub/session/d0618b13-7312-4fb1-8f25-8326a9db8caf/timeouts [39m[32m200[39m [90m2 ms - 14[39m
[35m[HTTP][39m [90m[39m
[35m[HTTP][39m [37m-->[39m [37mGET[39m [37m/wd/hub/session/d0618b13-7312-4fb1-8f25-8326a9db8caf/window/rect[39m
[35m[HTTP][39m [90m{}[39m
[35m[HTTP][39m [37m<-- GET /wd/hub/session/d0618b13-7312-4fb1-8f25-8326a9db8caf/window/rect [39m[32m200[39m [90m25 ms - 49[39m
[35m[HTTP][39m [90m[39m
[35m[HTTP][39m [37m-->[39m [37mPOST[39m [37m/wd/hub/session/d0618b13-7312-4fb1-8f25-8326a9db8caf/elements[39m
[35m[HTTP][39m [90m{"using":"xpath","value":"//hierarchy/android.widget.FrameLayout[1]/android.widget.LinearLayout[1]/android.widget.FrameLayout[1]/android.widget.LinearLayout[1]/android.widget.FrameLayout[1]/android.widget.FrameLayout[1]/android.view.ViewGroup[1]/android.view.ViewGroup[1]/android.view.ViewGroup[1]/android.view.ViewGroup[1]/android.view.ViewGroup[1]/android.view.ViewGroup[1]/android.view.ViewGroup[1]/android.view.ViewGroup[1]/android.view.ViewGroup[1]/android.view.ViewGroup[2]/android.view.ViewGroup[1]/android.widget.ImageView[1]"}[39m
[35m[HTTP][39m [37m<-- POST /wd/hub/session/d0618b13-7312-4fb1-8f25-8326a9db8caf/elements [39m[32m200[39m [90m154 ms - 139[39m
[35m[HTTP][39m [90m[39m
[35m[HTTP][39m [37m-->[39m [37mGET[39m [37m/wd/hub/session/d0618b13-7312-4fb1-8f25-8326a9db8caf/element/4da1849c-f398-4f75-aa6d-12183729ab1c/location[39m
[35m[HTTP][39m [90m{}[39m
[35m[W3C (d0618b13)][39m Driver proxy active, passing request on via HTTP proxy
[35m[WD Proxy][39m Replacing sessionId f0dafd42-6aca-4edf-86e7-472063115d29 with d0618b13-7312-4fb1-8f25-8326a9db8caf
[35m[HTTP][39m [37m<-- GET /wd/hub/session/d0618b13-7312-4fb1-8f25-8326a9db8caf/element/4da1849c-f398-4f75-aa6d-12183729ab1c/location [39m[32m200[39m [90m17 ms - 77[39m
[35m[HTTP][39m [90m[39m
[35m[HTTP][39m [37m-->[39m [37mPOST[39m [37m/wd/hub/session/d0618b13-7312-4fb1-8f25-8326a9db8caf/timeouts[39m
[35m[HTTP][39m [90m{"implicit":30000}[39m
[35m[HTTP][39m [37m<-- POST /wd/hub/session/d0618b13-7312-4fb1-8f25-8326a9db8caf/timeouts [39m[32m200[39m [90m2 ms - 14[39m
[35m[HTTP][39m [90m[39m
[35m[HTTP][39m [37m-->[39m [37mPOST[39m [37m/wd/hub/session/d0618b13-7312-4fb1-8f25-8326a9db8caf/touch/perform[39m
[35m[HTTP][39m [90m{"actions":[{"action":"tap","options":{"x":1,"y":1,"element":"4da1849c-f398-4f75-aa6d-12183729ab1c"}},{"action":"release","options":{}}]}[39m
[35m[UiAutomator2][39m calling get location: 4da1849c-f398-4f75-aa6d-12183729ab1c
[35m[HTTP][39m [37m<-- POST /wd/hub/session/d0618b13-7312-4fb1-8f25-8326a9db8caf/touch/perform [39m[32m200[39m [90m183 ms - 14[39m
[35m[HTTP][39m [90m[39m
[35m[HTTP][39m [37m-->[39m [37mGET[39m [37m/wd/hub/session/d0618b13-7312-4fb1-8f25-8326a9db8caf/context[39m
[35m[HTTP][39m [90m{}[39m
[35m[HTTP][39m [37m<-- GET /wd/hub/session/d0618b13-7312-4fb1-8f25-8326a9db8caf/context [39m[32m200[39m [90m2 ms - 22[39m
[35m[HTTP][39m [90m[39m
[35m[HTTP][39m [37m-->[39m [37mGET[39m [37m/wd/hub/session/d0618b13-7312-4fb1-8f25-8326a9db8caf/contexts[39m
[35m[HTTP][39m [90m{}[39m
[35m[AndroidDriver][39m Not collecting web view details. Details collection might help to make Chromedriver initialization more precise. Use the 'enableWebviewDetailsCollection' cap to turn it on
[35m[AndroidDriver][39m Skipping the webview 'WEBVIEW_9767' at '@webview_devtools_remote_9767' since it has reported having zero pages
[35m[HTTP][39m [37m<-- GET /wd/hub/session/d0618b13-7312-4fb1-8f25-8326a9db8caf/contexts [39m[32m200[39m [90m525 ms - 24[39m
[35m[HTTP][39m [90m[39m
[35m[HTTP][39m [37m-->[39m [37mPOST[39m [37m/wd/hub/session/d0618b13-7312-4fb1-8f25-8326a9db8caf/context[39m
[35m[HTTP][39m [90m{"name":"NATIVE_APP"}[39m
[35m[HTTP][39m [37m<-- POST /wd/hub/session/d0618b13-7312-4fb1-8f25-8326a9db8caf/context [39m[32m200[39m [90m3 ms - 14[39m
[35m[HTTP][39m [90m[39m
[35m[HTTP][39m [37m-->[39m [37mPOST[39m [37m/wd/hub/session/d0618b13-7312-4fb1-8f25-8326a9db8caf/element[39m
[35m[HTTP][39m [90m{"using":"-android uiautomator","value":"new UiScrollable(new UiSelector().scrollable(true).instance(0)).scrollIntoView(new UiSelector().textContains(\"CHECKOUT\"))"}[39m
[35m[HTTP][39m [37m<-- POST /wd/hub/session/d0618b13-7312-4fb1-8f25-8326a9db8caf/element [39m[32m200[39m [90m3907 ms - 137[39m
[35m[HTTP][39m [90m[39m
[35m[HTTP][39m [37m-->[39m [37mPOST[39m [37m/wd/hub/session/d0618b13-7312-4fb1-8f25-8326a9db8caf/context[39m
[35m[HTTP][39m [90m{"name":"NATIVE_APP"}[39m
[35m[HTTP][39m [37m<-- POST /wd/hub/session/d0618b13-7312-4fb1-8f25-8326a9db8caf/context [39m[32m200[39m [90m2 ms - 14[39m
[35m[HTTP][39m [90m[39m
[35m[HTTP][39m [37m-->[39m [37mPOST[39m [37m/wd/hub/session/d0618b13-7312-4fb1-8f25-8326a9db8caf/timeouts[39m
[35m[HTTP][39m [90m{"implicit":50}[39m
[35m[HTTP][39m [37m<-- POST /wd/hub/session/d0618b13-7312-4fb1-8f25-8326a9db8caf/timeouts [39m[32m200[39m [90m3 ms - 14[39m
[35m[HTTP][39m [90m[39m
[35m[HTTP][39m [37m-->[39m [37mGET[39m [37m/wd/hub/session/d0618b13-7312-4fb1-8f25-8326a9db8caf/window/rect[39m
[35m[HTTP][39m [90m{}[39m
[35m[HTTP][39m [37m<-- GET /wd/hub/session/d0618b13-7312-4fb1-8f25-8326a9db8caf/window/rect [39m[32m200[39m [90m44 ms - 49[39m
[35m[HTTP][39m [90m[39m
[35m[HTTP][39m [37m-->[39m [37mPOST[39m [37m/wd/hub/session/d0618b13-7312-4fb1-8f25-8326a9db8caf/elements[39m
[35m[HTTP][39m [90m{"using":"xpath","value":"//*[@class = 'android.widget.TextView' and (@text = 'CHECKOUT' or . = 'CHECKOUT')]"}[39m
[35m[HTTP][39m [37m<-- POST /wd/hub/session/d0618b13-7312-4fb1-8f25-8326a9db8caf/elements [39m[32m200[39m [90m158 ms - 139[39m
[35m[HTTP][39m [90m[39m
[35m[HTTP][39m [37m-->[39m [37mGET[39m [37m/wd/hub/session/d0618b13-7312-4fb1-8f25-8326a9db8caf/element/25f494a1-cb98-47ca-98d9-2513493c43f0/location[39m
[35m[HTTP][39m [90m{}[39m
[35m[W3C (d0618b13)][39m Driver proxy active, passing request on via HTTP proxy
[35m[WD Proxy][39m Replacing sessionId f0dafd42-6aca-4edf-86e7-472063115d29 with d0618b13-7312-4fb1-8f25-8326a9db8caf
[35m[HTTP][39m [37m<-- GET /wd/hub/session/d0618b13-7312-4fb1-8f25-8326a9db8caf/element/25f494a1-cb98-47ca-98d9-2513493c43f0/location [39m[32m200[39m [90m24 ms - 79[39m
[35m[HTTP][39m [90m[39m
[35m[HTTP][39m [37m-->[39m [37mPOST[39m [37m/wd/hub/session/d0618b13-7312-4fb1-8f25-8326a9db8caf/timeouts[39m
[35m[HTTP][39m [90m{"implicit":30000}[39m
[35m[HTTP][39m [37m<-- POST /wd/hub/session/d0618b13-7312-4fb1-8f25-8326a9db8caf/timeouts [39m[32m200[39m [90m2 ms - 14[39m
[35m[HTTP][39m [90m[39m
[35m[HTTP][39m [37m-->[39m [37mPOST[39m [37m/wd/hub/session/d0618b13-7312-4fb1-8f25-8326a9db8caf/touch/perform[39m
[35m[HTTP][39m [90m{"actions":[{"action":"tap","options":{"x":1,"y":1,"element":"25f494a1-cb98-47ca-98d9-2513493c43f0"}},{"action":"release","options":{}}]}[39m
[35m[UiAutomator2][39m calling get location: 25f494a1-cb98-47ca-98d9-2513493c43f0
[35m[HTTP][39m [37m<-- POST /wd/hub/session/d0618b13-7312-4fb1-8f25-8326a9db8caf/touch/perform [39m[32m200[39m [90m168 ms - 14[39m
[35m[HTTP][39m [90m[39m
[35m[HTTP][39m [37m-->[39m [37mPOST[39m [37m/wd/hub/session/d0618b13-7312-4fb1-8f25-8326a9db8caf/timeouts[39m
[35m[HTTP][39m [90m{"implicit":50}[39m
[35m[HTTP][39m [37m<-- POST /wd/hub/session/d0618b13-7312-4fb1-8f25-8326a9db8caf/timeouts [39m[32m200[39m [90m2 ms - 14[39m
[35m[HTTP][39m [90m[39m
[35m[HTTP][39m [37m-->[39m [37mGET[39m [37m/wd/hub/session/d0618b13-7312-4fb1-8f25-8326a9db8caf/window/rect[39m
[35m[HTTP][39m [90m{}[39m
[35m[HTTP][39m [37m<-- GET /wd/hub/session/d0618b13-7312-4fb1-8f25-8326a9db8caf/window/rect [39m[32m200[39m [90m23 ms - 49[39m
[35m[HTTP][39m [90m[39m
[35m[HTTP][39m [37m-->[39m [37mPOST[39m [37m/wd/hub/session/d0618b13-7312-4fb1-8f25-8326a9db8caf/elements[39m
[35m[HTTP][39m [90m{"using":"xpath","value":"//*[@class = 'android.widget.EditText' and (@text = 'First Name' or . = 'First Name')]"}[39m
[35m[HTTP][39m [37m<-- POST /wd/hub/session/d0618b13-7312-4fb1-8f25-8326a9db8caf/elements [39m[32m200[39m [90m611 ms - 139[39m
[35m[HTTP][39m [90m[39m
[35m[HTTP][39m [37m-->[39m [37mGET[39m [37m/wd/hub/session/d0618b13-7312-4fb1-8f25-8326a9db8caf/element/bdab440b-93a3-47b6-b279-0ef656d67aa8/location[39m
[35m[HTTP][39m [90m{}[39m
[35m[W3C (d0618b13)][39m Driver proxy active, passing request on via HTTP proxy
[35m[WD Proxy][39m Replacing sessionId f0dafd42-6aca-4edf-86e7-472063115d29 with d0618b13-7312-4fb1-8f25-8326a9db8caf
[35m[HTTP][39m [37m<-- GET /wd/hub/session/d0618b13-7312-4fb1-8f25-8326a9db8caf/element/bdab440b-93a3-47b6-b279-0ef656d67aa8/location [39m[32m200[39m [90m27 ms - 77[39m
[35m[HTTP][39m [90m[39m
[35m[HTTP][39m [37m-->[39m [37mPOST[39m [37m/wd/hub/session/d0618b13-7312-4fb1-8f25-8326a9db8caf/timeouts[39m
[35m[HTTP][39m [90m{"implicit":30000}[39m
[35m[HTTP][39m [37m<-- POST /wd/hub/session/d0618b13-7312-4fb1-8f25-8326a9db8caf/timeouts [39m[32m200[39m [90m2 ms - 14[39m
[35m[HTTP][39m [90m[39m
[35m[HTTP][39m [37m-->[39m [37mPOST[39m [37m/wd/hub/session/d0618b13-7312-4fb1-8f25-8326a9db8caf/element/bdab440b-93a3-47b6-b279-0ef656d67aa8/clear[39m
[35m[HTTP][39m [90m{"id":"bdab440b-93a3-47b6-b279-0ef656d67aa8"}[39m
[35m[HTTP][39m [37m<-- POST /wd/hub/session/d0618b13-7312-4fb1-8f25-8326a9db8caf/element/bdab440b-93a3-47b6-b279-0ef656d67aa8/clear [39m[32m200[39m [90m30 ms - 14[39m
[35m[HTTP][39m [90m[39m
[35m[HTTP][39m [37m-->[39m [37mPOST[39m [37m/wd/hub/session/d0618b13-7312-4fb1-8f25-8326a9db8caf/element/bdab440b-93a3-47b6-b279-0ef656d67aa8/value[39m
[35m[HTTP][39m [90m{"id":"bdab440b-93a3-47b6-b279-0ef656d67aa8","text":"Mu","value":["M","u"]}[39m
[35m[HTTP][39m [37m<-- POST /wd/hub/session/d0618b13-7312-4fb1-8f25-8326a9db8caf/element/bdab440b-93a3-47b6-b279-0ef656d67aa8/value [39m[32m200[39m [90m782 ms - 14[39m
[35m[HTTP][39m [90m[39m
[35m[HTTP][39m [37m-->[39m [37mPOST[39m [37m/wd/hub/session/d0618b13-7312-4fb1-8f25-8326a9db8caf/timeouts[39m
[35m[HTTP][39m [90m{"implicit":50}[39m
[35m[HTTP][39m [37m<-- POST /wd/hub/session/d0618b13-7312-4fb1-8f25-8326a9db8caf/timeouts [39m[32m200[39m [90m2 ms - 14[39m
[35m[HTTP][39m [90m[39m
[35m[HTTP][39m [37m-->[39m [37mGET[39m [37m/wd/hub/session/d0618b13-7312-4fb1-8f25-8326a9db8caf/window/rect[39m
[35m[HTTP][39m [90m{}[39m
[35m[HTTP][39m [37m<-- GET /wd/hub/session/d0618b13-7312-4fb1-8f25-8326a9db8caf/window/rect [39m[32m200[39m [90m23 ms - 49[39m
[35m[HTTP][39m [90m[39m
[35m[HTTP][39m [37m-->[39m [37mPOST[39m [37m/wd/hub/session/d0618b13-7312-4fb1-8f25-8326a9db8caf/elements[39m
[35m[HTTP][39m [90m{"using":"xpath","value":"//*[@class = 'android.widget.EditText' and (@text = 'Last Name' or . = 'Last Name')]"}[39m
[35m[HTTP][39m [37m<-- POST /wd/hub/session/d0618b13-7312-4fb1-8f25-8326a9db8caf/elements [39m[32m200[39m [90m866 ms - 139[39m
[35m[HTTP][39m [90m[39m
[35m[HTTP][39m [37m-->[39m [37mGET[39m [37m/wd/hub/session/d0618b13-7312-4fb1-8f25-8326a9db8caf/element/9d5096b0-9941-48bf-92f2-92cfe93f313c/location[39m
[35m[HTTP][39m [90m{}[39m
[35m[W3C (d0618b13)][39m Driver proxy active, passing request on via HTTP proxy
[35m[WD Proxy][39m Replacing sessionId f0dafd42-6aca-4edf-86e7-472063115d29 with d0618b13-7312-4fb1-8f25-8326a9db8caf
[35m[HTTP][39m [37m<-- GET /wd/hub/session/d0618b13-7312-4fb1-8f25-8326a9db8caf/element/9d5096b0-9941-48bf-92f2-92cfe93f313c/location [39m[32m200[39m [90m22 ms - 77[39m
[35m[HTTP][39m [90m[39m
[35m[HTTP][39m [37m-->[39m [37mPOST[39m [37m/wd/hub/session/d0618b13-7312-4fb1-8f25-8326a9db8caf/timeouts[39m
[35m[HTTP][39m [90m{"implicit":30000}[39m
[35m[HTTP][39m [37m<-- POST /wd/hub/session/d0618b13-7312-4fb1-8f25-8326a9db8caf/timeouts [39m[32m200[39m [90m3 ms - 14[39m
[35m[HTTP][39m [90m[39m
[35m[HTTP][39m [37m-->[39m [37mPOST[39m [37m/wd/hub/session/d0618b13-7312-4fb1-8f25-8326a9db8caf/element/9d5096b0-9941-48bf-92f2-92cfe93f313c/clear[39m
[35m[HTTP][39m [90m{"id":"9d5096b0-9941-48bf-92f2-92cfe93f313c"}[39m
[35m[HTTP][39m [37m<-- POST /wd/hub/session/d0618b13-7312-4fb1-8f25-8326a9db8caf/element/9d5096b0-9941-48bf-92f2-92cfe93f313c/clear [39m[32m200[39m [90m26 ms - 14[39m
[35m[HTTP][39m [90m[39m
[35m[HTTP][39m [37m-->[39m [37mPOST[39m [37m/wd/hub/session/d0618b13-7312-4fb1-8f25-8326a9db8caf/element/9d5096b0-9941-48bf-92f2-92cfe93f313c/value[39m
[35m[HTTP][39m [90m{"id":"9d5096b0-9941-48bf-92f2-92cfe93f313c","text":"Ri","value":["R","i"]}[39m
[35m[HTTP][39m [37m<-- POST /wd/hub/session/d0618b13-7312-4fb1-8f25-8326a9db8caf/element/9d5096b0-9941-48bf-92f2-92cfe93f313c/value [39m[32m200[39m [90m519 ms - 14[39m
[35m[HTTP][39m [90m[39m
[35m[HTTP][39m [37m-->[39m [37mPOST[39m [37m/wd/hub/session/d0618b13-7312-4fb1-8f25-8326a9db8caf/timeouts[39m
[35m[HTTP][39m [90m{"implicit":50}[39m
[35m[HTTP][39m [37m<-- POST /wd/hub/session/d0618b13-7312-4fb1-8f25-8326a9db8caf/timeouts [39m[32m200[39m [90m2 ms - 14[39m
[35m[HTTP][39m [90m[39m
[35m[HTTP][39m [37m-->[39m [37mGET[39m [37m/wd/hub/session/d0618b13-7312-4fb1-8f25-8326a9db8caf/window/rect[39m
[35m[HTTP][39m [90m{}[39m
[35m[HTTP][39m [37m<-- GET /wd/hub/session/d0618b13-7312-4fb1-8f25-8326a9db8caf/window/rect [39m[32m200[39m [90m20 ms - 49[39m
[35m[HTTP][39m [90m[39m
[35m[HTTP][39m [37m-->[39m [37mPOST[39m [37m/wd/hub/session/d0618b13-7312-4fb1-8f25-8326a9db8caf/elements[39m
[35m[HTTP][39m [90m{"using":"xpath","value":"//*[@class = 'android.widget.EditText' and (@text = 'Zip/Postal Code' or . = 'Zip/Postal Code')]"}[39m
[35m[HTTP][39m [37m<-- POST /wd/hub/session/d0618b13-7312-4fb1-8f25-8326a9db8caf/elements [39m[32m200[39m [90m428 ms - 139[39m
[35m[HTTP][39m [90m[39m
[35m[HTTP][39m [37m-->[39m [37mGET[39m [37m/wd/hub/session/d0618b13-7312-4fb1-8f25-8326a9db8caf/element/cf51b2f8-ace1-4d18-8b54-77bf4315ee3f/location[39m
[35m[HTTP][39m [90m{}[39m
[35m[W3C (d0618b13)][39m Driver proxy active, passing request on via HTTP proxy
[35m[WD Proxy][39m Replacing sessionId f0dafd42-6aca-4edf-86e7-472063115d29 with d0618b13-7312-4fb1-8f25-8326a9db8caf
[35m[HTTP][39m [37m<-- GET /wd/hub/session/d0618b13-7312-4fb1-8f25-8326a9db8caf/element/cf51b2f8-ace1-4d18-8b54-77bf4315ee3f/location [39m[32m200[39m [90m26 ms - 77[39m
[35m[HTTP][39m [90m[39m
[35m[HTTP][39m [37m-->[39m [37mPOST[39m [37m/wd/hub/session/d0618b13-7312-4fb1-8f25-8326a9db8caf/timeouts[39m
[35m[HTTP][39m [90m{"implicit":30000}[39m
[35m[HTTP][39m [37m<-- POST /wd/hub/session/d0618b13-7312-4fb1-8f25-8326a9db8caf/timeouts [39m[32m200[39m [90m2 ms - 14[39m
[35m[HTTP][39m [90m[39m
[35m[HTTP][39m [37m-->[39m [37mPOST[39m [37m/wd/hub/session/d0618b13-7312-4fb1-8f25-8326a9db8caf/element/cf51b2f8-ace1-4d18-8b54-77bf4315ee3f/clear[39m
[35m[HTTP][39m [90m{"id":"cf51b2f8-ace1-4d18-8b54-77bf4315ee3f"}[39m
[35m[HTTP][39m [37m<-- POST /wd/hub/session/d0618b13-7312-4fb1-8f25-8326a9db8caf/element/cf51b2f8-ace1-4d18-8b54-77bf4315ee3f/clear [39m[32m200[39m [90m25 ms - 14[39m
[35m[HTTP][39m [90m[39m
[35m[HTTP][39m [37m-->[39m [37mPOST[39m [37m/wd/hub/session/d0618b13-7312-4fb1-8f25-8326a9db8caf/element/cf51b2f8-ace1-4d18-8b54-77bf4315ee3f/value[39m
[35m[HTTP][39m [90m{"id":"cf51b2f8-ace1-4d18-8b54-77bf4315ee3f","text":"1234","value":["1","2","3","4"]}[39m
[35m[HTTP][39m [37m<-- POST /wd/hub/session/d0618b13-7312-4fb1-8f25-8326a9db8caf/element/cf51b2f8-ace1-4d18-8b54-77bf4315ee3f/value [39m[32m200[39m [90m651 ms - 14[39m
[35m[HTTP][39m [90m[39m
[35m[HTTP][39m [37m-->[39m [37mPOST[39m [37m/wd/hub/session/d0618b13-7312-4fb1-8f25-8326a9db8caf/timeouts[39m
[35m[HTTP][39m [90m{"implicit":50}[39m
[35m[HTTP][39m [37m<-- POST /wd/hub/session/d0618b13-7312-4fb1-8f25-8326a9db8caf/timeouts [39m[32m200[39m [90m2 ms - 14[39m
[35m[HTTP][39m [90m[39m
[35m[HTTP][39m [37m-->[39m [37mGET[39m [37m/wd/hub/session/d0618b13-7312-4fb1-8f25-8326a9db8caf/window/rect[39m
[35m[HTTP][39m [90m{}[39m
[35m[HTTP][39m [37m<-- GET /wd/hub/session/d0618b13-7312-4fb1-8f25-8326a9db8caf/window/rect [39m[32m200[39m [90m16 ms - 49[39m
[35m[HTTP][39m [90m[39m
[35m[HTTP][39m [37m-->[39m [37mPOST[39m [37m/wd/hub/session/d0618b13-7312-4fb1-8f25-8326a9db8caf/elements[39m
[35m[HTTP][39m [90m{"using":"accessibility id","value":"test-CONTINUE"}[39m
[35m[HTTP][39m [37m<-- POST /wd/hub/session/d0618b13-7312-4fb1-8f25-8326a9db8caf/elements [39m[32m200[39m [90m384 ms - 139[39m
[35m[HTTP][39m [90m[39m
[35m[HTTP][39m [37m-->[39m [37mGET[39m [37m/wd/hub/session/d0618b13-7312-4fb1-8f25-8326a9db8caf/element/cb4f111e-533e-409d-bbf1-a129463df534/location[39m
[35m[HTTP][39m [90m{}[39m
[35m[W3C (d0618b13)][39m Driver proxy active, passing request on via HTTP proxy
[35m[WD Proxy][39m Replacing sessionId f0dafd42-6aca-4edf-86e7-472063115d29 with d0618b13-7312-4fb1-8f25-8326a9db8caf
[35m[HTTP][39m [37m<-- GET /wd/hub/session/d0618b13-7312-4fb1-8f25-8326a9db8caf/element/cb4f111e-533e-409d-bbf1-a129463df534/location [39m[32m200[39m [90m27 ms - 78[39m
[35m[HTTP][39m [90m[39m
[35m[HTTP][39m [37m-->[39m [37mPOST[39m [37m/wd/hub/session/d0618b13-7312-4fb1-8f25-8326a9db8caf/timeouts[39m
[35m[HTTP][39m [90m{"implicit":30000}[39m
[35m[HTTP][39m [37m<-- POST /wd/hub/session/d0618b13-7312-4fb1-8f25-8326a9db8caf/timeouts [39m[32m200[39m [90m2 ms - 14[39m
[35m[HTTP][39m [90m[39m
[35m[HTTP][39m [37m-->[39m [37mPOST[39m [37m/wd/hub/session/d0618b13-7312-4fb1-8f25-8326a9db8caf/touch/perform[39m
[35m[HTTP][39m [90m{"actions":[{"action":"tap","options":{"x":1,"y":1,"element":"cb4f111e-533e-409d-bbf1-a129463df534"}},{"action":"release","options":{}}]}[39m
[35m[UiAutomator2][39m calling get location: cb4f111e-533e-409d-bbf1-a129463df534
[35m[HTTP][39m [37m<-- POST /wd/hub/session/d0618b13-7312-4fb1-8f25-8326a9db8caf/touch/perform [39m[32m200[39m [90m222 ms - 14[39m
[35m[HTTP][39m [90m[39m
[35m[HTTP][39m [37m-->[39m [37mGET[39m [37m/wd/hub/session/d0618b13-7312-4fb1-8f25-8326a9db8caf/context[39m
[35m[HTTP][39m [90m{}[39m
[35m[HTTP][39m [37m<-- GET /wd/hub/session/d0618b13-7312-4fb1-8f25-8326a9db8caf/context [39m[32m200[39m [90m2 ms - 22[39m
[35m[HTTP][39m [90m[39m
[35m[HTTP][39m [37m-->[39m [37mGET[39m [37m/wd/hub/session/d0618b13-7312-4fb1-8f25-8326a9db8caf/contexts[39m
[35m[HTTP][39m [90m{}[39m
[35m[AndroidDriver][39m Not collecting web view details. Details collection might help to make Chromedriver initialization more precise. Use the 'enableWebviewDetailsCollection' cap to turn it on
[35m[AndroidDriver][39m Skipping the webview 'WEBVIEW_9767' at '@webview_devtools_remote_9767' since it has reported having zero pages
[35m[HTTP][39m [37m<-- GET /wd/hub/session/d0618b13-7312-4fb1-8f25-8326a9db8caf/contexts [39m[32m200[39m [90m617 ms - 24[39m
[35m[HTTP][39m [90m[39m
[35m[HTTP][39m [37m-->[39m [37mPOST[39m [37m/wd/hub/session/d0618b13-7312-4fb1-8f25-8326a9db8caf/context[39m
[35m[HTTP][39m [90m{"name":"NATIVE_APP"}[39m
[35m[HTTP][39m [37m<-- POST /wd/hub/session/d0618b13-7312-4fb1-8f25-8326a9db8caf/context [39m[32m200[39m [90m2 ms - 14[39m
[35m[HTTP][39m [90m[39m
[35m[HTTP][39m [37m-->[39m [37mPOST[39m [37m/wd/hub/session/d0618b13-7312-4fb1-8f25-8326a9db8caf/element[39m
[35m[HTTP][39m [90m{"using":"-android uiautomator","value":"new UiScrollable(new UiSelector().scrollable(true).instance(0)).scrollIntoView(new UiSelector().textContains(\"FINISH\"))"}[39m
[35m[HTTP][39m [37m<-- POST /wd/hub/session/d0618b13-7312-4fb1-8f25-8326a9db8caf/element [39m[32m200[39m [90m5303 ms - 137[39m
[35m[HTTP][39m [90m[39m
[35m[HTTP][39m [37m-->[39m [37mPOST[39m [37m/wd/hub/session/d0618b13-7312-4fb1-8f25-8326a9db8caf/context[39m
[35m[HTTP][39m [90m{"name":"NATIVE_APP"}[39m
[35m[HTTP][39m [37m<-- POST /wd/hub/session/d0618b13-7312-4fb1-8f25-8326a9db8caf/context [39m[32m200[39m [90m4 ms - 14[39m
[35m[HTTP][39m [90m[39m
[35m[HTTP][39m [37m-->[39m [37mPOST[39m [37m/wd/hub/session/d0618b13-7312-4fb1-8f25-8326a9db8caf/timeouts[39m
[35m[HTTP][39m [90m{"implicit":50}[39m
[35m[HTTP][39m [37m<-- POST /wd/hub/session/d0618b13-7312-4fb1-8f25-8326a9db8caf/timeouts [39m[32m200[39m [90m2 ms - 14[39m
[35m[HTTP][39m [90m[39m
[35m[HTTP][39m [37m-->[39m [37mGET[39m [37m/wd/hub/session/d0618b13-7312-4fb1-8f25-8326a9db8caf/window/rect[39m
[35m[HTTP][39m [90m{}[39m
[35m[HTTP][39m [37m<-- GET /wd/hub/session/d0618b13-7312-4fb1-8f25-8326a9db8caf/window/rect [39m[32m200[39m [90m17 ms - 49[39m
[35m[HTTP][39m [90m[39m
[35m[HTTP][39m [37m-->[39m [37mPOST[39m [37m/wd/hub/session/d0618b13-7312-4fb1-8f25-8326a9db8caf/elements[39m
[35m[HTTP][39m [90m{"using":"xpath","value":"//*[@class = 'android.widget.TextView' and (@text = 'FINISH' or . = 'FINISH')]"}[39m
[35m[HTTP][39m [37m<-- POST /wd/hub/session/d0618b13-7312-4fb1-8f25-8326a9db8caf/elements [39m[32m200[39m [90m625 ms - 139[39m
[35m[HTTP][39m [90m[39m
[35m[HTTP][39m [37m-->[39m [37mGET[39m [37m/wd/hub/session/d0618b13-7312-4fb1-8f25-8326a9db8caf/element/324f226d-2761-42af-acb4-d06e118b87ee/location[39m
[35m[HTTP][39m [90m{}[39m
[35m[W3C (d0618b13)][39m Driver proxy active, passing request on via HTTP proxy
[35m[WD Proxy][39m Replacing sessionId f0dafd42-6aca-4edf-86e7-472063115d29 with d0618b13-7312-4fb1-8f25-8326a9db8caf
[35m[HTTP][39m [37m<-- GET /wd/hub/session/d0618b13-7312-4fb1-8f25-8326a9db8caf/element/324f226d-2761-42af-acb4-d06e118b87ee/location [39m[32m200[39m [90m21 ms - 78[39m
[35m[HTTP][39m [90m[39m
[35m[HTTP][39m [37m-->[39m [37mPOST[39m [37m/wd/hub/session/d0618b13-7312-4fb1-8f25-8326a9db8caf/timeouts[39m
[35m[HTTP][39m [90m{"implicit":30000}[39m
[35m[HTTP][39m [37m<-- POST /wd/hub/session/d0618b13-7312-4fb1-8f25-8326a9db8caf/timeouts [39m[32m200[39m [90m2 ms - 14[39m
[35m[HTTP][39m [90m[39m
[35m[HTTP][39m [37m-->[39m [37mPOST[39m [37m/wd/hub/session/d0618b13-7312-4fb1-8f25-8326a9db8caf/touch/perform[39m
[35m[HTTP][39m [90m{"actions":[{"action":"tap","options":{"x":1,"y":1,"element":"324f226d-2761-42af-acb4-d06e118b87ee"}},{"action":"release","options":{}}]}[39m
[35m[UiAutomator2][39m calling get location: 324f226d-2761-42af-acb4-d06e118b87ee
[35m[HTTP][39m [37m<-- POST /wd/hub/session/d0618b13-7312-4fb1-8f25-8326a9db8caf/touch/perform [39m[32m200[39m [90m179 ms - 14[39m
[35m[HTTP][39m [90m[39m
[35m[HTTP][39m [37m-->[39m [37mGET[39m [37m/wd/hub/status[39m
[35m[HTTP][39m [90m{}[39m
[35m[HTTP][39m [37m<-- GET /wd/hub/status [39m[32m200[39m [90m2 ms - 68[39m
[35m[HTTP][39m [90m[39m
[35m[HTTP][39m [37m-->[39m [37mPOST[39m [37m/wd/hub/session[39m
[35m[HTTP][39m [90m{"desiredCapabilities":{"appActivity":".Settings","appPackage":"com.android.settings","newCommandTimeout":1800,"platformVersion":"10","automationName":"uiautomator2","autoGrantPermissions":true,"platformName":"Android","udid":"4a90dd0d","deviceName":"Xiaomi Redmi 7 (Android 10)","platform":"ANDROID","systemPort":8226},"capabilities":{"firstMatch":[{"appium:appActivity":".Settings","appium:appPackage":"com.android.settings","appium:autoGrantPermissions":true,"appium:automationName":"uiautomator2","appium:deviceName":"Xiaomi Redmi 7 (Android 10)","appium:newCommandTimeout":1800,"platform":"ANDROID","platformName":"android","appium:platformVersion":"10","appium:systemPort":8226,"appium:udid":"4a90dd0d"}]}}[39m
[35m[BaseDriver][39m The following capabilities are not standard capabilities and should have an extension prefix:
[35m[BaseDriver][39m   platform
[35m[BaseDriver][39m   chromedriverPort
[35m[Appium][39m Appium v1.21.0 creating new AndroidUiautomator2Driver (v1.65.0) session
[35m[BaseDriver][39m The following capabilities were provided, but are not recognized by Appium:
[35m[BaseDriver][39m   platform
[35m[BaseDriver][39m Session created with session id: 79d685f9-13c6-42b4-87cb-ee9076970e46
[35m[UiAutomator2][39m Starting 'com.android.settings' directly on the device
[35m[ADB][39m Using 'adb.exe' from 'C:\Users\Lenovo\.katalon\tools\android_sdk\platform-tools\adb.exe'
[35m[AndroidDriver][39m Retrieving device list
[35m[AndroidDriver][39m Using device: 4a90dd0d
[35m[ADB][39m Using 'adb.exe' from 'C:\Users\Lenovo\.katalon\tools\android_sdk\platform-tools\adb.exe'
[35m[ADB][39m Getting device platform version
[35m[UiAutomator2][39m Relaxing hidden api policy
[35m[AndroidDriver][39m No app sent in, not parsing package/activity
[35m[ADB][39m Using 'apksigner.jar' from 'C:\Users\Lenovo\.katalon\tools\android_sdk\build-tools\29.0.3\lib\apksigner.jar'
[35m[ADB][39m 'C:\Users\Lenovo\AppData\Roaming\npm\node_modules\appium\node_modules\appium-uiautomator2-server\apks\appium-uiautomator2-server-v4.21.1.apk' is signed with the default certificate
[35m[ADB][39m 'C:\Users\Lenovo\AppData\Roaming\npm\node_modules\appium\node_modules\appium-uiautomator2-server\apks\appium-uiautomator2-server-debug-androidTest.apk' is signed with the default certificate
[35m[UiAutomator2][39m Server packages are not going to be (re)installed
[35m[ADB][39m Adding packages ["io.appium.settings","io.appium.uiautomator2.server","io.appium.uiautomator2.server.test"] to Doze whitelist
[35m[UiAutomator2][39m Starting UIAutomator2 server 4.21.1
[35m[UiAutomator2][39m Using UIAutomator2 server from 'C:\Users\Lenovo\AppData\Roaming\npm\node_modules\appium\node_modules\appium-uiautomator2-server\apks\appium-uiautomator2-server-v4.21.1.apk' and test from 'C:\Users\Lenovo\AppData\Roaming\npm\node_modules\appium\node_modules\appium-uiautomator2-server\apks\appium-uiautomator2-server-debug-androidTest.apk'
[35m[UiAutomator2][39m Waiting up to 30000ms for UiAutomator2 to be online...
[35m[WD Proxy][39m socket hang up
[35m[WD Proxy][39m socket hang up
[35m[WD Proxy][39m socket hang up
[35m[WD Proxy][39m socket hang up
[35m[WD Proxy][39m Determined the downstream protocol as 'W3C'
[35m[AndroidDriver][39m Screen already unlocked, doing nothing
[35m[UiAutomator2][39m Starting 'com.android.settings/.Settings and waiting for 'com.android.settings/.Settings'
[35m[Appium][39m New AndroidUiautomator2Driver session created successfully, session 79d685f9-13c6-42b4-87cb-ee9076970e46 added to master session list
[35m[HTTP][39m [37m<-- POST /wd/hub/session [39m[32m200[39m [90m14692 ms - 1136[39m
[35m[HTTP][39m [90m[39m
[35m[HTTP][39m [37m-->[39m [37mGET[39m [37m/wd/hub/session/79d685f9-13c6-42b4-87cb-ee9076970e46[39m
[35m[HTTP][39m [90m{}[39m
[35m[HTTP][39m [37m<-- GET /wd/hub/session/79d685f9-13c6-42b4-87cb-ee9076970e46 [39m[32m200[39m [90m13 ms - 1090[39m
[35m[HTTP][39m [90m[39m
[35m[HTTP][39m [37m-->[39m [37mGET[39m [37m/wd/hub/session/79d685f9-13c6-42b4-87cb-ee9076970e46[39m
[35m[HTTP][39m [90m{}[39m
[35m[HTTP][39m [37m<-- GET /wd/hub/session/79d685f9-13c6-42b4-87cb-ee9076970e46 [39m[32m200[39m [90m13 ms - 1090[39m
[35m[HTTP][39m [90m[39m
[35m[HTTP][39m [37m-->[39m [37mGET[39m [37m/wd/hub/status[39m
[35m[HTTP][39m [90m{}[39m
[35m[HTTP][39m [37m<-- GET /wd/hub/status [39m[32m200[39m [90m1 ms - 68[39m
[35m[HTTP][39m [90m[39m
[35m[HTTP][39m [37m-->[39m [37mPOST[39m [37m/wd/hub/session/79d685f9-13c6-42b4-87cb-ee9076970e46/timeouts[39m
[35m[HTTP][39m [90m{"implicit":30000}[39m
[35m[HTTP][39m [37m<-- POST /wd/hub/session/79d685f9-13c6-42b4-87cb-ee9076970e46/timeouts [39m[32m200[39m [90m3 ms - 14[39m
[35m[HTTP][39m [90m[39m
[35m[HTTP][39m [37m-->[39m [37mGET[39m [37m/wd/hub/session/79d685f9-13c6-42b4-87cb-ee9076970e46/screenshot[39m
[35m[HTTP][39m [90m{}[39m
[35m[HTTP][39m [37m<-- GET /wd/hub/session/79d685f9-13c6-42b4-87cb-ee9076970e46/screenshot [39m[32m200[39m [90m570 ms - 125592[39m
[35m[HTTP][39m [90m[39m
[35m[HTTP][39m [37m-->[39m [37mGET[39m [37m/wd/hub/session/79d685f9-13c6-42b4-87cb-ee9076970e46/window/rect[39m
[35m[HTTP][39m [90m{}[39m
[35m[HTTP][39m [37m<-- GET /wd/hub/session/79d685f9-13c6-42b4-87cb-ee9076970e46/window/rect [39m[32m200[39m [90m16 ms - 49[39m
[35m[HTTP][39m [90m[39m
[35m[HTTP][39m [37m-->[39m [37mGET[39m [37m/wd/hub/session/79d685f9-13c6-42b4-87cb-ee9076970e46/appium/device/system_bars[39m
[35m[HTTP][39m [90m{}[39m
[35m[HTTP][39m [37m<-- GET /wd/hub/session/79d685f9-13c6-42b4-87cb-ee9076970e46/appium/device/system_bars [39m[31m500[39m [90m190 ms - 649[39m
[35m[HTTP][39m [90m[39m
[35m[HTTP][39m [37m-->[39m [37mPOST[39m [37m/wd/hub/session/79d685f9-13c6-42b4-87cb-ee9076970e46/appium/device/activate_app[39m
[35m[HTTP][39m [90m{"bundleId":"com.swaglabsmobileapp"}[39m
[35m[HTTP][39m [37m<-- POST /wd/hub/session/79d685f9-13c6-42b4-87cb-ee9076970e46/appium/device/activate_app [39m[32m200[39m [90m829 ms - 14[39m
[35m[HTTP][39m [90m[39m
[35m[HTTP][39m [37m-->[39m [37mPOST[39m [37m/wd/hub/session/79d685f9-13c6-42b4-87cb-ee9076970e46/timeouts[39m
[35m[HTTP][39m [90m{"implicit":50}[39m
[35m[HTTP][39m [37m<-- POST /wd/hub/session/79d685f9-13c6-42b4-87cb-ee9076970e46/timeouts [39m[32m200[39m [90m2 ms - 14[39m
[35m[HTTP][39m [90m[39m
[35m[HTTP][39m [37m-->[39m [37mGET[39m [37m/wd/hub/session/79d685f9-13c6-42b4-87cb-ee9076970e46/window/rect[39m
[35m[HTTP][39m [90m{}[39m
[35m[HTTP][39m [37m<-- GET /wd/hub/session/79d685f9-13c6-42b4-87cb-ee9076970e46/window/rect [39m[32m200[39m [90m22 ms - 49[39m
[35m[HTTP][39m [90m[39m
[35m[HTTP][39m [37m-->[39m [37mPOST[39m [37m/wd/hub/session/79d685f9-13c6-42b4-87cb-ee9076970e46/elements[39m
[35m[HTTP][39m [90m{"using":"xpath","value":"//*[@class = 'android.widget.EditText' and (@text = 'Username' or . = 'Username')]"}[39m
[35m[HTTP][39m [37m<-- POST /wd/hub/session/79d685f9-13c6-42b4-87cb-ee9076970e46/elements [39m[32m200[39m [90m1004 ms - 12[39m
[35m[HTTP][39m [90m[39m
[35m[HTTP][39m [37m-->[39m [37mPOST[39m [37m/wd/hub/session/79d685f9-13c6-42b4-87cb-ee9076970e46/elements[39m
[35m[HTTP][39m [90m{"using":"xpath","value":"//*[@class = 'android.widget.EditText' and (@text = 'Username' or . = 'Username')]"}[39m
[35m[HTTP][39m [37m<-- POST /wd/hub/session/79d685f9-13c6-42b4-87cb-ee9076970e46/elements [39m[32m200[39m [90m597 ms - 12[39m
[35m[HTTP][39m [90m[39m
[35m[HTTP][39m [37m-->[39m [37mPOST[39m [37m/wd/hub/session/79d685f9-13c6-42b4-87cb-ee9076970e46/elements[39m
[35m[HTTP][39m [90m{"using":"xpath","value":"//*[@class = 'android.widget.EditText' and (@text = 'Username' or . = 'Username')]"}[39m
[35m[HTTP][39m [37m<-- POST /wd/hub/session/79d685f9-13c6-42b4-87cb-ee9076970e46/elements [39m[32m200[39m [90m166 ms - 12[39m
[35m[HTTP][39m [90m[39m
[35m[HTTP][39m [37m-->[39m [37mPOST[39m [37m/wd/hub/session/79d685f9-13c6-42b4-87cb-ee9076970e46/elements[39m
[35m[HTTP][39m [90m{"using":"xpath","value":"//*[@class = 'android.widget.EditText' and (@text = 'Username' or . = 'Username')]"}[39m
[35m[HTTP][39m [37m<-- POST /wd/hub/session/79d685f9-13c6-42b4-87cb-ee9076970e46/elements [39m[32m200[39m [90m136 ms - 12[39m
[35m[HTTP][39m [90m[39m
[35m[HTTP][39m [37m-->[39m [37mPOST[39m [37m/wd/hub/session/79d685f9-13c6-42b4-87cb-ee9076970e46/elements[39m
[35m[HTTP][39m [90m{"using":"xpath","value":"//*[@class = 'android.widget.EditText' and (@text = 'Username' or . = 'Username')]"}[39m
[35m[HTTP][39m [37m<-- POST /wd/hub/session/79d685f9-13c6-42b4-87cb-ee9076970e46/elements [39m[32m200[39m [90m136 ms - 12[39m
[35m[HTTP][39m [90m[39m
[35m[HTTP][39m [37m-->[39m [37mPOST[39m [37m/wd/hub/session/79d685f9-13c6-42b4-87cb-ee9076970e46/elements[39m
[35m[HTTP][39m [90m{"using":"xpath","value":"//*[@class = 'android.widget.EditText' and (@text = 'Username' or . = 'Username')]"}[39m
[35m[HTTP][39m [37m<-- POST /wd/hub/session/79d685f9-13c6-42b4-87cb-ee9076970e46/elements [39m[32m-[39m [90m- ms - -[39m
[35m[HTTP][39m [90m[39m
[35m[BaseDriver][39m Shutting down because we waited 1800 seconds for a command
[35m[Appium][39m Closing session, cause was 'New Command Timeout of 1800 seconds expired. Try customizing the timeout using the 'newCommandTimeout' desired capability'
[35m[Appium][39m Removing session 'd0618b13-7312-4fb1-8f25-8326a9db8caf' from our master session list
[35m[UiAutomator2][39m Did not get confirmation UiAutomator2 deleteSession worked; Error was: UnknownError: An unknown server-side error occurred while processing the command. Original error: 'DELETE /' cannot be proxied to UiAutomator2 server because the instrumentation process is not running (probably crashed). Check the server log and/or the logcat output for more details
[35m[UiAutomator2][39m Restoring hidden api policy to the device default configuration
[35m[BaseDriver][39m Shutting down because we waited 1800 seconds for a command
[35m[Appium][39m Closing session, cause was 'New Command Timeout of 1800 seconds expired. Try customizing the timeout using the 'newCommandTimeout' desired capability'
[35m[Appium][39m Removing session '79d685f9-13c6-42b4-87cb-ee9076970e46' from our master session list
[35m[UiAutomator2][39m Did not get confirmation UiAutomator2 deleteSession worked; Error was: UnknownError: An unknown server-side error occurred while processing the command. Original error: 'DELETE /' cannot be proxied to UiAutomator2 server because the instrumentation process is not running (probably crashed). Check the server log and/or the logcat output for more details
[35m[UiAutomator2][39m Restoring hidden api policy to the device default configuration
