[35m[Appium][39m Welcome to Appium v1.21.0
[35m[Appium][39m Non-default server args:
[35m[Appium][39m   port: 64111
[35m[Appium][39m   loglevel: info
[35m[Appium][39m   tmpDir: C:\Users\Lenovo\AppData\Local\Temp\\Katalon\Appium\Temp1645004984230
[35m[Appium][39m   chromedriverPort: 64112
[35m[Appium][39m Deprecated server args:
[35m[Appium][39m   [31m--chromedriver-port[39m => --default-capabilities
[35m[Appium][39m Default capabilities, which will be added to each request unless overridden by desired capabilities:
[35m[Appium][39m   chromedriverPort: 64112
[35m[Appium][39m Appium REST http interface listener started on 0.0.0.0:64111
[35m[HTTP][39m [37m-->[39m [37mGET[39m [37m/wd/hub/status[39m
[35m[HTTP][39m [90m{}[39m
[35m[HTTP][39m [37m<-- GET /wd/hub/status [39m[32m200[39m [90m14 ms - 68[39m
[35m[HTTP][39m [90m[39m
[35m[HTTP][39m [37m-->[39m [37mPOST[39m [37m/wd/hub/session[39m
[35m[HTTP][39m [90m{"desiredCapabilities":{"appActivity":".Settings","appPackage":"com.android.settings","newCommandTimeout":1800,"platformVersion":"10","automationName":"uiautomator2","autoGrantPermissions":true,"platformName":"Android","udid":"4a90dd0d","deviceName":"Xiaomi Redmi 7 (Android 10)","platform":"ANDROID","systemPort":8216},"capabilities":{"firstMatch":[{"appium:appActivity":".Settings","appium:appPackage":"com.android.settings","appium:autoGrantPermissions":true,"appium:automationName":"uiautomator2","appium:deviceName":"Xiaomi Redmi 7 (Android 10)","appium:newCommandTimeout":1800,"platform":"ANDROID","platformName":"android","appium:platformVersion":"10","appium:systemPort":8216,"appium:udid":"4a90dd0d"}]}}[39m
[35m[BaseDriver][39m The following capabilities are not standard capabilities and should have an extension prefix:
[35m[BaseDriver][39m   platform
[35m[BaseDriver][39m   chromedriverPort
[35m[Appium][39m Appium v1.21.0 creating new AndroidUiautomator2Driver (v1.65.0) session
[35m[BaseDriver][39m The following capabilities were provided, but are not recognized by Appium:
[35m[BaseDriver][39m   platform
[35m[BaseDriver][39m Session created with session id: 9ef51078-00a8-4f58-a561-80395796c5f6
[35m[UiAutomator2][39m Starting 'com.android.settings' directly on the device
[35m[ADB][39m Found 1 'build-tools' folders under 'C:\Users\Lenovo\.katalon\tools\android_sdk' (newest first):
[35m[ADB][39m     C:/Users/Lenovo/.katalon/tools/android_sdk/build-tools/29.0.3
[35m[ADB][39m Using 'adb.exe' from 'C:\Users\Lenovo\.katalon\tools\android_sdk\platform-tools\adb.exe'
[35m[AndroidDriver][39m Retrieving device list
[35m[AndroidDriver][39m Using device: 4a90dd0d
[35m[ADB][39m Using 'adb.exe' from 'C:\Users\Lenovo\.katalon\tools\android_sdk\platform-tools\adb.exe'
[35m[ADB][39m Getting device platform version
[35m[UiAutomator2][39m Relaxing hidden api policy
[35m[AndroidDriver][39m No app sent in, not parsing package/activity
[35m[ADB][39m Using 'apksigner.jar' from 'C:\Users\Lenovo\.katalon\tools\android_sdk\build-tools\29.0.3\lib\apksigner.jar'
[35m[ADB][39m 'C:\Users\Lenovo\AppData\Roaming\npm\node_modules\appium\node_modules\appium-uiautomator2-server\apks\appium-uiautomator2-server-v4.21.1.apk' is signed with the default certificate
[35m[ADB][39m 'C:\Users\Lenovo\AppData\Roaming\npm\node_modules\appium\node_modules\appium-uiautomator2-server\apks\appium-uiautomator2-server-debug-androidTest.apk' is signed with the default certificate
[35m[UiAutomator2][39m Server packages are not going to be (re)installed
[35m[ADB][39m Adding packages ["io.appium.settings","io.appium.uiautomator2.server","io.appium.uiautomator2.server.test"] to Doze whitelist
[35m[UiAutomator2][39m Starting UIAutomator2 server 4.21.1
[35m[UiAutomator2][39m Using UIAutomator2 server from 'C:\Users\Lenovo\AppData\Roaming\npm\node_modules\appium\node_modules\appium-uiautomator2-server\apks\appium-uiautomator2-server-v4.21.1.apk' and test from 'C:\Users\Lenovo\AppData\Roaming\npm\node_modules\appium\node_modules\appium-uiautomator2-server\apks\appium-uiautomator2-server-debug-androidTest.apk'
[35m[UiAutomator2][39m Waiting up to 30000ms for UiAutomator2 to be online...
[35m[WD Proxy][39m socket hang up
[35m[WD Proxy][39m socket hang up
[35m[WD Proxy][39m socket hang up
[35m[WD Proxy][39m socket hang up
[35m[WD Proxy][39m Determined the downstream protocol as 'W3C'
[35m[AndroidDriver][39m Screen already unlocked, doing nothing
[35m[UiAutomator2][39m Starting 'com.android.settings/.Settings and waiting for 'com.android.settings/.Settings'
[35m[Appium][39m New AndroidUiautomator2Driver session created successfully, session 9ef51078-00a8-4f58-a561-80395796c5f6 added to master session list
[35m[HTTP][39m [37m<-- POST /wd/hub/session [39m[32m200[39m [90m15598 ms - 1136[39m
[35m[HTTP][39m [90m[39m
[35m[HTTP][39m [37m-->[39m [37mGET[39m [37m/wd/hub/session/9ef51078-00a8-4f58-a561-80395796c5f6[39m
[35m[HTTP][39m [90m{}[39m
[35m[HTTP][39m [37m<-- GET /wd/hub/session/9ef51078-00a8-4f58-a561-80395796c5f6 [39m[32m200[39m [90m20 ms - 1090[39m
[35m[HTTP][39m [90m[39m
[35m[HTTP][39m [37m-->[39m [37mGET[39m [37m/wd/hub/session/9ef51078-00a8-4f58-a561-80395796c5f6[39m
[35m[HTTP][39m [90m{}[39m
[35m[HTTP][39m [37m<-- GET /wd/hub/session/9ef51078-00a8-4f58-a561-80395796c5f6 [39m[32m200[39m [90m18 ms - 1090[39m
[35m[HTTP][39m [90m[39m
[35m[HTTP][39m [37m-->[39m [37mGET[39m [37m/wd/hub/status[39m
[35m[HTTP][39m [90m{}[39m
[35m[HTTP][39m [37m<-- GET /wd/hub/status [39m[32m200[39m [90m2 ms - 68[39m
[35m[HTTP][39m [90m[39m
[35m[HTTP][39m [37m-->[39m [37mPOST[39m [37m/wd/hub/session/9ef51078-00a8-4f58-a561-80395796c5f6/timeouts[39m
[35m[HTTP][39m [90m{"implicit":30000}[39m
[35m[HTTP][39m [37m<-- POST /wd/hub/session/9ef51078-00a8-4f58-a561-80395796c5f6/timeouts [39m[32m200[39m [90m6 ms - 14[39m
[35m[HTTP][39m [90m[39m
[35m[HTTP][39m [37m-->[39m [37mGET[39m [37m/wd/hub/session/9ef51078-00a8-4f58-a561-80395796c5f6/screenshot[39m
[35m[HTTP][39m [90m{}[39m
[35m[HTTP][39m [37m<-- GET /wd/hub/session/9ef51078-00a8-4f58-a561-80395796c5f6/screenshot [39m[32m200[39m [90m585 ms - 125010[39m
[35m[HTTP][39m [90m[39m
[35m[HTTP][39m [37m-->[39m [37mGET[39m [37m/wd/hub/session/9ef51078-00a8-4f58-a561-80395796c5f6/window/rect[39m
[35m[HTTP][39m [90m{}[39m
[35m[HTTP][39m [37m<-- GET /wd/hub/session/9ef51078-00a8-4f58-a561-80395796c5f6/window/rect [39m[32m200[39m [90m41 ms - 49[39m
[35m[HTTP][39m [90m[39m
[35m[HTTP][39m [37m-->[39m [37mGET[39m [37m/wd/hub/session/9ef51078-00a8-4f58-a561-80395796c5f6/appium/device/system_bars[39m
[35m[HTTP][39m [90m{}[39m
[35m[HTTP][39m [37m<-- GET /wd/hub/session/9ef51078-00a8-4f58-a561-80395796c5f6/appium/device/system_bars [39m[31m500[39m [90m375 ms - 649[39m
[35m[HTTP][39m [90m[39m
[35m[HTTP][39m [37m-->[39m [37mPOST[39m [37m/wd/hub/session/9ef51078-00a8-4f58-a561-80395796c5f6/appium/device/activate_app[39m
[35m[HTTP][39m [90m{"bundleId":"com.swaglabsmobileapp"}[39m
[35m[HTTP][39m [37m<-- POST /wd/hub/session/9ef51078-00a8-4f58-a561-80395796c5f6/appium/device/activate_app [39m[32m200[39m [90m787 ms - 14[39m
[35m[HTTP][39m [90m[39m
[35m[HTTP][39m [37m-->[39m [37mPOST[39m [37m/wd/hub/session/9ef51078-00a8-4f58-a561-80395796c5f6/timeouts[39m
[35m[HTTP][39m [90m{"implicit":50}[39m
[35m[HTTP][39m [37m<-- POST /wd/hub/session/9ef51078-00a8-4f58-a561-80395796c5f6/timeouts [39m[32m200[39m [90m4 ms - 14[39m
[35m[HTTP][39m [90m[39m
[35m[HTTP][39m [37m-->[39m [37mGET[39m [37m/wd/hub/session/9ef51078-00a8-4f58-a561-80395796c5f6/window/rect[39m
[35m[HTTP][39m [90m{}[39m
[35m[HTTP][39m [37m<-- GET /wd/hub/session/9ef51078-00a8-4f58-a561-80395796c5f6/window/rect [39m[32m200[39m [90m56 ms - 49[39m
[35m[HTTP][39m [90m[39m
[35m[HTTP][39m [37m-->[39m [37mPOST[39m [37m/wd/hub/session/9ef51078-00a8-4f58-a561-80395796c5f6/elements[39m
[35m[HTTP][39m [90m{"using":"xpath","value":"//*[@class = 'android.widget.EditText' and (@text = 'Username' or . = 'Username')]"}[39m
[35m[HTTP][39m [37m<-- POST /wd/hub/session/9ef51078-00a8-4f58-a561-80395796c5f6/elements [39m[32m200[39m [90m922 ms - 12[39m
[35m[HTTP][39m [90m[39m
[35m[HTTP][39m [37m-->[39m [37mPOST[39m [37m/wd/hub/session/9ef51078-00a8-4f58-a561-80395796c5f6/elements[39m
[35m[HTTP][39m [90m{"using":"xpath","value":"//*[@class = 'android.widget.EditText' and (@text = 'Username' or . = 'Username')]"}[39m
[35m[HTTP][39m [37m<-- POST /wd/hub/session/9ef51078-00a8-4f58-a561-80395796c5f6/elements [39m[32m200[39m [90m615 ms - 12[39m
[35m[HTTP][39m [90m[39m
[35m[HTTP][39m [37m-->[39m [37mPOST[39m [37m/wd/hub/session/9ef51078-00a8-4f58-a561-80395796c5f6/elements[39m
[35m[HTTP][39m [90m{"using":"xpath","value":"//*[@class = 'android.widget.EditText' and (@text = 'Username' or . = 'Username')]"}[39m
[35m[HTTP][39m [37m<-- POST /wd/hub/session/9ef51078-00a8-4f58-a561-80395796c5f6/elements [39m[32m200[39m [90m64 ms - 12[39m
[35m[HTTP][39m [90m[39m
[35m[HTTP][39m [37m-->[39m [37mPOST[39m [37m/wd/hub/session/9ef51078-00a8-4f58-a561-80395796c5f6/elements[39m
[35m[HTTP][39m [90m{"using":"xpath","value":"//*[@class = 'android.widget.EditText' and (@text = 'Username' or . = 'Username')]"}[39m
[35m[HTTP][39m [37m<-- POST /wd/hub/session/9ef51078-00a8-4f58-a561-80395796c5f6/elements [39m[32m200[39m [90m61 ms - 12[39m
[35m[HTTP][39m [90m[39m
[35m[HTTP][39m [37m-->[39m [37mPOST[39m [37m/wd/hub/session/9ef51078-00a8-4f58-a561-80395796c5f6/elements[39m
[35m[HTTP][39m [90m{"using":"xpath","value":"//*[@class = 'android.widget.EditText' and (@text = 'Username' or . = 'Username')]"}[39m
[35m[HTTP][39m [37m<-- POST /wd/hub/session/9ef51078-00a8-4f58-a561-80395796c5f6/elements [39m[32m200[39m [90m163 ms - 139[39m
[35m[HTTP][39m [90m[39m
[35m[HTTP][39m [37m-->[39m [37mGET[39m [37m/wd/hub/session/9ef51078-00a8-4f58-a561-80395796c5f6/element/e666a4f0-15b4-493a-aa15-af740254f8f7/location[39m
[35m[HTTP][39m [90m{}[39m
[35m[W3C (9ef51078)][39m Driver proxy active, passing request on via HTTP proxy
[35m[WD Proxy][39m Replacing sessionId 3878ffca-ebee-4c28-8160-55371f422049 with 9ef51078-00a8-4f58-a561-80395796c5f6
[35m[HTTP][39m [37m<-- GET /wd/hub/session/9ef51078-00a8-4f58-a561-80395796c5f6/element/e666a4f0-15b4-493a-aa15-af740254f8f7/location [39m[32m200[39m [90m627 ms - 77[39m
[35m[HTTP][39m [90m[39m
[35m[HTTP][39m [37m-->[39m [37mPOST[39m [37m/wd/hub/session/9ef51078-00a8-4f58-a561-80395796c5f6/timeouts[39m
[35m[HTTP][39m [90m{"implicit":30000}[39m
[35m[HTTP][39m [37m<-- POST /wd/hub/session/9ef51078-00a8-4f58-a561-80395796c5f6/timeouts [39m[32m200[39m [90m3 ms - 14[39m
[35m[HTTP][39m [90m[39m
[35m[HTTP][39m [37m-->[39m [37mPOST[39m [37m/wd/hub/session/9ef51078-00a8-4f58-a561-80395796c5f6/element/e666a4f0-15b4-493a-aa15-af740254f8f7/clear[39m
[35m[HTTP][39m [90m{"id":"e666a4f0-15b4-493a-aa15-af740254f8f7"}[39m
[35m[HTTP][39m [37m<-- POST /wd/hub/session/9ef51078-00a8-4f58-a561-80395796c5f6/element/e666a4f0-15b4-493a-aa15-af740254f8f7/clear [39m[32m200[39m [90m58 ms - 14[39m
[35m[HTTP][39m [90m[39m
[35m[HTTP][39m [37m-->[39m [37mPOST[39m [37m/wd/hub/session/9ef51078-00a8-4f58-a561-80395796c5f6/element/e666a4f0-15b4-493a-aa15-af740254f8f7/value[39m
[35m[HTTP][39m [90m{"id":"e666a4f0-15b4-493a-aa15-af740254f8f7","text":"standard_user","value":["s","t","a","n","d","a","r","d","_","u","s","e","r"]}[39m
[35m[HTTP][39m [37m<-- POST /wd/hub/session/9ef51078-00a8-4f58-a561-80395796c5f6/element/e666a4f0-15b4-493a-aa15-af740254f8f7/value [39m[32m200[39m [90m1427 ms - 14[39m
[35m[HTTP][39m [90m[39m
[35m[HTTP][39m [37m-->[39m [37mPOST[39m [37m/wd/hub/session/9ef51078-00a8-4f58-a561-80395796c5f6/timeouts[39m
[35m[HTTP][39m [90m{"implicit":50}[39m
[35m[HTTP][39m [37m<-- POST /wd/hub/session/9ef51078-00a8-4f58-a561-80395796c5f6/timeouts [39m[32m200[39m [90m3 ms - 14[39m
[35m[HTTP][39m [90m[39m
[35m[HTTP][39m [37m-->[39m [37mGET[39m [37m/wd/hub/session/9ef51078-00a8-4f58-a561-80395796c5f6/window/rect[39m
[35m[HTTP][39m [90m{}[39m
[35m[HTTP][39m [37m<-- GET /wd/hub/session/9ef51078-00a8-4f58-a561-80395796c5f6/window/rect [39m[32m200[39m [90m43 ms - 49[39m
[35m[HTTP][39m [90m[39m
[35m[HTTP][39m [37m-->[39m [37mPOST[39m [37m/wd/hub/session/9ef51078-00a8-4f58-a561-80395796c5f6/elements[39m
[35m[HTTP][39m [90m{"using":"xpath","value":"//*[@class = 'android.widget.EditText' and (@text = 'Password' or . = 'Password')]"}[39m
[35m[HTTP][39m [37m<-- POST /wd/hub/session/9ef51078-00a8-4f58-a561-80395796c5f6/elements [39m[32m200[39m [90m816 ms - 139[39m
[35m[HTTP][39m [90m[39m
[35m[HTTP][39m [37m-->[39m [37mGET[39m [37m/wd/hub/session/9ef51078-00a8-4f58-a561-80395796c5f6/element/2f447543-5618-445c-bf49-e899eadbf7c3/location[39m
[35m[HTTP][39m [90m{}[39m
[35m[W3C (9ef51078)][39m Driver proxy active, passing request on via HTTP proxy
[35m[WD Proxy][39m Replacing sessionId 3878ffca-ebee-4c28-8160-55371f422049 with 9ef51078-00a8-4f58-a561-80395796c5f6
[35m[HTTP][39m [37m<-- GET /wd/hub/session/9ef51078-00a8-4f58-a561-80395796c5f6/element/2f447543-5618-445c-bf49-e899eadbf7c3/location [39m[32m200[39m [90m46 ms - 77[39m
[35m[HTTP][39m [90m[39m
[35m[HTTP][39m [37m-->[39m [37mPOST[39m [37m/wd/hub/session/9ef51078-00a8-4f58-a561-80395796c5f6/timeouts[39m
[35m[HTTP][39m [90m{"implicit":30000}[39m
[35m[HTTP][39m [37m<-- POST /wd/hub/session/9ef51078-00a8-4f58-a561-80395796c5f6/timeouts [39m[32m200[39m [90m3 ms - 14[39m
[35m[HTTP][39m [90m[39m
[35m[HTTP][39m [37m-->[39m [37mPOST[39m [37m/wd/hub/session/9ef51078-00a8-4f58-a561-80395796c5f6/element/2f447543-5618-445c-bf49-e899eadbf7c3/clear[39m
[35m[HTTP][39m [90m{"id":"2f447543-5618-445c-bf49-e899eadbf7c3"}[39m
[35m[HTTP][39m [37m<-- POST /wd/hub/session/9ef51078-00a8-4f58-a561-80395796c5f6/element/2f447543-5618-445c-bf49-e899eadbf7c3/clear [39m[32m200[39m [90m58 ms - 14[39m
[35m[HTTP][39m [90m[39m
[35m[HTTP][39m [37m-->[39m [37mPOST[39m [37m/wd/hub/session/9ef51078-00a8-4f58-a561-80395796c5f6/element/2f447543-5618-445c-bf49-e899eadbf7c3/value[39m
[35m[HTTP][39m [90m{"id":"2f447543-5618-445c-bf49-e899eadbf7c3","text":"secret_sauce","value":["s","e","c","r","e","t","_","s","a","u","c","e"]}[39m
[35m[HTTP][39m [37m<-- POST /wd/hub/session/9ef51078-00a8-4f58-a561-80395796c5f6/element/2f447543-5618-445c-bf49-e899eadbf7c3/value [39m[32m200[39m [90m536 ms - 14[39m
[35m[HTTP][39m [90m[39m
[35m[HTTP][39m [37m-->[39m [37mPOST[39m [37m/wd/hub/session/9ef51078-00a8-4f58-a561-80395796c5f6/timeouts[39m
[35m[HTTP][39m [90m{"implicit":50}[39m
[35m[HTTP][39m [37m<-- POST /wd/hub/session/9ef51078-00a8-4f58-a561-80395796c5f6/timeouts [39m[32m200[39m [90m3 ms - 14[39m
[35m[HTTP][39m [90m[39m
[35m[HTTP][39m [37m-->[39m [37mGET[39m [37m/wd/hub/session/9ef51078-00a8-4f58-a561-80395796c5f6/window/rect[39m
[35m[HTTP][39m [90m{}[39m
[35m[HTTP][39m [37m<-- GET /wd/hub/session/9ef51078-00a8-4f58-a561-80395796c5f6/window/rect [39m[32m200[39m [90m45 ms - 49[39m
[35m[HTTP][39m [90m[39m
[35m[HTTP][39m [37m-->[39m [37mPOST[39m [37m/wd/hub/session/9ef51078-00a8-4f58-a561-80395796c5f6/elements[39m
[35m[HTTP][39m [90m{"using":"accessibility id","value":"test-LOGIN"}[39m
[35m[HTTP][39m [37m<-- POST /wd/hub/session/9ef51078-00a8-4f58-a561-80395796c5f6/elements [39m[32m200[39m [90m197 ms - 139[39m
[35m[HTTP][39m [90m[39m
[35m[HTTP][39m [37m-->[39m [37mGET[39m [37m/wd/hub/session/9ef51078-00a8-4f58-a561-80395796c5f6/element/54cc1f6c-6a91-4079-80b1-9a876fdfe3be/location[39m
[35m[HTTP][39m [90m{}[39m
[35m[W3C (9ef51078)][39m Driver proxy active, passing request on via HTTP proxy
[35m[WD Proxy][39m Replacing sessionId 3878ffca-ebee-4c28-8160-55371f422049 with 9ef51078-00a8-4f58-a561-80395796c5f6
[35m[HTTP][39m [37m<-- GET /wd/hub/session/9ef51078-00a8-4f58-a561-80395796c5f6/element/54cc1f6c-6a91-4079-80b1-9a876fdfe3be/location [39m[32m200[39m [90m62 ms - 77[39m
[35m[HTTP][39m [90m[39m
[35m[HTTP][39m [37m-->[39m [37mPOST[39m [37m/wd/hub/session/9ef51078-00a8-4f58-a561-80395796c5f6/timeouts[39m
[35m[HTTP][39m [90m{"implicit":30000}[39m
[35m[HTTP][39m [37m<-- POST /wd/hub/session/9ef51078-00a8-4f58-a561-80395796c5f6/timeouts [39m[32m200[39m [90m3 ms - 14[39m
[35m[HTTP][39m [90m[39m
[35m[HTTP][39m [37m-->[39m [37mPOST[39m [37m/wd/hub/session/9ef51078-00a8-4f58-a561-80395796c5f6/touch/perform[39m
[35m[HTTP][39m [90m{"actions":[{"action":"tap","options":{"x":1,"y":1,"element":"54cc1f6c-6a91-4079-80b1-9a876fdfe3be"}},{"action":"release","options":{}}]}[39m
[35m[UiAutomator2][39m calling get location: 54cc1f6c-6a91-4079-80b1-9a876fdfe3be
[35m[HTTP][39m [37m<-- POST /wd/hub/session/9ef51078-00a8-4f58-a561-80395796c5f6/touch/perform [39m[32m200[39m [90m308 ms - 14[39m
[35m[HTTP][39m [90m[39m
[35m[HTTP][39m [37m-->[39m [37mPOST[39m [37m/wd/hub/session/9ef51078-00a8-4f58-a561-80395796c5f6/timeouts[39m
[35m[HTTP][39m [90m{"implicit":50}[39m
[35m[HTTP][39m [37m<-- POST /wd/hub/session/9ef51078-00a8-4f58-a561-80395796c5f6/timeouts [39m[32m200[39m [90m3 ms - 14[39m
[35m[HTTP][39m [90m[39m
[35m[HTTP][39m [37m-->[39m [37mGET[39m [37m/wd/hub/session/9ef51078-00a8-4f58-a561-80395796c5f6/window/rect[39m
[35m[HTTP][39m [90m{}[39m
[35m[HTTP][39m [37m<-- GET /wd/hub/session/9ef51078-00a8-4f58-a561-80395796c5f6/window/rect [39m[32m200[39m [90m47 ms - 49[39m
[35m[HTTP][39m [90m[39m
[35m[HTTP][39m [37m-->[39m [37mPOST[39m [37m/wd/hub/session/9ef51078-00a8-4f58-a561-80395796c5f6/elements[39m
[35m[HTTP][39m [90m{"using":"xpath","value":"//hierarchy/android.widget.FrameLayout[1]/android.widget.LinearLayout[1]/android.widget.FrameLayout[1]/android.widget.LinearLayout[1]/android.widget.FrameLayout[1]/android.widget.FrameLayout[1]/android.view.ViewGroup[1]/android.view.ViewGroup[1]/android.view.ViewGroup[1]/android.view.ViewGroup[1]/android.view.ViewGroup[1]/android.view.ViewGroup[1]/android.view.ViewGroup[1]/android.view.ViewGroup[1]/android.view.ViewGroup[1]/android.view.ViewGroup[2]/android.view.ViewGroup[1]/android.widget.ImageView[1]"}[39m
[35m[HTTP][39m [37m<-- POST /wd/hub/session/9ef51078-00a8-4f58-a561-80395796c5f6/elements [39m[32m200[39m [90m223 ms - 139[39m
[35m[HTTP][39m [90m[39m
[35m[HTTP][39m [37m-->[39m [37mGET[39m [37m/wd/hub/session/9ef51078-00a8-4f58-a561-80395796c5f6/element/27fbc3d1-db03-41aa-a6f5-bb148f231652/location[39m
[35m[HTTP][39m [90m{}[39m
[35m[W3C (9ef51078)][39m Driver proxy active, passing request on via HTTP proxy
[35m[WD Proxy][39m Replacing sessionId 3878ffca-ebee-4c28-8160-55371f422049 with 9ef51078-00a8-4f58-a561-80395796c5f6
[35m[HTTP][39m [37m<-- GET /wd/hub/session/9ef51078-00a8-4f58-a561-80395796c5f6/element/27fbc3d1-db03-41aa-a6f5-bb148f231652/location [39m[32m200[39m [90m38 ms - 77[39m
[35m[HTTP][39m [90m[39m
[35m[HTTP][39m [37m-->[39m [37mPOST[39m [37m/wd/hub/session/9ef51078-00a8-4f58-a561-80395796c5f6/timeouts[39m
[35m[HTTP][39m [90m{"implicit":30000}[39m
[35m[HTTP][39m [37m<-- POST /wd/hub/session/9ef51078-00a8-4f58-a561-80395796c5f6/timeouts [39m[32m200[39m [90m3 ms - 14[39m
[35m[HTTP][39m [90m[39m
[35m[HTTP][39m [37m-->[39m [37mPOST[39m [37m/wd/hub/session/9ef51078-00a8-4f58-a561-80395796c5f6/touch/perform[39m
[35m[HTTP][39m [90m{"actions":[{"action":"tap","options":{"x":1,"y":1,"element":"27fbc3d1-db03-41aa-a6f5-bb148f231652"}},{"action":"release","options":{}}]}[39m
[35m[UiAutomator2][39m calling get location: 27fbc3d1-db03-41aa-a6f5-bb148f231652
[35m[HTTP][39m [37m<-- POST /wd/hub/session/9ef51078-00a8-4f58-a561-80395796c5f6/touch/perform [39m[32m200[39m [90m207 ms - 14[39m
[35m[HTTP][39m [90m[39m
[35m[HTTP][39m [37m-->[39m [37mGET[39m [37m/wd/hub/session/9ef51078-00a8-4f58-a561-80395796c5f6/context[39m
[35m[HTTP][39m [90m{}[39m
[35m[HTTP][39m [37m<-- GET /wd/hub/session/9ef51078-00a8-4f58-a561-80395796c5f6/context [39m[32m200[39m [90m2 ms - 22[39m
[35m[HTTP][39m [90m[39m
[35m[HTTP][39m [37m-->[39m [37mGET[39m [37m/wd/hub/session/9ef51078-00a8-4f58-a561-80395796c5f6/contexts[39m
[35m[HTTP][39m [90m{}[39m
[35m[AndroidDriver][39m Not collecting web view details. Details collection might help to make Chromedriver initialization more precise. Use the 'enableWebviewDetailsCollection' cap to turn it on
[35m[AndroidDriver][39m Skipping the webview 'WEBVIEW_7887' at '@webview_devtools_remote_7887' since it has reported having zero pages
[35m[HTTP][39m [37m<-- GET /wd/hub/session/9ef51078-00a8-4f58-a561-80395796c5f6/contexts [39m[32m200[39m [90m729 ms - 24[39m
[35m[HTTP][39m [90m[39m
[35m[HTTP][39m [37m-->[39m [37mPOST[39m [37m/wd/hub/session/9ef51078-00a8-4f58-a561-80395796c5f6/context[39m
[35m[HTTP][39m [90m{"name":"NATIVE_APP"}[39m
[35m[HTTP][39m [37m<-- POST /wd/hub/session/9ef51078-00a8-4f58-a561-80395796c5f6/context [39m[32m200[39m [90m3 ms - 14[39m
[35m[HTTP][39m [90m[39m
[35m[HTTP][39m [37m-->[39m [37mPOST[39m [37m/wd/hub/session/9ef51078-00a8-4f58-a561-80395796c5f6/element[39m
[35m[HTTP][39m [90m{"using":"-android uiautomator","value":"new UiScrollable(new UiSelector().scrollable(true).instance(0)).scrollIntoView(new UiSelector().textContains(\"CHECKOUT\"))"}[39m
[35m[HTTP][39m [37m<-- POST /wd/hub/session/9ef51078-00a8-4f58-a561-80395796c5f6/element [39m[32m200[39m [90m142 ms - 137[39m
[35m[HTTP][39m [90m[39m
[35m[HTTP][39m [37m-->[39m [37mPOST[39m [37m/wd/hub/session/9ef51078-00a8-4f58-a561-80395796c5f6/context[39m
[35m[HTTP][39m [90m{"name":"NATIVE_APP"}[39m
[35m[HTTP][39m [37m<-- POST /wd/hub/session/9ef51078-00a8-4f58-a561-80395796c5f6/context [39m[32m200[39m [90m2 ms - 14[39m
[35m[HTTP][39m [90m[39m
[35m[HTTP][39m [37m-->[39m [37mPOST[39m [37m/wd/hub/session/9ef51078-00a8-4f58-a561-80395796c5f6/timeouts[39m
[35m[HTTP][39m [90m{"implicit":50}[39m
[35m[HTTP][39m [37m<-- POST /wd/hub/session/9ef51078-00a8-4f58-a561-80395796c5f6/timeouts [39m[32m200[39m [90m3 ms - 14[39m
[35m[HTTP][39m [90m[39m
[35m[HTTP][39m [37m-->[39m [37mGET[39m [37m/wd/hub/session/9ef51078-00a8-4f58-a561-80395796c5f6/window/rect[39m
[35m[HTTP][39m [90m{}[39m
[35m[HTTP][39m [37m<-- GET /wd/hub/session/9ef51078-00a8-4f58-a561-80395796c5f6/window/rect [39m[32m200[39m [90m44 ms - 49[39m
[35m[HTTP][39m [90m[39m
[35m[HTTP][39m [37m-->[39m [37mPOST[39m [37m/wd/hub/session/9ef51078-00a8-4f58-a561-80395796c5f6/elements[39m
[35m[HTTP][39m [90m{"using":"xpath","value":"//*[@class = 'android.widget.TextView' and (@text = 'CHECKOUT' or . = 'CHECKOUT')]"}[39m
[35m[HTTP][39m [37m<-- POST /wd/hub/session/9ef51078-00a8-4f58-a561-80395796c5f6/elements [39m[32m200[39m [90m183 ms - 139[39m
[35m[HTTP][39m [90m[39m
[35m[HTTP][39m [37m-->[39m [37mGET[39m [37m/wd/hub/session/9ef51078-00a8-4f58-a561-80395796c5f6/element/2d8ea814-06d6-456e-83f9-5a2e0da45cf4/location[39m
[35m[HTTP][39m [90m{}[39m
[35m[W3C (9ef51078)][39m Driver proxy active, passing request on via HTTP proxy
[35m[WD Proxy][39m Replacing sessionId 3878ffca-ebee-4c28-8160-55371f422049 with 9ef51078-00a8-4f58-a561-80395796c5f6
[35m[HTTP][39m [37m<-- GET /wd/hub/session/9ef51078-00a8-4f58-a561-80395796c5f6/element/2d8ea814-06d6-456e-83f9-5a2e0da45cf4/location [39m[32m200[39m [90m381 ms - 78[39m
[35m[HTTP][39m [90m[39m
[35m[HTTP][39m [37m-->[39m [37mPOST[39m [37m/wd/hub/session/9ef51078-00a8-4f58-a561-80395796c5f6/timeouts[39m
[35m[HTTP][39m [90m{"implicit":30000}[39m
[35m[HTTP][39m [37m<-- POST /wd/hub/session/9ef51078-00a8-4f58-a561-80395796c5f6/timeouts [39m[32m200[39m [90m4 ms - 14[39m
[35m[HTTP][39m [90m[39m
[35m[HTTP][39m [37m-->[39m [37mPOST[39m [37m/wd/hub/session/9ef51078-00a8-4f58-a561-80395796c5f6/touch/perform[39m
[35m[HTTP][39m [90m{"actions":[{"action":"tap","options":{"x":1,"y":1,"element":"2d8ea814-06d6-456e-83f9-5a2e0da45cf4"}},{"action":"release","options":{}}]}[39m
[35m[UiAutomator2][39m calling get location: 2d8ea814-06d6-456e-83f9-5a2e0da45cf4
[35m[HTTP][39m [37m<-- POST /wd/hub/session/9ef51078-00a8-4f58-a561-80395796c5f6/touch/perform [39m[32m200[39m [90m722 ms - 14[39m
[35m[HTTP][39m [90m[39m
[35m[HTTP][39m [37m-->[39m [37mPOST[39m [37m/wd/hub/session/9ef51078-00a8-4f58-a561-80395796c5f6/timeouts[39m
[35m[HTTP][39m [90m{"implicit":50}[39m
[35m[HTTP][39m [37m<-- POST /wd/hub/session/9ef51078-00a8-4f58-a561-80395796c5f6/timeouts [39m[32m200[39m [90m3 ms - 14[39m
[35m[HTTP][39m [90m[39m
[35m[HTTP][39m [37m-->[39m [37mGET[39m [37m/wd/hub/session/9ef51078-00a8-4f58-a561-80395796c5f6/window/rect[39m
[35m[HTTP][39m [90m{}[39m
[35m[HTTP][39m [37m<-- GET /wd/hub/session/9ef51078-00a8-4f58-a561-80395796c5f6/window/rect [39m[32m200[39m [90m38 ms - 49[39m
[35m[HTTP][39m [90m[39m
[35m[HTTP][39m [37m-->[39m [37mPOST[39m [37m/wd/hub/session/9ef51078-00a8-4f58-a561-80395796c5f6/elements[39m
[35m[HTTP][39m [90m{"using":"xpath","value":"//*[@class = 'android.widget.EditText' and (@text = 'First Name' or . = 'First Name')]"}[39m
[35m[HTTP][39m [37m<-- POST /wd/hub/session/9ef51078-00a8-4f58-a561-80395796c5f6/elements [39m[32m200[39m [90m143 ms - 139[39m
[35m[HTTP][39m [90m[39m
[35m[HTTP][39m [37m-->[39m [37mGET[39m [37m/wd/hub/session/9ef51078-00a8-4f58-a561-80395796c5f6/element/f8c80dd2-5695-4504-9f5e-102ab1efd927/location[39m
[35m[HTTP][39m [90m{}[39m
[35m[W3C (9ef51078)][39m Driver proxy active, passing request on via HTTP proxy
[35m[WD Proxy][39m Replacing sessionId 3878ffca-ebee-4c28-8160-55371f422049 with 9ef51078-00a8-4f58-a561-80395796c5f6
[35m[HTTP][39m [37m<-- GET /wd/hub/session/9ef51078-00a8-4f58-a561-80395796c5f6/element/f8c80dd2-5695-4504-9f5e-102ab1efd927/location [39m[32m200[39m [90m522 ms - 77[39m
[35m[HTTP][39m [90m[39m
[35m[HTTP][39m [37m-->[39m [37mPOST[39m [37m/wd/hub/session/9ef51078-00a8-4f58-a561-80395796c5f6/timeouts[39m
[35m[HTTP][39m [90m{"implicit":30000}[39m
[35m[HTTP][39m [37m<-- POST /wd/hub/session/9ef51078-00a8-4f58-a561-80395796c5f6/timeouts [39m[32m200[39m [90m2 ms - 14[39m
[35m[HTTP][39m [90m[39m
[35m[HTTP][39m [37m-->[39m [37mPOST[39m [37m/wd/hub/session/9ef51078-00a8-4f58-a561-80395796c5f6/element/f8c80dd2-5695-4504-9f5e-102ab1efd927/clear[39m
[35m[HTTP][39m [90m{"id":"f8c80dd2-5695-4504-9f5e-102ab1efd927"}[39m
[35m[HTTP][39m [37m<-- POST /wd/hub/session/9ef51078-00a8-4f58-a561-80395796c5f6/element/f8c80dd2-5695-4504-9f5e-102ab1efd927/clear [39m[32m200[39m [90m76 ms - 14[39m
[35m[HTTP][39m [90m[39m
[35m[HTTP][39m [37m-->[39m [37mPOST[39m [37m/wd/hub/session/9ef51078-00a8-4f58-a561-80395796c5f6/element/f8c80dd2-5695-4504-9f5e-102ab1efd927/value[39m
[35m[HTTP][39m [90m{"id":"f8c80dd2-5695-4504-9f5e-102ab1efd927","text":"Mu","value":["M","u"]}[39m
[35m[HTTP][39m [37m<-- POST /wd/hub/session/9ef51078-00a8-4f58-a561-80395796c5f6/element/f8c80dd2-5695-4504-9f5e-102ab1efd927/value [39m[32m200[39m [90m554 ms - 14[39m
[35m[HTTP][39m [90m[39m
[35m[HTTP][39m [37m-->[39m [37mPOST[39m [37m/wd/hub/session/9ef51078-00a8-4f58-a561-80395796c5f6/timeouts[39m
[35m[HTTP][39m [90m{"implicit":50}[39m
[35m[HTTP][39m [37m<-- POST /wd/hub/session/9ef51078-00a8-4f58-a561-80395796c5f6/timeouts [39m[32m200[39m [90m3 ms - 14[39m
[35m[HTTP][39m [90m[39m
[35m[HTTP][39m [37m-->[39m [37mGET[39m [37m/wd/hub/session/9ef51078-00a8-4f58-a561-80395796c5f6/window/rect[39m
[35m[HTTP][39m [90m{}[39m
[35m[HTTP][39m [37m<-- GET /wd/hub/session/9ef51078-00a8-4f58-a561-80395796c5f6/window/rect [39m[32m200[39m [90m42 ms - 49[39m
[35m[HTTP][39m [90m[39m
[35m[HTTP][39m [37m-->[39m [37mPOST[39m [37m/wd/hub/session/9ef51078-00a8-4f58-a561-80395796c5f6/elements[39m
[35m[HTTP][39m [90m{"using":"xpath","value":"//*[@class = 'android.widget.EditText' and (@text = 'Last Name' or . = 'Last Name')]"}[39m
[35m[HTTP][39m [37m<-- POST /wd/hub/session/9ef51078-00a8-4f58-a561-80395796c5f6/elements [39m[32m200[39m [90m639 ms - 139[39m
[35m[HTTP][39m [90m[39m
[35m[HTTP][39m [37m-->[39m [37mGET[39m [37m/wd/hub/session/9ef51078-00a8-4f58-a561-80395796c5f6/element/d6bf01a9-f213-435a-b71c-5b2a404fd09e/location[39m
[35m[HTTP][39m [90m{}[39m
[35m[W3C (9ef51078)][39m Driver proxy active, passing request on via HTTP proxy
[35m[WD Proxy][39m Replacing sessionId 3878ffca-ebee-4c28-8160-55371f422049 with 9ef51078-00a8-4f58-a561-80395796c5f6
[35m[HTTP][39m [37m<-- GET /wd/hub/session/9ef51078-00a8-4f58-a561-80395796c5f6/element/d6bf01a9-f213-435a-b71c-5b2a404fd09e/location [39m[32m200[39m [90m35 ms - 77[39m
[35m[HTTP][39m [90m[39m
[35m[HTTP][39m [37m-->[39m [37mPOST[39m [37m/wd/hub/session/9ef51078-00a8-4f58-a561-80395796c5f6/timeouts[39m
[35m[HTTP][39m [90m{"implicit":30000}[39m
[35m[HTTP][39m [37m<-- POST /wd/hub/session/9ef51078-00a8-4f58-a561-80395796c5f6/timeouts [39m[32m200[39m [90m2 ms - 14[39m
[35m[HTTP][39m [90m[39m
[35m[HTTP][39m [37m-->[39m [37mPOST[39m [37m/wd/hub/session/9ef51078-00a8-4f58-a561-80395796c5f6/element/d6bf01a9-f213-435a-b71c-5b2a404fd09e/clear[39m
[35m[HTTP][39m [90m{"id":"d6bf01a9-f213-435a-b71c-5b2a404fd09e"}[39m
[35m[HTTP][39m [37m<-- POST /wd/hub/session/9ef51078-00a8-4f58-a561-80395796c5f6/element/d6bf01a9-f213-435a-b71c-5b2a404fd09e/clear [39m[32m200[39m [90m49 ms - 14[39m
[35m[HTTP][39m [90m[39m
[35m[HTTP][39m [37m-->[39m [37mPOST[39m [37m/wd/hub/session/9ef51078-00a8-4f58-a561-80395796c5f6/element/d6bf01a9-f213-435a-b71c-5b2a404fd09e/value[39m
[35m[HTTP][39m [90m{"id":"d6bf01a9-f213-435a-b71c-5b2a404fd09e","text":"Ri","value":["R","i"]}[39m
[35m[HTTP][39m [37m<-- POST /wd/hub/session/9ef51078-00a8-4f58-a561-80395796c5f6/element/d6bf01a9-f213-435a-b71c-5b2a404fd09e/value [39m[32m200[39m [90m2360 ms - 14[39m
[35m[HTTP][39m [90m[39m
[35m[HTTP][39m [37m-->[39m [37mGET[39m [37m/wd/hub/status[39m
[35m[HTTP][39m [90m{}[39m
[35m[HTTP][39m [37m<-- GET /wd/hub/status [39m[32m200[39m [90m2 ms - 68[39m
[35m[HTTP][39m [90m[39m
[35m[HTTP][39m [37m-->[39m [37mPOST[39m [37m/wd/hub/session[39m
[35m[HTTP][39m [90m{"desiredCapabilities":{"appActivity":".Settings","appPackage":"com.android.settings","newCommandTimeout":1800,"platformVersion":"10","automationName":"uiautomator2","autoGrantPermissions":true,"platformName":"Android","udid":"4a90dd0d","deviceName":"Xiaomi Redmi 7 (Android 10)","platform":"ANDROID","systemPort":8217},"capabilities":{"firstMatch":[{"appium:appActivity":".Settings","appium:appPackage":"com.android.settings","appium:autoGrantPermissions":true,"appium:automationName":"uiautomator2","appium:deviceName":"Xiaomi Redmi 7 (Android 10)","appium:newCommandTimeout":1800,"platform":"ANDROID","platformName":"android","appium:platformVersion":"10","appium:systemPort":8217,"appium:udid":"4a90dd0d"}]}}[39m
[35m[BaseDriver][39m The following capabilities are not standard capabilities and should have an extension prefix:
[35m[BaseDriver][39m   platform
[35m[BaseDriver][39m   chromedriverPort
[35m[Appium][39m Appium v1.21.0 creating new AndroidUiautomator2Driver (v1.65.0) session
[35m[BaseDriver][39m The following capabilities were provided, but are not recognized by Appium:
[35m[BaseDriver][39m   platform
[35m[BaseDriver][39m Session created with session id: fb79de28-344e-4add-bc21-c0612f257a7c
[35m[UiAutomator2][39m Starting 'com.android.settings' directly on the device
[35m[ADB][39m Using 'adb.exe' from 'C:\Users\Lenovo\.katalon\tools\android_sdk\platform-tools\adb.exe'
[35m[AndroidDriver][39m Retrieving device list
[35m[AndroidDriver][39m Using device: 4a90dd0d
[35m[ADB][39m Using 'adb.exe' from 'C:\Users\Lenovo\.katalon\tools\android_sdk\platform-tools\adb.exe'
[35m[ADB][39m Getting device platform version
[35m[UiAutomator2][39m Relaxing hidden api policy
[35m[AndroidDriver][39m No app sent in, not parsing package/activity
[35m[ADB][39m Using 'apksigner.jar' from 'C:\Users\Lenovo\.katalon\tools\android_sdk\build-tools\29.0.3\lib\apksigner.jar'
[35m[ADB][39m 'C:\Users\Lenovo\AppData\Roaming\npm\node_modules\appium\node_modules\appium-uiautomator2-server\apks\appium-uiautomator2-server-v4.21.1.apk' is signed with the default certificate
[35m[ADB][39m 'C:\Users\Lenovo\AppData\Roaming\npm\node_modules\appium\node_modules\appium-uiautomator2-server\apks\appium-uiautomator2-server-debug-androidTest.apk' is signed with the default certificate
[35m[UiAutomator2][39m Server packages are not going to be (re)installed
[35m[ADB][39m Adding packages ["io.appium.settings","io.appium.uiautomator2.server","io.appium.uiautomator2.server.test"] to Doze whitelist
[35m[UiAutomator2][39m Starting UIAutomator2 server 4.21.1
[35m[UiAutomator2][39m Using UIAutomator2 server from 'C:\Users\Lenovo\AppData\Roaming\npm\node_modules\appium\node_modules\appium-uiautomator2-server\apks\appium-uiautomator2-server-v4.21.1.apk' and test from 'C:\Users\Lenovo\AppData\Roaming\npm\node_modules\appium\node_modules\appium-uiautomator2-server\apks\appium-uiautomator2-server-debug-androidTest.apk'
[35m[UiAutomator2][39m Waiting up to 30000ms for UiAutomator2 to be online...
[35m[WD Proxy][39m socket hang up
[35m[WD Proxy][39m socket hang up
[35m[WD Proxy][39m socket hang up
[35m[WD Proxy][39m Determined the downstream protocol as 'W3C'
[35m[AndroidDriver][39m Screen already unlocked, doing nothing
[35m[UiAutomator2][39m Starting 'com.android.settings/.Settings and waiting for 'com.android.settings/.Settings'
[35m[Appium][39m New AndroidUiautomator2Driver session created successfully, session fb79de28-344e-4add-bc21-c0612f257a7c added to master session list
[35m[HTTP][39m [37m<-- POST /wd/hub/session [39m[32m200[39m [90m12224 ms - 1136[39m
[35m[HTTP][39m [90m[39m
[35m[HTTP][39m [37m-->[39m [37mGET[39m [37m/wd/hub/session/fb79de28-344e-4add-bc21-c0612f257a7c[39m
[35m[HTTP][39m [90m{}[39m
[35m[HTTP][39m [37m<-- GET /wd/hub/session/fb79de28-344e-4add-bc21-c0612f257a7c [39m[32m200[39m [90m19 ms - 1090[39m
[35m[HTTP][39m [90m[39m
[35m[HTTP][39m [37m-->[39m [37mGET[39m [37m/wd/hub/session/fb79de28-344e-4add-bc21-c0612f257a7c[39m
[35m[HTTP][39m [90m{}[39m
[35m[HTTP][39m [37m<-- GET /wd/hub/session/fb79de28-344e-4add-bc21-c0612f257a7c [39m[32m200[39m [90m18 ms - 1090[39m
[35m[HTTP][39m [90m[39m
[35m[HTTP][39m [37m-->[39m [37mGET[39m [37m/wd/hub/status[39m
[35m[HTTP][39m [90m{}[39m
[35m[HTTP][39m [37m<-- GET /wd/hub/status [39m[32m200[39m [90m1 ms - 68[39m
[35m[HTTP][39m [90m[39m
[35m[HTTP][39m [37m-->[39m [37mPOST[39m [37m/wd/hub/session/fb79de28-344e-4add-bc21-c0612f257a7c/timeouts[39m
[35m[HTTP][39m [90m{"implicit":30000}[39m
[35m[HTTP][39m [37m<-- POST /wd/hub/session/fb79de28-344e-4add-bc21-c0612f257a7c/timeouts [39m[32m200[39m [90m2 ms - 14[39m
[35m[HTTP][39m [90m[39m
[35m[HTTP][39m [37m-->[39m [37mGET[39m [37m/wd/hub/session/fb79de28-344e-4add-bc21-c0612f257a7c/screenshot[39m
[35m[HTTP][39m [90m{}[39m
[35m[HTTP][39m [37m<-- GET /wd/hub/session/fb79de28-344e-4add-bc21-c0612f257a7c/screenshot [39m[32m200[39m [90m485 ms - 126238[39m
[35m[HTTP][39m [90m[39m
[35m[HTTP][39m [37m-->[39m [37mGET[39m [37m/wd/hub/session/fb79de28-344e-4add-bc21-c0612f257a7c/window/rect[39m
[35m[HTTP][39m [90m{}[39m
[35m[HTTP][39m [37m<-- GET /wd/hub/session/fb79de28-344e-4add-bc21-c0612f257a7c/window/rect [39m[32m200[39m [90m22 ms - 49[39m
[35m[HTTP][39m [90m[39m
[35m[HTTP][39m [37m-->[39m [37mGET[39m [37m/wd/hub/session/fb79de28-344e-4add-bc21-c0612f257a7c/appium/device/system_bars[39m
[35m[HTTP][39m [90m{}[39m
[35m[HTTP][39m [37m<-- GET /wd/hub/session/fb79de28-344e-4add-bc21-c0612f257a7c/appium/device/system_bars [39m[31m500[39m [90m128 ms - 649[39m
[35m[HTTP][39m [90m[39m
[35m[HTTP][39m [37m-->[39m [37mPOST[39m [37m/wd/hub/session/fb79de28-344e-4add-bc21-c0612f257a7c/appium/device/activate_app[39m
[35m[HTTP][39m [90m{"bundleId":"com.swaglabsmobileapp"}[39m
[35m[HTTP][39m [37m<-- POST /wd/hub/session/fb79de28-344e-4add-bc21-c0612f257a7c/appium/device/activate_app [39m[32m200[39m [90m657 ms - 14[39m
[35m[HTTP][39m [90m[39m
[35m[HTTP][39m [37m-->[39m [37mPOST[39m [37m/wd/hub/session/fb79de28-344e-4add-bc21-c0612f257a7c/timeouts[39m
[35m[HTTP][39m [90m{"implicit":50}[39m
[35m[HTTP][39m [37m<-- POST /wd/hub/session/fb79de28-344e-4add-bc21-c0612f257a7c/timeouts [39m[32m200[39m [90m4 ms - 14[39m
[35m[HTTP][39m [90m[39m
[35m[HTTP][39m [37m-->[39m [37mGET[39m [37m/wd/hub/session/fb79de28-344e-4add-bc21-c0612f257a7c/window/rect[39m
[35m[HTTP][39m [90m{}[39m
[35m[HTTP][39m [37m<-- GET /wd/hub/session/fb79de28-344e-4add-bc21-c0612f257a7c/window/rect [39m[32m200[39m [90m35 ms - 49[39m
[35m[HTTP][39m [90m[39m
[35m[HTTP][39m [37m-->[39m [37mPOST[39m [37m/wd/hub/session/fb79de28-344e-4add-bc21-c0612f257a7c/elements[39m
[35m[HTTP][39m [90m{"using":"xpath","value":"//*[@class = 'android.widget.EditText' and (@text = 'Username' or . = 'Username')]"}[39m
[35m[HTTP][39m [37m<-- POST /wd/hub/session/fb79de28-344e-4add-bc21-c0612f257a7c/elements [39m[32m200[39m [90m814 ms - 12[39m
[35m[HTTP][39m [90m[39m
[35m[HTTP][39m [37m-->[39m [37mPOST[39m [37m/wd/hub/session/fb79de28-344e-4add-bc21-c0612f257a7c/elements[39m
[35m[HTTP][39m [90m{"using":"xpath","value":"//*[@class = 'android.widget.EditText' and (@text = 'Username' or . = 'Username')]"}[39m
[35m[HTTP][39m [37m<-- POST /wd/hub/session/fb79de28-344e-4add-bc21-c0612f257a7c/elements [39m[32m200[39m [90m588 ms - 12[39m
[35m[HTTP][39m [90m[39m
[35m[HTTP][39m [37m-->[39m [37mPOST[39m [37m/wd/hub/session/fb79de28-344e-4add-bc21-c0612f257a7c/elements[39m
[35m[HTTP][39m [90m{"using":"xpath","value":"//*[@class = 'android.widget.EditText' and (@text = 'Username' or . = 'Username')]"}[39m
[35m[HTTP][39m [37m<-- POST /wd/hub/session/fb79de28-344e-4add-bc21-c0612f257a7c/elements [39m[32m200[39m [90m850 ms - 139[39m
[35m[HTTP][39m [90m[39m
[35m[HTTP][39m [37m-->[39m [37mGET[39m [37m/wd/hub/session/fb79de28-344e-4add-bc21-c0612f257a7c/element/3cc84cc4-463c-471c-9358-a215d255495f/location[39m
[35m[HTTP][39m [90m{}[39m
[35m[W3C (fb79de28)][39m Driver proxy active, passing request on via HTTP proxy
[35m[WD Proxy][39m Replacing sessionId d685b43d-c622-4276-b728-012ea07f6377 with fb79de28-344e-4add-bc21-c0612f257a7c
[35m[HTTP][39m [37m<-- GET /wd/hub/session/fb79de28-344e-4add-bc21-c0612f257a7c/element/3cc84cc4-463c-471c-9358-a215d255495f/location [39m[32m200[39m [90m537 ms - 77[39m
[35m[HTTP][39m [90m[39m
[35m[HTTP][39m [37m-->[39m [37mPOST[39m [37m/wd/hub/session/fb79de28-344e-4add-bc21-c0612f257a7c/timeouts[39m
[35m[HTTP][39m [90m{"implicit":30000}[39m
[35m[HTTP][39m [37m<-- POST /wd/hub/session/fb79de28-344e-4add-bc21-c0612f257a7c/timeouts [39m[32m200[39m [90m2 ms - 14[39m
[35m[HTTP][39m [90m[39m
[35m[HTTP][39m [37m-->[39m [37mPOST[39m [37m/wd/hub/session/fb79de28-344e-4add-bc21-c0612f257a7c/element/3cc84cc4-463c-471c-9358-a215d255495f/clear[39m
[35m[HTTP][39m [90m{"id":"3cc84cc4-463c-471c-9358-a215d255495f"}[39m
[35m[HTTP][39m [37m<-- POST /wd/hub/session/fb79de28-344e-4add-bc21-c0612f257a7c/element/3cc84cc4-463c-471c-9358-a215d255495f/clear [39m[32m200[39m [90m49 ms - 14[39m
[35m[HTTP][39m [90m[39m
[35m[HTTP][39m [37m-->[39m [37mPOST[39m [37m/wd/hub/session/fb79de28-344e-4add-bc21-c0612f257a7c/element/3cc84cc4-463c-471c-9358-a215d255495f/value[39m
[35m[HTTP][39m [90m{"id":"3cc84cc4-463c-471c-9358-a215d255495f","text":"standard_user","value":["s","t","a","n","d","a","r","d","_","u","s","e","r"]}[39m
[35m[HTTP][39m [37m<-- POST /wd/hub/session/fb79de28-344e-4add-bc21-c0612f257a7c/element/3cc84cc4-463c-471c-9358-a215d255495f/value [39m[32m200[39m [90m562 ms - 14[39m
[35m[HTTP][39m [90m[39m
[35m[HTTP][39m [37m-->[39m [37mPOST[39m [37m/wd/hub/session/fb79de28-344e-4add-bc21-c0612f257a7c/timeouts[39m
[35m[HTTP][39m [90m{"implicit":50}[39m
[35m[HTTP][39m [37m<-- POST /wd/hub/session/fb79de28-344e-4add-bc21-c0612f257a7c/timeouts [39m[32m200[39m [90m3 ms - 14[39m
[35m[HTTP][39m [90m[39m
[35m[HTTP][39m [37m-->[39m [37mGET[39m [37m/wd/hub/session/fb79de28-344e-4add-bc21-c0612f257a7c/window/rect[39m
[35m[HTTP][39m [90m{}[39m
[35m[HTTP][39m [37m<-- GET /wd/hub/session/fb79de28-344e-4add-bc21-c0612f257a7c/window/rect [39m[32m200[39m [90m40 ms - 49[39m
[35m[HTTP][39m [90m[39m
[35m[HTTP][39m [37m-->[39m [37mPOST[39m [37m/wd/hub/session/fb79de28-344e-4add-bc21-c0612f257a7c/elements[39m
[35m[HTTP][39m [90m{"using":"xpath","value":"//*[@class = 'android.widget.EditText' and (@text = 'Password' or . = 'Password')]"}[39m
[35m[HTTP][39m [37m<-- POST /wd/hub/session/fb79de28-344e-4add-bc21-c0612f257a7c/elements [39m[32m200[39m [90m409 ms - 139[39m
[35m[HTTP][39m [90m[39m
[35m[HTTP][39m [37m-->[39m [37mGET[39m [37m/wd/hub/session/fb79de28-344e-4add-bc21-c0612f257a7c/element/5614799e-429d-4486-ae03-b65821569bfd/location[39m
[35m[HTTP][39m [90m{}[39m
[35m[W3C (fb79de28)][39m Driver proxy active, passing request on via HTTP proxy
[35m[WD Proxy][39m Replacing sessionId d685b43d-c622-4276-b728-012ea07f6377 with fb79de28-344e-4add-bc21-c0612f257a7c
[35m[HTTP][39m [37m<-- GET /wd/hub/session/fb79de28-344e-4add-bc21-c0612f257a7c/element/5614799e-429d-4486-ae03-b65821569bfd/location [39m[32m200[39m [90m533 ms - 77[39m
[35m[HTTP][39m [90m[39m
[35m[HTTP][39m [37m-->[39m [37mPOST[39m [37m/wd/hub/session/fb79de28-344e-4add-bc21-c0612f257a7c/timeouts[39m
[35m[HTTP][39m [90m{"implicit":30000}[39m
[35m[HTTP][39m [37m<-- POST /wd/hub/session/fb79de28-344e-4add-bc21-c0612f257a7c/timeouts [39m[32m200[39m [90m2 ms - 14[39m
[35m[HTTP][39m [90m[39m
[35m[HTTP][39m [37m-->[39m [37mPOST[39m [37m/wd/hub/session/fb79de28-344e-4add-bc21-c0612f257a7c/element/5614799e-429d-4486-ae03-b65821569bfd/clear[39m
[35m[HTTP][39m [90m{"id":"5614799e-429d-4486-ae03-b65821569bfd"}[39m
[35m[HTTP][39m [37m<-- POST /wd/hub/session/fb79de28-344e-4add-bc21-c0612f257a7c/element/5614799e-429d-4486-ae03-b65821569bfd/clear [39m[32m200[39m [90m53 ms - 14[39m
[35m[HTTP][39m [90m[39m
[35m[HTTP][39m [37m-->[39m [37mPOST[39m [37m/wd/hub/session/fb79de28-344e-4add-bc21-c0612f257a7c/element/5614799e-429d-4486-ae03-b65821569bfd/value[39m
[35m[HTTP][39m [90m{"id":"5614799e-429d-4486-ae03-b65821569bfd","text":"secret_sauce","value":["s","e","c","r","e","t","_","s","a","u","c","e"]}[39m
[35m[HTTP][39m [37m<-- POST /wd/hub/session/fb79de28-344e-4add-bc21-c0612f257a7c/element/5614799e-429d-4486-ae03-b65821569bfd/value [39m[32m200[39m [90m1055 ms - 14[39m
[35m[HTTP][39m [90m[39m
[35m[HTTP][39m [37m-->[39m [37mPOST[39m [37m/wd/hub/session/fb79de28-344e-4add-bc21-c0612f257a7c/timeouts[39m
[35m[HTTP][39m [90m{"implicit":50}[39m
[35m[HTTP][39m [37m<-- POST /wd/hub/session/fb79de28-344e-4add-bc21-c0612f257a7c/timeouts [39m[32m200[39m [90m3 ms - 14[39m
[35m[HTTP][39m [90m[39m
[35m[HTTP][39m [37m-->[39m [37mGET[39m [37m/wd/hub/session/fb79de28-344e-4add-bc21-c0612f257a7c/window/rect[39m
[35m[HTTP][39m [90m{}[39m
[35m[HTTP][39m [37m<-- GET /wd/hub/session/fb79de28-344e-4add-bc21-c0612f257a7c/window/rect [39m[32m200[39m [90m26 ms - 49[39m
[35m[HTTP][39m [90m[39m
[35m[HTTP][39m [37m-->[39m [37mPOST[39m [37m/wd/hub/session/fb79de28-344e-4add-bc21-c0612f257a7c/elements[39m
[35m[HTTP][39m [90m{"using":"accessibility id","value":"test-LOGIN"}[39m
[35m[HTTP][39m [37m<-- POST /wd/hub/session/fb79de28-344e-4add-bc21-c0612f257a7c/elements [39m[32m200[39m [90m952 ms - 139[39m
[35m[HTTP][39m [90m[39m
[35m[HTTP][39m [37m-->[39m [37mGET[39m [37m/wd/hub/session/fb79de28-344e-4add-bc21-c0612f257a7c/element/27507b2d-952c-48ae-802a-fda16ed2347f/location[39m
[35m[HTTP][39m [90m{}[39m
[35m[W3C (fb79de28)][39m Driver proxy active, passing request on via HTTP proxy
[35m[WD Proxy][39m Replacing sessionId d685b43d-c622-4276-b728-012ea07f6377 with fb79de28-344e-4add-bc21-c0612f257a7c
[35m[HTTP][39m [37m<-- GET /wd/hub/session/fb79de28-344e-4add-bc21-c0612f257a7c/element/27507b2d-952c-48ae-802a-fda16ed2347f/location [39m[32m200[39m [90m39 ms - 77[39m
[35m[HTTP][39m [90m[39m
[35m[HTTP][39m [37m-->[39m [37mPOST[39m [37m/wd/hub/session/fb79de28-344e-4add-bc21-c0612f257a7c/timeouts[39m
[35m[HTTP][39m [90m{"implicit":30000}[39m
[35m[HTTP][39m [37m<-- POST /wd/hub/session/fb79de28-344e-4add-bc21-c0612f257a7c/timeouts [39m[32m200[39m [90m2 ms - 14[39m
[35m[HTTP][39m [90m[39m
[35m[HTTP][39m [37m-->[39m [37mPOST[39m [37m/wd/hub/session/fb79de28-344e-4add-bc21-c0612f257a7c/touch/perform[39m
[35m[HTTP][39m [90m{"actions":[{"action":"tap","options":{"x":1,"y":1,"element":"27507b2d-952c-48ae-802a-fda16ed2347f"}},{"action":"release","options":{}}]}[39m
[35m[UiAutomator2][39m calling get location: 27507b2d-952c-48ae-802a-fda16ed2347f
[35m[HTTP][39m [37m<-- POST /wd/hub/session/fb79de28-344e-4add-bc21-c0612f257a7c/touch/perform [39m[32m200[39m [90m264 ms - 14[39m
[35m[HTTP][39m [90m[39m
[35m[HTTP][39m [37m-->[39m [37mPOST[39m [37m/wd/hub/session/fb79de28-344e-4add-bc21-c0612f257a7c/timeouts[39m
[35m[HTTP][39m [90m{"implicit":50}[39m
[35m[HTTP][39m [37m<-- POST /wd/hub/session/fb79de28-344e-4add-bc21-c0612f257a7c/timeouts [39m[32m200[39m [90m2 ms - 14[39m
[35m[HTTP][39m [90m[39m
[35m[HTTP][39m [37m-->[39m [37mGET[39m [37m/wd/hub/session/fb79de28-344e-4add-bc21-c0612f257a7c/window/rect[39m
[35m[HTTP][39m [90m{}[39m
[35m[HTTP][39m [37m<-- GET /wd/hub/session/fb79de28-344e-4add-bc21-c0612f257a7c/window/rect [39m[32m200[39m [90m34 ms - 49[39m
[35m[HTTP][39m [90m[39m
[35m[HTTP][39m [37m-->[39m [37mPOST[39m [37m/wd/hub/session/fb79de28-344e-4add-bc21-c0612f257a7c/elements[39m
[35m[HTTP][39m [90m{"using":"xpath","value":"//hierarchy/android.widget.FrameLayout[1]/android.widget.LinearLayout[1]/android.widget.FrameLayout[1]/android.widget.LinearLayout[1]/android.widget.FrameLayout[1]/android.widget.FrameLayout[1]/android.view.ViewGroup[1]/android.view.ViewGroup[1]/android.view.ViewGroup[1]/android.view.ViewGroup[1]/android.view.ViewGroup[1]/android.view.ViewGroup[1]/android.view.ViewGroup[1]/android.view.ViewGroup[1]/android.view.ViewGroup[1]/android.view.ViewGroup[2]/android.view.ViewGroup[1]/android.widget.ImageView[1]"}[39m
[35m[HTTP][39m [37m<-- POST /wd/hub/session/fb79de28-344e-4add-bc21-c0612f257a7c/elements [39m[32m200[39m [90m377 ms - 139[39m
[35m[HTTP][39m [90m[39m
[35m[HTTP][39m [37m-->[39m [37mGET[39m [37m/wd/hub/session/fb79de28-344e-4add-bc21-c0612f257a7c/element/a6e4bac4-aae3-43ee-8751-447a00c7a536/location[39m
[35m[HTTP][39m [90m{}[39m
[35m[W3C (fb79de28)][39m Driver proxy active, passing request on via HTTP proxy
[35m[WD Proxy][39m Replacing sessionId d685b43d-c622-4276-b728-012ea07f6377 with fb79de28-344e-4add-bc21-c0612f257a7c
[35m[HTTP][39m [37m<-- GET /wd/hub/session/fb79de28-344e-4add-bc21-c0612f257a7c/element/a6e4bac4-aae3-43ee-8751-447a00c7a536/location [39m[32m200[39m [90m26 ms - 77[39m
[35m[HTTP][39m [90m[39m
[35m[HTTP][39m [37m-->[39m [37mPOST[39m [37m/wd/hub/session/fb79de28-344e-4add-bc21-c0612f257a7c/timeouts[39m
[35m[HTTP][39m [90m{"implicit":30000}[39m
[35m[HTTP][39m [37m<-- POST /wd/hub/session/fb79de28-344e-4add-bc21-c0612f257a7c/timeouts [39m[32m200[39m [90m2 ms - 14[39m
[35m[HTTP][39m [90m[39m
[35m[HTTP][39m [37m-->[39m [37mPOST[39m [37m/wd/hub/session/fb79de28-344e-4add-bc21-c0612f257a7c/touch/perform[39m
[35m[HTTP][39m [90m{"actions":[{"action":"tap","options":{"x":1,"y":1,"element":"a6e4bac4-aae3-43ee-8751-447a00c7a536"}},{"action":"release","options":{}}]}[39m
[35m[UiAutomator2][39m calling get location: a6e4bac4-aae3-43ee-8751-447a00c7a536
[35m[HTTP][39m [37m<-- POST /wd/hub/session/fb79de28-344e-4add-bc21-c0612f257a7c/touch/perform [39m[32m200[39m [90m216 ms - 14[39m
[35m[HTTP][39m [90m[39m
[35m[HTTP][39m [37m-->[39m [37mGET[39m [37m/wd/hub/session/fb79de28-344e-4add-bc21-c0612f257a7c/context[39m
[35m[HTTP][39m [90m{}[39m
[35m[HTTP][39m [37m<-- GET /wd/hub/session/fb79de28-344e-4add-bc21-c0612f257a7c/context [39m[32m200[39m [90m2 ms - 22[39m
[35m[HTTP][39m [90m[39m
[35m[HTTP][39m [37m-->[39m [37mGET[39m [37m/wd/hub/session/fb79de28-344e-4add-bc21-c0612f257a7c/contexts[39m
[35m[HTTP][39m [90m{}[39m
[35m[AndroidDriver][39m Not collecting web view details. Details collection might help to make Chromedriver initialization more precise. Use the 'enableWebviewDetailsCollection' cap to turn it on
[35m[AndroidDriver][39m Skipping the webview 'WEBVIEW_8466' at '@webview_devtools_remote_8466' since it has reported having zero pages
[35m[HTTP][39m [37m<-- GET /wd/hub/session/fb79de28-344e-4add-bc21-c0612f257a7c/contexts [39m[32m200[39m [90m718 ms - 24[39m
[35m[HTTP][39m [90m[39m
[35m[HTTP][39m [37m-->[39m [37mPOST[39m [37m/wd/hub/session/fb79de28-344e-4add-bc21-c0612f257a7c/context[39m
[35m[HTTP][39m [90m{"name":"NATIVE_APP"}[39m
[35m[HTTP][39m [37m<-- POST /wd/hub/session/fb79de28-344e-4add-bc21-c0612f257a7c/context [39m[32m200[39m [90m2 ms - 14[39m
[35m[HTTP][39m [90m[39m
[35m[HTTP][39m [37m-->[39m [37mPOST[39m [37m/wd/hub/session/fb79de28-344e-4add-bc21-c0612f257a7c/element[39m
[35m[HTTP][39m [90m{"using":"-android uiautomator","value":"new UiScrollable(new UiSelector().scrollable(true).instance(0)).scrollIntoView(new UiSelector().textContains(\"CHECKOUT\"))"}[39m
[35m[HTTP][39m [37m<-- POST /wd/hub/session/fb79de28-344e-4add-bc21-c0612f257a7c/element [39m[32m200[39m [90m108 ms - 137[39m
[35m[HTTP][39m [90m[39m
[35m[HTTP][39m [37m-->[39m [37mPOST[39m [37m/wd/hub/session/fb79de28-344e-4add-bc21-c0612f257a7c/context[39m
[35m[HTTP][39m [90m{"name":"NATIVE_APP"}[39m
[35m[HTTP][39m [37m<-- POST /wd/hub/session/fb79de28-344e-4add-bc21-c0612f257a7c/context [39m[32m200[39m [90m2 ms - 14[39m
[35m[HTTP][39m [90m[39m
[35m[HTTP][39m [37m-->[39m [37mPOST[39m [37m/wd/hub/session/fb79de28-344e-4add-bc21-c0612f257a7c/timeouts[39m
[35m[HTTP][39m [90m{"implicit":50}[39m
[35m[HTTP][39m [37m<-- POST /wd/hub/session/fb79de28-344e-4add-bc21-c0612f257a7c/timeouts [39m[32m200[39m [90m2 ms - 14[39m
[35m[HTTP][39m [90m[39m
[35m[HTTP][39m [37m-->[39m [37mGET[39m [37m/wd/hub/session/fb79de28-344e-4add-bc21-c0612f257a7c/window/rect[39m
[35m[HTTP][39m [90m{}[39m
[35m[HTTP][39m [37m<-- GET /wd/hub/session/fb79de28-344e-4add-bc21-c0612f257a7c/window/rect [39m[32m200[39m [90m48 ms - 49[39m
[35m[HTTP][39m [90m[39m
[35m[HTTP][39m [37m-->[39m [37mPOST[39m [37m/wd/hub/session/fb79de28-344e-4add-bc21-c0612f257a7c/elements[39m
[35m[HTTP][39m [90m{"using":"xpath","value":"//*[@class = 'android.widget.TextView' and (@text = 'CHECKOUT' or . = 'CHECKOUT')]"}[39m
[35m[HTTP][39m [37m<-- POST /wd/hub/session/fb79de28-344e-4add-bc21-c0612f257a7c/elements [39m[32m200[39m [90m162 ms - 139[39m
[35m[HTTP][39m [90m[39m
[35m[HTTP][39m [37m-->[39m [37mGET[39m [37m/wd/hub/session/fb79de28-344e-4add-bc21-c0612f257a7c/element/fa91d52e-0594-4823-8f4e-c5c93c18ea17/location[39m
[35m[HTTP][39m [90m{}[39m
[35m[W3C (fb79de28)][39m Driver proxy active, passing request on via HTTP proxy
[35m[WD Proxy][39m Replacing sessionId d685b43d-c622-4276-b728-012ea07f6377 with fb79de28-344e-4add-bc21-c0612f257a7c
[35m[HTTP][39m [37m<-- GET /wd/hub/session/fb79de28-344e-4add-bc21-c0612f257a7c/element/fa91d52e-0594-4823-8f4e-c5c93c18ea17/location [39m[32m200[39m [90m57 ms - 78[39m
[35m[HTTP][39m [90m[39m
[35m[HTTP][39m [37m-->[39m [37mPOST[39m [37m/wd/hub/session/fb79de28-344e-4add-bc21-c0612f257a7c/timeouts[39m
[35m[HTTP][39m [90m{"implicit":30000}[39m
[35m[HTTP][39m [37m<-- POST /wd/hub/session/fb79de28-344e-4add-bc21-c0612f257a7c/timeouts [39m[32m200[39m [90m2 ms - 14[39m
[35m[HTTP][39m [90m[39m
[35m[HTTP][39m [37m-->[39m [37mPOST[39m [37m/wd/hub/session/fb79de28-344e-4add-bc21-c0612f257a7c/touch/perform[39m
[35m[HTTP][39m [90m{"actions":[{"action":"tap","options":{"x":1,"y":1,"element":"fa91d52e-0594-4823-8f4e-c5c93c18ea17"}},{"action":"release","options":{}}]}[39m
[35m[UiAutomator2][39m calling get location: fa91d52e-0594-4823-8f4e-c5c93c18ea17
[35m[HTTP][39m [37m<-- POST /wd/hub/session/fb79de28-344e-4add-bc21-c0612f257a7c/touch/perform [39m[32m200[39m [90m249 ms - 14[39m
[35m[HTTP][39m [90m[39m
[35m[HTTP][39m [37m-->[39m [37mPOST[39m [37m/wd/hub/session/fb79de28-344e-4add-bc21-c0612f257a7c/timeouts[39m
[35m[HTTP][39m [90m{"implicit":50}[39m
[35m[HTTP][39m [37m<-- POST /wd/hub/session/fb79de28-344e-4add-bc21-c0612f257a7c/timeouts [39m[32m200[39m [90m3 ms - 14[39m
[35m[HTTP][39m [90m[39m
[35m[HTTP][39m [37m-->[39m [37mGET[39m [37m/wd/hub/session/fb79de28-344e-4add-bc21-c0612f257a7c/window/rect[39m
[35m[HTTP][39m [90m{}[39m
[35m[HTTP][39m [37m<-- GET /wd/hub/session/fb79de28-344e-4add-bc21-c0612f257a7c/window/rect [39m[32m200[39m [90m37 ms - 49[39m
[35m[HTTP][39m [90m[39m
[35m[HTTP][39m [37m-->[39m [37mPOST[39m [37m/wd/hub/session/fb79de28-344e-4add-bc21-c0612f257a7c/elements[39m
[35m[HTTP][39m [90m{"using":"xpath","value":"//*[@class = 'android.widget.EditText' and (@text = 'First Name' or . = 'First Name')]"}[39m
[35m[HTTP][39m [37m<-- POST /wd/hub/session/fb79de28-344e-4add-bc21-c0612f257a7c/elements [39m[32m200[39m [90m1292 ms - 139[39m
[35m[HTTP][39m [90m[39m
[35m[HTTP][39m [37m-->[39m [37mGET[39m [37m/wd/hub/session/fb79de28-344e-4add-bc21-c0612f257a7c/element/a6082ed8-3785-4d79-8298-b94bf3aa9702/location[39m
[35m[HTTP][39m [90m{}[39m
[35m[W3C (fb79de28)][39m Driver proxy active, passing request on via HTTP proxy
[35m[WD Proxy][39m Replacing sessionId d685b43d-c622-4276-b728-012ea07f6377 with fb79de28-344e-4add-bc21-c0612f257a7c
[35m[HTTP][39m [37m<-- GET /wd/hub/session/fb79de28-344e-4add-bc21-c0612f257a7c/element/a6082ed8-3785-4d79-8298-b94bf3aa9702/location [39m[32m200[39m [90m31 ms - 77[39m
[35m[HTTP][39m [90m[39m
[35m[HTTP][39m [37m-->[39m [37mPOST[39m [37m/wd/hub/session/fb79de28-344e-4add-bc21-c0612f257a7c/timeouts[39m
[35m[HTTP][39m [90m{"implicit":30000}[39m
[35m[HTTP][39m [37m<-- POST /wd/hub/session/fb79de28-344e-4add-bc21-c0612f257a7c/timeouts [39m[32m200[39m [90m4 ms - 14[39m
[35m[HTTP][39m [90m[39m
[35m[HTTP][39m [37m-->[39m [37mPOST[39m [37m/wd/hub/session/fb79de28-344e-4add-bc21-c0612f257a7c/element/a6082ed8-3785-4d79-8298-b94bf3aa9702/clear[39m
[35m[HTTP][39m [90m{"id":"a6082ed8-3785-4d79-8298-b94bf3aa9702"}[39m
[35m[HTTP][39m [37m<-- POST /wd/hub/session/fb79de28-344e-4add-bc21-c0612f257a7c/element/a6082ed8-3785-4d79-8298-b94bf3aa9702/clear [39m[32m200[39m [90m71 ms - 14[39m
[35m[HTTP][39m [90m[39m
[35m[HTTP][39m [37m-->[39m [37mPOST[39m [37m/wd/hub/session/fb79de28-344e-4add-bc21-c0612f257a7c/element/a6082ed8-3785-4d79-8298-b94bf3aa9702/value[39m
[35m[HTTP][39m [90m{"id":"a6082ed8-3785-4d79-8298-b94bf3aa9702","text":"Do","value":["D","o"]}[39m
[35m[HTTP][39m [37m<-- POST /wd/hub/session/fb79de28-344e-4add-bc21-c0612f257a7c/element/a6082ed8-3785-4d79-8298-b94bf3aa9702/value [39m[32m200[39m [90m2784 ms - 14[39m
[35m[HTTP][39m [90m[39m
[35m[HTTP][39m [37m-->[39m [37mPOST[39m [37m/wd/hub/session/fb79de28-344e-4add-bc21-c0612f257a7c/timeouts[39m
[35m[HTTP][39m [90m{"implicit":50}[39m
[35m[HTTP][39m [37m<-- POST /wd/hub/session/fb79de28-344e-4add-bc21-c0612f257a7c/timeouts [39m[32m200[39m [90m2 ms - 14[39m
[35m[HTTP][39m [90m[39m
[35m[HTTP][39m [37m-->[39m [37mGET[39m [37m/wd/hub/session/fb79de28-344e-4add-bc21-c0612f257a7c/window/rect[39m
[35m[HTTP][39m [90m{}[39m
[35m[HTTP][39m [37m<-- GET /wd/hub/session/fb79de28-344e-4add-bc21-c0612f257a7c/window/rect [39m[32m200[39m [90m39 ms - 49[39m
[35m[HTTP][39m [90m[39m
[35m[HTTP][39m [37m-->[39m [37mPOST[39m [37m/wd/hub/session/fb79de28-344e-4add-bc21-c0612f257a7c/elements[39m
[35m[HTTP][39m [90m{"using":"xpath","value":"//*[@class = 'android.widget.EditText' and (@text = 'Last Name' or . = 'Last Name')]"}[39m
[35m[HTTP][39m [37m<-- POST /wd/hub/session/fb79de28-344e-4add-bc21-c0612f257a7c/elements [39m[32m200[39m [90m591 ms - 139[39m
[35m[HTTP][39m [90m[39m
[35m[HTTP][39m [37m-->[39m [37mGET[39m [37m/wd/hub/session/fb79de28-344e-4add-bc21-c0612f257a7c/element/373eb9ec-279d-43f8-9f13-b5f6530e546b/location[39m
[35m[HTTP][39m [90m{}[39m
[35m[W3C (fb79de28)][39m Driver proxy active, passing request on via HTTP proxy
[35m[WD Proxy][39m Replacing sessionId d685b43d-c622-4276-b728-012ea07f6377 with fb79de28-344e-4add-bc21-c0612f257a7c
[35m[HTTP][39m [37m<-- GET /wd/hub/session/fb79de28-344e-4add-bc21-c0612f257a7c/element/373eb9ec-279d-43f8-9f13-b5f6530e546b/location [39m[32m200[39m [90m30 ms - 77[39m
[35m[HTTP][39m [90m[39m
[35m[HTTP][39m [37m-->[39m [37mPOST[39m [37m/wd/hub/session/fb79de28-344e-4add-bc21-c0612f257a7c/timeouts[39m
[35m[HTTP][39m [90m{"implicit":30000}[39m
[35m[HTTP][39m [37m<-- POST /wd/hub/session/fb79de28-344e-4add-bc21-c0612f257a7c/timeouts [39m[32m200[39m [90m2 ms - 14[39m
[35m[HTTP][39m [90m[39m
[35m[HTTP][39m [37m-->[39m [37mPOST[39m [37m/wd/hub/session/fb79de28-344e-4add-bc21-c0612f257a7c/element/373eb9ec-279d-43f8-9f13-b5f6530e546b/clear[39m
[35m[HTTP][39m [90m{"id":"373eb9ec-279d-43f8-9f13-b5f6530e546b"}[39m
[35m[HTTP][39m [37m<-- POST /wd/hub/session/fb79de28-344e-4add-bc21-c0612f257a7c/element/373eb9ec-279d-43f8-9f13-b5f6530e546b/clear [39m[32m200[39m [90m37 ms - 14[39m
[35m[HTTP][39m [90m[39m
[35m[HTTP][39m [37m-->[39m [37mPOST[39m [37m/wd/hub/session/fb79de28-344e-4add-bc21-c0612f257a7c/element/373eb9ec-279d-43f8-9f13-b5f6530e546b/value[39m
[35m[HTTP][39m [90m{"id":"373eb9ec-279d-43f8-9f13-b5f6530e546b","text":"Ni","value":["N","i"]}[39m
[35m[HTTP][39m [37m<-- POST /wd/hub/session/fb79de28-344e-4add-bc21-c0612f257a7c/element/373eb9ec-279d-43f8-9f13-b5f6530e546b/value [39m[32m200[39m [90m1692 ms - 14[39m
[35m[HTTP][39m [90m[39m
[35m[HTTP][39m [37m-->[39m [37mGET[39m [37m/wd/hub/status[39m
[35m[HTTP][39m [90m{}[39m
[35m[HTTP][39m [37m<-- GET /wd/hub/status [39m[32m200[39m [90m2 ms - 68[39m
[35m[HTTP][39m [90m[39m
[35m[HTTP][39m [37m-->[39m [37mPOST[39m [37m/wd/hub/session[39m
[35m[HTTP][39m [90m{"desiredCapabilities":{"appActivity":".Settings","appPackage":"com.android.settings","newCommandTimeout":1800,"platformVersion":"10","automationName":"uiautomator2","autoGrantPermissions":true,"platformName":"Android","udid":"4a90dd0d","deviceName":"Xiaomi Redmi 7 (Android 10)","platform":"ANDROID","systemPort":8218},"capabilities":{"firstMatch":[{"appium:appActivity":".Settings","appium:appPackage":"com.android.settings","appium:autoGrantPermissions":true,"appium:automationName":"uiautomator2","appium:deviceName":"Xiaomi Redmi 7 (Android 10)","appium:newCommandTimeout":1800,"platform":"ANDROID","platformName":"android","appium:platformVersion":"10","appium:systemPort":8218,"appium:udid":"4a90dd0d"}]}}[39m
[35m[BaseDriver][39m The following capabilities are not standard capabilities and should have an extension prefix:
[35m[BaseDriver][39m   platform
[35m[BaseDriver][39m   chromedriverPort
[35m[Appium][39m Appium v1.21.0 creating new AndroidUiautomator2Driver (v1.65.0) session
[35m[BaseDriver][39m The following capabilities were provided, but are not recognized by Appium:
[35m[BaseDriver][39m   platform
[35m[BaseDriver][39m Session created with session id: ed9a939b-2f17-4587-a63d-cd281b690e90
[35m[UiAutomator2][39m Starting 'com.android.settings' directly on the device
[35m[ADB][39m Using 'adb.exe' from 'C:\Users\Lenovo\.katalon\tools\android_sdk\platform-tools\adb.exe'
[35m[AndroidDriver][39m Retrieving device list
[35m[AndroidDriver][39m Using device: 4a90dd0d
[35m[ADB][39m Using 'adb.exe' from 'C:\Users\Lenovo\.katalon\tools\android_sdk\platform-tools\adb.exe'
[35m[HTTP][39m [37m<-- POST /wd/hub/session [39m[32m-[39m [90m- ms - -[39m
[35m[HTTP][39m [90m[39m
[35m[ADB][39m Getting device platform version
[35m[UiAutomator2][39m Relaxing hidden api policy
[35m[AndroidDriver][39m No app sent in, not parsing package/activity
[35m[ADB][39m Using 'apksigner.jar' from 'C:\Users\Lenovo\.katalon\tools\android_sdk\build-tools\29.0.3\lib\apksigner.jar'
[35m[ADB][39m 'C:\Users\Lenovo\AppData\Roaming\npm\node_modules\appium\node_modules\appium-uiautomator2-server\apks\appium-uiautomator2-server-v4.21.1.apk' is signed with the default certificate
[35m[ADB][39m 'C:\Users\Lenovo\AppData\Roaming\npm\node_modules\appium\node_modules\appium-uiautomator2-server\apks\appium-uiautomator2-server-debug-androidTest.apk' is signed with the default certificate
[35m[UiAutomator2][39m Server packages are not going to be (re)installed
[35m[ADB][39m Adding packages ["io.appium.settings","io.appium.uiautomator2.server","io.appium.uiautomator2.server.test"] to Doze whitelist
[35m[UiAutomator2][39m Starting UIAutomator2 server 4.21.1
[35m[UiAutomator2][39m Using UIAutomator2 server from 'C:\Users\Lenovo\AppData\Roaming\npm\node_modules\appium\node_modules\appium-uiautomator2-server\apks\appium-uiautomator2-server-v4.21.1.apk' and test from 'C:\Users\Lenovo\AppData\Roaming\npm\node_modules\appium\node_modules\appium-uiautomator2-server\apks\appium-uiautomator2-server-debug-androidTest.apk'
[35m[UiAutomator2][39m Waiting up to 30000ms for UiAutomator2 to be online...
[35m[WD Proxy][39m socket hang up
[35m[WD Proxy][39m socket hang up
[35m[WD Proxy][39m socket hang up
[35m[WD Proxy][39m Determined the downstream protocol as 'W3C'
[35m[AndroidDriver][39m Screen already unlocked, doing nothing
[35m[UiAutomator2][39m Starting 'com.android.settings/.Settings and waiting for 'com.android.settings/.Settings'
[35m[Appium][39m New AndroidUiautomator2Driver session created successfully, session ed9a939b-2f17-4587-a63d-cd281b690e90 added to master session list
[35m[BaseDriver][39m Shutting down because we waited 1800 seconds for a command
[35m[Appium][39m Closing session, cause was 'New Command Timeout of 1800 seconds expired. Try customizing the timeout using the 'newCommandTimeout' desired capability'
[35m[Appium][39m Removing session '9ef51078-00a8-4f58-a561-80395796c5f6' from our master session list
[35m[UiAutomator2][39m Did not get confirmation UiAutomator2 deleteSession worked; Error was: UnknownError: An unknown server-side error occurred while processing the command. Original error: 'DELETE /' cannot be proxied to UiAutomator2 server because the instrumentation process is not running (probably crashed). Check the server log and/or the logcat output for more details
[35m[UiAutomator2][39m Restoring hidden api policy to the device default configuration
[35m[BaseDriver][39m Shutting down because we waited 1800 seconds for a command
[35m[Appium][39m Closing session, cause was 'New Command Timeout of 1800 seconds expired. Try customizing the timeout using the 'newCommandTimeout' desired capability'
[35m[Appium][39m Removing session 'fb79de28-344e-4add-bc21-c0612f257a7c' from our master session list
[35m[UiAutomator2][39m Did not get confirmation UiAutomator2 deleteSession worked; Error was: UnknownError: An unknown server-side error occurred while processing the command. Original error: 'DELETE /' cannot be proxied to UiAutomator2 server because the instrumentation process is not running (probably crashed). Check the server log and/or the logcat output for more details
[35m[UiAutomator2][39m Restoring hidden api policy to the device default configuration
[35m[BaseDriver][39m Shutting down because we waited 1800 seconds for a command
[35m[Appium][39m Closing session, cause was 'New Command Timeout of 1800 seconds expired. Try customizing the timeout using the 'newCommandTimeout' desired capability'
[35m[Appium][39m Removing session 'ed9a939b-2f17-4587-a63d-cd281b690e90' from our master session list
[35m[UiAutomator2][39m Did not get confirmation UiAutomator2 deleteSession worked; Error was: UnknownError: An unknown server-side error occurred while processing the command. Original error: 'DELETE /' cannot be proxied to UiAutomator2 server because the instrumentation process is not running (probably crashed). Check the server log and/or the logcat output for more details
[35m[UiAutomator2][39m Restoring hidden api policy to the device default configuration
