[35m[Appium][39m Welcome to Appium v1.21.0
[35m[Appium][39m Non-default server args:
[35m[Appium][39m   port: 60694
[35m[Appium][39m   loglevel: info
[35m[Appium][39m   tmpDir: C:\Users\Lenovo\AppData\Local\Temp\\Katalon\Appium\Temp1645119232531
[35m[Appium][39m   chromedriverPort: 60695
[35m[Appium][39m Deprecated server args:
[35m[Appium][39m   [31m--chromedriver-port[39m => --default-capabilities
[35m[Appium][39m Default capabilities, which will be added to each request unless overridden by desired capabilities:
[35m[Appium][39m   chromedriverPort: 60695
[35m[Appium][39m Appium REST http interface listener started on 0.0.0.0:60694
[35m[HTTP][39m [37m-->[39m [37mGET[39m [37m/wd/hub/status[39m
[35m[HTTP][39m [90m{}[39m
[35m[HTTP][39m [37m<-- GET /wd/hub/status [39m[32m200[39m [90m13 ms - 68[39m
[35m[HTTP][39m [90m[39m
[35m[HTTP][39m [37m-->[39m [37mGET[39m [37m/wd/hub/status[39m
[35m[HTTP][39m [90m{}[39m
[35m[HTTP][39m [37m<-- GET /wd/hub/status [39m[32m200[39m [90m3 ms - 68[39m
[35m[HTTP][39m [90m[39m
[35m[HTTP][39m [37m-->[39m [37mPOST[39m [37m/wd/hub/session[39m
[35m[HTTP][39m [90m{"desiredCapabilities":{"app":"C:\\Users\\Lenovo\\Katalon Studio\\Sauce Labs Mobile Test\\Android.SauceLabs.Mobile.Sample.app.2.7.1.apk","noReset":true,"appWaitActivity":"*","deviceId":"4a90dd0d","deviceName":"Xiaomi Redmi 7 (Android 10)","fullReset":false,"platform":"ANDROID","newCommandTimeout":1800,"platformVersion":"10","automationName":"uiautomator2","autoGrantPermissions":true,"platformName":"Android","udid":"4a90dd0d","systemPort":60702},"capabilities":{"firstMatch":[{"appium:app":"C:\\Users\\Lenovo\\Katalon Studio\\Sauce Labs Mobile Test\\Android.SauceLabs.Mobile.Sample.app.2.7.1.apk","appium:appWaitActivity":"*","appium:autoGrantPermissions":true,"appium:automationName":"uiautomator2","deviceId":"4a90dd0d","appium:deviceName":"Xiaomi Redmi 7 (Android 10)","appium:fullReset":false,"appium:newCommandTimeout":1800,"appium:noReset":true,"platform":"ANDROID","platformName":"android","appium:platformVersion":"10","appium:systemPort":60702,"appium:udid":"4a90dd0d"}]}}[39m
[35m[BaseDriver][39m The following capabilities are not standard capabilities and should have an extension prefix:
[35m[BaseDriver][39m   deviceId
[35m[BaseDriver][39m   platform
[35m[BaseDriver][39m   chromedriverPort
[35m[Appium][39m Appium v1.21.0 creating new AndroidUiautomator2Driver (v1.65.0) session
[35m[BaseDriver][39m The following capabilities were provided, but are not recognized by Appium:
[35m[BaseDriver][39m   deviceId
[35m[BaseDriver][39m   platform
[35m[BaseDriver][39m Session created with session id: a993ae9c-ce8d-49e1-96a4-0146061d5e35
[35m[BaseDriver][39m Using local app 'C:\Users\Lenovo\Katalon Studio\Sauce Labs Mobile Test\Android.SauceLabs.Mobile.Sample.app.2.7.1.apk'
[35m[ADB][39m Found 1 'build-tools' folders under 'C:\Users\Lenovo\.katalon\tools\android_sdk' (newest first):
[35m[ADB][39m     C:/Users/Lenovo/.katalon/tools/android_sdk/build-tools/29.0.3
[35m[ADB][39m Using 'adb.exe' from 'C:\Users\Lenovo\.katalon\tools\android_sdk\platform-tools\adb.exe'
[35m[AndroidDriver][39m Retrieving device list
[35m[AndroidDriver][39m Using device: 4a90dd0d
[35m[ADB][39m Using 'adb.exe' from 'C:\Users\Lenovo\.katalon\tools\android_sdk\platform-tools\adb.exe'
[35m[ADB][39m Getting device platform version
[35m[UiAutomator2][39m Relaxing hidden api policy
[35m[ADB][39m Package name: 'com.swaglabsmobileapp'
[35m[ADB][39m Main activity name: 'com.swaglabsmobileapp.SplashActivity'
[35m[ADB][39m Using 'apksigner.jar' from 'C:\Users\Lenovo\.katalon\tools\android_sdk\build-tools\29.0.3\lib\apksigner.jar'
[35m[ADB][39m 'C:\Users\Lenovo\AppData\Roaming\npm\node_modules\appium\node_modules\appium-uiautomator2-server\apks\appium-uiautomator2-server-v4.21.1.apk' is signed with the default certificate
[35m[ADB][39m 'C:\Users\Lenovo\AppData\Roaming\npm\node_modules\appium\node_modules\appium-uiautomator2-server\apks\appium-uiautomator2-server-debug-androidTest.apk' is signed with the default certificate
[35m[UiAutomator2][39m Server packages are not going to be (re)installed
[35m[ADB][39m Adding packages ["io.appium.settings","io.appium.uiautomator2.server","io.appium.uiautomator2.server.test"] to Doze whitelist
[35m[ADB][39m 'C:\Users\Lenovo\Katalon Studio\Sauce Labs Mobile Test\Android.SauceLabs.Mobile.Sample.app.2.7.1.apk' is signed with a non-default certificate
[35m[UiAutomator2][39m Starting UIAutomator2 server 4.21.1
[35m[UiAutomator2][39m Using UIAutomator2 server from 'C:\Users\Lenovo\AppData\Roaming\npm\node_modules\appium\node_modules\appium-uiautomator2-server\apks\appium-uiautomator2-server-v4.21.1.apk' and test from 'C:\Users\Lenovo\AppData\Roaming\npm\node_modules\appium\node_modules\appium-uiautomator2-server\apks\appium-uiautomator2-server-debug-androidTest.apk'
[35m[UiAutomator2][39m Waiting up to 30000ms for UiAutomator2 to be online...
[35m[WD Proxy][39m socket hang up
[35m[WD Proxy][39m socket hang up
[35m[WD Proxy][39m socket hang up
[35m[WD Proxy][39m Determined the downstream protocol as 'W3C'
[35m[AndroidDriver][39m Screen already unlocked, doing nothing
[35m[UiAutomator2][39m Starting 'com.swaglabsmobileapp/com.swaglabsmobileapp.SplashActivity and waiting for 'com.swaglabsmobileapp/*'
[35m[Appium][39m New AndroidUiautomator2Driver session created successfully, session a993ae9c-ce8d-49e1-96a4-0146061d5e35 added to master session list
[35m[HTTP][39m [37m<-- POST /wd/hub/session [39m[32m200[39m [90m16572 ms - 1431[39m
[35m[HTTP][39m [90m[39m
[35m[HTTP][39m [37m-->[39m [37mGET[39m [37m/wd/hub/session/a993ae9c-ce8d-49e1-96a4-0146061d5e35[39m
[35m[HTTP][39m [90m{}[39m
[35m[HTTP][39m [37m<-- GET /wd/hub/session/a993ae9c-ce8d-49e1-96a4-0146061d5e35 [39m[32m200[39m [90m23 ms - 1385[39m
[35m[HTTP][39m [90m[39m
[35m[HTTP][39m [37m-->[39m [37mGET[39m [37m/wd/hub/session/a993ae9c-ce8d-49e1-96a4-0146061d5e35[39m
[35m[HTTP][39m [90m{}[39m
[35m[HTTP][39m [37m<-- GET /wd/hub/session/a993ae9c-ce8d-49e1-96a4-0146061d5e35 [39m[32m200[39m [90m18 ms - 1385[39m
[35m[HTTP][39m [90m[39m
[35m[HTTP][39m [37m-->[39m [37mGET[39m [37m/wd/hub/status[39m
[35m[HTTP][39m [90m{}[39m
[35m[HTTP][39m [37m<-- GET /wd/hub/status [39m[32m200[39m [90m2 ms - 68[39m
[35m[HTTP][39m [90m[39m
[35m[HTTP][39m [37m-->[39m [37mPOST[39m [37m/wd/hub/session/a993ae9c-ce8d-49e1-96a4-0146061d5e35/timeouts[39m
[35m[HTTP][39m [90m{"implicit":60000}[39m
[35m[HTTP][39m [37m<-- POST /wd/hub/session/a993ae9c-ce8d-49e1-96a4-0146061d5e35/timeouts [39m[32m200[39m [90m7 ms - 14[39m
[35m[HTTP][39m [90m[39m
[35m[HTTP][39m [37m-->[39m [37mGET[39m [37m/wd/hub/session/a993ae9c-ce8d-49e1-96a4-0146061d5e35/source[39m
[35m[HTTP][39m [90m{}[39m
[35m[W3C (a993ae9c)][39m Driver proxy active, passing request on via HTTP proxy
[35m[WD Proxy][39m Replacing sessionId 09e89708-b32a-4ca9-b8c9-ee62e340fe36 with a993ae9c-ce8d-49e1-96a4-0146061d5e35
[35m[HTTP][39m [37m<-- GET /wd/hub/session/a993ae9c-ce8d-49e1-96a4-0146061d5e35/source [39m[32m200[39m [90m315 ms - 2776[39m
[35m[HTTP][39m [90m[39m
[35m[HTTP][39m [37m-->[39m [37mGET[39m [37m/wd/hub/session/a993ae9c-ce8d-49e1-96a4-0146061d5e35/screenshot[39m
[35m[HTTP][39m [90m{}[39m
[35m[HTTP][39m [37m<-- GET /wd/hub/session/a993ae9c-ce8d-49e1-96a4-0146061d5e35/screenshot [39m[32m200[39m [90m469 ms - 49756[39m
[35m[HTTP][39m [90m[39m
[35m[HTTP][39m [37m-->[39m [37mGET[39m [37m/wd/hub/session/a993ae9c-ce8d-49e1-96a4-0146061d5e35/source[39m
[35m[HTTP][39m [90m{}[39m
[35m[W3C (a993ae9c)][39m Driver proxy active, passing request on via HTTP proxy
[35m[WD Proxy][39m Replacing sessionId 09e89708-b32a-4ca9-b8c9-ee62e340fe36 with a993ae9c-ce8d-49e1-96a4-0146061d5e35
[35m[HTTP][39m [37m<-- GET /wd/hub/session/a993ae9c-ce8d-49e1-96a4-0146061d5e35/source [39m[32m200[39m [90m313 ms - 19215[39m
[35m[HTTP][39m [90m[39m
[35m[HTTP][39m [37m-->[39m [37mGET[39m [37m/wd/hub/session/a993ae9c-ce8d-49e1-96a4-0146061d5e35/screenshot[39m
[35m[HTTP][39m [90m{}[39m
[35m[HTTP][39m [37m<-- GET /wd/hub/session/a993ae9c-ce8d-49e1-96a4-0146061d5e35/screenshot [39m[32m200[39m [90m791 ms - 533270[39m
[35m[HTTP][39m [90m[39m
[35m[HTTP][39m [37m-->[39m [37mPOST[39m [37m/wd/hub/session/a993ae9c-ce8d-49e1-96a4-0146061d5e35/elements[39m
[35m[HTTP][39m [90m{"using":"xpath","value":"//*[@class = 'android.widget.TextView' and (@text = 'BACK TO PRODUCTS' or . = 'BACK TO PRODUCTS')]"}[39m
[35m[HTTP][39m [37m<-- POST /wd/hub/session/a993ae9c-ce8d-49e1-96a4-0146061d5e35/elements [39m[32m200[39m [90m232 ms - 139[39m
[35m[HTTP][39m [90m[39m
[35m[HTTP][39m [37m-->[39m [37mDELETE[39m [37m/wd/hub/session/a993ae9c-ce8d-49e1-96a4-0146061d5e35[39m
[35m[HTTP][39m [90m{}[39m
[35m[Appium][39m Removing session a993ae9c-ce8d-49e1-96a4-0146061d5e35 from our master session list
[35m[UiAutomator2][39m Restoring hidden api policy to the device default configuration
[35m[HTTP][39m [37m<-- DELETE /wd/hub/session/a993ae9c-ce8d-49e1-96a4-0146061d5e35 [39m[32m200[39m [90m628 ms - 14[39m
[35m[HTTP][39m [90m[39m
