[35m[Appium][39m Welcome to Appium v1.21.0
[35m[Appium][39m Non-default server args:
[35m[Appium][39m   port: 65207
[35m[Appium][39m   loglevel: info
[35m[Appium][39m   tmpDir: C:\Users\Lenovo\AppData\Local\Temp\\Katalon\Appium\Temp1645005467737
[35m[Appium][39m   chromedriverPort: 65210
[35m[Appium][39m Deprecated server args:
[35m[Appium][39m   [31m--chromedriver-port[39m => --default-capabilities
[35m[Appium][39m Default capabilities, which will be added to each request unless overridden by desired capabilities:
[35m[Appium][39m   chromedriverPort: 65210
[35m[Appium][39m Appium REST http interface listener started on 0.0.0.0:65207
[35m[HTTP][39m [37m-->[39m [37mGET[39m [37m/wd/hub/status[39m
[35m[HTTP][39m [90m{}[39m
[35m[HTTP][39m [37m<-- GET /wd/hub/status [39m[32m200[39m [90m18 ms - 68[39m
[35m[HTTP][39m [90m[39m
[35m[HTTP][39m [37m-->[39m [37mPOST[39m [37m/wd/hub/session[39m
[35m[HTTP][39m [90m{"desiredCapabilities":{"appActivity":".Settings","appPackage":"com.android.settings","newCommandTimeout":1800,"platformVersion":"10","automationName":"uiautomator2","autoGrantPermissions":true,"platformName":"Android","udid":"4a90dd0d","deviceName":"Xiaomi Redmi 7 (Android 10)","platform":"ANDROID","systemPort":8223},"capabilities":{"firstMatch":[{"appium:appActivity":".Settings","appium:appPackage":"com.android.settings","appium:autoGrantPermissions":true,"appium:automationName":"uiautomator2","appium:deviceName":"Xiaomi Redmi 7 (Android 10)","appium:newCommandTimeout":1800,"platform":"ANDROID","platformName":"android","appium:platformVersion":"10","appium:systemPort":8223,"appium:udid":"4a90dd0d"}]}}[39m
[35m[BaseDriver][39m The following capabilities are not standard capabilities and should have an extension prefix:
[35m[BaseDriver][39m   platform
[35m[BaseDriver][39m   chromedriverPort
[35m[Appium][39m Appium v1.21.0 creating new AndroidUiautomator2Driver (v1.65.0) session
[35m[BaseDriver][39m The following capabilities were provided, but are not recognized by Appium:
[35m[BaseDriver][39m   platform
[35m[BaseDriver][39m Session created with session id: eaf92e3a-c237-4b0a-a8df-90f2bb94afba
[35m[UiAutomator2][39m Starting 'com.android.settings' directly on the device
[35m[ADB][39m Found 1 'build-tools' folders under 'C:\Users\Lenovo\.katalon\tools\android_sdk' (newest first):
[35m[ADB][39m     C:/Users/Lenovo/.katalon/tools/android_sdk/build-tools/29.0.3
[35m[ADB][39m Using 'adb.exe' from 'C:\Users\Lenovo\.katalon\tools\android_sdk\platform-tools\adb.exe'
[35m[AndroidDriver][39m Retrieving device list
[35m[AndroidDriver][39m Using device: 4a90dd0d
[35m[ADB][39m Using 'adb.exe' from 'C:\Users\Lenovo\.katalon\tools\android_sdk\platform-tools\adb.exe'
[35m[ADB][39m Getting device platform version
[35m[UiAutomator2][39m Relaxing hidden api policy
[35m[AndroidDriver][39m No app sent in, not parsing package/activity
[35m[ADB][39m Using 'apksigner.jar' from 'C:\Users\Lenovo\.katalon\tools\android_sdk\build-tools\29.0.3\lib\apksigner.jar'
[35m[ADB][39m 'C:\Users\Lenovo\AppData\Roaming\npm\node_modules\appium\node_modules\appium-uiautomator2-server\apks\appium-uiautomator2-server-v4.21.1.apk' is signed with the default certificate
[35m[ADB][39m 'C:\Users\Lenovo\AppData\Roaming\npm\node_modules\appium\node_modules\appium-uiautomator2-server\apks\appium-uiautomator2-server-debug-androidTest.apk' is signed with the default certificate
[35m[UiAutomator2][39m Server packages are not going to be (re)installed
[35m[ADB][39m Adding packages ["io.appium.settings","io.appium.uiautomator2.server","io.appium.uiautomator2.server.test"] to Doze whitelist
[35m[UiAutomator2][39m Starting UIAutomator2 server 4.21.1
[35m[UiAutomator2][39m Using UIAutomator2 server from 'C:\Users\Lenovo\AppData\Roaming\npm\node_modules\appium\node_modules\appium-uiautomator2-server\apks\appium-uiautomator2-server-v4.21.1.apk' and test from 'C:\Users\Lenovo\AppData\Roaming\npm\node_modules\appium\node_modules\appium-uiautomator2-server\apks\appium-uiautomator2-server-debug-androidTest.apk'
[35m[UiAutomator2][39m Waiting up to 30000ms for UiAutomator2 to be online...
[35m[WD Proxy][39m socket hang up
[35m[WD Proxy][39m socket hang up
[35m[WD Proxy][39m socket hang up
[35m[WD Proxy][39m socket hang up
[35m[WD Proxy][39m Determined the downstream protocol as 'W3C'
[35m[AndroidDriver][39m Screen already unlocked, doing nothing
[35m[UiAutomator2][39m Starting 'com.android.settings/.Settings and waiting for 'com.android.settings/.Settings'
[35m[Appium][39m New AndroidUiautomator2Driver session created successfully, session eaf92e3a-c237-4b0a-a8df-90f2bb94afba added to master session list
[35m[HTTP][39m [37m<-- POST /wd/hub/session [39m[32m200[39m [90m14879 ms - 1136[39m
[35m[HTTP][39m [90m[39m
[35m[HTTP][39m [37m-->[39m [37mGET[39m [37m/wd/hub/session/eaf92e3a-c237-4b0a-a8df-90f2bb94afba[39m
[35m[HTTP][39m [90m{}[39m
[35m[HTTP][39m [37m<-- GET /wd/hub/session/eaf92e3a-c237-4b0a-a8df-90f2bb94afba [39m[32m200[39m [90m21 ms - 1090[39m
[35m[HTTP][39m [90m[39m
[35m[HTTP][39m [37m-->[39m [37mGET[39m [37m/wd/hub/session/eaf92e3a-c237-4b0a-a8df-90f2bb94afba[39m
[35m[HTTP][39m [90m{}[39m
[35m[HTTP][39m [37m<-- GET /wd/hub/session/eaf92e3a-c237-4b0a-a8df-90f2bb94afba [39m[32m200[39m [90m19 ms - 1090[39m
[35m[HTTP][39m [90m[39m
[35m[HTTP][39m [37m-->[39m [37mGET[39m [37m/wd/hub/status[39m
[35m[HTTP][39m [90m{}[39m
[35m[HTTP][39m [37m<-- GET /wd/hub/status [39m[32m200[39m [90m2 ms - 68[39m
[35m[HTTP][39m [90m[39m
[35m[HTTP][39m [37m-->[39m [37mPOST[39m [37m/wd/hub/session/eaf92e3a-c237-4b0a-a8df-90f2bb94afba/timeouts[39m
[35m[HTTP][39m [90m{"implicit":30000}[39m
[35m[HTTP][39m [37m<-- POST /wd/hub/session/eaf92e3a-c237-4b0a-a8df-90f2bb94afba/timeouts [39m[32m200[39m [90m7 ms - 14[39m
[35m[HTTP][39m [90m[39m
[35m[HTTP][39m [37m-->[39m [37mGET[39m [37m/wd/hub/session/eaf92e3a-c237-4b0a-a8df-90f2bb94afba/screenshot[39m
[35m[HTTP][39m [90m{}[39m
[35m[HTTP][39m [37m<-- GET /wd/hub/session/eaf92e3a-c237-4b0a-a8df-90f2bb94afba/screenshot [39m[32m200[39m [90m507 ms - 126020[39m
[35m[HTTP][39m [90m[39m
[35m[HTTP][39m [37m-->[39m [37mGET[39m [37m/wd/hub/session/eaf92e3a-c237-4b0a-a8df-90f2bb94afba/window/rect[39m
[35m[HTTP][39m [90m{}[39m
[35m[HTTP][39m [37m<-- GET /wd/hub/session/eaf92e3a-c237-4b0a-a8df-90f2bb94afba/window/rect [39m[32m200[39m [90m73 ms - 49[39m
[35m[HTTP][39m [90m[39m
[35m[HTTP][39m [37m-->[39m [37mGET[39m [37m/wd/hub/session/eaf92e3a-c237-4b0a-a8df-90f2bb94afba/appium/device/system_bars[39m
[35m[HTTP][39m [90m{}[39m
[35m[HTTP][39m [37m<-- GET /wd/hub/session/eaf92e3a-c237-4b0a-a8df-90f2bb94afba/appium/device/system_bars [39m[31m500[39m [90m355 ms - 649[39m
[35m[HTTP][39m [90m[39m
[35m[HTTP][39m [37m-->[39m [37mPOST[39m [37m/wd/hub/session/eaf92e3a-c237-4b0a-a8df-90f2bb94afba/appium/device/activate_app[39m
[35m[HTTP][39m [90m{"bundleId":"com.swaglabsmobileapp"}[39m
[35m[HTTP][39m [37m<-- POST /wd/hub/session/eaf92e3a-c237-4b0a-a8df-90f2bb94afba/appium/device/activate_app [39m[32m200[39m [90m800 ms - 14[39m
[35m[HTTP][39m [90m[39m
[35m[HTTP][39m [37m-->[39m [37mPOST[39m [37m/wd/hub/session/eaf92e3a-c237-4b0a-a8df-90f2bb94afba/timeouts[39m
[35m[HTTP][39m [90m{"implicit":50}[39m
[35m[HTTP][39m [37m<-- POST /wd/hub/session/eaf92e3a-c237-4b0a-a8df-90f2bb94afba/timeouts [39m[32m200[39m [90m4 ms - 14[39m
[35m[HTTP][39m [90m[39m
[35m[HTTP][39m [37m-->[39m [37mGET[39m [37m/wd/hub/session/eaf92e3a-c237-4b0a-a8df-90f2bb94afba/window/rect[39m
[35m[HTTP][39m [90m{}[39m
[35m[HTTP][39m [37m<-- GET /wd/hub/session/eaf92e3a-c237-4b0a-a8df-90f2bb94afba/window/rect [39m[32m200[39m [90m41 ms - 49[39m
[35m[HTTP][39m [90m[39m
[35m[HTTP][39m [37m-->[39m [37mPOST[39m [37m/wd/hub/session/eaf92e3a-c237-4b0a-a8df-90f2bb94afba/elements[39m
[35m[HTTP][39m [90m{"using":"xpath","value":"//*[@class = 'android.widget.EditText' and (@text = 'Username' or . = 'Username')]"}[39m
[35m[HTTP][39m [37m<-- POST /wd/hub/session/eaf92e3a-c237-4b0a-a8df-90f2bb94afba/elements [39m[32m200[39m [90m995 ms - 12[39m
[35m[HTTP][39m [90m[39m
[35m[HTTP][39m [37m-->[39m [37mPOST[39m [37m/wd/hub/session/eaf92e3a-c237-4b0a-a8df-90f2bb94afba/elements[39m
[35m[HTTP][39m [90m{"using":"xpath","value":"//*[@class = 'android.widget.EditText' and (@text = 'Username' or . = 'Username')]"}[39m
[35m[HTTP][39m [37m<-- POST /wd/hub/session/eaf92e3a-c237-4b0a-a8df-90f2bb94afba/elements [39m[32m200[39m [90m101 ms - 12[39m
[35m[HTTP][39m [90m[39m
[35m[HTTP][39m [37m-->[39m [37mPOST[39m [37m/wd/hub/session/eaf92e3a-c237-4b0a-a8df-90f2bb94afba/elements[39m
[35m[HTTP][39m [90m{"using":"xpath","value":"//*[@class = 'android.widget.EditText' and (@text = 'Username' or . = 'Username')]"}[39m
[35m[HTTP][39m [37m<-- POST /wd/hub/session/eaf92e3a-c237-4b0a-a8df-90f2bb94afba/elements [39m[32m200[39m [90m606 ms - 12[39m
[35m[HTTP][39m [90m[39m
[35m[HTTP][39m [37m-->[39m [37mPOST[39m [37m/wd/hub/session/eaf92e3a-c237-4b0a-a8df-90f2bb94afba/elements[39m
[35m[HTTP][39m [90m{"using":"xpath","value":"//*[@class = 'android.widget.EditText' and (@text = 'Username' or . = 'Username')]"}[39m
[35m[HTTP][39m [37m<-- POST /wd/hub/session/eaf92e3a-c237-4b0a-a8df-90f2bb94afba/elements [39m[32m200[39m [90m85 ms - 12[39m
[35m[HTTP][39m [90m[39m
[35m[HTTP][39m [37m-->[39m [37mPOST[39m [37m/wd/hub/session/eaf92e3a-c237-4b0a-a8df-90f2bb94afba/elements[39m
[35m[HTTP][39m [90m{"using":"xpath","value":"//*[@class = 'android.widget.EditText' and (@text = 'Username' or . = 'Username')]"}[39m
[35m[HTTP][39m [37m<-- POST /wd/hub/session/eaf92e3a-c237-4b0a-a8df-90f2bb94afba/elements [39m[32m200[39m [90m1233 ms - 139[39m
[35m[HTTP][39m [90m[39m
[35m[HTTP][39m [37m-->[39m [37mGET[39m [37m/wd/hub/session/eaf92e3a-c237-4b0a-a8df-90f2bb94afba/element/a5dc8567-5fc4-4119-8e78-1abddd88f709/location[39m
[35m[HTTP][39m [90m{}[39m
[35m[W3C (eaf92e3a)][39m Driver proxy active, passing request on via HTTP proxy
[35m[WD Proxy][39m Replacing sessionId 1e3e2953-2efb-43de-a2be-1a59a4d914c2 with eaf92e3a-c237-4b0a-a8df-90f2bb94afba
[35m[HTTP][39m [37m<-- GET /wd/hub/session/eaf92e3a-c237-4b0a-a8df-90f2bb94afba/element/a5dc8567-5fc4-4119-8e78-1abddd88f709/location [39m[32m200[39m [90m40 ms - 77[39m
[35m[HTTP][39m [90m[39m
[35m[HTTP][39m [37m-->[39m [37mPOST[39m [37m/wd/hub/session/eaf92e3a-c237-4b0a-a8df-90f2bb94afba/timeouts[39m
[35m[HTTP][39m [90m{"implicit":30000}[39m
[35m[HTTP][39m [37m<-- POST /wd/hub/session/eaf92e3a-c237-4b0a-a8df-90f2bb94afba/timeouts [39m[32m200[39m [90m3 ms - 14[39m
[35m[HTTP][39m [90m[39m
[35m[HTTP][39m [37m-->[39m [37mPOST[39m [37m/wd/hub/session/eaf92e3a-c237-4b0a-a8df-90f2bb94afba/element/a5dc8567-5fc4-4119-8e78-1abddd88f709/clear[39m
[35m[HTTP][39m [90m{"id":"a5dc8567-5fc4-4119-8e78-1abddd88f709"}[39m
[35m[HTTP][39m [37m<-- POST /wd/hub/session/eaf92e3a-c237-4b0a-a8df-90f2bb94afba/element/a5dc8567-5fc4-4119-8e78-1abddd88f709/clear [39m[32m200[39m [90m63 ms - 14[39m
[35m[HTTP][39m [90m[39m
[35m[HTTP][39m [37m-->[39m [37mPOST[39m [37m/wd/hub/session/eaf92e3a-c237-4b0a-a8df-90f2bb94afba/element/a5dc8567-5fc4-4119-8e78-1abddd88f709/value[39m
[35m[HTTP][39m [90m{"id":"a5dc8567-5fc4-4119-8e78-1abddd88f709","text":"standard_user","value":["s","t","a","n","d","a","r","d","_","u","s","e","r"]}[39m
[35m[HTTP][39m [37m<-- POST /wd/hub/session/eaf92e3a-c237-4b0a-a8df-90f2bb94afba/element/a5dc8567-5fc4-4119-8e78-1abddd88f709/value [39m[32m200[39m [90m1257 ms - 14[39m
[35m[HTTP][39m [90m[39m
[35m[HTTP][39m [37m-->[39m [37mPOST[39m [37m/wd/hub/session/eaf92e3a-c237-4b0a-a8df-90f2bb94afba/timeouts[39m
[35m[HTTP][39m [90m{"implicit":50}[39m
[35m[HTTP][39m [37m<-- POST /wd/hub/session/eaf92e3a-c237-4b0a-a8df-90f2bb94afba/timeouts [39m[32m200[39m [90m3 ms - 14[39m
[35m[HTTP][39m [90m[39m
[35m[HTTP][39m [37m-->[39m [37mGET[39m [37m/wd/hub/session/eaf92e3a-c237-4b0a-a8df-90f2bb94afba/window/rect[39m
[35m[HTTP][39m [90m{}[39m
[35m[HTTP][39m [37m<-- GET /wd/hub/session/eaf92e3a-c237-4b0a-a8df-90f2bb94afba/window/rect [39m[32m200[39m [90m41 ms - 49[39m
[35m[HTTP][39m [90m[39m
[35m[HTTP][39m [37m-->[39m [37mPOST[39m [37m/wd/hub/session/eaf92e3a-c237-4b0a-a8df-90f2bb94afba/elements[39m
[35m[HTTP][39m [90m{"using":"xpath","value":"//*[@class = 'android.widget.EditText' and (@text = 'Password' or . = 'Password')]"}[39m
[35m[HTTP][39m [37m<-- POST /wd/hub/session/eaf92e3a-c237-4b0a-a8df-90f2bb94afba/elements [39m[32m200[39m [90m342 ms - 139[39m
[35m[HTTP][39m [90m[39m
[35m[HTTP][39m [37m-->[39m [37mGET[39m [37m/wd/hub/session/eaf92e3a-c237-4b0a-a8df-90f2bb94afba/element/0e87ed96-5602-4eeb-9aaa-c04d4c83fee9/location[39m
[35m[HTTP][39m [90m{}[39m
[35m[W3C (eaf92e3a)][39m Driver proxy active, passing request on via HTTP proxy
[35m[WD Proxy][39m Replacing sessionId 1e3e2953-2efb-43de-a2be-1a59a4d914c2 with eaf92e3a-c237-4b0a-a8df-90f2bb94afba
[35m[HTTP][39m [37m<-- GET /wd/hub/session/eaf92e3a-c237-4b0a-a8df-90f2bb94afba/element/0e87ed96-5602-4eeb-9aaa-c04d4c83fee9/location [39m[32m200[39m [90m46 ms - 77[39m
[35m[HTTP][39m [90m[39m
[35m[HTTP][39m [37m-->[39m [37mPOST[39m [37m/wd/hub/session/eaf92e3a-c237-4b0a-a8df-90f2bb94afba/timeouts[39m
[35m[HTTP][39m [90m{"implicit":30000}[39m
[35m[HTTP][39m [37m<-- POST /wd/hub/session/eaf92e3a-c237-4b0a-a8df-90f2bb94afba/timeouts [39m[32m200[39m [90m3 ms - 14[39m
[35m[HTTP][39m [90m[39m
[35m[HTTP][39m [37m-->[39m [37mPOST[39m [37m/wd/hub/session/eaf92e3a-c237-4b0a-a8df-90f2bb94afba/element/0e87ed96-5602-4eeb-9aaa-c04d4c83fee9/clear[39m
[35m[HTTP][39m [90m{"id":"0e87ed96-5602-4eeb-9aaa-c04d4c83fee9"}[39m
[35m[HTTP][39m [37m<-- POST /wd/hub/session/eaf92e3a-c237-4b0a-a8df-90f2bb94afba/element/0e87ed96-5602-4eeb-9aaa-c04d4c83fee9/clear [39m[32m200[39m [90m58 ms - 14[39m
[35m[HTTP][39m [90m[39m
[35m[HTTP][39m [37m-->[39m [37mPOST[39m [37m/wd/hub/session/eaf92e3a-c237-4b0a-a8df-90f2bb94afba/element/0e87ed96-5602-4eeb-9aaa-c04d4c83fee9/value[39m
[35m[HTTP][39m [90m{"id":"0e87ed96-5602-4eeb-9aaa-c04d4c83fee9","text":"secret_sauce","value":["s","e","c","r","e","t","_","s","a","u","c","e"]}[39m
[35m[HTTP][39m [37m<-- POST /wd/hub/session/eaf92e3a-c237-4b0a-a8df-90f2bb94afba/element/0e87ed96-5602-4eeb-9aaa-c04d4c83fee9/value [39m[32m200[39m [90m555 ms - 14[39m
[35m[HTTP][39m [90m[39m
[35m[HTTP][39m [37m-->[39m [37mPOST[39m [37m/wd/hub/session/eaf92e3a-c237-4b0a-a8df-90f2bb94afba/timeouts[39m
[35m[HTTP][39m [90m{"implicit":50}[39m
[35m[HTTP][39m [37m<-- POST /wd/hub/session/eaf92e3a-c237-4b0a-a8df-90f2bb94afba/timeouts [39m[32m200[39m [90m2 ms - 14[39m
[35m[HTTP][39m [90m[39m
[35m[HTTP][39m [37m-->[39m [37mGET[39m [37m/wd/hub/session/eaf92e3a-c237-4b0a-a8df-90f2bb94afba/window/rect[39m
[35m[HTTP][39m [90m{}[39m
[35m[HTTP][39m [37m<-- GET /wd/hub/session/eaf92e3a-c237-4b0a-a8df-90f2bb94afba/window/rect [39m[32m200[39m [90m42 ms - 49[39m
[35m[HTTP][39m [90m[39m
[35m[HTTP][39m [37m-->[39m [37mPOST[39m [37m/wd/hub/session/eaf92e3a-c237-4b0a-a8df-90f2bb94afba/elements[39m
[35m[HTTP][39m [90m{"using":"accessibility id","value":"test-LOGIN"}[39m
[35m[HTTP][39m [37m<-- POST /wd/hub/session/eaf92e3a-c237-4b0a-a8df-90f2bb94afba/elements [39m[32m200[39m [90m88 ms - 139[39m
[35m[HTTP][39m [90m[39m
[35m[HTTP][39m [37m-->[39m [37mGET[39m [37m/wd/hub/session/eaf92e3a-c237-4b0a-a8df-90f2bb94afba/element/56be10ff-42c0-4e72-9fc9-6fd8760d2577/location[39m
[35m[HTTP][39m [90m{}[39m
[35m[W3C (eaf92e3a)][39m Driver proxy active, passing request on via HTTP proxy
[35m[WD Proxy][39m Replacing sessionId 1e3e2953-2efb-43de-a2be-1a59a4d914c2 with eaf92e3a-c237-4b0a-a8df-90f2bb94afba
[35m[HTTP][39m [37m<-- GET /wd/hub/session/eaf92e3a-c237-4b0a-a8df-90f2bb94afba/element/56be10ff-42c0-4e72-9fc9-6fd8760d2577/location [39m[32m200[39m [90m45 ms - 77[39m
[35m[HTTP][39m [90m[39m
[35m[HTTP][39m [37m-->[39m [37mPOST[39m [37m/wd/hub/session/eaf92e3a-c237-4b0a-a8df-90f2bb94afba/timeouts[39m
[35m[HTTP][39m [90m{"implicit":30000}[39m
[35m[HTTP][39m [37m<-- POST /wd/hub/session/eaf92e3a-c237-4b0a-a8df-90f2bb94afba/timeouts [39m[32m200[39m [90m3 ms - 14[39m
[35m[HTTP][39m [90m[39m
[35m[HTTP][39m [37m-->[39m [37mPOST[39m [37m/wd/hub/session/eaf92e3a-c237-4b0a-a8df-90f2bb94afba/touch/perform[39m
[35m[HTTP][39m [90m{"actions":[{"action":"tap","options":{"x":1,"y":1,"element":"56be10ff-42c0-4e72-9fc9-6fd8760d2577"}},{"action":"release","options":{}}]}[39m
[35m[UiAutomator2][39m calling get location: 56be10ff-42c0-4e72-9fc9-6fd8760d2577
[35m[HTTP][39m [37m<-- POST /wd/hub/session/eaf92e3a-c237-4b0a-a8df-90f2bb94afba/touch/perform [39m[32m200[39m [90m318 ms - 14[39m
[35m[HTTP][39m [90m[39m
[35m[HTTP][39m [37m-->[39m [37mGET[39m [37m/wd/hub/session/eaf92e3a-c237-4b0a-a8df-90f2bb94afba/context[39m
[35m[HTTP][39m [90m{}[39m
[35m[HTTP][39m [37m<-- GET /wd/hub/session/eaf92e3a-c237-4b0a-a8df-90f2bb94afba/context [39m[32m200[39m [90m2 ms - 22[39m
[35m[HTTP][39m [90m[39m
[35m[HTTP][39m [37m-->[39m [37mGET[39m [37m/wd/hub/session/eaf92e3a-c237-4b0a-a8df-90f2bb94afba/contexts[39m
[35m[HTTP][39m [90m{}[39m
[35m[AndroidDriver][39m Not collecting web view details. Details collection might help to make Chromedriver initialization more precise. Use the 'enableWebviewDetailsCollection' cap to turn it on
[35m[AndroidDriver][39m Skipping the webview 'WEBVIEW_11190' at '@webview_devtools_remote_11190' since it has reported having zero pages
[35m[HTTP][39m [37m<-- GET /wd/hub/session/eaf92e3a-c237-4b0a-a8df-90f2bb94afba/contexts [39m[32m200[39m [90m714 ms - 24[39m
[35m[HTTP][39m [90m[39m
[35m[HTTP][39m [37m-->[39m [37mPOST[39m [37m/wd/hub/session/eaf92e3a-c237-4b0a-a8df-90f2bb94afba/context[39m
[35m[HTTP][39m [90m{"name":"NATIVE_APP"}[39m
[35m[HTTP][39m [37m<-- POST /wd/hub/session/eaf92e3a-c237-4b0a-a8df-90f2bb94afba/context [39m[32m200[39m [90m2 ms - 14[39m
[35m[HTTP][39m [90m[39m
[35m[HTTP][39m [37m-->[39m [37mPOST[39m [37m/wd/hub/session/eaf92e3a-c237-4b0a-a8df-90f2bb94afba/element[39m
[35m[HTTP][39m [90m{"using":"-android uiautomator","value":"new UiScrollable(new UiSelector().scrollable(true).instance(0)).scrollIntoView(new UiSelector().textContains(\"Onesie\"))"}[39m
[35m[HTTP][39m [37m<-- POST /wd/hub/session/eaf92e3a-c237-4b0a-a8df-90f2bb94afba/element [39m[32m200[39m [90m3864 ms - 137[39m
[35m[HTTP][39m [90m[39m
[35m[HTTP][39m [37m-->[39m [37mPOST[39m [37m/wd/hub/session/eaf92e3a-c237-4b0a-a8df-90f2bb94afba/context[39m
[35m[HTTP][39m [90m{"name":"NATIVE_APP"}[39m
[35m[HTTP][39m [37m<-- POST /wd/hub/session/eaf92e3a-c237-4b0a-a8df-90f2bb94afba/context [39m[32m200[39m [90m2 ms - 14[39m
[35m[HTTP][39m [90m[39m
[35m[HTTP][39m [37m-->[39m [37mPOST[39m [37m/wd/hub/session/eaf92e3a-c237-4b0a-a8df-90f2bb94afba/timeouts[39m
[35m[HTTP][39m [90m{"implicit":50}[39m
[35m[HTTP][39m [37m<-- POST /wd/hub/session/eaf92e3a-c237-4b0a-a8df-90f2bb94afba/timeouts [39m[32m200[39m [90m3 ms - 14[39m
[35m[HTTP][39m [90m[39m
[35m[HTTP][39m [37m-->[39m [37mGET[39m [37m/wd/hub/session/eaf92e3a-c237-4b0a-a8df-90f2bb94afba/window/rect[39m
[35m[HTTP][39m [90m{}[39m
[35m[HTTP][39m [37m<-- GET /wd/hub/session/eaf92e3a-c237-4b0a-a8df-90f2bb94afba/window/rect [39m[32m200[39m [90m26 ms - 49[39m
[35m[HTTP][39m [90m[39m
[35m[HTTP][39m [37m-->[39m [37mPOST[39m [37m/wd/hub/session/eaf92e3a-c237-4b0a-a8df-90f2bb94afba/elements[39m
[35m[HTTP][39m [90m{"using":"xpath","value":"//*[@class = 'android.widget.TextView' and (contains(@text, 'Onesie') or contains(., 'Onesie'))]"}[39m
[35m[HTTP][39m [37m<-- POST /wd/hub/session/eaf92e3a-c237-4b0a-a8df-90f2bb94afba/elements [39m[32m200[39m [90m217 ms - 139[39m
[35m[HTTP][39m [90m[39m
[35m[HTTP][39m [37m-->[39m [37mGET[39m [37m/wd/hub/session/eaf92e3a-c237-4b0a-a8df-90f2bb94afba/element/23d62420-1229-48e6-90e0-61019ae4d9d9/location[39m
[35m[HTTP][39m [90m{}[39m
[35m[W3C (eaf92e3a)][39m Driver proxy active, passing request on via HTTP proxy
[35m[WD Proxy][39m Replacing sessionId 1e3e2953-2efb-43de-a2be-1a59a4d914c2 with eaf92e3a-c237-4b0a-a8df-90f2bb94afba
[35m[HTTP][39m [37m<-- GET /wd/hub/session/eaf92e3a-c237-4b0a-a8df-90f2bb94afba/element/23d62420-1229-48e6-90e0-61019ae4d9d9/location [39m[32m200[39m [90m347 ms - 78[39m
[35m[HTTP][39m [90m[39m
[35m[HTTP][39m [37m-->[39m [37mPOST[39m [37m/wd/hub/session/eaf92e3a-c237-4b0a-a8df-90f2bb94afba/timeouts[39m
[35m[HTTP][39m [90m{"implicit":30000}[39m
[35m[HTTP][39m [37m<-- POST /wd/hub/session/eaf92e3a-c237-4b0a-a8df-90f2bb94afba/timeouts [39m[32m200[39m [90m2 ms - 14[39m
[35m[HTTP][39m [90m[39m
[35m[HTTP][39m [37m-->[39m [37mPOST[39m [37m/wd/hub/session/eaf92e3a-c237-4b0a-a8df-90f2bb94afba/touch/perform[39m
[35m[HTTP][39m [90m{"actions":[{"action":"tap","options":{"x":1,"y":1,"element":"23d62420-1229-48e6-90e0-61019ae4d9d9"}},{"action":"release","options":{}}]}[39m
[35m[UiAutomator2][39m calling get location: 23d62420-1229-48e6-90e0-61019ae4d9d9
[35m[HTTP][39m [37m<-- POST /wd/hub/session/eaf92e3a-c237-4b0a-a8df-90f2bb94afba/touch/perform [39m[32m200[39m [90m707 ms - 14[39m
[35m[HTTP][39m [90m[39m
[35m[HTTP][39m [37m-->[39m [37mGET[39m [37m/wd/hub/session/eaf92e3a-c237-4b0a-a8df-90f2bb94afba/context[39m
[35m[HTTP][39m [90m{}[39m
[35m[HTTP][39m [37m<-- GET /wd/hub/session/eaf92e3a-c237-4b0a-a8df-90f2bb94afba/context [39m[32m200[39m [90m3 ms - 22[39m
[35m[HTTP][39m [90m[39m
[35m[HTTP][39m [37m-->[39m [37mGET[39m [37m/wd/hub/session/eaf92e3a-c237-4b0a-a8df-90f2bb94afba/contexts[39m
[35m[HTTP][39m [90m{}[39m
[35m[AndroidDriver][39m Not collecting web view details. Details collection might help to make Chromedriver initialization more precise. Use the 'enableWebviewDetailsCollection' cap to turn it on
[35m[AndroidDriver][39m Skipping the webview 'WEBVIEW_11190' at '@webview_devtools_remote_11190' since it has reported having zero pages
[35m[HTTP][39m [37m<-- GET /wd/hub/session/eaf92e3a-c237-4b0a-a8df-90f2bb94afba/contexts [39m[32m200[39m [90m527 ms - 24[39m
[35m[HTTP][39m [90m[39m
[35m[HTTP][39m [37m-->[39m [37mPOST[39m [37m/wd/hub/session/eaf92e3a-c237-4b0a-a8df-90f2bb94afba/context[39m
[35m[HTTP][39m [90m{"name":"NATIVE_APP"}[39m
[35m[HTTP][39m [37m<-- POST /wd/hub/session/eaf92e3a-c237-4b0a-a8df-90f2bb94afba/context [39m[32m200[39m [90m2 ms - 14[39m
[35m[HTTP][39m [90m[39m
[35m[HTTP][39m [37m-->[39m [37mPOST[39m [37m/wd/hub/session/eaf92e3a-c237-4b0a-a8df-90f2bb94afba/element[39m
[35m[HTTP][39m [90m{"using":"-android uiautomator","value":"new UiScrollable(new UiSelector().scrollable(true).instance(0)).scrollIntoView(new UiSelector().textContains(\"ADD TO CART\"))"}[39m
[35m[HTTP][39m [37m<-- POST /wd/hub/session/eaf92e3a-c237-4b0a-a8df-90f2bb94afba/element [39m[32m200[39m [90m3487 ms - 137[39m
[35m[HTTP][39m [90m[39m
[35m[HTTP][39m [37m-->[39m [37mPOST[39m [37m/wd/hub/session/eaf92e3a-c237-4b0a-a8df-90f2bb94afba/context[39m
[35m[HTTP][39m [90m{"name":"NATIVE_APP"}[39m
[35m[HTTP][39m [37m<-- POST /wd/hub/session/eaf92e3a-c237-4b0a-a8df-90f2bb94afba/context [39m[32m200[39m [90m3 ms - 14[39m
[35m[HTTP][39m [90m[39m
[35m[HTTP][39m [37m-->[39m [37mPOST[39m [37m/wd/hub/session/eaf92e3a-c237-4b0a-a8df-90f2bb94afba/timeouts[39m
[35m[HTTP][39m [90m{"implicit":50}[39m
[35m[HTTP][39m [37m<-- POST /wd/hub/session/eaf92e3a-c237-4b0a-a8df-90f2bb94afba/timeouts [39m[32m200[39m [90m2 ms - 14[39m
[35m[HTTP][39m [90m[39m
[35m[HTTP][39m [37m-->[39m [37mGET[39m [37m/wd/hub/session/eaf92e3a-c237-4b0a-a8df-90f2bb94afba/window/rect[39m
[35m[HTTP][39m [90m{}[39m
[35m[HTTP][39m [37m<-- GET /wd/hub/session/eaf92e3a-c237-4b0a-a8df-90f2bb94afba/window/rect [39m[32m200[39m [90m32 ms - 49[39m
[35m[HTTP][39m [90m[39m
[35m[HTTP][39m [37m-->[39m [37mPOST[39m [37m/wd/hub/session/eaf92e3a-c237-4b0a-a8df-90f2bb94afba/elements[39m
[35m[HTTP][39m [90m{"using":"xpath","value":"//*[@class = 'android.widget.TextView' and (@text = 'ADD TO CART' or . = 'ADD TO CART')]"}[39m
[35m[HTTP][39m [37m<-- POST /wd/hub/session/eaf92e3a-c237-4b0a-a8df-90f2bb94afba/elements [39m[32m200[39m [90m651 ms - 139[39m
[35m[HTTP][39m [90m[39m
[35m[HTTP][39m [37m-->[39m [37mGET[39m [37m/wd/hub/session/eaf92e3a-c237-4b0a-a8df-90f2bb94afba/element/731b1597-e430-49d0-94c8-03e8d23071fc/location[39m
[35m[HTTP][39m [90m{}[39m
[35m[W3C (eaf92e3a)][39m Driver proxy active, passing request on via HTTP proxy
[35m[WD Proxy][39m Replacing sessionId 1e3e2953-2efb-43de-a2be-1a59a4d914c2 with eaf92e3a-c237-4b0a-a8df-90f2bb94afba
[35m[HTTP][39m [37m<-- GET /wd/hub/session/eaf92e3a-c237-4b0a-a8df-90f2bb94afba/element/731b1597-e430-49d0-94c8-03e8d23071fc/location [39m[32m200[39m [90m30 ms - 78[39m
[35m[HTTP][39m [90m[39m
[35m[HTTP][39m [37m-->[39m [37mPOST[39m [37m/wd/hub/session/eaf92e3a-c237-4b0a-a8df-90f2bb94afba/timeouts[39m
[35m[HTTP][39m [90m{"implicit":30000}[39m
[35m[HTTP][39m [37m<-- POST /wd/hub/session/eaf92e3a-c237-4b0a-a8df-90f2bb94afba/timeouts [39m[32m200[39m [90m3 ms - 14[39m
[35m[HTTP][39m [90m[39m
[35m[HTTP][39m [37m-->[39m [37mPOST[39m [37m/wd/hub/session/eaf92e3a-c237-4b0a-a8df-90f2bb94afba/touch/perform[39m
[35m[HTTP][39m [90m{"actions":[{"action":"tap","options":{"x":1,"y":1,"element":"731b1597-e430-49d0-94c8-03e8d23071fc"}},{"action":"release","options":{}}]}[39m
[35m[UiAutomator2][39m calling get location: 731b1597-e430-49d0-94c8-03e8d23071fc
[35m[HTTP][39m [37m<-- POST /wd/hub/session/eaf92e3a-c237-4b0a-a8df-90f2bb94afba/touch/perform [39m[32m200[39m [90m250 ms - 14[39m
[35m[HTTP][39m [90m[39m
[35m[HTTP][39m [37m-->[39m [37mPOST[39m [37m/wd/hub/session/eaf92e3a-c237-4b0a-a8df-90f2bb94afba/timeouts[39m
[35m[HTTP][39m [90m{"implicit":50}[39m
[35m[HTTP][39m [37m<-- POST /wd/hub/session/eaf92e3a-c237-4b0a-a8df-90f2bb94afba/timeouts [39m[32m200[39m [90m4 ms - 14[39m
[35m[HTTP][39m [90m[39m
[35m[HTTP][39m [37m-->[39m [37mGET[39m [37m/wd/hub/session/eaf92e3a-c237-4b0a-a8df-90f2bb94afba/window/rect[39m
[35m[HTTP][39m [90m{}[39m
[35m[HTTP][39m [37m<-- GET /wd/hub/session/eaf92e3a-c237-4b0a-a8df-90f2bb94afba/window/rect [39m[32m200[39m [90m41 ms - 49[39m
[35m[HTTP][39m [90m[39m
[35m[HTTP][39m [37m-->[39m [37mPOST[39m [37m/wd/hub/session/eaf92e3a-c237-4b0a-a8df-90f2bb94afba/elements[39m
[35m[HTTP][39m [90m{"using":"accessibility id","value":"test-BACK TO PRODUCTS"}[39m
[35m[HTTP][39m [37m<-- POST /wd/hub/session/eaf92e3a-c237-4b0a-a8df-90f2bb94afba/elements [39m[32m200[39m [90m575 ms - 139[39m
[35m[HTTP][39m [90m[39m
[35m[HTTP][39m [37m-->[39m [37mGET[39m [37m/wd/hub/session/eaf92e3a-c237-4b0a-a8df-90f2bb94afba/element/b35314bf-99ca-41f0-918f-1d5467d25ba6/location[39m
[35m[HTTP][39m [90m{}[39m
[35m[W3C (eaf92e3a)][39m Driver proxy active, passing request on via HTTP proxy
[35m[WD Proxy][39m Replacing sessionId 1e3e2953-2efb-43de-a2be-1a59a4d914c2 with eaf92e3a-c237-4b0a-a8df-90f2bb94afba
[35m[HTTP][39m [37m<-- GET /wd/hub/session/eaf92e3a-c237-4b0a-a8df-90f2bb94afba/element/b35314bf-99ca-41f0-918f-1d5467d25ba6/location [39m[32m200[39m [90m46 ms - 77[39m
[35m[HTTP][39m [90m[39m
[35m[HTTP][39m [37m-->[39m [37mPOST[39m [37m/wd/hub/session/eaf92e3a-c237-4b0a-a8df-90f2bb94afba/timeouts[39m
[35m[HTTP][39m [90m{"implicit":30000}[39m
[35m[HTTP][39m [37m<-- POST /wd/hub/session/eaf92e3a-c237-4b0a-a8df-90f2bb94afba/timeouts [39m[32m200[39m [90m2 ms - 14[39m
[35m[HTTP][39m [90m[39m
[35m[HTTP][39m [37m-->[39m [37mPOST[39m [37m/wd/hub/session/eaf92e3a-c237-4b0a-a8df-90f2bb94afba/touch/perform[39m
[35m[HTTP][39m [90m{"actions":[{"action":"tap","options":{"x":1,"y":1,"element":"b35314bf-99ca-41f0-918f-1d5467d25ba6"}},{"action":"release","options":{}}]}[39m
[35m[UiAutomator2][39m calling get location: b35314bf-99ca-41f0-918f-1d5467d25ba6
[35m[HTTP][39m [37m<-- POST /wd/hub/session/eaf92e3a-c237-4b0a-a8df-90f2bb94afba/touch/perform [39m[32m200[39m [90m239 ms - 14[39m
[35m[HTTP][39m [90m[39m
[35m[HTTP][39m [37m-->[39m [37mGET[39m [37m/wd/hub/session/eaf92e3a-c237-4b0a-a8df-90f2bb94afba/context[39m
[35m[HTTP][39m [90m{}[39m
[35m[HTTP][39m [37m<-- GET /wd/hub/session/eaf92e3a-c237-4b0a-a8df-90f2bb94afba/context [39m[32m200[39m [90m2 ms - 22[39m
[35m[HTTP][39m [90m[39m
[35m[HTTP][39m [37m-->[39m [37mGET[39m [37m/wd/hub/session/eaf92e3a-c237-4b0a-a8df-90f2bb94afba/contexts[39m
[35m[HTTP][39m [90m{}[39m
[35m[AndroidDriver][39m Not collecting web view details. Details collection might help to make Chromedriver initialization more precise. Use the 'enableWebviewDetailsCollection' cap to turn it on
[35m[AndroidDriver][39m Skipping the webview 'WEBVIEW_11190' at '@webview_devtools_remote_11190' since it has reported having zero pages
[35m[HTTP][39m [37m<-- GET /wd/hub/session/eaf92e3a-c237-4b0a-a8df-90f2bb94afba/contexts [39m[32m200[39m [90m566 ms - 24[39m
[35m[HTTP][39m [90m[39m
[35m[HTTP][39m [37m-->[39m [37mPOST[39m [37m/wd/hub/session/eaf92e3a-c237-4b0a-a8df-90f2bb94afba/context[39m
[35m[HTTP][39m [90m{"name":"NATIVE_APP"}[39m
[35m[HTTP][39m [37m<-- POST /wd/hub/session/eaf92e3a-c237-4b0a-a8df-90f2bb94afba/context [39m[32m200[39m [90m2 ms - 14[39m
[35m[HTTP][39m [90m[39m
[35m[HTTP][39m [37m-->[39m [37mPOST[39m [37m/wd/hub/session/eaf92e3a-c237-4b0a-a8df-90f2bb94afba/element[39m
[35m[HTTP][39m [90m{"using":"-android uiautomator","value":"new UiScrollable(new UiSelector().scrollable(true).instance(0)).scrollIntoView(new UiSelector().textContains(\"Bolt\"))"}[39m
[35m[HTTP][39m [37m<-- POST /wd/hub/session/eaf92e3a-c237-4b0a-a8df-90f2bb94afba/element [39m[32m200[39m [90m123 ms - 137[39m
[35m[HTTP][39m [90m[39m
[35m[HTTP][39m [37m-->[39m [37mPOST[39m [37m/wd/hub/session/eaf92e3a-c237-4b0a-a8df-90f2bb94afba/context[39m
[35m[HTTP][39m [90m{"name":"NATIVE_APP"}[39m
[35m[HTTP][39m [37m<-- POST /wd/hub/session/eaf92e3a-c237-4b0a-a8df-90f2bb94afba/context [39m[32m200[39m [90m2 ms - 14[39m
[35m[HTTP][39m [90m[39m
[35m[HTTP][39m [37m-->[39m [37mPOST[39m [37m/wd/hub/session/eaf92e3a-c237-4b0a-a8df-90f2bb94afba/timeouts[39m
[35m[HTTP][39m [90m{"implicit":50}[39m
[35m[HTTP][39m [37m<-- POST /wd/hub/session/eaf92e3a-c237-4b0a-a8df-90f2bb94afba/timeouts [39m[32m200[39m [90m3 ms - 14[39m
[35m[HTTP][39m [90m[39m
[35m[HTTP][39m [37m-->[39m [37mGET[39m [37m/wd/hub/session/eaf92e3a-c237-4b0a-a8df-90f2bb94afba/window/rect[39m
[35m[HTTP][39m [90m{}[39m
[35m[HTTP][39m [37m<-- GET /wd/hub/session/eaf92e3a-c237-4b0a-a8df-90f2bb94afba/window/rect [39m[32m200[39m [90m37 ms - 49[39m
[35m[HTTP][39m [90m[39m
[35m[HTTP][39m [37m-->[39m [37mPOST[39m [37m/wd/hub/session/eaf92e3a-c237-4b0a-a8df-90f2bb94afba/elements[39m
[35m[HTTP][39m [90m{"using":"xpath","value":"//*[@class = 'android.widget.TextView' and (contains(@text, 'Bolt') or contains(., 'Bolt'))]"}[39m
[35m[HTTP][39m [37m<-- POST /wd/hub/session/eaf92e3a-c237-4b0a-a8df-90f2bb94afba/elements [39m[32m200[39m [90m223 ms - 139[39m
[35m[HTTP][39m [90m[39m
[35m[HTTP][39m [37m-->[39m [37mGET[39m [37m/wd/hub/session/eaf92e3a-c237-4b0a-a8df-90f2bb94afba/element/ca33d953-eb28-4217-81e0-10a6ef6828ba/location[39m
[35m[HTTP][39m [90m{}[39m
[35m[W3C (eaf92e3a)][39m Driver proxy active, passing request on via HTTP proxy
[35m[WD Proxy][39m Replacing sessionId 1e3e2953-2efb-43de-a2be-1a59a4d914c2 with eaf92e3a-c237-4b0a-a8df-90f2bb94afba
[35m[HTTP][39m [37m<-- GET /wd/hub/session/eaf92e3a-c237-4b0a-a8df-90f2bb94afba/element/ca33d953-eb28-4217-81e0-10a6ef6828ba/location [39m[32m200[39m [90m29 ms - 77[39m
[35m[HTTP][39m [90m[39m
[35m[HTTP][39m [37m-->[39m [37mPOST[39m [37m/wd/hub/session/eaf92e3a-c237-4b0a-a8df-90f2bb94afba/timeouts[39m
[35m[HTTP][39m [90m{"implicit":30000}[39m
[35m[HTTP][39m [37m<-- POST /wd/hub/session/eaf92e3a-c237-4b0a-a8df-90f2bb94afba/timeouts [39m[32m200[39m [90m2 ms - 14[39m
[35m[HTTP][39m [90m[39m
[35m[HTTP][39m [37m-->[39m [37mPOST[39m [37m/wd/hub/session/eaf92e3a-c237-4b0a-a8df-90f2bb94afba/touch/perform[39m
[35m[HTTP][39m [90m{"actions":[{"action":"tap","options":{"x":1,"y":1,"element":"ca33d953-eb28-4217-81e0-10a6ef6828ba"}},{"action":"release","options":{}}]}[39m
[35m[UiAutomator2][39m calling get location: ca33d953-eb28-4217-81e0-10a6ef6828ba
[35m[HTTP][39m [37m<-- POST /wd/hub/session/eaf92e3a-c237-4b0a-a8df-90f2bb94afba/touch/perform [39m[32m200[39m [90m215 ms - 14[39m
[35m[HTTP][39m [90m[39m
[35m[HTTP][39m [37m-->[39m [37mGET[39m [37m/wd/hub/session/eaf92e3a-c237-4b0a-a8df-90f2bb94afba/context[39m
[35m[HTTP][39m [90m{}[39m
[35m[HTTP][39m [37m<-- GET /wd/hub/session/eaf92e3a-c237-4b0a-a8df-90f2bb94afba/context [39m[32m200[39m [90m3 ms - 22[39m
[35m[HTTP][39m [90m[39m
[35m[HTTP][39m [37m-->[39m [37mGET[39m [37m/wd/hub/session/eaf92e3a-c237-4b0a-a8df-90f2bb94afba/contexts[39m
[35m[HTTP][39m [90m{}[39m
[35m[AndroidDriver][39m Not collecting web view details. Details collection might help to make Chromedriver initialization more precise. Use the 'enableWebviewDetailsCollection' cap to turn it on
[35m[AndroidDriver][39m Skipping the webview 'WEBVIEW_11190' at '@webview_devtools_remote_11190' since it has reported having zero pages
[35m[HTTP][39m [37m<-- GET /wd/hub/session/eaf92e3a-c237-4b0a-a8df-90f2bb94afba/contexts [39m[32m200[39m [90m583 ms - 24[39m
[35m[HTTP][39m [90m[39m
[35m[HTTP][39m [37m-->[39m [37mPOST[39m [37m/wd/hub/session/eaf92e3a-c237-4b0a-a8df-90f2bb94afba/context[39m
[35m[HTTP][39m [90m{"name":"NATIVE_APP"}[39m
[35m[HTTP][39m [37m<-- POST /wd/hub/session/eaf92e3a-c237-4b0a-a8df-90f2bb94afba/context [39m[32m200[39m [90m2 ms - 14[39m
[35m[HTTP][39m [90m[39m
[35m[HTTP][39m [37m-->[39m [37mPOST[39m [37m/wd/hub/session/eaf92e3a-c237-4b0a-a8df-90f2bb94afba/element[39m
[35m[HTTP][39m [90m{"using":"-android uiautomator","value":"new UiScrollable(new UiSelector().scrollable(true).instance(0)).scrollIntoView(new UiSelector().textContains(\"ADD TO CART\"))"}[39m
[35m[HTTP][39m [37m<-- POST /wd/hub/session/eaf92e3a-c237-4b0a-a8df-90f2bb94afba/element [39m[32m200[39m [90m3830 ms - 137[39m
[35m[HTTP][39m [90m[39m
[35m[HTTP][39m [37m-->[39m [37mPOST[39m [37m/wd/hub/session/eaf92e3a-c237-4b0a-a8df-90f2bb94afba/context[39m
[35m[HTTP][39m [90m{"name":"NATIVE_APP"}[39m
[35m[HTTP][39m [37m<-- POST /wd/hub/session/eaf92e3a-c237-4b0a-a8df-90f2bb94afba/context [39m[32m200[39m [90m2 ms - 14[39m
[35m[HTTP][39m [90m[39m
[35m[HTTP][39m [37m-->[39m [37mPOST[39m [37m/wd/hub/session/eaf92e3a-c237-4b0a-a8df-90f2bb94afba/timeouts[39m
[35m[HTTP][39m [90m{"implicit":50}[39m
[35m[HTTP][39m [37m<-- POST /wd/hub/session/eaf92e3a-c237-4b0a-a8df-90f2bb94afba/timeouts [39m[32m200[39m [90m4 ms - 14[39m
[35m[HTTP][39m [90m[39m
[35m[HTTP][39m [37m-->[39m [37mGET[39m [37m/wd/hub/session/eaf92e3a-c237-4b0a-a8df-90f2bb94afba/window/rect[39m
[35m[HTTP][39m [90m{}[39m
[35m[HTTP][39m [37m<-- GET /wd/hub/session/eaf92e3a-c237-4b0a-a8df-90f2bb94afba/window/rect [39m[32m200[39m [90m34 ms - 49[39m
[35m[HTTP][39m [90m[39m
[35m[HTTP][39m [37m-->[39m [37mPOST[39m [37m/wd/hub/session/eaf92e3a-c237-4b0a-a8df-90f2bb94afba/elements[39m
[35m[HTTP][39m [90m{"using":"xpath","value":"//*[@class = 'android.widget.TextView' and (@text = 'ADD TO CART' or . = 'ADD TO CART')]"}[39m
[35m[HTTP][39m [37m<-- POST /wd/hub/session/eaf92e3a-c237-4b0a-a8df-90f2bb94afba/elements [39m[32m200[39m [90m695 ms - 139[39m
[35m[HTTP][39m [90m[39m
[35m[HTTP][39m [37m-->[39m [37mGET[39m [37m/wd/hub/session/eaf92e3a-c237-4b0a-a8df-90f2bb94afba/element/07b97625-b4b0-4169-9398-2f024b0f9ae9/location[39m
[35m[HTTP][39m [90m{}[39m
[35m[W3C (eaf92e3a)][39m Driver proxy active, passing request on via HTTP proxy
[35m[WD Proxy][39m Replacing sessionId 1e3e2953-2efb-43de-a2be-1a59a4d914c2 with eaf92e3a-c237-4b0a-a8df-90f2bb94afba
[35m[HTTP][39m [37m<-- GET /wd/hub/session/eaf92e3a-c237-4b0a-a8df-90f2bb94afba/element/07b97625-b4b0-4169-9398-2f024b0f9ae9/location [39m[32m200[39m [90m27 ms - 78[39m
[35m[HTTP][39m [90m[39m
[35m[HTTP][39m [37m-->[39m [37mPOST[39m [37m/wd/hub/session/eaf92e3a-c237-4b0a-a8df-90f2bb94afba/timeouts[39m
[35m[HTTP][39m [90m{"implicit":30000}[39m
[35m[HTTP][39m [37m<-- POST /wd/hub/session/eaf92e3a-c237-4b0a-a8df-90f2bb94afba/timeouts [39m[32m200[39m [90m5 ms - 14[39m
[35m[HTTP][39m [90m[39m
[35m[HTTP][39m [37m-->[39m [37mPOST[39m [37m/wd/hub/session/eaf92e3a-c237-4b0a-a8df-90f2bb94afba/touch/perform[39m
[35m[HTTP][39m [90m{"actions":[{"action":"tap","options":{"x":1,"y":1,"element":"07b97625-b4b0-4169-9398-2f024b0f9ae9"}},{"action":"release","options":{}}]}[39m
[35m[UiAutomator2][39m calling get location: 07b97625-b4b0-4169-9398-2f024b0f9ae9
[35m[HTTP][39m [37m<-- POST /wd/hub/session/eaf92e3a-c237-4b0a-a8df-90f2bb94afba/touch/perform [39m[32m200[39m [90m1021 ms - 14[39m
[35m[HTTP][39m [90m[39m
[35m[HTTP][39m [37m-->[39m [37mPOST[39m [37m/wd/hub/session/eaf92e3a-c237-4b0a-a8df-90f2bb94afba/timeouts[39m
[35m[HTTP][39m [90m{"implicit":50}[39m
[35m[HTTP][39m [37m<-- POST /wd/hub/session/eaf92e3a-c237-4b0a-a8df-90f2bb94afba/timeouts [39m[32m200[39m [90m3 ms - 14[39m
[35m[HTTP][39m [90m[39m
[35m[HTTP][39m [37m-->[39m [37mGET[39m [37m/wd/hub/session/eaf92e3a-c237-4b0a-a8df-90f2bb94afba/window/rect[39m
[35m[HTTP][39m [90m{}[39m
[35m[HTTP][39m [37m<-- GET /wd/hub/session/eaf92e3a-c237-4b0a-a8df-90f2bb94afba/window/rect [39m[32m200[39m [90m21 ms - 49[39m
[35m[HTTP][39m [90m[39m
[35m[HTTP][39m [37m-->[39m [37mPOST[39m [37m/wd/hub/session/eaf92e3a-c237-4b0a-a8df-90f2bb94afba/elements[39m
[35m[HTTP][39m [90m{"using":"accessibility id","value":"test-BACK TO PRODUCTS"}[39m
[35m[HTTP][39m [37m<-- POST /wd/hub/session/eaf92e3a-c237-4b0a-a8df-90f2bb94afba/elements [39m[32m200[39m [90m472 ms - 139[39m
[35m[HTTP][39m [90m[39m
[35m[HTTP][39m [37m-->[39m [37mGET[39m [37m/wd/hub/session/eaf92e3a-c237-4b0a-a8df-90f2bb94afba/element/0af209e0-9c38-4546-8004-71fa39ba4ab4/location[39m
[35m[HTTP][39m [90m{}[39m
[35m[W3C (eaf92e3a)][39m Driver proxy active, passing request on via HTTP proxy
[35m[WD Proxy][39m Replacing sessionId 1e3e2953-2efb-43de-a2be-1a59a4d914c2 with eaf92e3a-c237-4b0a-a8df-90f2bb94afba
[35m[HTTP][39m [37m<-- GET /wd/hub/session/eaf92e3a-c237-4b0a-a8df-90f2bb94afba/element/0af209e0-9c38-4546-8004-71fa39ba4ab4/location [39m[32m200[39m [90m33 ms - 77[39m
[35m[HTTP][39m [90m[39m
[35m[HTTP][39m [37m-->[39m [37mPOST[39m [37m/wd/hub/session/eaf92e3a-c237-4b0a-a8df-90f2bb94afba/timeouts[39m
[35m[HTTP][39m [90m{"implicit":30000}[39m
[35m[HTTP][39m [37m<-- POST /wd/hub/session/eaf92e3a-c237-4b0a-a8df-90f2bb94afba/timeouts [39m[32m200[39m [90m2 ms - 14[39m
[35m[HTTP][39m [90m[39m
[35m[HTTP][39m [37m-->[39m [37mPOST[39m [37m/wd/hub/session/eaf92e3a-c237-4b0a-a8df-90f2bb94afba/touch/perform[39m
[35m[HTTP][39m [90m{"actions":[{"action":"tap","options":{"x":1,"y":1,"element":"0af209e0-9c38-4546-8004-71fa39ba4ab4"}},{"action":"release","options":{}}]}[39m
[35m[UiAutomator2][39m calling get location: 0af209e0-9c38-4546-8004-71fa39ba4ab4
[35m[HTTP][39m [37m<-- POST /wd/hub/session/eaf92e3a-c237-4b0a-a8df-90f2bb94afba/touch/perform [39m[32m200[39m [90m192 ms - 14[39m
[35m[HTTP][39m [90m[39m
[35m[HTTP][39m [37m-->[39m [37mPOST[39m [37m/wd/hub/session/eaf92e3a-c237-4b0a-a8df-90f2bb94afba/timeouts[39m
[35m[HTTP][39m [90m{"implicit":50}[39m
[35m[HTTP][39m [37m<-- POST /wd/hub/session/eaf92e3a-c237-4b0a-a8df-90f2bb94afba/timeouts [39m[32m200[39m [90m2 ms - 14[39m
[35m[HTTP][39m [90m[39m
[35m[HTTP][39m [37m-->[39m [37mGET[39m [37m/wd/hub/session/eaf92e3a-c237-4b0a-a8df-90f2bb94afba/window/rect[39m
[35m[HTTP][39m [90m{}[39m
[35m[HTTP][39m [37m<-- GET /wd/hub/session/eaf92e3a-c237-4b0a-a8df-90f2bb94afba/window/rect [39m[32m200[39m [90m29 ms - 49[39m
[35m[HTTP][39m [90m[39m
[35m[HTTP][39m [37m-->[39m [37mPOST[39m [37m/wd/hub/session/eaf92e3a-c237-4b0a-a8df-90f2bb94afba/elements[39m
[35m[HTTP][39m [90m{"using":"xpath","value":"//hierarchy/android.widget.FrameLayout[1]/android.widget.LinearLayout[1]/android.widget.FrameLayout[1]/android.widget.LinearLayout[1]/android.widget.FrameLayout[1]/android.widget.FrameLayout[1]/android.view.ViewGroup[1]/android.view.ViewGroup[1]/android.view.ViewGroup[1]/android.view.ViewGroup[1]/android.view.ViewGroup[1]/android.view.ViewGroup[1]/android.view.ViewGroup[1]/android.view.ViewGroup[1]/android.view.ViewGroup[1]/android.view.ViewGroup[2]/android.view.ViewGroup[1]/android.widget.ImageView[1]"}[39m
[35m[HTTP][39m [37m<-- POST /wd/hub/session/eaf92e3a-c237-4b0a-a8df-90f2bb94afba/elements [39m[32m200[39m [90m752 ms - 139[39m
[35m[HTTP][39m [90m[39m
[35m[HTTP][39m [37m-->[39m [37mGET[39m [37m/wd/hub/session/eaf92e3a-c237-4b0a-a8df-90f2bb94afba/element/6d86d1a4-d2f1-4a88-9af0-289bd3435ee6/location[39m
[35m[HTTP][39m [90m{}[39m
[35m[W3C (eaf92e3a)][39m Driver proxy active, passing request on via HTTP proxy
[35m[WD Proxy][39m Replacing sessionId 1e3e2953-2efb-43de-a2be-1a59a4d914c2 with eaf92e3a-c237-4b0a-a8df-90f2bb94afba
[35m[HTTP][39m [37m<-- GET /wd/hub/session/eaf92e3a-c237-4b0a-a8df-90f2bb94afba/element/6d86d1a4-d2f1-4a88-9af0-289bd3435ee6/location [39m[32m200[39m [90m25 ms - 77[39m
[35m[HTTP][39m [90m[39m
[35m[HTTP][39m [37m-->[39m [37mPOST[39m [37m/wd/hub/session/eaf92e3a-c237-4b0a-a8df-90f2bb94afba/timeouts[39m
[35m[HTTP][39m [90m{"implicit":30000}[39m
[35m[HTTP][39m [37m<-- POST /wd/hub/session/eaf92e3a-c237-4b0a-a8df-90f2bb94afba/timeouts [39m[32m200[39m [90m2 ms - 14[39m
[35m[HTTP][39m [90m[39m
[35m[HTTP][39m [37m-->[39m [37mPOST[39m [37m/wd/hub/session/eaf92e3a-c237-4b0a-a8df-90f2bb94afba/touch/perform[39m
[35m[HTTP][39m [90m{"actions":[{"action":"tap","options":{"x":1,"y":1,"element":"6d86d1a4-d2f1-4a88-9af0-289bd3435ee6"}},{"action":"release","options":{}}]}[39m
[35m[UiAutomator2][39m calling get location: 6d86d1a4-d2f1-4a88-9af0-289bd3435ee6
[35m[HTTP][39m [37m<-- POST /wd/hub/session/eaf92e3a-c237-4b0a-a8df-90f2bb94afba/touch/perform [39m[32m200[39m [90m198 ms - 14[39m
[35m[HTTP][39m [90m[39m
[35m[HTTP][39m [37m-->[39m [37mGET[39m [37m/wd/hub/session/eaf92e3a-c237-4b0a-a8df-90f2bb94afba/context[39m
[35m[HTTP][39m [90m{}[39m
[35m[HTTP][39m [37m<-- GET /wd/hub/session/eaf92e3a-c237-4b0a-a8df-90f2bb94afba/context [39m[32m200[39m [90m2 ms - 22[39m
[35m[HTTP][39m [90m[39m
[35m[HTTP][39m [37m-->[39m [37mGET[39m [37m/wd/hub/session/eaf92e3a-c237-4b0a-a8df-90f2bb94afba/contexts[39m
[35m[HTTP][39m [90m{}[39m
[35m[AndroidDriver][39m Not collecting web view details. Details collection might help to make Chromedriver initialization more precise. Use the 'enableWebviewDetailsCollection' cap to turn it on
[35m[AndroidDriver][39m Skipping the webview 'WEBVIEW_11190' at '@webview_devtools_remote_11190' since it has reported having zero pages
[35m[HTTP][39m [37m<-- GET /wd/hub/session/eaf92e3a-c237-4b0a-a8df-90f2bb94afba/contexts [39m[32m200[39m [90m507 ms - 24[39m
[35m[HTTP][39m [90m[39m
[35m[HTTP][39m [37m-->[39m [37mPOST[39m [37m/wd/hub/session/eaf92e3a-c237-4b0a-a8df-90f2bb94afba/context[39m
[35m[HTTP][39m [90m{"name":"NATIVE_APP"}[39m
[35m[HTTP][39m [37m<-- POST /wd/hub/session/eaf92e3a-c237-4b0a-a8df-90f2bb94afba/context [39m[32m200[39m [90m2 ms - 14[39m
[35m[HTTP][39m [90m[39m
[35m[HTTP][39m [37m-->[39m [37mPOST[39m [37m/wd/hub/session/eaf92e3a-c237-4b0a-a8df-90f2bb94afba/element[39m
[35m[HTTP][39m [90m{"using":"-android uiautomator","value":"new UiScrollable(new UiSelector().scrollable(true).instance(0)).scrollIntoView(new UiSelector().textContains(\"CHECKOUT\"))"}[39m
[35m[HTTP][39m [37m<-- POST /wd/hub/session/eaf92e3a-c237-4b0a-a8df-90f2bb94afba/element [39m[32m200[39m [90m3439 ms - 137[39m
[35m[HTTP][39m [90m[39m
[35m[HTTP][39m [37m-->[39m [37mPOST[39m [37m/wd/hub/session/eaf92e3a-c237-4b0a-a8df-90f2bb94afba/context[39m
[35m[HTTP][39m [90m{"name":"NATIVE_APP"}[39m
[35m[HTTP][39m [37m<-- POST /wd/hub/session/eaf92e3a-c237-4b0a-a8df-90f2bb94afba/context [39m[32m200[39m [90m2 ms - 14[39m
[35m[HTTP][39m [90m[39m
[35m[HTTP][39m [37m-->[39m [37mPOST[39m [37m/wd/hub/session/eaf92e3a-c237-4b0a-a8df-90f2bb94afba/timeouts[39m
[35m[HTTP][39m [90m{"implicit":50}[39m
[35m[HTTP][39m [37m<-- POST /wd/hub/session/eaf92e3a-c237-4b0a-a8df-90f2bb94afba/timeouts [39m[32m200[39m [90m4 ms - 14[39m
[35m[HTTP][39m [90m[39m
[35m[HTTP][39m [37m-->[39m [37mGET[39m [37m/wd/hub/session/eaf92e3a-c237-4b0a-a8df-90f2bb94afba/window/rect[39m
[35m[HTTP][39m [90m{}[39m
[35m[HTTP][39m [37m<-- GET /wd/hub/session/eaf92e3a-c237-4b0a-a8df-90f2bb94afba/window/rect [39m[32m200[39m [90m34 ms - 49[39m
[35m[HTTP][39m [90m[39m
[35m[HTTP][39m [37m-->[39m [37mPOST[39m [37m/wd/hub/session/eaf92e3a-c237-4b0a-a8df-90f2bb94afba/elements[39m
[35m[HTTP][39m [90m{"using":"xpath","value":"//*[@class = 'android.widget.TextView' and (@text = 'CHECKOUT' or . = 'CHECKOUT')]"}[39m
[35m[HTTP][39m [37m<-- POST /wd/hub/session/eaf92e3a-c237-4b0a-a8df-90f2bb94afba/elements [39m[32m200[39m [90m160 ms - 139[39m
[35m[HTTP][39m [90m[39m
[35m[HTTP][39m [37m-->[39m [37mGET[39m [37m/wd/hub/session/eaf92e3a-c237-4b0a-a8df-90f2bb94afba/element/a7351a86-66ce-4e64-b14e-9b5cdca2dbcc/location[39m
[35m[HTTP][39m [90m{}[39m
[35m[W3C (eaf92e3a)][39m Driver proxy active, passing request on via HTTP proxy
[35m[WD Proxy][39m Replacing sessionId 1e3e2953-2efb-43de-a2be-1a59a4d914c2 with eaf92e3a-c237-4b0a-a8df-90f2bb94afba
[35m[HTTP][39m [37m<-- GET /wd/hub/session/eaf92e3a-c237-4b0a-a8df-90f2bb94afba/element/a7351a86-66ce-4e64-b14e-9b5cdca2dbcc/location [39m[32m200[39m [90m26 ms - 79[39m
[35m[HTTP][39m [90m[39m
[35m[HTTP][39m [37m-->[39m [37mPOST[39m [37m/wd/hub/session/eaf92e3a-c237-4b0a-a8df-90f2bb94afba/timeouts[39m
[35m[HTTP][39m [90m{"implicit":30000}[39m
[35m[HTTP][39m [37m<-- POST /wd/hub/session/eaf92e3a-c237-4b0a-a8df-90f2bb94afba/timeouts [39m[32m200[39m [90m3 ms - 14[39m
[35m[HTTP][39m [90m[39m
[35m[HTTP][39m [37m-->[39m [37mPOST[39m [37m/wd/hub/session/eaf92e3a-c237-4b0a-a8df-90f2bb94afba/touch/perform[39m
[35m[HTTP][39m [90m{"actions":[{"action":"tap","options":{"x":1,"y":1,"element":"a7351a86-66ce-4e64-b14e-9b5cdca2dbcc"}},{"action":"release","options":{}}]}[39m
[35m[UiAutomator2][39m calling get location: a7351a86-66ce-4e64-b14e-9b5cdca2dbcc
[35m[HTTP][39m [37m<-- POST /wd/hub/session/eaf92e3a-c237-4b0a-a8df-90f2bb94afba/touch/perform [39m[32m200[39m [90m188 ms - 14[39m
[35m[HTTP][39m [90m[39m
[35m[HTTP][39m [37m-->[39m [37mPOST[39m [37m/wd/hub/session/eaf92e3a-c237-4b0a-a8df-90f2bb94afba/timeouts[39m
[35m[HTTP][39m [90m{"implicit":50}[39m
[35m[HTTP][39m [37m<-- POST /wd/hub/session/eaf92e3a-c237-4b0a-a8df-90f2bb94afba/timeouts [39m[32m200[39m [90m3 ms - 14[39m
[35m[HTTP][39m [90m[39m
[35m[HTTP][39m [37m-->[39m [37mGET[39m [37m/wd/hub/session/eaf92e3a-c237-4b0a-a8df-90f2bb94afba/window/rect[39m
[35m[HTTP][39m [90m{}[39m
[35m[HTTP][39m [37m<-- GET /wd/hub/session/eaf92e3a-c237-4b0a-a8df-90f2bb94afba/window/rect [39m[32m200[39m [90m21 ms - 49[39m
[35m[HTTP][39m [90m[39m
[35m[HTTP][39m [37m-->[39m [37mPOST[39m [37m/wd/hub/session/eaf92e3a-c237-4b0a-a8df-90f2bb94afba/elements[39m
[35m[HTTP][39m [90m{"using":"xpath","value":"//*[@class = 'android.widget.EditText' and (@text = 'First Name' or . = 'First Name')]"}[39m
[35m[HTTP][39m [37m<-- POST /wd/hub/session/eaf92e3a-c237-4b0a-a8df-90f2bb94afba/elements [39m[32m200[39m [90m558 ms - 139[39m
[35m[HTTP][39m [90m[39m
[35m[HTTP][39m [37m-->[39m [37mGET[39m [37m/wd/hub/session/eaf92e3a-c237-4b0a-a8df-90f2bb94afba/element/c58ce17c-126b-4871-a965-d53f89474737/location[39m
[35m[HTTP][39m [90m{}[39m
[35m[W3C (eaf92e3a)][39m Driver proxy active, passing request on via HTTP proxy
[35m[WD Proxy][39m Replacing sessionId 1e3e2953-2efb-43de-a2be-1a59a4d914c2 with eaf92e3a-c237-4b0a-a8df-90f2bb94afba
[35m[HTTP][39m [37m<-- GET /wd/hub/session/eaf92e3a-c237-4b0a-a8df-90f2bb94afba/element/c58ce17c-126b-4871-a965-d53f89474737/location [39m[32m200[39m [90m29 ms - 77[39m
[35m[HTTP][39m [90m[39m
[35m[HTTP][39m [37m-->[39m [37mPOST[39m [37m/wd/hub/session/eaf92e3a-c237-4b0a-a8df-90f2bb94afba/timeouts[39m
[35m[HTTP][39m [90m{"implicit":30000}[39m
[35m[HTTP][39m [37m<-- POST /wd/hub/session/eaf92e3a-c237-4b0a-a8df-90f2bb94afba/timeouts [39m[32m200[39m [90m3 ms - 14[39m
[35m[HTTP][39m [90m[39m
[35m[HTTP][39m [37m-->[39m [37mPOST[39m [37m/wd/hub/session/eaf92e3a-c237-4b0a-a8df-90f2bb94afba/element/c58ce17c-126b-4871-a965-d53f89474737/clear[39m
[35m[HTTP][39m [90m{"id":"c58ce17c-126b-4871-a965-d53f89474737"}[39m
[35m[HTTP][39m [37m<-- POST /wd/hub/session/eaf92e3a-c237-4b0a-a8df-90f2bb94afba/element/c58ce17c-126b-4871-a965-d53f89474737/clear [39m[32m200[39m [90m31 ms - 14[39m
[35m[HTTP][39m [90m[39m
[35m[HTTP][39m [37m-->[39m [37mPOST[39m [37m/wd/hub/session/eaf92e3a-c237-4b0a-a8df-90f2bb94afba/element/c58ce17c-126b-4871-a965-d53f89474737/value[39m
[35m[HTTP][39m [90m{"id":"c58ce17c-126b-4871-a965-d53f89474737","text":"Mu","value":["M","u"]}[39m
[35m[HTTP][39m [37m<-- POST /wd/hub/session/eaf92e3a-c237-4b0a-a8df-90f2bb94afba/element/c58ce17c-126b-4871-a965-d53f89474737/value [39m[32m200[39m [90m523 ms - 14[39m
[35m[HTTP][39m [90m[39m
[35m[HTTP][39m [37m-->[39m [37mPOST[39m [37m/wd/hub/session/eaf92e3a-c237-4b0a-a8df-90f2bb94afba/timeouts[39m
[35m[HTTP][39m [90m{"implicit":50}[39m
[35m[HTTP][39m [37m<-- POST /wd/hub/session/eaf92e3a-c237-4b0a-a8df-90f2bb94afba/timeouts [39m[32m200[39m [90m4 ms - 14[39m
[35m[HTTP][39m [90m[39m
[35m[HTTP][39m [37m-->[39m [37mGET[39m [37m/wd/hub/session/eaf92e3a-c237-4b0a-a8df-90f2bb94afba/window/rect[39m
[35m[HTTP][39m [90m{}[39m
[35m[HTTP][39m [37m<-- GET /wd/hub/session/eaf92e3a-c237-4b0a-a8df-90f2bb94afba/window/rect [39m[32m200[39m [90m26 ms - 49[39m
[35m[HTTP][39m [90m[39m
[35m[HTTP][39m [37m-->[39m [37mPOST[39m [37m/wd/hub/session/eaf92e3a-c237-4b0a-a8df-90f2bb94afba/elements[39m
[35m[HTTP][39m [90m{"using":"xpath","value":"//*[@class = 'android.widget.EditText' and (@text = 'Last Name' or . = 'Last Name')]"}[39m
[35m[HTTP][39m [37m<-- POST /wd/hub/session/eaf92e3a-c237-4b0a-a8df-90f2bb94afba/elements [39m[32m200[39m [90m430 ms - 139[39m
[35m[HTTP][39m [90m[39m
[35m[HTTP][39m [37m-->[39m [37mGET[39m [37m/wd/hub/session/eaf92e3a-c237-4b0a-a8df-90f2bb94afba/element/197a5103-4e4d-4824-b7a9-3e1d18ac8898/location[39m
[35m[HTTP][39m [90m{}[39m
[35m[W3C (eaf92e3a)][39m Driver proxy active, passing request on via HTTP proxy
[35m[WD Proxy][39m Replacing sessionId 1e3e2953-2efb-43de-a2be-1a59a4d914c2 with eaf92e3a-c237-4b0a-a8df-90f2bb94afba
[35m[HTTP][39m [37m<-- GET /wd/hub/session/eaf92e3a-c237-4b0a-a8df-90f2bb94afba/element/197a5103-4e4d-4824-b7a9-3e1d18ac8898/location [39m[32m200[39m [90m31 ms - 77[39m
[35m[HTTP][39m [90m[39m
[35m[HTTP][39m [37m-->[39m [37mPOST[39m [37m/wd/hub/session/eaf92e3a-c237-4b0a-a8df-90f2bb94afba/timeouts[39m
[35m[HTTP][39m [90m{"implicit":30000}[39m
[35m[HTTP][39m [37m<-- POST /wd/hub/session/eaf92e3a-c237-4b0a-a8df-90f2bb94afba/timeouts [39m[32m200[39m [90m2 ms - 14[39m
[35m[HTTP][39m [90m[39m
[35m[HTTP][39m [37m-->[39m [37mPOST[39m [37m/wd/hub/session/eaf92e3a-c237-4b0a-a8df-90f2bb94afba/element/197a5103-4e4d-4824-b7a9-3e1d18ac8898/clear[39m
[35m[HTTP][39m [90m{"id":"197a5103-4e4d-4824-b7a9-3e1d18ac8898"}[39m
[35m[HTTP][39m [37m<-- POST /wd/hub/session/eaf92e3a-c237-4b0a-a8df-90f2bb94afba/element/197a5103-4e4d-4824-b7a9-3e1d18ac8898/clear [39m[32m200[39m [90m38 ms - 14[39m
[35m[HTTP][39m [90m[39m
[35m[HTTP][39m [37m-->[39m [37mPOST[39m [37m/wd/hub/session/eaf92e3a-c237-4b0a-a8df-90f2bb94afba/element/197a5103-4e4d-4824-b7a9-3e1d18ac8898/value[39m
[35m[HTTP][39m [90m{"id":"197a5103-4e4d-4824-b7a9-3e1d18ac8898","text":"Ri","value":["R","i"]}[39m
[35m[HTTP][39m [37m<-- POST /wd/hub/session/eaf92e3a-c237-4b0a-a8df-90f2bb94afba/element/197a5103-4e4d-4824-b7a9-3e1d18ac8898/value [39m[32m200[39m [90m533 ms - 14[39m
[35m[HTTP][39m [90m[39m
[35m[HTTP][39m [37m-->[39m [37mGET[39m [37m/wd/hub/status[39m
[35m[HTTP][39m [90m{}[39m
[35m[HTTP][39m [37m<-- GET /wd/hub/status [39m[32m200[39m [90m2 ms - 68[39m
[35m[HTTP][39m [90m[39m
[35m[HTTP][39m [37m-->[39m [37mPOST[39m [37m/wd/hub/session[39m
[35m[HTTP][39m [90m{"desiredCapabilities":{"appActivity":".Settings","appPackage":"com.android.settings","newCommandTimeout":1800,"platformVersion":"10","automationName":"uiautomator2","autoGrantPermissions":true,"platformName":"Android","udid":"4a90dd0d","deviceName":"Xiaomi Redmi 7 (Android 10)","platform":"ANDROID","systemPort":8268},"capabilities":{"firstMatch":[{"appium:appActivity":".Settings","appium:appPackage":"com.android.settings","appium:autoGrantPermissions":true,"appium:automationName":"uiautomator2","appium:deviceName":"Xiaomi Redmi 7 (Android 10)","appium:newCommandTimeout":1800,"platform":"ANDROID","platformName":"android","appium:platformVersion":"10","appium:systemPort":8268,"appium:udid":"4a90dd0d"}]}}[39m
[35m[BaseDriver][39m The following capabilities are not standard capabilities and should have an extension prefix:
[35m[BaseDriver][39m   platform
[35m[BaseDriver][39m   chromedriverPort
[35m[Appium][39m Appium v1.21.0 creating new AndroidUiautomator2Driver (v1.65.0) session
[35m[BaseDriver][39m The following capabilities were provided, but are not recognized by Appium:
[35m[BaseDriver][39m   platform
[35m[BaseDriver][39m Session created with session id: 7cdf0693-81f8-4ceb-9b25-83214575668f
[35m[UiAutomator2][39m Starting 'com.android.settings' directly on the device
[35m[ADB][39m Using 'adb.exe' from 'C:\Users\Lenovo\.katalon\tools\android_sdk\platform-tools\adb.exe'
[35m[AndroidDriver][39m Retrieving device list
[35m[AndroidDriver][39m Using device: 4a90dd0d
[35m[ADB][39m Using 'adb.exe' from 'C:\Users\Lenovo\.katalon\tools\android_sdk\platform-tools\adb.exe'
[35m[ADB][39m Getting device platform version
[35m[UiAutomator2][39m Relaxing hidden api policy
[35m[AndroidDriver][39m No app sent in, not parsing package/activity
[35m[ADB][39m Using 'apksigner.jar' from 'C:\Users\Lenovo\.katalon\tools\android_sdk\build-tools\29.0.3\lib\apksigner.jar'
[35m[ADB][39m 'C:\Users\Lenovo\AppData\Roaming\npm\node_modules\appium\node_modules\appium-uiautomator2-server\apks\appium-uiautomator2-server-v4.21.1.apk' is signed with the default certificate
[35m[ADB][39m 'C:\Users\Lenovo\AppData\Roaming\npm\node_modules\appium\node_modules\appium-uiautomator2-server\apks\appium-uiautomator2-server-debug-androidTest.apk' is signed with the default certificate
[35m[UiAutomator2][39m Server packages are not going to be (re)installed
[35m[ADB][39m Adding packages ["io.appium.settings","io.appium.uiautomator2.server","io.appium.uiautomator2.server.test"] to Doze whitelist
[35m[UiAutomator2][39m Starting UIAutomator2 server 4.21.1
[35m[UiAutomator2][39m Using UIAutomator2 server from 'C:\Users\Lenovo\AppData\Roaming\npm\node_modules\appium\node_modules\appium-uiautomator2-server\apks\appium-uiautomator2-server-v4.21.1.apk' and test from 'C:\Users\Lenovo\AppData\Roaming\npm\node_modules\appium\node_modules\appium-uiautomator2-server\apks\appium-uiautomator2-server-debug-androidTest.apk'
[35m[UiAutomator2][39m Waiting up to 30000ms for UiAutomator2 to be online...
[35m[WD Proxy][39m socket hang up
[35m[WD Proxy][39m socket hang up
[35m[WD Proxy][39m socket hang up
[35m[WD Proxy][39m socket hang up
[35m[WD Proxy][39m Determined the downstream protocol as 'W3C'
[35m[AndroidDriver][39m Screen already unlocked, doing nothing
[35m[UiAutomator2][39m Starting 'com.android.settings/.Settings and waiting for 'com.android.settings/.Settings'
[35m[Appium][39m New AndroidUiautomator2Driver session created successfully, session 7cdf0693-81f8-4ceb-9b25-83214575668f added to master session list
[35m[HTTP][39m [37m<-- POST /wd/hub/session [39m[32m200[39m [90m14332 ms - 1136[39m
[35m[HTTP][39m [90m[39m
[35m[HTTP][39m [37m-->[39m [37mGET[39m [37m/wd/hub/session/7cdf0693-81f8-4ceb-9b25-83214575668f[39m
[35m[HTTP][39m [90m{}[39m
[35m[HTTP][39m [37m<-- GET /wd/hub/session/7cdf0693-81f8-4ceb-9b25-83214575668f [39m[32m200[39m [90m20 ms - 1090[39m
[35m[HTTP][39m [90m[39m
[35m[HTTP][39m [37m-->[39m [37mGET[39m [37m/wd/hub/session/7cdf0693-81f8-4ceb-9b25-83214575668f[39m
[35m[HTTP][39m [90m{}[39m
[35m[HTTP][39m [37m<-- GET /wd/hub/session/7cdf0693-81f8-4ceb-9b25-83214575668f [39m[32m200[39m [90m17 ms - 1090[39m
[35m[HTTP][39m [90m[39m
[35m[HTTP][39m [37m-->[39m [37mGET[39m [37m/wd/hub/status[39m
[35m[HTTP][39m [90m{}[39m
[35m[HTTP][39m [37m<-- GET /wd/hub/status [39m[32m200[39m [90m1 ms - 68[39m
[35m[HTTP][39m [90m[39m
[35m[HTTP][39m [37m-->[39m [37mPOST[39m [37m/wd/hub/session/7cdf0693-81f8-4ceb-9b25-83214575668f/timeouts[39m
[35m[HTTP][39m [90m{"implicit":30000}[39m
[35m[HTTP][39m [37m<-- POST /wd/hub/session/7cdf0693-81f8-4ceb-9b25-83214575668f/timeouts [39m[32m200[39m [90m2 ms - 14[39m
[35m[HTTP][39m [90m[39m
[35m[HTTP][39m [37m-->[39m [37mGET[39m [37m/wd/hub/session/7cdf0693-81f8-4ceb-9b25-83214575668f/screenshot[39m
[35m[HTTP][39m [90m{}[39m
[35m[HTTP][39m [37m<-- GET /wd/hub/session/7cdf0693-81f8-4ceb-9b25-83214575668f/screenshot [39m[32m200[39m [90m502 ms - 125194[39m
[35m[HTTP][39m [90m[39m
[35m[HTTP][39m [37m-->[39m [37mGET[39m [37m/wd/hub/session/7cdf0693-81f8-4ceb-9b25-83214575668f/window/rect[39m
[35m[HTTP][39m [90m{}[39m
[35m[HTTP][39m [37m<-- GET /wd/hub/session/7cdf0693-81f8-4ceb-9b25-83214575668f/window/rect [39m[32m200[39m [90m22 ms - 49[39m
[35m[HTTP][39m [90m[39m
[35m[HTTP][39m [37m-->[39m [37mGET[39m [37m/wd/hub/session/7cdf0693-81f8-4ceb-9b25-83214575668f/appium/device/system_bars[39m
[35m[HTTP][39m [90m{}[39m
[35m[HTTP][39m [37m<-- GET /wd/hub/session/7cdf0693-81f8-4ceb-9b25-83214575668f/appium/device/system_bars [39m[31m500[39m [90m153 ms - 649[39m
[35m[HTTP][39m [90m[39m
[35m[HTTP][39m [37m-->[39m [37mPOST[39m [37m/wd/hub/session/7cdf0693-81f8-4ceb-9b25-83214575668f/appium/device/activate_app[39m
[35m[HTTP][39m [90m{"bundleId":"com.swaglabsmobileapp"}[39m
[35m[HTTP][39m [37m<-- POST /wd/hub/session/7cdf0693-81f8-4ceb-9b25-83214575668f/appium/device/activate_app [39m[32m200[39m [90m844 ms - 14[39m
[35m[HTTP][39m [90m[39m
[35m[HTTP][39m [37m-->[39m [37mPOST[39m [37m/wd/hub/session/7cdf0693-81f8-4ceb-9b25-83214575668f/timeouts[39m
[35m[HTTP][39m [90m{"implicit":50}[39m
[35m[HTTP][39m [37m<-- POST /wd/hub/session/7cdf0693-81f8-4ceb-9b25-83214575668f/timeouts [39m[32m200[39m [90m2 ms - 14[39m
[35m[HTTP][39m [90m[39m
[35m[HTTP][39m [37m-->[39m [37mGET[39m [37m/wd/hub/session/7cdf0693-81f8-4ceb-9b25-83214575668f/window/rect[39m
[35m[HTTP][39m [90m{}[39m
[35m[HTTP][39m [37m<-- GET /wd/hub/session/7cdf0693-81f8-4ceb-9b25-83214575668f/window/rect [39m[32m200[39m [90m31 ms - 49[39m
[35m[HTTP][39m [90m[39m
[35m[HTTP][39m [37m-->[39m [37mPOST[39m [37m/wd/hub/session/7cdf0693-81f8-4ceb-9b25-83214575668f/elements[39m
[35m[HTTP][39m [90m{"using":"xpath","value":"//*[@class = 'android.widget.EditText' and (@text = 'Username' or . = 'Username')]"}[39m
[35m[HTTP][39m [37m<-- POST /wd/hub/session/7cdf0693-81f8-4ceb-9b25-83214575668f/elements [39m[32m200[39m [90m905 ms - 12[39m
[35m[HTTP][39m [90m[39m
[35m[HTTP][39m [37m-->[39m [37mPOST[39m [37m/wd/hub/session/7cdf0693-81f8-4ceb-9b25-83214575668f/elements[39m
[35m[HTTP][39m [90m{"using":"xpath","value":"//*[@class = 'android.widget.EditText' and (@text = 'Username' or . = 'Username')]"}[39m
[35m[HTTP][39m [37m<-- POST /wd/hub/session/7cdf0693-81f8-4ceb-9b25-83214575668f/elements [39m[32m200[39m [90m169 ms - 12[39m
[35m[HTTP][39m [90m[39m
[35m[HTTP][39m [37m-->[39m [37mPOST[39m [37m/wd/hub/session/7cdf0693-81f8-4ceb-9b25-83214575668f/elements[39m
[35m[HTTP][39m [90m{"using":"xpath","value":"//*[@class = 'android.widget.EditText' and (@text = 'Username' or . = 'Username')]"}[39m
[35m[HTTP][39m [37m<-- POST /wd/hub/session/7cdf0693-81f8-4ceb-9b25-83214575668f/elements [39m[32m200[39m [90m180 ms - 12[39m
[35m[HTTP][39m [90m[39m
[35m[HTTP][39m [37m-->[39m [37mPOST[39m [37m/wd/hub/session/7cdf0693-81f8-4ceb-9b25-83214575668f/elements[39m
[35m[HTTP][39m [90m{"using":"xpath","value":"//*[@class = 'android.widget.EditText' and (@text = 'Username' or . = 'Username')]"}[39m
[35m[HTTP][39m [37m<-- POST /wd/hub/session/7cdf0693-81f8-4ceb-9b25-83214575668f/elements [39m[32m200[39m [90m218 ms - 12[39m
[35m[HTTP][39m [90m[39m
[35m[HTTP][39m [37m-->[39m [37mPOST[39m [37m/wd/hub/session/7cdf0693-81f8-4ceb-9b25-83214575668f/elements[39m
[35m[HTTP][39m [90m{"using":"xpath","value":"//*[@class = 'android.widget.EditText' and (@text = 'Username' or . = 'Username')]"}[39m
[35m[HTTP][39m [37m<-- POST /wd/hub/session/7cdf0693-81f8-4ceb-9b25-83214575668f/elements [39m[32m200[39m [90m254 ms - 12[39m
[35m[HTTP][39m [90m[39m
[35m[HTTP][39m [37m-->[39m [37mPOST[39m [37m/wd/hub/session/7cdf0693-81f8-4ceb-9b25-83214575668f/elements[39m
[35m[HTTP][39m [90m{"using":"xpath","value":"//*[@class = 'android.widget.EditText' and (@text = 'Username' or . = 'Username')]"}[39m
[35m[HTTP][39m [37m<-- POST /wd/hub/session/7cdf0693-81f8-4ceb-9b25-83214575668f/elements [39m[32m200[39m [90m652 ms - 12[39m
[35m[HTTP][39m [90m[39m
[35m[HTTP][39m [37m-->[39m [37mPOST[39m [37m/wd/hub/session/7cdf0693-81f8-4ceb-9b25-83214575668f/elements[39m
[35m[HTTP][39m [90m{"using":"xpath","value":"//*[@class = 'android.widget.EditText' and (@text = 'Username' or . = 'Username')]"}[39m
[35m[HTTP][39m [37m<-- POST /wd/hub/session/7cdf0693-81f8-4ceb-9b25-83214575668f/elements [39m[32m200[39m [90m160 ms - 12[39m
[35m[HTTP][39m [90m[39m
[35m[HTTP][39m [37m-->[39m [37mPOST[39m [37m/wd/hub/session/7cdf0693-81f8-4ceb-9b25-83214575668f/elements[39m
[35m[HTTP][39m [90m{"using":"xpath","value":"//*[@class = 'android.widget.EditText' and (@text = 'Username' or . = 'Username')]"}[39m
[35m[HTTP][39m [37m<-- POST /wd/hub/session/7cdf0693-81f8-4ceb-9b25-83214575668f/elements [39m[32m200[39m [90m156 ms - 12[39m
[35m[HTTP][39m [90m[39m
[35m[HTTP][39m [37m-->[39m [37mPOST[39m [37m/wd/hub/session/7cdf0693-81f8-4ceb-9b25-83214575668f/elements[39m
[35m[HTTP][39m [90m{"using":"xpath","value":"//*[@class = 'android.widget.EditText' and (@text = 'Username' or . = 'Username')]"}[39m
[35m[HTTP][39m [37m<-- POST /wd/hub/session/7cdf0693-81f8-4ceb-9b25-83214575668f/elements [39m[32m200[39m [90m132 ms - 12[39m
[35m[HTTP][39m [90m[39m
[35m[HTTP][39m [37m-->[39m [37mPOST[39m [37m/wd/hub/session/7cdf0693-81f8-4ceb-9b25-83214575668f/elements[39m
[35m[HTTP][39m [90m{"using":"xpath","value":"//*[@class = 'android.widget.EditText' and (@text = 'Username' or . = 'Username')]"}[39m
[35m[HTTP][39m [37m<-- POST /wd/hub/session/7cdf0693-81f8-4ceb-9b25-83214575668f/elements [39m[32m200[39m [90m113 ms - 12[39m
[35m[HTTP][39m [90m[39m
[35m[HTTP][39m [37m-->[39m [37mPOST[39m [37m/wd/hub/session/7cdf0693-81f8-4ceb-9b25-83214575668f/elements[39m
[35m[HTTP][39m [90m{"using":"xpath","value":"//*[@class = 'android.widget.EditText' and (@text = 'Username' or . = 'Username')]"}[39m
[35m[HTTP][39m [37m<-- POST /wd/hub/session/7cdf0693-81f8-4ceb-9b25-83214575668f/elements [39m[32m200[39m [90m125 ms - 12[39m
[35m[HTTP][39m [90m[39m
[35m[HTTP][39m [37m-->[39m [37mPOST[39m [37m/wd/hub/session/7cdf0693-81f8-4ceb-9b25-83214575668f/elements[39m
[35m[HTTP][39m [90m{"using":"xpath","value":"//*[@class = 'android.widget.EditText' and (@text = 'Username' or . = 'Username')]"}[39m
[35m[HTTP][39m [37m<-- POST /wd/hub/session/7cdf0693-81f8-4ceb-9b25-83214575668f/elements [39m[32m200[39m [90m123 ms - 12[39m
[35m[HTTP][39m [90m[39m
[35m[HTTP][39m [37m-->[39m [37mPOST[39m [37m/wd/hub/session/7cdf0693-81f8-4ceb-9b25-83214575668f/elements[39m
[35m[HTTP][39m [90m{"using":"xpath","value":"//*[@class = 'android.widget.EditText' and (@text = 'Username' or . = 'Username')]"}[39m
[35m[HTTP][39m [37m<-- POST /wd/hub/session/7cdf0693-81f8-4ceb-9b25-83214575668f/elements [39m[32m200[39m [90m156 ms - 12[39m
[35m[HTTP][39m [90m[39m
[35m[HTTP][39m [37m-->[39m [37mPOST[39m [37m/wd/hub/session/7cdf0693-81f8-4ceb-9b25-83214575668f/elements[39m
[35m[HTTP][39m [90m{"using":"xpath","value":"//*[@class = 'android.widget.EditText' and (@text = 'Username' or . = 'Username')]"}[39m
[35m[HTTP][39m [37m<-- POST /wd/hub/session/7cdf0693-81f8-4ceb-9b25-83214575668f/elements [39m[32m200[39m [90m144 ms - 12[39m
[35m[HTTP][39m [90m[39m
[35m[HTTP][39m [37m-->[39m [37mPOST[39m [37m/wd/hub/session/7cdf0693-81f8-4ceb-9b25-83214575668f/elements[39m
[35m[HTTP][39m [90m{"using":"xpath","value":"//*[@class = 'android.widget.EditText' and (@text = 'Username' or . = 'Username')]"}[39m
[35m[HTTP][39m [37m<-- POST /wd/hub/session/7cdf0693-81f8-4ceb-9b25-83214575668f/elements [39m[32m200[39m [90m161 ms - 12[39m
[35m[HTTP][39m [90m[39m
[35m[HTTP][39m [37m-->[39m [37mPOST[39m [37m/wd/hub/session/7cdf0693-81f8-4ceb-9b25-83214575668f/elements[39m
[35m[HTTP][39m [90m{"using":"xpath","value":"//*[@class = 'android.widget.EditText' and (@text = 'Username' or . = 'Username')]"}[39m
[35m[HTTP][39m [37m<-- POST /wd/hub/session/7cdf0693-81f8-4ceb-9b25-83214575668f/elements [39m[32m200[39m [90m169 ms - 12[39m
[35m[HTTP][39m [90m[39m
[35m[HTTP][39m [37m-->[39m [37mPOST[39m [37m/wd/hub/session/7cdf0693-81f8-4ceb-9b25-83214575668f/elements[39m
[35m[HTTP][39m [90m{"using":"xpath","value":"//*[@class = 'android.widget.EditText' and (@text = 'Username' or . = 'Username')]"}[39m
[35m[HTTP][39m [37m<-- POST /wd/hub/session/7cdf0693-81f8-4ceb-9b25-83214575668f/elements [39m[32m200[39m [90m145 ms - 12[39m
[35m[HTTP][39m [90m[39m
[35m[HTTP][39m [37m-->[39m [37mPOST[39m [37m/wd/hub/session/7cdf0693-81f8-4ceb-9b25-83214575668f/elements[39m
[35m[HTTP][39m [90m{"using":"xpath","value":"//*[@class = 'android.widget.EditText' and (@text = 'Username' or . = 'Username')]"}[39m
[35m[HTTP][39m [37m<-- POST /wd/hub/session/7cdf0693-81f8-4ceb-9b25-83214575668f/elements [39m[32m200[39m [90m568 ms - 12[39m
[35m[HTTP][39m [90m[39m
[35m[HTTP][39m [37m-->[39m [37mPOST[39m [37m/wd/hub/session/7cdf0693-81f8-4ceb-9b25-83214575668f/elements[39m
[35m[HTTP][39m [90m{"using":"xpath","value":"//*[@class = 'android.widget.EditText' and (@text = 'Username' or . = 'Username')]"}[39m
[35m[HTTP][39m [37m<-- POST /wd/hub/session/7cdf0693-81f8-4ceb-9b25-83214575668f/elements [39m[32m200[39m [90m135 ms - 12[39m
[35m[HTTP][39m [90m[39m
[35m[HTTP][39m [37m-->[39m [37mPOST[39m [37m/wd/hub/session/7cdf0693-81f8-4ceb-9b25-83214575668f/elements[39m
[35m[HTTP][39m [90m{"using":"xpath","value":"//*[@class = 'android.widget.EditText' and (@text = 'Username' or . = 'Username')]"}[39m
[35m[HTTP][39m [37m<-- POST /wd/hub/session/7cdf0693-81f8-4ceb-9b25-83214575668f/elements [39m[32m200[39m [90m617 ms - 12[39m
[35m[HTTP][39m [90m[39m
[35m[HTTP][39m [37m-->[39m [37mPOST[39m [37m/wd/hub/session/7cdf0693-81f8-4ceb-9b25-83214575668f/elements[39m
[35m[HTTP][39m [90m{"using":"xpath","value":"//*[@class = 'android.widget.EditText' and (@text = 'Username' or . = 'Username')]"}[39m
[35m[HTTP][39m [37m<-- POST /wd/hub/session/7cdf0693-81f8-4ceb-9b25-83214575668f/elements [39m[32m200[39m [90m136 ms - 12[39m
[35m[HTTP][39m [90m[39m
[35m[HTTP][39m [37m-->[39m [37mPOST[39m [37m/wd/hub/session/7cdf0693-81f8-4ceb-9b25-83214575668f/elements[39m
[35m[HTTP][39m [90m{"using":"xpath","value":"//*[@class = 'android.widget.EditText' and (@text = 'Username' or . = 'Username')]"}[39m
[35m[HTTP][39m [37m<-- POST /wd/hub/session/7cdf0693-81f8-4ceb-9b25-83214575668f/elements [39m[32m200[39m [90m129 ms - 12[39m
[35m[HTTP][39m [90m[39m
[35m[HTTP][39m [37m-->[39m [37mPOST[39m [37m/wd/hub/session/7cdf0693-81f8-4ceb-9b25-83214575668f/elements[39m
[35m[HTTP][39m [90m{"using":"xpath","value":"//*[@class = 'android.widget.EditText' and (@text = 'Username' or . = 'Username')]"}[39m
[35m[HTTP][39m [37m<-- POST /wd/hub/session/7cdf0693-81f8-4ceb-9b25-83214575668f/elements [39m[32m200[39m [90m132 ms - 12[39m
[35m[HTTP][39m [90m[39m
[35m[HTTP][39m [37m-->[39m [37mPOST[39m [37m/wd/hub/session/7cdf0693-81f8-4ceb-9b25-83214575668f/elements[39m
[35m[HTTP][39m [90m{"using":"xpath","value":"//*[@class = 'android.widget.EditText' and (@text = 'Username' or . = 'Username')]"}[39m
[35m[HTTP][39m [37m<-- POST /wd/hub/session/7cdf0693-81f8-4ceb-9b25-83214575668f/elements [39m[32m200[39m [90m129 ms - 12[39m
[35m[HTTP][39m [90m[39m
[35m[HTTP][39m [37m-->[39m [37mPOST[39m [37m/wd/hub/session/7cdf0693-81f8-4ceb-9b25-83214575668f/elements[39m
[35m[HTTP][39m [90m{"using":"xpath","value":"//*[@class = 'android.widget.EditText' and (@text = 'Username' or . = 'Username')]"}[39m
[35m[HTTP][39m [37m<-- POST /wd/hub/session/7cdf0693-81f8-4ceb-9b25-83214575668f/elements [39m[32m200[39m [90m127 ms - 12[39m
[35m[HTTP][39m [90m[39m
[35m[HTTP][39m [37m-->[39m [37mPOST[39m [37m/wd/hub/session/7cdf0693-81f8-4ceb-9b25-83214575668f/elements[39m
[35m[HTTP][39m [90m{"using":"xpath","value":"//*[@class = 'android.widget.EditText' and (@text = 'Username' or . = 'Username')]"}[39m
[35m[HTTP][39m [37m<-- POST /wd/hub/session/7cdf0693-81f8-4ceb-9b25-83214575668f/elements [39m[32m200[39m [90m137 ms - 12[39m
[35m[HTTP][39m [90m[39m
[35m[HTTP][39m [37m-->[39m [37mPOST[39m [37m/wd/hub/session/7cdf0693-81f8-4ceb-9b25-83214575668f/elements[39m
[35m[HTTP][39m [90m{"using":"xpath","value":"//*[@class = 'android.widget.EditText' and (@text = 'Username' or . = 'Username')]"}[39m
[35m[HTTP][39m [37m<-- POST /wd/hub/session/7cdf0693-81f8-4ceb-9b25-83214575668f/elements [39m[32m200[39m [90m137 ms - 12[39m
[35m[HTTP][39m [90m[39m
[35m[HTTP][39m [37m-->[39m [37mPOST[39m [37m/wd/hub/session/7cdf0693-81f8-4ceb-9b25-83214575668f/elements[39m
[35m[HTTP][39m [90m{"using":"xpath","value":"//*[@class = 'android.widget.EditText' and (@text = 'Username' or . = 'Username')]"}[39m
[35m[HTTP][39m [37m<-- POST /wd/hub/session/7cdf0693-81f8-4ceb-9b25-83214575668f/elements [39m[32m200[39m [90m131 ms - 12[39m
[35m[HTTP][39m [90m[39m
[35m[HTTP][39m [37m-->[39m [37mPOST[39m [37m/wd/hub/session/7cdf0693-81f8-4ceb-9b25-83214575668f/elements[39m
[35m[HTTP][39m [90m{"using":"xpath","value":"//*[@class = 'android.widget.EditText' and (@text = 'Username' or . = 'Username')]"}[39m
[35m[HTTP][39m [37m<-- POST /wd/hub/session/7cdf0693-81f8-4ceb-9b25-83214575668f/elements [39m[32m200[39m [90m123 ms - 12[39m
[35m[HTTP][39m [90m[39m
[35m[HTTP][39m [37m-->[39m [37mPOST[39m [37m/wd/hub/session/7cdf0693-81f8-4ceb-9b25-83214575668f/elements[39m
[35m[HTTP][39m [90m{"using":"xpath","value":"//*[@class = 'android.widget.EditText' and (@text = 'Username' or . = 'Username')]"}[39m
[35m[HTTP][39m [37m<-- POST /wd/hub/session/7cdf0693-81f8-4ceb-9b25-83214575668f/elements [39m[32m200[39m [90m132 ms - 12[39m
[35m[HTTP][39m [90m[39m
[35m[HTTP][39m [37m-->[39m [37mPOST[39m [37m/wd/hub/session/7cdf0693-81f8-4ceb-9b25-83214575668f/elements[39m
[35m[HTTP][39m [90m{"using":"xpath","value":"//*[@class = 'android.widget.EditText' and (@text = 'Username' or . = 'Username')]"}[39m
[35m[HTTP][39m [37m<-- POST /wd/hub/session/7cdf0693-81f8-4ceb-9b25-83214575668f/elements [39m[32m-[39m [90m- ms - -[39m
[35m[HTTP][39m [90m[39m
[35m[BaseDriver][39m Shutting down because we waited 1800 seconds for a command
[35m[Appium][39m Closing session, cause was 'New Command Timeout of 1800 seconds expired. Try customizing the timeout using the 'newCommandTimeout' desired capability'
[35m[Appium][39m Removing session 'eaf92e3a-c237-4b0a-a8df-90f2bb94afba' from our master session list
[35m[UiAutomator2][39m Did not get confirmation UiAutomator2 deleteSession worked; Error was: UnknownError: An unknown server-side error occurred while processing the command. Original error: 'DELETE /' cannot be proxied to UiAutomator2 server because the instrumentation process is not running (probably crashed). Check the server log and/or the logcat output for more details
[35m[UiAutomator2][39m Restoring hidden api policy to the device default configuration
[35m[BaseDriver][39m Shutting down because we waited 1800 seconds for a command
[35m[Appium][39m Closing session, cause was 'New Command Timeout of 1800 seconds expired. Try customizing the timeout using the 'newCommandTimeout' desired capability'
[35m[Appium][39m Removing session '7cdf0693-81f8-4ceb-9b25-83214575668f' from our master session list
[35m[UiAutomator2][39m Did not get confirmation UiAutomator2 deleteSession worked; Error was: UnknownError: An unknown server-side error occurred while processing the command. Original error: 'DELETE /' cannot be proxied to UiAutomator2 server because the instrumentation process is not running (probably crashed). Check the server log and/or the logcat output for more details
[35m[UiAutomator2][39m Restoring hidden api policy to the device default configuration
