[35m[Appium][39m Welcome to Appium v1.21.0
[35m[Appium][39m Non-default server args:
[35m[Appium][39m   port: 64964
[35m[Appium][39m   loglevel: info
[35m[Appium][39m   tmpDir: C:\Users\Lenovo\AppData\Local\Temp\\Katalon\Appium\Temp1645005265633
[35m[Appium][39m   chromedriverPort: 64965
[35m[Appium][39m Deprecated server args:
[35m[Appium][39m   [31m--chromedriver-port[39m => --default-capabilities
[35m[Appium][39m Default capabilities, which will be added to each request unless overridden by desired capabilities:
[35m[Appium][39m   chromedriverPort: 64965
[35m[Appium][39m Appium REST http interface listener started on 0.0.0.0:64964
[35m[HTTP][39m [37m-->[39m [37mGET[39m [37m/wd/hub/status[39m
[35m[HTTP][39m [90m{}[39m
[35m[HTTP][39m [37m<-- GET /wd/hub/status [39m[32m200[39m [90m17 ms - 68[39m
[35m[HTTP][39m [90m[39m
[35m[HTTP][39m [37m-->[39m [37mPOST[39m [37m/wd/hub/session[39m
[35m[HTTP][39m [90m{"desiredCapabilities":{"appActivity":".Settings","appPackage":"com.android.settings","newCommandTimeout":1800,"platformVersion":"10","automationName":"uiautomator2","autoGrantPermissions":true,"platformName":"Android","udid":"4a90dd0d","deviceName":"Xiaomi Redmi 7 (Android 10)","platform":"ANDROID","systemPort":8275},"capabilities":{"firstMatch":[{"appium:appActivity":".Settings","appium:appPackage":"com.android.settings","appium:autoGrantPermissions":true,"appium:automationName":"uiautomator2","appium:deviceName":"Xiaomi Redmi 7 (Android 10)","appium:newCommandTimeout":1800,"platform":"ANDROID","platformName":"android","appium:platformVersion":"10","appium:systemPort":8275,"appium:udid":"4a90dd0d"}]}}[39m
[35m[BaseDriver][39m The following capabilities are not standard capabilities and should have an extension prefix:
[35m[BaseDriver][39m   platform
[35m[BaseDriver][39m   chromedriverPort
[35m[Appium][39m Appium v1.21.0 creating new AndroidUiautomator2Driver (v1.65.0) session
[35m[BaseDriver][39m The following capabilities were provided, but are not recognized by Appium:
[35m[BaseDriver][39m   platform
[35m[BaseDriver][39m Session created with session id: eb947270-aa95-4a61-9cda-6ca20b73f1b5
[35m[UiAutomator2][39m Starting 'com.android.settings' directly on the device
[35m[ADB][39m Found 1 'build-tools' folders under 'C:\Users\Lenovo\.katalon\tools\android_sdk' (newest first):
[35m[ADB][39m     C:/Users/Lenovo/.katalon/tools/android_sdk/build-tools/29.0.3
[35m[ADB][39m Using 'adb.exe' from 'C:\Users\Lenovo\.katalon\tools\android_sdk\platform-tools\adb.exe'
[35m[AndroidDriver][39m Retrieving device list
[35m[AndroidDriver][39m Using device: 4a90dd0d
[35m[ADB][39m Using 'adb.exe' from 'C:\Users\Lenovo\.katalon\tools\android_sdk\platform-tools\adb.exe'
[35m[ADB][39m Getting device platform version
[35m[UiAutomator2][39m Relaxing hidden api policy
[35m[AndroidDriver][39m No app sent in, not parsing package/activity
[35m[ADB][39m Using 'apksigner.jar' from 'C:\Users\Lenovo\.katalon\tools\android_sdk\build-tools\29.0.3\lib\apksigner.jar'
[35m[ADB][39m 'C:\Users\Lenovo\AppData\Roaming\npm\node_modules\appium\node_modules\appium-uiautomator2-server\apks\appium-uiautomator2-server-v4.21.1.apk' is signed with the default certificate
[35m[ADB][39m 'C:\Users\Lenovo\AppData\Roaming\npm\node_modules\appium\node_modules\appium-uiautomator2-server\apks\appium-uiautomator2-server-debug-androidTest.apk' is signed with the default certificate
[35m[UiAutomator2][39m Server packages are not going to be (re)installed
[35m[ADB][39m Adding packages ["io.appium.settings","io.appium.uiautomator2.server","io.appium.uiautomator2.server.test"] to Doze whitelist
[35m[UiAutomator2][39m Starting UIAutomator2 server 4.21.1
[35m[UiAutomator2][39m Using UIAutomator2 server from 'C:\Users\Lenovo\AppData\Roaming\npm\node_modules\appium\node_modules\appium-uiautomator2-server\apks\appium-uiautomator2-server-v4.21.1.apk' and test from 'C:\Users\Lenovo\AppData\Roaming\npm\node_modules\appium\node_modules\appium-uiautomator2-server\apks\appium-uiautomator2-server-debug-androidTest.apk'
[35m[UiAutomator2][39m Waiting up to 30000ms for UiAutomator2 to be online...
[35m[WD Proxy][39m socket hang up
[35m[WD Proxy][39m socket hang up
[35m[WD Proxy][39m socket hang up
[35m[WD Proxy][39m socket hang up
[35m[WD Proxy][39m Determined the downstream protocol as 'W3C'
[35m[AndroidDriver][39m Screen already unlocked, doing nothing
[35m[UiAutomator2][39m Starting 'com.android.settings/.Settings and waiting for 'com.android.settings/.Settings'
[35m[Appium][39m New AndroidUiautomator2Driver session created successfully, session eb947270-aa95-4a61-9cda-6ca20b73f1b5 added to master session list
[35m[HTTP][39m [37m<-- POST /wd/hub/session [39m[32m200[39m [90m14923 ms - 1136[39m
[35m[HTTP][39m [90m[39m
[35m[HTTP][39m [37m-->[39m [37mGET[39m [37m/wd/hub/session/eb947270-aa95-4a61-9cda-6ca20b73f1b5[39m
[35m[HTTP][39m [90m{}[39m
[35m[HTTP][39m [37m<-- GET /wd/hub/session/eb947270-aa95-4a61-9cda-6ca20b73f1b5 [39m[32m200[39m [90m22 ms - 1090[39m
[35m[HTTP][39m [90m[39m
[35m[HTTP][39m [37m-->[39m [37mGET[39m [37m/wd/hub/session/eb947270-aa95-4a61-9cda-6ca20b73f1b5[39m
[35m[HTTP][39m [90m{}[39m
[35m[HTTP][39m [37m<-- GET /wd/hub/session/eb947270-aa95-4a61-9cda-6ca20b73f1b5 [39m[32m200[39m [90m20 ms - 1090[39m
[35m[HTTP][39m [90m[39m
[35m[HTTP][39m [37m-->[39m [37mGET[39m [37m/wd/hub/status[39m
[35m[HTTP][39m [90m{}[39m
[35m[HTTP][39m [37m<-- GET /wd/hub/status [39m[32m200[39m [90m2 ms - 68[39m
[35m[HTTP][39m [90m[39m
[35m[HTTP][39m [37m-->[39m [37mPOST[39m [37m/wd/hub/session/eb947270-aa95-4a61-9cda-6ca20b73f1b5/timeouts[39m
[35m[HTTP][39m [90m{"implicit":30000}[39m
[35m[HTTP][39m [37m<-- POST /wd/hub/session/eb947270-aa95-4a61-9cda-6ca20b73f1b5/timeouts [39m[32m200[39m [90m6 ms - 14[39m
[35m[HTTP][39m [90m[39m
[35m[HTTP][39m [37m-->[39m [37mGET[39m [37m/wd/hub/session/eb947270-aa95-4a61-9cda-6ca20b73f1b5/screenshot[39m
[35m[HTTP][39m [90m{}[39m
[35m[HTTP][39m [37m<-- GET /wd/hub/session/eb947270-aa95-4a61-9cda-6ca20b73f1b5/screenshot [39m[32m200[39m [90m641 ms - 126106[39m
[35m[HTTP][39m [90m[39m
[35m[HTTP][39m [37m-->[39m [37mGET[39m [37m/wd/hub/session/eb947270-aa95-4a61-9cda-6ca20b73f1b5/window/rect[39m
[35m[HTTP][39m [90m{}[39m
[35m[HTTP][39m [37m<-- GET /wd/hub/session/eb947270-aa95-4a61-9cda-6ca20b73f1b5/window/rect [39m[32m200[39m [90m56 ms - 49[39m
[35m[HTTP][39m [90m[39m
[35m[HTTP][39m [37m-->[39m [37mGET[39m [37m/wd/hub/session/eb947270-aa95-4a61-9cda-6ca20b73f1b5/appium/device/system_bars[39m
[35m[HTTP][39m [90m{}[39m
[35m[HTTP][39m [37m<-- GET /wd/hub/session/eb947270-aa95-4a61-9cda-6ca20b73f1b5/appium/device/system_bars [39m[31m500[39m [90m338 ms - 649[39m
[35m[HTTP][39m [90m[39m
[35m[HTTP][39m [37m-->[39m [37mPOST[39m [37m/wd/hub/session/eb947270-aa95-4a61-9cda-6ca20b73f1b5/appium/device/activate_app[39m
[35m[HTTP][39m [90m{"bundleId":"com.swaglabsmobileapp"}[39m
[35m[HTTP][39m [37m<-- POST /wd/hub/session/eb947270-aa95-4a61-9cda-6ca20b73f1b5/appium/device/activate_app [39m[32m200[39m [90m759 ms - 14[39m
[35m[HTTP][39m [90m[39m
[35m[HTTP][39m [37m-->[39m [37mPOST[39m [37m/wd/hub/session/eb947270-aa95-4a61-9cda-6ca20b73f1b5/timeouts[39m
[35m[HTTP][39m [90m{"implicit":50}[39m
[35m[HTTP][39m [37m<-- POST /wd/hub/session/eb947270-aa95-4a61-9cda-6ca20b73f1b5/timeouts [39m[32m200[39m [90m6 ms - 14[39m
[35m[HTTP][39m [90m[39m
[35m[HTTP][39m [37m-->[39m [37mGET[39m [37m/wd/hub/session/eb947270-aa95-4a61-9cda-6ca20b73f1b5/window/rect[39m
[35m[HTTP][39m [90m{}[39m
[35m[HTTP][39m [37m<-- GET /wd/hub/session/eb947270-aa95-4a61-9cda-6ca20b73f1b5/window/rect [39m[32m200[39m [90m35 ms - 49[39m
[35m[HTTP][39m [90m[39m
[35m[HTTP][39m [37m-->[39m [37mPOST[39m [37m/wd/hub/session/eb947270-aa95-4a61-9cda-6ca20b73f1b5/elements[39m
[35m[HTTP][39m [90m{"using":"xpath","value":"//*[@class = 'android.widget.EditText' and (@text = 'Username' or . = 'Username')]"}[39m
[35m[HTTP][39m [37m<-- POST /wd/hub/session/eb947270-aa95-4a61-9cda-6ca20b73f1b5/elements [39m[32m200[39m [90m748 ms - 12[39m
[35m[HTTP][39m [90m[39m
[35m[HTTP][39m [37m-->[39m [37mPOST[39m [37m/wd/hub/session/eb947270-aa95-4a61-9cda-6ca20b73f1b5/elements[39m
[35m[HTTP][39m [90m{"using":"xpath","value":"//*[@class = 'android.widget.EditText' and (@text = 'Username' or . = 'Username')]"}[39m
[35m[HTTP][39m [37m<-- POST /wd/hub/session/eb947270-aa95-4a61-9cda-6ca20b73f1b5/elements [39m[32m200[39m [90m202 ms - 12[39m
[35m[HTTP][39m [90m[39m
[35m[HTTP][39m [37m-->[39m [37mPOST[39m [37m/wd/hub/session/eb947270-aa95-4a61-9cda-6ca20b73f1b5/elements[39m
[35m[HTTP][39m [90m{"using":"xpath","value":"//*[@class = 'android.widget.EditText' and (@text = 'Username' or . = 'Username')]"}[39m
[35m[HTTP][39m [37m<-- POST /wd/hub/session/eb947270-aa95-4a61-9cda-6ca20b73f1b5/elements [39m[32m200[39m [90m1821 ms - 139[39m
[35m[HTTP][39m [90m[39m
[35m[HTTP][39m [37m-->[39m [37mGET[39m [37m/wd/hub/session/eb947270-aa95-4a61-9cda-6ca20b73f1b5/element/05f49796-8957-438c-a8a6-a2bb2157a6dd/location[39m
[35m[HTTP][39m [90m{}[39m
[35m[W3C (eb947270)][39m Driver proxy active, passing request on via HTTP proxy
[35m[WD Proxy][39m Replacing sessionId 7a78b1c9-942b-4159-b0ed-df9d27484ab9 with eb947270-aa95-4a61-9cda-6ca20b73f1b5
[35m[HTTP][39m [37m<-- GET /wd/hub/session/eb947270-aa95-4a61-9cda-6ca20b73f1b5/element/05f49796-8957-438c-a8a6-a2bb2157a6dd/location [39m[32m200[39m [90m35 ms - 77[39m
[35m[HTTP][39m [90m[39m
[35m[HTTP][39m [37m-->[39m [37mPOST[39m [37m/wd/hub/session/eb947270-aa95-4a61-9cda-6ca20b73f1b5/timeouts[39m
[35m[HTTP][39m [90m{"implicit":30000}[39m
[35m[HTTP][39m [37m<-- POST /wd/hub/session/eb947270-aa95-4a61-9cda-6ca20b73f1b5/timeouts [39m[32m200[39m [90m2 ms - 14[39m
[35m[HTTP][39m [90m[39m
[35m[HTTP][39m [37m-->[39m [37mPOST[39m [37m/wd/hub/session/eb947270-aa95-4a61-9cda-6ca20b73f1b5/element/05f49796-8957-438c-a8a6-a2bb2157a6dd/clear[39m
[35m[HTTP][39m [90m{"id":"05f49796-8957-438c-a8a6-a2bb2157a6dd"}[39m
[35m[HTTP][39m [37m<-- POST /wd/hub/session/eb947270-aa95-4a61-9cda-6ca20b73f1b5/element/05f49796-8957-438c-a8a6-a2bb2157a6dd/clear [39m[32m200[39m [90m64 ms - 14[39m
[35m[HTTP][39m [90m[39m
[35m[HTTP][39m [37m-->[39m [37mPOST[39m [37m/wd/hub/session/eb947270-aa95-4a61-9cda-6ca20b73f1b5/element/05f49796-8957-438c-a8a6-a2bb2157a6dd/value[39m
[35m[HTTP][39m [90m{"id":"05f49796-8957-438c-a8a6-a2bb2157a6dd","text":"standard_user","value":["s","t","a","n","d","a","r","d","_","u","s","e","r"]}[39m
[35m[HTTP][39m [37m<-- POST /wd/hub/session/eb947270-aa95-4a61-9cda-6ca20b73f1b5/element/05f49796-8957-438c-a8a6-a2bb2157a6dd/value [39m[32m200[39m [90m1836 ms - 14[39m
[35m[HTTP][39m [90m[39m
[35m[HTTP][39m [37m-->[39m [37mPOST[39m [37m/wd/hub/session/eb947270-aa95-4a61-9cda-6ca20b73f1b5/timeouts[39m
[35m[HTTP][39m [90m{"implicit":50}[39m
[35m[HTTP][39m [37m<-- POST /wd/hub/session/eb947270-aa95-4a61-9cda-6ca20b73f1b5/timeouts [39m[32m200[39m [90m3 ms - 14[39m
[35m[HTTP][39m [90m[39m
[35m[HTTP][39m [37m-->[39m [37mGET[39m [37m/wd/hub/session/eb947270-aa95-4a61-9cda-6ca20b73f1b5/window/rect[39m
[35m[HTTP][39m [90m{}[39m
[35m[HTTP][39m [37m<-- GET /wd/hub/session/eb947270-aa95-4a61-9cda-6ca20b73f1b5/window/rect [39m[32m200[39m [90m55 ms - 49[39m
[35m[HTTP][39m [90m[39m
[35m[HTTP][39m [37m-->[39m [37mPOST[39m [37m/wd/hub/session/eb947270-aa95-4a61-9cda-6ca20b73f1b5/elements[39m
[35m[HTTP][39m [90m{"using":"xpath","value":"//*[@class = 'android.widget.EditText' and (@text = 'Password' or . = 'Password')]"}[39m
[35m[HTTP][39m [37m<-- POST /wd/hub/session/eb947270-aa95-4a61-9cda-6ca20b73f1b5/elements [39m[32m200[39m [90m1797 ms - 139[39m
[35m[HTTP][39m [90m[39m
[35m[HTTP][39m [37m-->[39m [37mGET[39m [37m/wd/hub/session/eb947270-aa95-4a61-9cda-6ca20b73f1b5/element/06d94777-25a8-4c06-9798-5c32bcea7b64/location[39m
[35m[HTTP][39m [90m{}[39m
[35m[W3C (eb947270)][39m Driver proxy active, passing request on via HTTP proxy
[35m[WD Proxy][39m Replacing sessionId 7a78b1c9-942b-4159-b0ed-df9d27484ab9 with eb947270-aa95-4a61-9cda-6ca20b73f1b5
[35m[HTTP][39m [37m<-- GET /wd/hub/session/eb947270-aa95-4a61-9cda-6ca20b73f1b5/element/06d94777-25a8-4c06-9798-5c32bcea7b64/location [39m[32m200[39m [90m59 ms - 77[39m
[35m[HTTP][39m [90m[39m
[35m[HTTP][39m [37m-->[39m [37mPOST[39m [37m/wd/hub/session/eb947270-aa95-4a61-9cda-6ca20b73f1b5/timeouts[39m
[35m[HTTP][39m [90m{"implicit":30000}[39m
[35m[HTTP][39m [37m<-- POST /wd/hub/session/eb947270-aa95-4a61-9cda-6ca20b73f1b5/timeouts [39m[32m200[39m [90m3 ms - 14[39m
[35m[HTTP][39m [90m[39m
[35m[HTTP][39m [37m-->[39m [37mPOST[39m [37m/wd/hub/session/eb947270-aa95-4a61-9cda-6ca20b73f1b5/element/06d94777-25a8-4c06-9798-5c32bcea7b64/clear[39m
[35m[HTTP][39m [90m{"id":"06d94777-25a8-4c06-9798-5c32bcea7b64"}[39m
[35m[HTTP][39m [37m<-- POST /wd/hub/session/eb947270-aa95-4a61-9cda-6ca20b73f1b5/element/06d94777-25a8-4c06-9798-5c32bcea7b64/clear [39m[32m200[39m [90m56 ms - 14[39m
[35m[HTTP][39m [90m[39m
[35m[HTTP][39m [37m-->[39m [37mPOST[39m [37m/wd/hub/session/eb947270-aa95-4a61-9cda-6ca20b73f1b5/element/06d94777-25a8-4c06-9798-5c32bcea7b64/value[39m
[35m[HTTP][39m [90m{"id":"06d94777-25a8-4c06-9798-5c32bcea7b64","text":"secret_sauce","value":["s","e","c","r","e","t","_","s","a","u","c","e"]}[39m
[35m[HTTP][39m [37m<-- POST /wd/hub/session/eb947270-aa95-4a61-9cda-6ca20b73f1b5/element/06d94777-25a8-4c06-9798-5c32bcea7b64/value [39m[32m200[39m [90m1028 ms - 14[39m
[35m[HTTP][39m [90m[39m
[35m[HTTP][39m [37m-->[39m [37mPOST[39m [37m/wd/hub/session/eb947270-aa95-4a61-9cda-6ca20b73f1b5/timeouts[39m
[35m[HTTP][39m [90m{"implicit":50}[39m
[35m[HTTP][39m [37m<-- POST /wd/hub/session/eb947270-aa95-4a61-9cda-6ca20b73f1b5/timeouts [39m[32m200[39m [90m3 ms - 14[39m
[35m[HTTP][39m [90m[39m
[35m[HTTP][39m [37m-->[39m [37mGET[39m [37m/wd/hub/session/eb947270-aa95-4a61-9cda-6ca20b73f1b5/window/rect[39m
[35m[HTTP][39m [90m{}[39m
[35m[HTTP][39m [37m<-- GET /wd/hub/session/eb947270-aa95-4a61-9cda-6ca20b73f1b5/window/rect [39m[32m200[39m [90m44 ms - 49[39m
[35m[HTTP][39m [90m[39m
[35m[HTTP][39m [37m-->[39m [37mPOST[39m [37m/wd/hub/session/eb947270-aa95-4a61-9cda-6ca20b73f1b5/elements[39m
[35m[HTTP][39m [90m{"using":"accessibility id","value":"test-LOGIN"}[39m
[35m[HTTP][39m [37m<-- POST /wd/hub/session/eb947270-aa95-4a61-9cda-6ca20b73f1b5/elements [39m[32m200[39m [90m496 ms - 139[39m
[35m[HTTP][39m [90m[39m
[35m[HTTP][39m [37m-->[39m [37mGET[39m [37m/wd/hub/session/eb947270-aa95-4a61-9cda-6ca20b73f1b5/element/a24221ae-5817-4615-b0a6-b7b1329b47df/location[39m
[35m[HTTP][39m [90m{}[39m
[35m[W3C (eb947270)][39m Driver proxy active, passing request on via HTTP proxy
[35m[WD Proxy][39m Replacing sessionId 7a78b1c9-942b-4159-b0ed-df9d27484ab9 with eb947270-aa95-4a61-9cda-6ca20b73f1b5
[35m[HTTP][39m [37m<-- GET /wd/hub/session/eb947270-aa95-4a61-9cda-6ca20b73f1b5/element/a24221ae-5817-4615-b0a6-b7b1329b47df/location [39m[32m200[39m [90m44 ms - 77[39m
[35m[HTTP][39m [90m[39m
[35m[HTTP][39m [37m-->[39m [37mPOST[39m [37m/wd/hub/session/eb947270-aa95-4a61-9cda-6ca20b73f1b5/timeouts[39m
[35m[HTTP][39m [90m{"implicit":30000}[39m
[35m[HTTP][39m [37m<-- POST /wd/hub/session/eb947270-aa95-4a61-9cda-6ca20b73f1b5/timeouts [39m[32m200[39m [90m3 ms - 14[39m
[35m[HTTP][39m [90m[39m
[35m[HTTP][39m [37m-->[39m [37mPOST[39m [37m/wd/hub/session/eb947270-aa95-4a61-9cda-6ca20b73f1b5/touch/perform[39m
[35m[HTTP][39m [90m{"actions":[{"action":"tap","options":{"x":1,"y":1,"element":"a24221ae-5817-4615-b0a6-b7b1329b47df"}},{"action":"release","options":{}}]}[39m
[35m[UiAutomator2][39m calling get location: a24221ae-5817-4615-b0a6-b7b1329b47df
[35m[HTTP][39m [37m<-- POST /wd/hub/session/eb947270-aa95-4a61-9cda-6ca20b73f1b5/touch/perform [39m[32m200[39m [90m305 ms - 14[39m
[35m[HTTP][39m [90m[39m
[35m[HTTP][39m [37m-->[39m [37mPOST[39m [37m/wd/hub/session/eb947270-aa95-4a61-9cda-6ca20b73f1b5/timeouts[39m
[35m[HTTP][39m [90m{"implicit":50}[39m
[35m[HTTP][39m [37m<-- POST /wd/hub/session/eb947270-aa95-4a61-9cda-6ca20b73f1b5/timeouts [39m[32m200[39m [90m3 ms - 14[39m
[35m[HTTP][39m [90m[39m
[35m[HTTP][39m [37m-->[39m [37mGET[39m [37m/wd/hub/session/eb947270-aa95-4a61-9cda-6ca20b73f1b5/window/rect[39m
[35m[HTTP][39m [90m{}[39m
[35m[HTTP][39m [37m<-- GET /wd/hub/session/eb947270-aa95-4a61-9cda-6ca20b73f1b5/window/rect [39m[32m200[39m [90m32 ms - 49[39m
[35m[HTTP][39m [90m[39m
[35m[HTTP][39m [37m-->[39m [37mPOST[39m [37m/wd/hub/session/eb947270-aa95-4a61-9cda-6ca20b73f1b5/elements[39m
[35m[HTTP][39m [90m{"using":"xpath","value":"//hierarchy/android.widget.FrameLayout[1]/android.widget.LinearLayout[1]/android.widget.FrameLayout[1]/android.widget.LinearLayout[1]/android.widget.FrameLayout[1]/android.widget.FrameLayout[1]/android.view.ViewGroup[1]/android.view.ViewGroup[1]/android.view.ViewGroup[1]/android.view.ViewGroup[1]/android.view.ViewGroup[1]/android.view.ViewGroup[1]/android.view.ViewGroup[1]/android.view.ViewGroup[1]/android.view.ViewGroup[1]/android.view.ViewGroup[2]/android.view.ViewGroup[1]/android.widget.ImageView[1]"}[39m
[35m[HTTP][39m [37m<-- POST /wd/hub/session/eb947270-aa95-4a61-9cda-6ca20b73f1b5/elements [39m[32m200[39m [90m404 ms - 139[39m
[35m[HTTP][39m [90m[39m
[35m[HTTP][39m [37m-->[39m [37mGET[39m [37m/wd/hub/session/eb947270-aa95-4a61-9cda-6ca20b73f1b5/element/63edf626-ee9d-4164-bf6c-b9763b6479af/location[39m
[35m[HTTP][39m [90m{}[39m
[35m[W3C (eb947270)][39m Driver proxy active, passing request on via HTTP proxy
[35m[WD Proxy][39m Replacing sessionId 7a78b1c9-942b-4159-b0ed-df9d27484ab9 with eb947270-aa95-4a61-9cda-6ca20b73f1b5
[35m[HTTP][39m [37m<-- GET /wd/hub/session/eb947270-aa95-4a61-9cda-6ca20b73f1b5/element/63edf626-ee9d-4164-bf6c-b9763b6479af/location [39m[32m200[39m [90m27 ms - 77[39m
[35m[HTTP][39m [90m[39m
[35m[HTTP][39m [37m-->[39m [37mPOST[39m [37m/wd/hub/session/eb947270-aa95-4a61-9cda-6ca20b73f1b5/timeouts[39m
[35m[HTTP][39m [90m{"implicit":30000}[39m
[35m[HTTP][39m [37m<-- POST /wd/hub/session/eb947270-aa95-4a61-9cda-6ca20b73f1b5/timeouts [39m[32m200[39m [90m2 ms - 14[39m
[35m[HTTP][39m [90m[39m
[35m[HTTP][39m [37m-->[39m [37mPOST[39m [37m/wd/hub/session/eb947270-aa95-4a61-9cda-6ca20b73f1b5/touch/perform[39m
[35m[HTTP][39m [90m{"actions":[{"action":"tap","options":{"x":1,"y":1,"element":"63edf626-ee9d-4164-bf6c-b9763b6479af"}},{"action":"release","options":{}}]}[39m
[35m[UiAutomator2][39m calling get location: 63edf626-ee9d-4164-bf6c-b9763b6479af
[35m[HTTP][39m [37m<-- POST /wd/hub/session/eb947270-aa95-4a61-9cda-6ca20b73f1b5/touch/perform [39m[32m200[39m [90m201 ms - 14[39m
[35m[HTTP][39m [90m[39m
[35m[HTTP][39m [37m-->[39m [37mGET[39m [37m/wd/hub/session/eb947270-aa95-4a61-9cda-6ca20b73f1b5/context[39m
[35m[HTTP][39m [90m{}[39m
[35m[HTTP][39m [37m<-- GET /wd/hub/session/eb947270-aa95-4a61-9cda-6ca20b73f1b5/context [39m[32m200[39m [90m3 ms - 22[39m
[35m[HTTP][39m [90m[39m
[35m[HTTP][39m [37m-->[39m [37mGET[39m [37m/wd/hub/session/eb947270-aa95-4a61-9cda-6ca20b73f1b5/contexts[39m
[35m[HTTP][39m [90m{}[39m
[35m[AndroidDriver][39m Not collecting web view details. Details collection might help to make Chromedriver initialization more precise. Use the 'enableWebviewDetailsCollection' cap to turn it on
[35m[AndroidDriver][39m Skipping the webview 'WEBVIEW_10491' at '@webview_devtools_remote_10491' since it has reported having zero pages
[35m[HTTP][39m [37m<-- GET /wd/hub/session/eb947270-aa95-4a61-9cda-6ca20b73f1b5/contexts [39m[32m200[39m [90m767 ms - 24[39m
[35m[HTTP][39m [90m[39m
[35m[HTTP][39m [37m-->[39m [37mPOST[39m [37m/wd/hub/session/eb947270-aa95-4a61-9cda-6ca20b73f1b5/context[39m
[35m[HTTP][39m [90m{"name":"NATIVE_APP"}[39m
[35m[HTTP][39m [37m<-- POST /wd/hub/session/eb947270-aa95-4a61-9cda-6ca20b73f1b5/context [39m[32m200[39m [90m4 ms - 14[39m
[35m[HTTP][39m [90m[39m
[35m[HTTP][39m [37m-->[39m [37mPOST[39m [37m/wd/hub/session/eb947270-aa95-4a61-9cda-6ca20b73f1b5/element[39m
[35m[HTTP][39m [90m{"using":"-android uiautomator","value":"new UiScrollable(new UiSelector().scrollable(true).instance(0)).scrollIntoView(new UiSelector().textContains(\"CHECKOUT\"))"}[39m
[35m[HTTP][39m [37m<-- POST /wd/hub/session/eb947270-aa95-4a61-9cda-6ca20b73f1b5/element [39m[32m200[39m [90m255 ms - 137[39m
[35m[HTTP][39m [90m[39m
[35m[HTTP][39m [37m-->[39m [37mPOST[39m [37m/wd/hub/session/eb947270-aa95-4a61-9cda-6ca20b73f1b5/context[39m
[35m[HTTP][39m [90m{"name":"NATIVE_APP"}[39m
[35m[HTTP][39m [37m<-- POST /wd/hub/session/eb947270-aa95-4a61-9cda-6ca20b73f1b5/context [39m[32m200[39m [90m2 ms - 14[39m
[35m[HTTP][39m [90m[39m
[35m[HTTP][39m [37m-->[39m [37mPOST[39m [37m/wd/hub/session/eb947270-aa95-4a61-9cda-6ca20b73f1b5/timeouts[39m
[35m[HTTP][39m [90m{"implicit":50}[39m
[35m[HTTP][39m [37m<-- POST /wd/hub/session/eb947270-aa95-4a61-9cda-6ca20b73f1b5/timeouts [39m[32m200[39m [90m3 ms - 14[39m
[35m[HTTP][39m [90m[39m
[35m[HTTP][39m [37m-->[39m [37mGET[39m [37m/wd/hub/session/eb947270-aa95-4a61-9cda-6ca20b73f1b5/window/rect[39m
[35m[HTTP][39m [90m{}[39m
[35m[HTTP][39m [37m<-- GET /wd/hub/session/eb947270-aa95-4a61-9cda-6ca20b73f1b5/window/rect [39m[32m200[39m [90m38 ms - 49[39m
[35m[HTTP][39m [90m[39m
[35m[HTTP][39m [37m-->[39m [37mPOST[39m [37m/wd/hub/session/eb947270-aa95-4a61-9cda-6ca20b73f1b5/elements[39m
[35m[HTTP][39m [90m{"using":"xpath","value":"//*[@class = 'android.widget.TextView' and (@text = 'CHECKOUT' or . = 'CHECKOUT')]"}[39m
[35m[HTTP][39m [37m<-- POST /wd/hub/session/eb947270-aa95-4a61-9cda-6ca20b73f1b5/elements [39m[32m200[39m [90m848 ms - 139[39m
[35m[HTTP][39m [90m[39m
[35m[HTTP][39m [37m-->[39m [37mGET[39m [37m/wd/hub/session/eb947270-aa95-4a61-9cda-6ca20b73f1b5/element/2711dba4-a1ba-46dd-82a1-c9f26708185a/location[39m
[35m[HTTP][39m [90m{}[39m
[35m[W3C (eb947270)][39m Driver proxy active, passing request on via HTTP proxy
[35m[WD Proxy][39m Replacing sessionId 7a78b1c9-942b-4159-b0ed-df9d27484ab9 with eb947270-aa95-4a61-9cda-6ca20b73f1b5
[35m[HTTP][39m [37m<-- GET /wd/hub/session/eb947270-aa95-4a61-9cda-6ca20b73f1b5/element/2711dba4-a1ba-46dd-82a1-c9f26708185a/location [39m[32m200[39m [90m33 ms - 78[39m
[35m[HTTP][39m [90m[39m
[35m[HTTP][39m [37m-->[39m [37mPOST[39m [37m/wd/hub/session/eb947270-aa95-4a61-9cda-6ca20b73f1b5/timeouts[39m
[35m[HTTP][39m [90m{"implicit":30000}[39m
[35m[HTTP][39m [37m<-- POST /wd/hub/session/eb947270-aa95-4a61-9cda-6ca20b73f1b5/timeouts [39m[32m200[39m [90m2 ms - 14[39m
[35m[HTTP][39m [90m[39m
[35m[HTTP][39m [37m-->[39m [37mPOST[39m [37m/wd/hub/session/eb947270-aa95-4a61-9cda-6ca20b73f1b5/touch/perform[39m
[35m[HTTP][39m [90m{"actions":[{"action":"tap","options":{"x":1,"y":1,"element":"2711dba4-a1ba-46dd-82a1-c9f26708185a"}},{"action":"release","options":{}}]}[39m
[35m[UiAutomator2][39m calling get location: 2711dba4-a1ba-46dd-82a1-c9f26708185a
[35m[HTTP][39m [37m<-- POST /wd/hub/session/eb947270-aa95-4a61-9cda-6ca20b73f1b5/touch/perform [39m[32m200[39m [90m226 ms - 14[39m
[35m[HTTP][39m [90m[39m
[35m[HTTP][39m [37m-->[39m [37mPOST[39m [37m/wd/hub/session/eb947270-aa95-4a61-9cda-6ca20b73f1b5/timeouts[39m
[35m[HTTP][39m [90m{"implicit":50}[39m
[35m[HTTP][39m [37m<-- POST /wd/hub/session/eb947270-aa95-4a61-9cda-6ca20b73f1b5/timeouts [39m[32m200[39m [90m3 ms - 14[39m
[35m[HTTP][39m [90m[39m
[35m[HTTP][39m [37m-->[39m [37mGET[39m [37m/wd/hub/session/eb947270-aa95-4a61-9cda-6ca20b73f1b5/window/rect[39m
[35m[HTTP][39m [90m{}[39m
[35m[HTTP][39m [37m<-- GET /wd/hub/session/eb947270-aa95-4a61-9cda-6ca20b73f1b5/window/rect [39m[32m200[39m [90m47 ms - 49[39m
[35m[HTTP][39m [90m[39m
[35m[HTTP][39m [37m-->[39m [37mPOST[39m [37m/wd/hub/session/eb947270-aa95-4a61-9cda-6ca20b73f1b5/elements[39m
[35m[HTTP][39m [90m{"using":"xpath","value":"//*[@class = 'android.widget.EditText' and (@text = 'First Name' or . = 'First Name')]"}[39m
[35m[HTTP][39m [37m<-- POST /wd/hub/session/eb947270-aa95-4a61-9cda-6ca20b73f1b5/elements [39m[32m200[39m [90m1061 ms - 139[39m
[35m[HTTP][39m [90m[39m
[35m[HTTP][39m [37m-->[39m [37mGET[39m [37m/wd/hub/session/eb947270-aa95-4a61-9cda-6ca20b73f1b5/element/e9da5658-38e3-4e7a-ac4c-790377a14eaf/location[39m
[35m[HTTP][39m [90m{}[39m
[35m[W3C (eb947270)][39m Driver proxy active, passing request on via HTTP proxy
[35m[WD Proxy][39m Replacing sessionId 7a78b1c9-942b-4159-b0ed-df9d27484ab9 with eb947270-aa95-4a61-9cda-6ca20b73f1b5
[35m[HTTP][39m [37m<-- GET /wd/hub/session/eb947270-aa95-4a61-9cda-6ca20b73f1b5/element/e9da5658-38e3-4e7a-ac4c-790377a14eaf/location [39m[32m200[39m [90m56 ms - 77[39m
[35m[HTTP][39m [90m[39m
[35m[HTTP][39m [37m-->[39m [37mPOST[39m [37m/wd/hub/session/eb947270-aa95-4a61-9cda-6ca20b73f1b5/timeouts[39m
[35m[HTTP][39m [90m{"implicit":30000}[39m
[35m[HTTP][39m [37m<-- POST /wd/hub/session/eb947270-aa95-4a61-9cda-6ca20b73f1b5/timeouts [39m[32m200[39m [90m3 ms - 14[39m
[35m[HTTP][39m [90m[39m
[35m[HTTP][39m [37m-->[39m [37mPOST[39m [37m/wd/hub/session/eb947270-aa95-4a61-9cda-6ca20b73f1b5/element/e9da5658-38e3-4e7a-ac4c-790377a14eaf/clear[39m
[35m[HTTP][39m [90m{"id":"e9da5658-38e3-4e7a-ac4c-790377a14eaf"}[39m
[35m[HTTP][39m [37m<-- POST /wd/hub/session/eb947270-aa95-4a61-9cda-6ca20b73f1b5/element/e9da5658-38e3-4e7a-ac4c-790377a14eaf/clear [39m[32m200[39m [90m55 ms - 14[39m
[35m[HTTP][39m [90m[39m
[35m[HTTP][39m [37m-->[39m [37mPOST[39m [37m/wd/hub/session/eb947270-aa95-4a61-9cda-6ca20b73f1b5/element/e9da5658-38e3-4e7a-ac4c-790377a14eaf/value[39m
[35m[HTTP][39m [90m{"id":"e9da5658-38e3-4e7a-ac4c-790377a14eaf","text":"Mu","value":["M","u"]}[39m
[35m[HTTP][39m [37m<-- POST /wd/hub/session/eb947270-aa95-4a61-9cda-6ca20b73f1b5/element/e9da5658-38e3-4e7a-ac4c-790377a14eaf/value [39m[32m200[39m [90m550 ms - 14[39m
[35m[HTTP][39m [90m[39m
[35m[HTTP][39m [37m-->[39m [37mPOST[39m [37m/wd/hub/session/eb947270-aa95-4a61-9cda-6ca20b73f1b5/timeouts[39m
[35m[HTTP][39m [90m{"implicit":50}[39m
[35m[HTTP][39m [37m<-- POST /wd/hub/session/eb947270-aa95-4a61-9cda-6ca20b73f1b5/timeouts [39m[32m200[39m [90m4 ms - 14[39m
[35m[HTTP][39m [90m[39m
[35m[HTTP][39m [37m-->[39m [37mGET[39m [37m/wd/hub/session/eb947270-aa95-4a61-9cda-6ca20b73f1b5/window/rect[39m
[35m[HTTP][39m [90m{}[39m
[35m[HTTP][39m [37m<-- GET /wd/hub/session/eb947270-aa95-4a61-9cda-6ca20b73f1b5/window/rect [39m[32m200[39m [90m34 ms - 49[39m
[35m[HTTP][39m [90m[39m
[35m[HTTP][39m [37m-->[39m [37mPOST[39m [37m/wd/hub/session/eb947270-aa95-4a61-9cda-6ca20b73f1b5/elements[39m
[35m[HTTP][39m [90m{"using":"xpath","value":"//*[@class = 'android.widget.EditText' and (@text = 'Last Name' or . = 'Last Name')]"}[39m
[35m[HTTP][39m [37m<-- POST /wd/hub/session/eb947270-aa95-4a61-9cda-6ca20b73f1b5/elements [39m[32m-[39m [90m- ms - -[39m
[35m[HTTP][39m [90m[39m
[35m[BaseDriver][39m Shutting down because we waited 1800 seconds for a command
[35m[Appium][39m Closing session, cause was 'New Command Timeout of 1800 seconds expired. Try customizing the timeout using the 'newCommandTimeout' desired capability'
[35m[Appium][39m Removing session 'eb947270-aa95-4a61-9cda-6ca20b73f1b5' from our master session list
[35m[UiAutomator2][39m Did not get confirmation UiAutomator2 deleteSession worked; Error was: UnknownError: An unknown server-side error occurred while processing the command. Original error: 'DELETE /' cannot be proxied to UiAutomator2 server because the instrumentation process is not running (probably crashed). Check the server log and/or the logcat output for more details
[35m[UiAutomator2][39m Restoring hidden api policy to the device default configuration
