[35m[Appium][39m Welcome to Appium v1.21.0
[35m[Appium][39m Non-default server args:
[35m[Appium][39m   port: 63623
[35m[Appium][39m   loglevel: info
[35m[Appium][39m   tmpDir: C:\Users\Lenovo\AppData\Local\Temp\\Katalon\Appium\Temp1645004831931
[35m[Appium][39m   chromedriverPort: 63624
[35m[Appium][39m Deprecated server args:
[35m[Appium][39m   [31m--chromedriver-port[39m => --default-capabilities
[35m[Appium][39m Default capabilities, which will be added to each request unless overridden by desired capabilities:
[35m[Appium][39m   chromedriverPort: 63624
[35m[Appium][39m Appium REST http interface listener started on 0.0.0.0:63623
[35m[HTTP][39m [37m-->[39m [37mGET[39m [37m/wd/hub/status[39m
[35m[HTTP][39m [90m{}[39m
[35m[HTTP][39m [37m<-- GET /wd/hub/status [39m[32m200[39m [90m15 ms - 68[39m
[35m[HTTP][39m [90m[39m
[35m[HTTP][39m [37m-->[39m [37mPOST[39m [37m/wd/hub/session[39m
[35m[HTTP][39m [90m{"desiredCapabilities":{"appActivity":".Settings","appPackage":"com.android.settings","newCommandTimeout":1800,"platformVersion":"10","automationName":"uiautomator2","autoGrantPermissions":true,"platformName":"Android","udid":"4a90dd0d","deviceName":"Xiaomi Redmi 7 (Android 10)","platform":"ANDROID","systemPort":8261},"capabilities":{"firstMatch":[{"appium:appActivity":".Settings","appium:appPackage":"com.android.settings","appium:autoGrantPermissions":true,"appium:automationName":"uiautomator2","appium:deviceName":"Xiaomi Redmi 7 (Android 10)","appium:newCommandTimeout":1800,"platform":"ANDROID","platformName":"android","appium:platformVersion":"10","appium:systemPort":8261,"appium:udid":"4a90dd0d"}]}}[39m
[35m[BaseDriver][39m The following capabilities are not standard capabilities and should have an extension prefix:
[35m[BaseDriver][39m   platform
[35m[BaseDriver][39m   chromedriverPort
[35m[Appium][39m Appium v1.21.0 creating new AndroidUiautomator2Driver (v1.65.0) session
[35m[BaseDriver][39m The following capabilities were provided, but are not recognized by Appium:
[35m[BaseDriver][39m   platform
[35m[BaseDriver][39m Session created with session id: 483aeedc-b722-4df4-888a-0f6c2eaae2ec
[35m[UiAutomator2][39m Starting 'com.android.settings' directly on the device
[35m[ADB][39m Found 1 'build-tools' folders under 'C:\Users\Lenovo\.katalon\tools\android_sdk' (newest first):
[35m[ADB][39m     C:/Users/Lenovo/.katalon/tools/android_sdk/build-tools/29.0.3
[35m[ADB][39m Using 'adb.exe' from 'C:\Users\Lenovo\.katalon\tools\android_sdk\platform-tools\adb.exe'
[35m[AndroidDriver][39m Retrieving device list
[35m[AndroidDriver][39m Using device: 4a90dd0d
[35m[ADB][39m Using 'adb.exe' from 'C:\Users\Lenovo\.katalon\tools\android_sdk\platform-tools\adb.exe'
[35m[ADB][39m Getting device platform version
[35m[UiAutomator2][39m Relaxing hidden api policy
[35m[AndroidDriver][39m No app sent in, not parsing package/activity
[35m[ADB][39m Using 'apksigner.jar' from 'C:\Users\Lenovo\.katalon\tools\android_sdk\build-tools\29.0.3\lib\apksigner.jar'
[35m[ADB][39m 'C:\Users\Lenovo\AppData\Roaming\npm\node_modules\appium\node_modules\appium-uiautomator2-server\apks\appium-uiautomator2-server-v4.21.1.apk' is signed with the default certificate
[35m[ADB][39m 'C:\Users\Lenovo\AppData\Roaming\npm\node_modules\appium\node_modules\appium-uiautomator2-server\apks\appium-uiautomator2-server-debug-androidTest.apk' is signed with the default certificate
[35m[UiAutomator2][39m Server packages are not going to be (re)installed
[35m[ADB][39m Adding packages ["io.appium.settings","io.appium.uiautomator2.server","io.appium.uiautomator2.server.test"] to Doze whitelist
[35m[UiAutomator2][39m Starting UIAutomator2 server 4.21.1
[35m[UiAutomator2][39m Using UIAutomator2 server from 'C:\Users\Lenovo\AppData\Roaming\npm\node_modules\appium\node_modules\appium-uiautomator2-server\apks\appium-uiautomator2-server-v4.21.1.apk' and test from 'C:\Users\Lenovo\AppData\Roaming\npm\node_modules\appium\node_modules\appium-uiautomator2-server\apks\appium-uiautomator2-server-debug-androidTest.apk'
[35m[UiAutomator2][39m Waiting up to 30000ms for UiAutomator2 to be online...
[35m[WD Proxy][39m socket hang up
[35m[WD Proxy][39m socket hang up
[35m[WD Proxy][39m socket hang up
[35m[WD Proxy][39m socket hang up
[35m[WD Proxy][39m socket hang up
[35m[WD Proxy][39m Determined the downstream protocol as 'W3C'
[35m[AndroidDriver][39m Screen already unlocked, doing nothing
[35m[UiAutomator2][39m Starting 'com.android.settings/.Settings and waiting for 'com.android.settings/.Settings'
[35m[Appium][39m New AndroidUiautomator2Driver session created successfully, session 483aeedc-b722-4df4-888a-0f6c2eaae2ec added to master session list
[35m[HTTP][39m [37m<-- POST /wd/hub/session [39m[32m200[39m [90m16961 ms - 1136[39m
[35m[HTTP][39m [90m[39m
[35m[HTTP][39m [37m-->[39m [37mGET[39m [37m/wd/hub/session/483aeedc-b722-4df4-888a-0f6c2eaae2ec[39m
[35m[HTTP][39m [90m{}[39m
[35m[HTTP][39m [37m<-- GET /wd/hub/session/483aeedc-b722-4df4-888a-0f6c2eaae2ec [39m[32m200[39m [90m19 ms - 1090[39m
[35m[HTTP][39m [90m[39m
[35m[HTTP][39m [37m-->[39m [37mGET[39m [37m/wd/hub/session/483aeedc-b722-4df4-888a-0f6c2eaae2ec[39m
[35m[HTTP][39m [90m{}[39m
[35m[HTTP][39m [37m<-- GET /wd/hub/session/483aeedc-b722-4df4-888a-0f6c2eaae2ec [39m[32m200[39m [90m17 ms - 1090[39m
[35m[HTTP][39m [90m[39m
[35m[HTTP][39m [37m-->[39m [37mGET[39m [37m/wd/hub/status[39m
[35m[HTTP][39m [90m{}[39m
[35m[HTTP][39m [37m<-- GET /wd/hub/status [39m[32m200[39m [90m2 ms - 68[39m
[35m[HTTP][39m [90m[39m
[35m[HTTP][39m [37m-->[39m [37mPOST[39m [37m/wd/hub/session/483aeedc-b722-4df4-888a-0f6c2eaae2ec/timeouts[39m
[35m[HTTP][39m [90m{"implicit":30000}[39m
[35m[HTTP][39m [37m<-- POST /wd/hub/session/483aeedc-b722-4df4-888a-0f6c2eaae2ec/timeouts [39m[32m200[39m [90m9 ms - 14[39m
[35m[HTTP][39m [90m[39m
[35m[HTTP][39m [37m-->[39m [37mGET[39m [37m/wd/hub/session/483aeedc-b722-4df4-888a-0f6c2eaae2ec/screenshot[39m
[35m[HTTP][39m [90m{}[39m
[35m[HTTP][39m [37m<-- GET /wd/hub/session/483aeedc-b722-4df4-888a-0f6c2eaae2ec/screenshot [39m[32m200[39m [90m739 ms - 125232[39m
[35m[HTTP][39m [90m[39m
[35m[HTTP][39m [37m-->[39m [37mGET[39m [37m/wd/hub/session/483aeedc-b722-4df4-888a-0f6c2eaae2ec/window/rect[39m
[35m[HTTP][39m [90m{}[39m
[35m[HTTP][39m [37m<-- GET /wd/hub/session/483aeedc-b722-4df4-888a-0f6c2eaae2ec/window/rect [39m[32m200[39m [90m70 ms - 49[39m
[35m[HTTP][39m [90m[39m
[35m[HTTP][39m [37m-->[39m [37mGET[39m [37m/wd/hub/session/483aeedc-b722-4df4-888a-0f6c2eaae2ec/appium/device/system_bars[39m
[35m[HTTP][39m [90m{}[39m
[35m[HTTP][39m [37m<-- GET /wd/hub/session/483aeedc-b722-4df4-888a-0f6c2eaae2ec/appium/device/system_bars [39m[31m500[39m [90m389 ms - 649[39m
[35m[HTTP][39m [90m[39m
[35m[HTTP][39m [37m-->[39m [37mPOST[39m [37m/wd/hub/session/483aeedc-b722-4df4-888a-0f6c2eaae2ec/appium/device/activate_app[39m
[35m[HTTP][39m [90m{"bundleId":"com.swaglabsmobileapp"}[39m
[35m[HTTP][39m [37m<-- POST /wd/hub/session/483aeedc-b722-4df4-888a-0f6c2eaae2ec/appium/device/activate_app [39m[32m200[39m [90m1200 ms - 14[39m
[35m[HTTP][39m [90m[39m
[35m[HTTP][39m [37m-->[39m [37mPOST[39m [37m/wd/hub/session/483aeedc-b722-4df4-888a-0f6c2eaae2ec/timeouts[39m
[35m[HTTP][39m [90m{"implicit":50}[39m
[35m[HTTP][39m [37m<-- POST /wd/hub/session/483aeedc-b722-4df4-888a-0f6c2eaae2ec/timeouts [39m[32m200[39m [90m5 ms - 14[39m
[35m[HTTP][39m [90m[39m
[35m[HTTP][39m [37m-->[39m [37mGET[39m [37m/wd/hub/session/483aeedc-b722-4df4-888a-0f6c2eaae2ec/window/rect[39m
[35m[HTTP][39m [90m{}[39m
[35m[HTTP][39m [37m<-- GET /wd/hub/session/483aeedc-b722-4df4-888a-0f6c2eaae2ec/window/rect [39m[32m200[39m [90m27 ms - 49[39m
[35m[HTTP][39m [90m[39m
[35m[HTTP][39m [37m-->[39m [37mPOST[39m [37m/wd/hub/session/483aeedc-b722-4df4-888a-0f6c2eaae2ec/elements[39m
[35m[HTTP][39m [90m{"using":"xpath","value":"//*[@class = 'android.widget.EditText' and (@text = 'Username' or . = 'Username')]"}[39m
[35m[HTTP][39m [37m<-- POST /wd/hub/session/483aeedc-b722-4df4-888a-0f6c2eaae2ec/elements [39m[32m200[39m [90m896 ms - 12[39m
[35m[HTTP][39m [90m[39m
[35m[HTTP][39m [37m-->[39m [37mPOST[39m [37m/wd/hub/session/483aeedc-b722-4df4-888a-0f6c2eaae2ec/elements[39m
[35m[HTTP][39m [90m{"using":"xpath","value":"//*[@class = 'android.widget.EditText' and (@text = 'Username' or . = 'Username')]"}[39m
[35m[HTTP][39m [37m<-- POST /wd/hub/session/483aeedc-b722-4df4-888a-0f6c2eaae2ec/elements [39m[32m200[39m [90m189 ms - 12[39m
[35m[HTTP][39m [90m[39m
[35m[HTTP][39m [37m-->[39m [37mPOST[39m [37m/wd/hub/session/483aeedc-b722-4df4-888a-0f6c2eaae2ec/elements[39m
[35m[HTTP][39m [90m{"using":"xpath","value":"//*[@class = 'android.widget.EditText' and (@text = 'Username' or . = 'Username')]"}[39m
[35m[HTTP][39m [37m<-- POST /wd/hub/session/483aeedc-b722-4df4-888a-0f6c2eaae2ec/elements [39m[32m200[39m [90m594 ms - 12[39m
[35m[HTTP][39m [90m[39m
[35m[HTTP][39m [37m-->[39m [37mPOST[39m [37m/wd/hub/session/483aeedc-b722-4df4-888a-0f6c2eaae2ec/elements[39m
[35m[HTTP][39m [90m{"using":"xpath","value":"//*[@class = 'android.widget.EditText' and (@text = 'Username' or . = 'Username')]"}[39m
[35m[HTTP][39m [37m<-- POST /wd/hub/session/483aeedc-b722-4df4-888a-0f6c2eaae2ec/elements [39m[32m200[39m [90m1131 ms - 139[39m
[35m[HTTP][39m [90m[39m
[35m[HTTP][39m [37m-->[39m [37mGET[39m [37m/wd/hub/session/483aeedc-b722-4df4-888a-0f6c2eaae2ec/element/5313baa0-c1d5-43b7-a6f9-86943b191539/location[39m
[35m[HTTP][39m [90m{}[39m
[35m[W3C (483aeedc)][39m Driver proxy active, passing request on via HTTP proxy
[35m[WD Proxy][39m Replacing sessionId 1007a170-bc3f-4bc7-b948-0c3c05d9e666 with 483aeedc-b722-4df4-888a-0f6c2eaae2ec
[35m[HTTP][39m [37m<-- GET /wd/hub/session/483aeedc-b722-4df4-888a-0f6c2eaae2ec/element/5313baa0-c1d5-43b7-a6f9-86943b191539/location [39m[32m200[39m [90m54 ms - 77[39m
[35m[HTTP][39m [90m[39m
[35m[HTTP][39m [37m-->[39m [37mPOST[39m [37m/wd/hub/session/483aeedc-b722-4df4-888a-0f6c2eaae2ec/timeouts[39m
[35m[HTTP][39m [90m{"implicit":30000}[39m
[35m[HTTP][39m [37m<-- POST /wd/hub/session/483aeedc-b722-4df4-888a-0f6c2eaae2ec/timeouts [39m[32m200[39m [90m3 ms - 14[39m
[35m[HTTP][39m [90m[39m
[35m[HTTP][39m [37m-->[39m [37mPOST[39m [37m/wd/hub/session/483aeedc-b722-4df4-888a-0f6c2eaae2ec/element/5313baa0-c1d5-43b7-a6f9-86943b191539/clear[39m
[35m[HTTP][39m [90m{"id":"5313baa0-c1d5-43b7-a6f9-86943b191539"}[39m
[35m[HTTP][39m [37m<-- POST /wd/hub/session/483aeedc-b722-4df4-888a-0f6c2eaae2ec/element/5313baa0-c1d5-43b7-a6f9-86943b191539/clear [39m[32m200[39m [90m678 ms - 14[39m
[35m[HTTP][39m [90m[39m
[35m[HTTP][39m [37m-->[39m [37mPOST[39m [37m/wd/hub/session/483aeedc-b722-4df4-888a-0f6c2eaae2ec/element/5313baa0-c1d5-43b7-a6f9-86943b191539/value[39m
[35m[HTTP][39m [90m{"id":"5313baa0-c1d5-43b7-a6f9-86943b191539","text":"standard_user","value":["s","t","a","n","d","a","r","d","_","u","s","e","r"]}[39m
[35m[HTTP][39m [37m<-- POST /wd/hub/session/483aeedc-b722-4df4-888a-0f6c2eaae2ec/element/5313baa0-c1d5-43b7-a6f9-86943b191539/value [39m[32m200[39m [90m1942 ms - 14[39m
[35m[HTTP][39m [90m[39m
[35m[HTTP][39m [37m-->[39m [37mPOST[39m [37m/wd/hub/session/483aeedc-b722-4df4-888a-0f6c2eaae2ec/timeouts[39m
[35m[HTTP][39m [90m{"implicit":50}[39m
[35m[HTTP][39m [37m<-- POST /wd/hub/session/483aeedc-b722-4df4-888a-0f6c2eaae2ec/timeouts [39m[32m200[39m [90m3 ms - 14[39m
[35m[HTTP][39m [90m[39m
[35m[HTTP][39m [37m-->[39m [37mGET[39m [37m/wd/hub/session/483aeedc-b722-4df4-888a-0f6c2eaae2ec/window/rect[39m
[35m[HTTP][39m [90m{}[39m
[35m[HTTP][39m [37m<-- GET /wd/hub/session/483aeedc-b722-4df4-888a-0f6c2eaae2ec/window/rect [39m[32m200[39m [90m43 ms - 49[39m
[35m[HTTP][39m [90m[39m
[35m[HTTP][39m [37m-->[39m [37mPOST[39m [37m/wd/hub/session/483aeedc-b722-4df4-888a-0f6c2eaae2ec/elements[39m
[35m[HTTP][39m [90m{"using":"xpath","value":"//*[@class = 'android.widget.EditText' and (@text = 'Password' or . = 'Password')]"}[39m
[35m[HTTP][39m [37m<-- POST /wd/hub/session/483aeedc-b722-4df4-888a-0f6c2eaae2ec/elements [39m[32m200[39m [90m700 ms - 139[39m
[35m[HTTP][39m [90m[39m
[35m[HTTP][39m [37m-->[39m [37mGET[39m [37m/wd/hub/session/483aeedc-b722-4df4-888a-0f6c2eaae2ec/element/d11162c9-fc59-4f3c-9c04-58fccd0d4c77/location[39m
[35m[HTTP][39m [90m{}[39m
[35m[W3C (483aeedc)][39m Driver proxy active, passing request on via HTTP proxy
[35m[WD Proxy][39m Replacing sessionId 1007a170-bc3f-4bc7-b948-0c3c05d9e666 with 483aeedc-b722-4df4-888a-0f6c2eaae2ec
[35m[HTTP][39m [37m<-- GET /wd/hub/session/483aeedc-b722-4df4-888a-0f6c2eaae2ec/element/d11162c9-fc59-4f3c-9c04-58fccd0d4c77/location [39m[32m200[39m [90m37 ms - 77[39m
[35m[HTTP][39m [90m[39m
[35m[HTTP][39m [37m-->[39m [37mPOST[39m [37m/wd/hub/session/483aeedc-b722-4df4-888a-0f6c2eaae2ec/timeouts[39m
[35m[HTTP][39m [90m{"implicit":30000}[39m
[35m[HTTP][39m [37m<-- POST /wd/hub/session/483aeedc-b722-4df4-888a-0f6c2eaae2ec/timeouts [39m[32m200[39m [90m2 ms - 14[39m
[35m[HTTP][39m [90m[39m
[35m[HTTP][39m [37m-->[39m [37mPOST[39m [37m/wd/hub/session/483aeedc-b722-4df4-888a-0f6c2eaae2ec/element/d11162c9-fc59-4f3c-9c04-58fccd0d4c77/clear[39m
[35m[HTTP][39m [90m{"id":"d11162c9-fc59-4f3c-9c04-58fccd0d4c77"}[39m
[35m[HTTP][39m [37m<-- POST /wd/hub/session/483aeedc-b722-4df4-888a-0f6c2eaae2ec/element/d11162c9-fc59-4f3c-9c04-58fccd0d4c77/clear [39m[32m200[39m [90m48 ms - 14[39m
[35m[HTTP][39m [90m[39m
[35m[HTTP][39m [37m-->[39m [37mPOST[39m [37m/wd/hub/session/483aeedc-b722-4df4-888a-0f6c2eaae2ec/element/d11162c9-fc59-4f3c-9c04-58fccd0d4c77/value[39m
[35m[HTTP][39m [90m{"id":"d11162c9-fc59-4f3c-9c04-58fccd0d4c77","text":"secret_sauce","value":["s","e","c","r","e","t","_","s","a","u","c","e"]}[39m
[35m[HTTP][39m [37m<-- POST /wd/hub/session/483aeedc-b722-4df4-888a-0f6c2eaae2ec/element/d11162c9-fc59-4f3c-9c04-58fccd0d4c77/value [39m[32m200[39m [90m1425 ms - 14[39m
[35m[HTTP][39m [90m[39m
[35m[HTTP][39m [37m-->[39m [37mPOST[39m [37m/wd/hub/session/483aeedc-b722-4df4-888a-0f6c2eaae2ec/timeouts[39m
[35m[HTTP][39m [90m{"implicit":50}[39m
[35m[HTTP][39m [37m<-- POST /wd/hub/session/483aeedc-b722-4df4-888a-0f6c2eaae2ec/timeouts [39m[32m200[39m [90m4 ms - 14[39m
[35m[HTTP][39m [90m[39m
[35m[HTTP][39m [37m-->[39m [37mGET[39m [37m/wd/hub/session/483aeedc-b722-4df4-888a-0f6c2eaae2ec/window/rect[39m
[35m[HTTP][39m [90m{}[39m
[35m[HTTP][39m [37m<-- GET /wd/hub/session/483aeedc-b722-4df4-888a-0f6c2eaae2ec/window/rect [39m[32m200[39m [90m51 ms - 49[39m
[35m[HTTP][39m [90m[39m
[35m[HTTP][39m [37m-->[39m [37mPOST[39m [37m/wd/hub/session/483aeedc-b722-4df4-888a-0f6c2eaae2ec/elements[39m
[35m[HTTP][39m [90m{"using":"accessibility id","value":"test-LOGIN"}[39m
[35m[HTTP][39m [37m<-- POST /wd/hub/session/483aeedc-b722-4df4-888a-0f6c2eaae2ec/elements [39m[32m200[39m [90m78 ms - 139[39m
[35m[HTTP][39m [90m[39m
[35m[HTTP][39m [37m-->[39m [37mGET[39m [37m/wd/hub/session/483aeedc-b722-4df4-888a-0f6c2eaae2ec/element/da9908f0-ca2a-4b75-a34c-6f8a6b587da4/location[39m
[35m[HTTP][39m [90m{}[39m
[35m[W3C (483aeedc)][39m Driver proxy active, passing request on via HTTP proxy
[35m[WD Proxy][39m Replacing sessionId 1007a170-bc3f-4bc7-b948-0c3c05d9e666 with 483aeedc-b722-4df4-888a-0f6c2eaae2ec
[35m[HTTP][39m [37m<-- GET /wd/hub/session/483aeedc-b722-4df4-888a-0f6c2eaae2ec/element/da9908f0-ca2a-4b75-a34c-6f8a6b587da4/location [39m[32m200[39m [90m36 ms - 77[39m
[35m[HTTP][39m [90m[39m
[35m[HTTP][39m [37m-->[39m [37mPOST[39m [37m/wd/hub/session/483aeedc-b722-4df4-888a-0f6c2eaae2ec/timeouts[39m
[35m[HTTP][39m [90m{"implicit":30000}[39m
[35m[HTTP][39m [37m<-- POST /wd/hub/session/483aeedc-b722-4df4-888a-0f6c2eaae2ec/timeouts [39m[32m200[39m [90m4 ms - 14[39m
[35m[HTTP][39m [90m[39m
[35m[HTTP][39m [37m-->[39m [37mPOST[39m [37m/wd/hub/session/483aeedc-b722-4df4-888a-0f6c2eaae2ec/touch/perform[39m
[35m[HTTP][39m [90m{"actions":[{"action":"tap","options":{"x":1,"y":1,"element":"da9908f0-ca2a-4b75-a34c-6f8a6b587da4"}},{"action":"release","options":{}}]}[39m
[35m[UiAutomator2][39m calling get location: da9908f0-ca2a-4b75-a34c-6f8a6b587da4
[35m[HTTP][39m [37m<-- POST /wd/hub/session/483aeedc-b722-4df4-888a-0f6c2eaae2ec/touch/perform [39m[32m200[39m [90m305 ms - 14[39m
[35m[HTTP][39m [90m[39m
[35m[BaseDriver][39m Shutting down because we waited 1800 seconds for a command
[35m[Appium][39m Closing session, cause was 'New Command Timeout of 1800 seconds expired. Try customizing the timeout using the 'newCommandTimeout' desired capability'
[35m[Appium][39m Removing session '483aeedc-b722-4df4-888a-0f6c2eaae2ec' from our master session list
[35m[UiAutomator2][39m Did not get confirmation UiAutomator2 deleteSession worked; Error was: UnknownError: An unknown server-side error occurred while processing the command. Original error: 'DELETE /' cannot be proxied to UiAutomator2 server because the instrumentation process is not running (probably crashed). Check the server log and/or the logcat output for more details
[35m[UiAutomator2][39m Restoring hidden api policy to the device default configuration
