[35m[Appium][39m Welcome to Appium v1.21.0
[35m[Appium][39m Non-default server args:
[35m[Appium][39m   port: 50028
[35m[Appium][39m   loglevel: info
[35m[Appium][39m   tmpDir: C:\Users\Lenovo\AppData\Local\Temp\\Katalon\Appium\Temp1645005785899
[35m[Appium][39m   chromedriverPort: 50029
[35m[Appium][39m Deprecated server args:
[35m[Appium][39m   [31m--chromedriver-port[39m => --default-capabilities
[35m[Appium][39m Default capabilities, which will be added to each request unless overridden by desired capabilities:
[35m[Appium][39m   chromedriverPort: 50029
[35m[Appium][39m Appium REST http interface listener started on 0.0.0.0:50028
[35m[HTTP][39m [37m-->[39m [37mGET[39m [37m/wd/hub/status[39m
[35m[HTTP][39m [90m{}[39m
[35m[HTTP][39m [37m<-- GET /wd/hub/status [39m[32m200[39m [90m19 ms - 68[39m
[35m[HTTP][39m [90m[39m
[35m[HTTP][39m [37m-->[39m [37mPOST[39m [37m/wd/hub/session[39m
[35m[HTTP][39m [90m{"desiredCapabilities":{"appActivity":".Settings","appPackage":"com.android.settings","newCommandTimeout":1800,"platformVersion":"10","automationName":"uiautomator2","autoGrantPermissions":true,"platformName":"Android","udid":"4a90dd0d","deviceName":"Xiaomi Redmi 7 (Android 10)","platform":"ANDROID","systemPort":8282},"capabilities":{"firstMatch":[{"appium:appActivity":".Settings","appium:appPackage":"com.android.settings","appium:autoGrantPermissions":true,"appium:automationName":"uiautomator2","appium:deviceName":"Xiaomi Redmi 7 (Android 10)","appium:newCommandTimeout":1800,"platform":"ANDROID","platformName":"android","appium:platformVersion":"10","appium:systemPort":8282,"appium:udid":"4a90dd0d"}]}}[39m
[35m[BaseDriver][39m The following capabilities are not standard capabilities and should have an extension prefix:
[35m[BaseDriver][39m   platform
[35m[BaseDriver][39m   chromedriverPort
[35m[Appium][39m Appium v1.21.0 creating new AndroidUiautomator2Driver (v1.65.0) session
[35m[BaseDriver][39m The following capabilities were provided, but are not recognized by Appium:
[35m[BaseDriver][39m   platform
[35m[BaseDriver][39m Session created with session id: 22eece4a-5c70-49a4-9618-f3b4c918e7d1
[35m[UiAutomator2][39m Starting 'com.android.settings' directly on the device
[35m[ADB][39m Found 1 'build-tools' folders under 'C:\Users\Lenovo\.katalon\tools\android_sdk' (newest first):
[35m[ADB][39m     C:/Users/Lenovo/.katalon/tools/android_sdk/build-tools/29.0.3
[35m[ADB][39m Using 'adb.exe' from 'C:\Users\Lenovo\.katalon\tools\android_sdk\platform-tools\adb.exe'
[35m[AndroidDriver][39m Retrieving device list
[35m[AndroidDriver][39m Using device: 4a90dd0d
[35m[ADB][39m Using 'adb.exe' from 'C:\Users\Lenovo\.katalon\tools\android_sdk\platform-tools\adb.exe'
[35m[ADB][39m Getting device platform version
[35m[UiAutomator2][39m Relaxing hidden api policy
[35m[AndroidDriver][39m No app sent in, not parsing package/activity
[35m[ADB][39m Using 'apksigner.jar' from 'C:\Users\Lenovo\.katalon\tools\android_sdk\build-tools\29.0.3\lib\apksigner.jar'
[35m[ADB][39m 'C:\Users\Lenovo\AppData\Roaming\npm\node_modules\appium\node_modules\appium-uiautomator2-server\apks\appium-uiautomator2-server-v4.21.1.apk' is signed with the default certificate
[35m[ADB][39m 'C:\Users\Lenovo\AppData\Roaming\npm\node_modules\appium\node_modules\appium-uiautomator2-server\apks\appium-uiautomator2-server-debug-androidTest.apk' is signed with the default certificate
[35m[UiAutomator2][39m Server packages are not going to be (re)installed
[35m[ADB][39m Adding packages ["io.appium.settings","io.appium.uiautomator2.server","io.appium.uiautomator2.server.test"] to Doze whitelist
[35m[UiAutomator2][39m Starting UIAutomator2 server 4.21.1
[35m[UiAutomator2][39m Using UIAutomator2 server from 'C:\Users\Lenovo\AppData\Roaming\npm\node_modules\appium\node_modules\appium-uiautomator2-server\apks\appium-uiautomator2-server-v4.21.1.apk' and test from 'C:\Users\Lenovo\AppData\Roaming\npm\node_modules\appium\node_modules\appium-uiautomator2-server\apks\appium-uiautomator2-server-debug-androidTest.apk'
[35m[UiAutomator2][39m Waiting up to 30000ms for UiAutomator2 to be online...
[35m[WD Proxy][39m socket hang up
[35m[WD Proxy][39m socket hang up
[35m[WD Proxy][39m socket hang up
[35m[WD Proxy][39m socket hang up
[35m[WD Proxy][39m Determined the downstream protocol as 'W3C'
[35m[AndroidDriver][39m Screen already unlocked, doing nothing
[35m[UiAutomator2][39m Starting 'com.android.settings/.Settings and waiting for 'com.android.settings/.Settings'
[35m[Appium][39m New AndroidUiautomator2Driver session created successfully, session 22eece4a-5c70-49a4-9618-f3b4c918e7d1 added to master session list
[35m[HTTP][39m [37m<-- POST /wd/hub/session [39m[32m200[39m [90m14472 ms - 1136[39m
[35m[HTTP][39m [90m[39m
[35m[HTTP][39m [37m-->[39m [37mGET[39m [37m/wd/hub/session/22eece4a-5c70-49a4-9618-f3b4c918e7d1[39m
[35m[HTTP][39m [90m{}[39m
[35m[HTTP][39m [37m<-- GET /wd/hub/session/22eece4a-5c70-49a4-9618-f3b4c918e7d1 [39m[32m200[39m [90m22 ms - 1090[39m
[35m[HTTP][39m [90m[39m
[35m[HTTP][39m [37m-->[39m [37mGET[39m [37m/wd/hub/session/22eece4a-5c70-49a4-9618-f3b4c918e7d1[39m
[35m[HTTP][39m [90m{}[39m
[35m[HTTP][39m [37m<-- GET /wd/hub/session/22eece4a-5c70-49a4-9618-f3b4c918e7d1 [39m[32m200[39m [90m18 ms - 1090[39m
[35m[HTTP][39m [90m[39m
[35m[HTTP][39m [37m-->[39m [37mGET[39m [37m/wd/hub/status[39m
[35m[HTTP][39m [90m{}[39m
[35m[HTTP][39m [37m<-- GET /wd/hub/status [39m[32m200[39m [90m2 ms - 68[39m
[35m[HTTP][39m [90m[39m
[35m[HTTP][39m [37m-->[39m [37mPOST[39m [37m/wd/hub/session/22eece4a-5c70-49a4-9618-f3b4c918e7d1/timeouts[39m
[35m[HTTP][39m [90m{"implicit":30000}[39m
[35m[HTTP][39m [37m<-- POST /wd/hub/session/22eece4a-5c70-49a4-9618-f3b4c918e7d1/timeouts [39m[32m200[39m [90m6 ms - 14[39m
[35m[HTTP][39m [90m[39m
[35m[HTTP][39m [37m-->[39m [37mGET[39m [37m/wd/hub/session/22eece4a-5c70-49a4-9618-f3b4c918e7d1/screenshot[39m
[35m[HTTP][39m [90m{}[39m
[35m[HTTP][39m [37m<-- GET /wd/hub/session/22eece4a-5c70-49a4-9618-f3b4c918e7d1/screenshot [39m[32m200[39m [90m495 ms - 126114[39m
[35m[HTTP][39m [90m[39m
[35m[HTTP][39m [37m-->[39m [37mGET[39m [37m/wd/hub/session/22eece4a-5c70-49a4-9618-f3b4c918e7d1/window/rect[39m
[35m[HTTP][39m [90m{}[39m
[35m[HTTP][39m [37m<-- GET /wd/hub/session/22eece4a-5c70-49a4-9618-f3b4c918e7d1/window/rect [39m[32m200[39m [90m43 ms - 49[39m
[35m[HTTP][39m [90m[39m
[35m[HTTP][39m [37m-->[39m [37mGET[39m [37m/wd/hub/session/22eece4a-5c70-49a4-9618-f3b4c918e7d1/appium/device/system_bars[39m
[35m[HTTP][39m [90m{}[39m
[35m[HTTP][39m [37m<-- GET /wd/hub/session/22eece4a-5c70-49a4-9618-f3b4c918e7d1/appium/device/system_bars [39m[31m500[39m [90m353 ms - 649[39m
[35m[HTTP][39m [90m[39m
[35m[HTTP][39m [37m-->[39m [37mPOST[39m [37m/wd/hub/session/22eece4a-5c70-49a4-9618-f3b4c918e7d1/appium/device/activate_app[39m
[35m[HTTP][39m [90m{"bundleId":"com.swaglabsmobileapp"}[39m
[35m[HTTP][39m [37m<-- POST /wd/hub/session/22eece4a-5c70-49a4-9618-f3b4c918e7d1/appium/device/activate_app [39m[32m200[39m [90m719 ms - 14[39m
[35m[HTTP][39m [90m[39m
[35m[HTTP][39m [37m-->[39m [37mPOST[39m [37m/wd/hub/session/22eece4a-5c70-49a4-9618-f3b4c918e7d1/timeouts[39m
[35m[HTTP][39m [90m{"implicit":50}[39m
[35m[HTTP][39m [37m<-- POST /wd/hub/session/22eece4a-5c70-49a4-9618-f3b4c918e7d1/timeouts [39m[32m200[39m [90m4 ms - 14[39m
[35m[HTTP][39m [90m[39m
[35m[HTTP][39m [37m-->[39m [37mGET[39m [37m/wd/hub/session/22eece4a-5c70-49a4-9618-f3b4c918e7d1/window/rect[39m
[35m[HTTP][39m [90m{}[39m
[35m[HTTP][39m [37m<-- GET /wd/hub/session/22eece4a-5c70-49a4-9618-f3b4c918e7d1/window/rect [39m[32m200[39m [90m37 ms - 49[39m
[35m[HTTP][39m [90m[39m
[35m[HTTP][39m [37m-->[39m [37mPOST[39m [37m/wd/hub/session/22eece4a-5c70-49a4-9618-f3b4c918e7d1/elements[39m
[35m[HTTP][39m [90m{"using":"xpath","value":"//*[@class = 'android.widget.EditText' and (@text = 'Username' or . = 'Username')]"}[39m
[35m[HTTP][39m [37m<-- POST /wd/hub/session/22eece4a-5c70-49a4-9618-f3b4c918e7d1/elements [39m[32m200[39m [90m570 ms - 12[39m
[35m[HTTP][39m [90m[39m
[35m[HTTP][39m [37m-->[39m [37mPOST[39m [37m/wd/hub/session/22eece4a-5c70-49a4-9618-f3b4c918e7d1/elements[39m
[35m[HTTP][39m [90m{"using":"xpath","value":"//*[@class = 'android.widget.EditText' and (@text = 'Username' or . = 'Username')]"}[39m
[35m[HTTP][39m [37m<-- POST /wd/hub/session/22eece4a-5c70-49a4-9618-f3b4c918e7d1/elements [39m[32m200[39m [90m213 ms - 12[39m
[35m[HTTP][39m [90m[39m
[35m[HTTP][39m [37m-->[39m [37mPOST[39m [37m/wd/hub/session/22eece4a-5c70-49a4-9618-f3b4c918e7d1/elements[39m
[35m[HTTP][39m [90m{"using":"xpath","value":"//*[@class = 'android.widget.EditText' and (@text = 'Username' or . = 'Username')]"}[39m
[35m[HTTP][39m [37m<-- POST /wd/hub/session/22eece4a-5c70-49a4-9618-f3b4c918e7d1/elements [39m[32m200[39m [90m54 ms - 12[39m
[35m[HTTP][39m [90m[39m
[35m[HTTP][39m [37m-->[39m [37mPOST[39m [37m/wd/hub/session/22eece4a-5c70-49a4-9618-f3b4c918e7d1/elements[39m
[35m[HTTP][39m [90m{"using":"xpath","value":"//*[@class = 'android.widget.EditText' and (@text = 'Username' or . = 'Username')]"}[39m
[35m[HTTP][39m [37m<-- POST /wd/hub/session/22eece4a-5c70-49a4-9618-f3b4c918e7d1/elements [39m[32m200[39m [90m605 ms - 12[39m
[35m[HTTP][39m [90m[39m
[35m[HTTP][39m [37m-->[39m [37mPOST[39m [37m/wd/hub/session/22eece4a-5c70-49a4-9618-f3b4c918e7d1/elements[39m
[35m[HTTP][39m [90m{"using":"xpath","value":"//*[@class = 'android.widget.EditText' and (@text = 'Username' or . = 'Username')]"}[39m
[35m[HTTP][39m [37m<-- POST /wd/hub/session/22eece4a-5c70-49a4-9618-f3b4c918e7d1/elements [39m[32m200[39m [90m59 ms - 12[39m
[35m[HTTP][39m [90m[39m
[35m[HTTP][39m [37m-->[39m [37mPOST[39m [37m/wd/hub/session/22eece4a-5c70-49a4-9618-f3b4c918e7d1/elements[39m
[35m[HTTP][39m [90m{"using":"xpath","value":"//*[@class = 'android.widget.EditText' and (@text = 'Username' or . = 'Username')]"}[39m
[35m[HTTP][39m [37m<-- POST /wd/hub/session/22eece4a-5c70-49a4-9618-f3b4c918e7d1/elements [39m[32m200[39m [90m1293 ms - 139[39m
[35m[HTTP][39m [90m[39m
[35m[HTTP][39m [37m-->[39m [37mGET[39m [37m/wd/hub/session/22eece4a-5c70-49a4-9618-f3b4c918e7d1/element/079b6b24-c63f-4338-8c64-3ad2625704f2/location[39m
[35m[HTTP][39m [90m{}[39m
[35m[W3C (22eece4a)][39m Driver proxy active, passing request on via HTTP proxy
[35m[WD Proxy][39m Replacing sessionId 3092abd3-50a8-4089-b777-3bb25ea2dd62 with 22eece4a-5c70-49a4-9618-f3b4c918e7d1
[35m[HTTP][39m [37m<-- GET /wd/hub/session/22eece4a-5c70-49a4-9618-f3b4c918e7d1/element/079b6b24-c63f-4338-8c64-3ad2625704f2/location [39m[32m200[39m [90m44 ms - 77[39m
[35m[HTTP][39m [90m[39m
[35m[HTTP][39m [37m-->[39m [37mPOST[39m [37m/wd/hub/session/22eece4a-5c70-49a4-9618-f3b4c918e7d1/timeouts[39m
[35m[HTTP][39m [90m{"implicit":30000}[39m
[35m[HTTP][39m [37m<-- POST /wd/hub/session/22eece4a-5c70-49a4-9618-f3b4c918e7d1/timeouts [39m[32m200[39m [90m2 ms - 14[39m
[35m[HTTP][39m [90m[39m
[35m[HTTP][39m [37m-->[39m [37mPOST[39m [37m/wd/hub/session/22eece4a-5c70-49a4-9618-f3b4c918e7d1/element/079b6b24-c63f-4338-8c64-3ad2625704f2/clear[39m
[35m[HTTP][39m [90m{"id":"079b6b24-c63f-4338-8c64-3ad2625704f2"}[39m
[35m[HTTP][39m [37m<-- POST /wd/hub/session/22eece4a-5c70-49a4-9618-f3b4c918e7d1/element/079b6b24-c63f-4338-8c64-3ad2625704f2/clear [39m[32m200[39m [90m55 ms - 14[39m
[35m[HTTP][39m [90m[39m
[35m[HTTP][39m [37m-->[39m [37mPOST[39m [37m/wd/hub/session/22eece4a-5c70-49a4-9618-f3b4c918e7d1/element/079b6b24-c63f-4338-8c64-3ad2625704f2/value[39m
[35m[HTTP][39m [90m{"id":"079b6b24-c63f-4338-8c64-3ad2625704f2","text":"standard_user","value":["s","t","a","n","d","a","r","d","_","u","s","e","r"]}[39m
[35m[HTTP][39m [37m<-- POST /wd/hub/session/22eece4a-5c70-49a4-9618-f3b4c918e7d1/element/079b6b24-c63f-4338-8c64-3ad2625704f2/value [39m[32m200[39m [90m687 ms - 14[39m
[35m[HTTP][39m [90m[39m
[35m[HTTP][39m [37m-->[39m [37mPOST[39m [37m/wd/hub/session/22eece4a-5c70-49a4-9618-f3b4c918e7d1/timeouts[39m
[35m[HTTP][39m [90m{"implicit":50}[39m
[35m[HTTP][39m [37m<-- POST /wd/hub/session/22eece4a-5c70-49a4-9618-f3b4c918e7d1/timeouts [39m[32m200[39m [90m3 ms - 14[39m
[35m[HTTP][39m [90m[39m
[35m[HTTP][39m [37m-->[39m [37mGET[39m [37m/wd/hub/session/22eece4a-5c70-49a4-9618-f3b4c918e7d1/window/rect[39m
[35m[HTTP][39m [90m{}[39m
[35m[HTTP][39m [37m<-- GET /wd/hub/session/22eece4a-5c70-49a4-9618-f3b4c918e7d1/window/rect [39m[32m200[39m [90m43 ms - 49[39m
[35m[HTTP][39m [90m[39m
[35m[HTTP][39m [37m-->[39m [37mPOST[39m [37m/wd/hub/session/22eece4a-5c70-49a4-9618-f3b4c918e7d1/elements[39m
[35m[HTTP][39m [90m{"using":"xpath","value":"//*[@class = 'android.widget.EditText' and (@text = 'Password' or . = 'Password')]"}[39m
[35m[HTTP][39m [37m<-- POST /wd/hub/session/22eece4a-5c70-49a4-9618-f3b4c918e7d1/elements [39m[32m200[39m [90m402 ms - 139[39m
[35m[HTTP][39m [90m[39m
[35m[HTTP][39m [37m-->[39m [37mGET[39m [37m/wd/hub/session/22eece4a-5c70-49a4-9618-f3b4c918e7d1/element/3d3fe878-38d5-4bc5-b158-e686e5ccfa71/location[39m
[35m[HTTP][39m [90m{}[39m
[35m[W3C (22eece4a)][39m Driver proxy active, passing request on via HTTP proxy
[35m[WD Proxy][39m Replacing sessionId 3092abd3-50a8-4089-b777-3bb25ea2dd62 with 22eece4a-5c70-49a4-9618-f3b4c918e7d1
[35m[HTTP][39m [37m<-- GET /wd/hub/session/22eece4a-5c70-49a4-9618-f3b4c918e7d1/element/3d3fe878-38d5-4bc5-b158-e686e5ccfa71/location [39m[32m200[39m [90m36 ms - 77[39m
[35m[HTTP][39m [90m[39m
[35m[HTTP][39m [37m-->[39m [37mPOST[39m [37m/wd/hub/session/22eece4a-5c70-49a4-9618-f3b4c918e7d1/timeouts[39m
[35m[HTTP][39m [90m{"implicit":30000}[39m
[35m[HTTP][39m [37m<-- POST /wd/hub/session/22eece4a-5c70-49a4-9618-f3b4c918e7d1/timeouts [39m[32m200[39m [90m2 ms - 14[39m
[35m[HTTP][39m [90m[39m
[35m[HTTP][39m [37m-->[39m [37mPOST[39m [37m/wd/hub/session/22eece4a-5c70-49a4-9618-f3b4c918e7d1/element/3d3fe878-38d5-4bc5-b158-e686e5ccfa71/clear[39m
[35m[HTTP][39m [90m{"id":"3d3fe878-38d5-4bc5-b158-e686e5ccfa71"}[39m
[35m[HTTP][39m [37m<-- POST /wd/hub/session/22eece4a-5c70-49a4-9618-f3b4c918e7d1/element/3d3fe878-38d5-4bc5-b158-e686e5ccfa71/clear [39m[32m200[39m [90m41 ms - 14[39m
[35m[HTTP][39m [90m[39m
[35m[HTTP][39m [37m-->[39m [37mPOST[39m [37m/wd/hub/session/22eece4a-5c70-49a4-9618-f3b4c918e7d1/element/3d3fe878-38d5-4bc5-b158-e686e5ccfa71/value[39m
[35m[HTTP][39m [90m{"id":"3d3fe878-38d5-4bc5-b158-e686e5ccfa71","text":"secret_sauce","value":["s","e","c","r","e","t","_","s","a","u","c","e"]}[39m
[35m[HTTP][39m [37m<-- POST /wd/hub/session/22eece4a-5c70-49a4-9618-f3b4c918e7d1/element/3d3fe878-38d5-4bc5-b158-e686e5ccfa71/value [39m[32m200[39m [90m970 ms - 14[39m
[35m[HTTP][39m [90m[39m
[35m[HTTP][39m [37m-->[39m [37mPOST[39m [37m/wd/hub/session/22eece4a-5c70-49a4-9618-f3b4c918e7d1/timeouts[39m
[35m[HTTP][39m [90m{"implicit":50}[39m
[35m[HTTP][39m [37m<-- POST /wd/hub/session/22eece4a-5c70-49a4-9618-f3b4c918e7d1/timeouts [39m[32m200[39m [90m3 ms - 14[39m
[35m[HTTP][39m [90m[39m
[35m[HTTP][39m [37m-->[39m [37mGET[39m [37m/wd/hub/session/22eece4a-5c70-49a4-9618-f3b4c918e7d1/window/rect[39m
[35m[HTTP][39m [90m{}[39m
[35m[HTTP][39m [37m<-- GET /wd/hub/session/22eece4a-5c70-49a4-9618-f3b4c918e7d1/window/rect [39m[32m200[39m [90m43 ms - 49[39m
[35m[HTTP][39m [90m[39m
[35m[HTTP][39m [37m-->[39m [37mPOST[39m [37m/wd/hub/session/22eece4a-5c70-49a4-9618-f3b4c918e7d1/elements[39m
[35m[HTTP][39m [90m{"using":"accessibility id","value":"test-LOGIN"}[39m
[35m[HTTP][39m [37m<-- POST /wd/hub/session/22eece4a-5c70-49a4-9618-f3b4c918e7d1/elements [39m[32m200[39m [90m646 ms - 139[39m
[35m[HTTP][39m [90m[39m
[35m[HTTP][39m [37m-->[39m [37mGET[39m [37m/wd/hub/session/22eece4a-5c70-49a4-9618-f3b4c918e7d1/element/0529eca2-0985-43a9-90b5-1f3fc56878ca/location[39m
[35m[HTTP][39m [90m{}[39m
[35m[W3C (22eece4a)][39m Driver proxy active, passing request on via HTTP proxy
[35m[WD Proxy][39m Replacing sessionId 3092abd3-50a8-4089-b777-3bb25ea2dd62 with 22eece4a-5c70-49a4-9618-f3b4c918e7d1
[35m[HTTP][39m [37m<-- GET /wd/hub/session/22eece4a-5c70-49a4-9618-f3b4c918e7d1/element/0529eca2-0985-43a9-90b5-1f3fc56878ca/location [39m[32m200[39m [90m70 ms - 77[39m
[35m[HTTP][39m [90m[39m
[35m[HTTP][39m [37m-->[39m [37mPOST[39m [37m/wd/hub/session/22eece4a-5c70-49a4-9618-f3b4c918e7d1/timeouts[39m
[35m[HTTP][39m [90m{"implicit":30000}[39m
[35m[HTTP][39m [37m<-- POST /wd/hub/session/22eece4a-5c70-49a4-9618-f3b4c918e7d1/timeouts [39m[32m200[39m [90m3 ms - 14[39m
[35m[HTTP][39m [90m[39m
[35m[HTTP][39m [37m-->[39m [37mPOST[39m [37m/wd/hub/session/22eece4a-5c70-49a4-9618-f3b4c918e7d1/touch/perform[39m
[35m[HTTP][39m [90m{"actions":[{"action":"tap","options":{"x":1,"y":1,"element":"0529eca2-0985-43a9-90b5-1f3fc56878ca"}},{"action":"release","options":{}}]}[39m
[35m[UiAutomator2][39m calling get location: 0529eca2-0985-43a9-90b5-1f3fc56878ca
[35m[HTTP][39m [37m<-- POST /wd/hub/session/22eece4a-5c70-49a4-9618-f3b4c918e7d1/touch/perform [39m[32m200[39m [90m292 ms - 14[39m
[35m[HTTP][39m [90m[39m
[35m[HTTP][39m [37m-->[39m [37mGET[39m [37m/wd/hub/session/22eece4a-5c70-49a4-9618-f3b4c918e7d1/context[39m
[35m[HTTP][39m [90m{}[39m
[35m[HTTP][39m [37m<-- GET /wd/hub/session/22eece4a-5c70-49a4-9618-f3b4c918e7d1/context [39m[32m200[39m [90m3 ms - 22[39m
[35m[HTTP][39m [90m[39m
[35m[HTTP][39m [37m-->[39m [37mGET[39m [37m/wd/hub/session/22eece4a-5c70-49a4-9618-f3b4c918e7d1/contexts[39m
[35m[HTTP][39m [90m{}[39m
[35m[AndroidDriver][39m Not collecting web view details. Details collection might help to make Chromedriver initialization more precise. Use the 'enableWebviewDetailsCollection' cap to turn it on
[35m[AndroidDriver][39m Skipping the webview 'WEBVIEW_13865' at '@webview_devtools_remote_13865' since it has reported having zero pages
[35m[HTTP][39m [37m<-- GET /wd/hub/session/22eece4a-5c70-49a4-9618-f3b4c918e7d1/contexts [39m[32m200[39m [90m721 ms - 24[39m
[35m[HTTP][39m [90m[39m
[35m[HTTP][39m [37m-->[39m [37mPOST[39m [37m/wd/hub/session/22eece4a-5c70-49a4-9618-f3b4c918e7d1/context[39m
[35m[HTTP][39m [90m{"name":"NATIVE_APP"}[39m
[35m[HTTP][39m [37m<-- POST /wd/hub/session/22eece4a-5c70-49a4-9618-f3b4c918e7d1/context [39m[32m200[39m [90m3 ms - 14[39m
[35m[HTTP][39m [90m[39m
[35m[HTTP][39m [37m-->[39m [37mPOST[39m [37m/wd/hub/session/22eece4a-5c70-49a4-9618-f3b4c918e7d1/element[39m
[35m[HTTP][39m [90m{"using":"-android uiautomator","value":"new UiScrollable(new UiSelector().scrollable(true).instance(0)).scrollIntoView(new UiSelector().textContains(\"Onesie\"))"}[39m
[35m[HTTP][39m [37m<-- POST /wd/hub/session/22eece4a-5c70-49a4-9618-f3b4c918e7d1/element [39m[32m200[39m [90m4505 ms - 137[39m
[35m[HTTP][39m [90m[39m
[35m[HTTP][39m [37m-->[39m [37mPOST[39m [37m/wd/hub/session/22eece4a-5c70-49a4-9618-f3b4c918e7d1/context[39m
[35m[HTTP][39m [90m{"name":"NATIVE_APP"}[39m
[35m[HTTP][39m [37m<-- POST /wd/hub/session/22eece4a-5c70-49a4-9618-f3b4c918e7d1/context [39m[32m200[39m [90m3 ms - 14[39m
[35m[HTTP][39m [90m[39m
[35m[HTTP][39m [37m-->[39m [37mPOST[39m [37m/wd/hub/session/22eece4a-5c70-49a4-9618-f3b4c918e7d1/timeouts[39m
[35m[HTTP][39m [90m{"implicit":50}[39m
[35m[HTTP][39m [37m<-- POST /wd/hub/session/22eece4a-5c70-49a4-9618-f3b4c918e7d1/timeouts [39m[32m200[39m [90m4 ms - 14[39m
[35m[HTTP][39m [90m[39m
[35m[HTTP][39m [37m-->[39m [37mGET[39m [37m/wd/hub/session/22eece4a-5c70-49a4-9618-f3b4c918e7d1/window/rect[39m
[35m[HTTP][39m [90m{}[39m
[35m[HTTP][39m [37m<-- GET /wd/hub/session/22eece4a-5c70-49a4-9618-f3b4c918e7d1/window/rect [39m[32m200[39m [90m45 ms - 49[39m
[35m[HTTP][39m [90m[39m
[35m[HTTP][39m [37m-->[39m [37mPOST[39m [37m/wd/hub/session/22eece4a-5c70-49a4-9618-f3b4c918e7d1/elements[39m
[35m[HTTP][39m [90m{"using":"xpath","value":"//*[@class = 'android.widget.TextView' and (contains(@text, 'Onesie') or contains(., 'Onesie'))]"}[39m
[35m[HTTP][39m [37m<-- POST /wd/hub/session/22eece4a-5c70-49a4-9618-f3b4c918e7d1/elements [39m[32m200[39m [90m680 ms - 139[39m
[35m[HTTP][39m [90m[39m
[35m[HTTP][39m [37m-->[39m [37mGET[39m [37m/wd/hub/session/22eece4a-5c70-49a4-9618-f3b4c918e7d1/element/e675a680-5223-4eb1-95d7-b8d529e61eb8/location[39m
[35m[HTTP][39m [90m{}[39m
[35m[W3C (22eece4a)][39m Driver proxy active, passing request on via HTTP proxy
[35m[WD Proxy][39m Replacing sessionId 3092abd3-50a8-4089-b777-3bb25ea2dd62 with 22eece4a-5c70-49a4-9618-f3b4c918e7d1
[35m[HTTP][39m [37m<-- GET /wd/hub/session/22eece4a-5c70-49a4-9618-f3b4c918e7d1/element/e675a680-5223-4eb1-95d7-b8d529e61eb8/location [39m[32m200[39m [90m28 ms - 78[39m
[35m[HTTP][39m [90m[39m
[35m[HTTP][39m [37m-->[39m [37mPOST[39m [37m/wd/hub/session/22eece4a-5c70-49a4-9618-f3b4c918e7d1/timeouts[39m
[35m[HTTP][39m [90m{"implicit":30000}[39m
[35m[HTTP][39m [37m<-- POST /wd/hub/session/22eece4a-5c70-49a4-9618-f3b4c918e7d1/timeouts [39m[32m200[39m [90m2 ms - 14[39m
[35m[HTTP][39m [90m[39m
[35m[HTTP][39m [37m-->[39m [37mPOST[39m [37m/wd/hub/session/22eece4a-5c70-49a4-9618-f3b4c918e7d1/touch/perform[39m
[35m[HTTP][39m [90m{"actions":[{"action":"tap","options":{"x":1,"y":1,"element":"e675a680-5223-4eb1-95d7-b8d529e61eb8"}},{"action":"release","options":{}}]}[39m
[35m[UiAutomator2][39m calling get location: e675a680-5223-4eb1-95d7-b8d529e61eb8
[35m[HTTP][39m [37m<-- POST /wd/hub/session/22eece4a-5c70-49a4-9618-f3b4c918e7d1/touch/perform [39m[32m200[39m [90m219 ms - 14[39m
[35m[HTTP][39m [90m[39m
[35m[HTTP][39m [37m-->[39m [37mGET[39m [37m/wd/hub/session/22eece4a-5c70-49a4-9618-f3b4c918e7d1/context[39m
[35m[HTTP][39m [90m{}[39m
[35m[HTTP][39m [37m<-- GET /wd/hub/session/22eece4a-5c70-49a4-9618-f3b4c918e7d1/context [39m[32m200[39m [90m2 ms - 22[39m
[35m[HTTP][39m [90m[39m
[35m[HTTP][39m [37m-->[39m [37mGET[39m [37m/wd/hub/session/22eece4a-5c70-49a4-9618-f3b4c918e7d1/contexts[39m
[35m[HTTP][39m [90m{}[39m
[35m[AndroidDriver][39m Not collecting web view details. Details collection might help to make Chromedriver initialization more precise. Use the 'enableWebviewDetailsCollection' cap to turn it on
[35m[AndroidDriver][39m Skipping the webview 'WEBVIEW_13865' at '@webview_devtools_remote_13865' since it has reported having zero pages
[35m[HTTP][39m [37m<-- GET /wd/hub/session/22eece4a-5c70-49a4-9618-f3b4c918e7d1/contexts [39m[32m200[39m [90m539 ms - 24[39m
[35m[HTTP][39m [90m[39m
[35m[HTTP][39m [37m-->[39m [37mPOST[39m [37m/wd/hub/session/22eece4a-5c70-49a4-9618-f3b4c918e7d1/context[39m
[35m[HTTP][39m [90m{"name":"NATIVE_APP"}[39m
[35m[HTTP][39m [37m<-- POST /wd/hub/session/22eece4a-5c70-49a4-9618-f3b4c918e7d1/context [39m[32m200[39m [90m2 ms - 14[39m
[35m[HTTP][39m [90m[39m
[35m[HTTP][39m [37m-->[39m [37mPOST[39m [37m/wd/hub/session/22eece4a-5c70-49a4-9618-f3b4c918e7d1/element[39m
[35m[HTTP][39m [90m{"using":"-android uiautomator","value":"new UiScrollable(new UiSelector().scrollable(true).instance(0)).scrollIntoView(new UiSelector().textContains(\"ADD TO CART\"))"}[39m
[35m[HTTP][39m [37m<-- POST /wd/hub/session/22eece4a-5c70-49a4-9618-f3b4c918e7d1/element [39m[32m200[39m [90m3799 ms - 137[39m
[35m[HTTP][39m [90m[39m
[35m[HTTP][39m [37m-->[39m [37mPOST[39m [37m/wd/hub/session/22eece4a-5c70-49a4-9618-f3b4c918e7d1/context[39m
[35m[HTTP][39m [90m{"name":"NATIVE_APP"}[39m
[35m[HTTP][39m [37m<-- POST /wd/hub/session/22eece4a-5c70-49a4-9618-f3b4c918e7d1/context [39m[32m200[39m [90m2 ms - 14[39m
[35m[HTTP][39m [90m[39m
[35m[HTTP][39m [37m-->[39m [37mPOST[39m [37m/wd/hub/session/22eece4a-5c70-49a4-9618-f3b4c918e7d1/timeouts[39m
[35m[HTTP][39m [90m{"implicit":50}[39m
[35m[HTTP][39m [37m<-- POST /wd/hub/session/22eece4a-5c70-49a4-9618-f3b4c918e7d1/timeouts [39m[32m200[39m [90m2 ms - 14[39m
[35m[HTTP][39m [90m[39m
[35m[HTTP][39m [37m-->[39m [37mGET[39m [37m/wd/hub/session/22eece4a-5c70-49a4-9618-f3b4c918e7d1/window/rect[39m
[35m[HTTP][39m [90m{}[39m
[35m[HTTP][39m [37m<-- GET /wd/hub/session/22eece4a-5c70-49a4-9618-f3b4c918e7d1/window/rect [39m[32m200[39m [90m37 ms - 49[39m
[35m[HTTP][39m [90m[39m
[35m[HTTP][39m [37m-->[39m [37mPOST[39m [37m/wd/hub/session/22eece4a-5c70-49a4-9618-f3b4c918e7d1/elements[39m
[35m[HTTP][39m [90m{"using":"xpath","value":"//*[@class = 'android.widget.TextView' and (@text = 'ADD TO CART' or . = 'ADD TO CART')]"}[39m
[35m[HTTP][39m [37m<-- POST /wd/hub/session/22eece4a-5c70-49a4-9618-f3b4c918e7d1/elements [39m[32m200[39m [90m193 ms - 139[39m
[35m[HTTP][39m [90m[39m
[35m[HTTP][39m [37m-->[39m [37mGET[39m [37m/wd/hub/session/22eece4a-5c70-49a4-9618-f3b4c918e7d1/element/d53da404-289a-4ad6-b9c7-ad0eb472b3c5/location[39m
[35m[HTTP][39m [90m{}[39m
[35m[W3C (22eece4a)][39m Driver proxy active, passing request on via HTTP proxy
[35m[WD Proxy][39m Replacing sessionId 3092abd3-50a8-4089-b777-3bb25ea2dd62 with 22eece4a-5c70-49a4-9618-f3b4c918e7d1
[35m[HTTP][39m [37m<-- GET /wd/hub/session/22eece4a-5c70-49a4-9618-f3b4c918e7d1/element/d53da404-289a-4ad6-b9c7-ad0eb472b3c5/location [39m[32m200[39m [90m33 ms - 78[39m
[35m[HTTP][39m [90m[39m
[35m[HTTP][39m [37m-->[39m [37mPOST[39m [37m/wd/hub/session/22eece4a-5c70-49a4-9618-f3b4c918e7d1/timeouts[39m
[35m[HTTP][39m [90m{"implicit":30000}[39m
[35m[HTTP][39m [37m<-- POST /wd/hub/session/22eece4a-5c70-49a4-9618-f3b4c918e7d1/timeouts [39m[32m200[39m [90m2 ms - 14[39m
[35m[HTTP][39m [90m[39m
[35m[HTTP][39m [37m-->[39m [37mPOST[39m [37m/wd/hub/session/22eece4a-5c70-49a4-9618-f3b4c918e7d1/touch/perform[39m
[35m[HTTP][39m [90m{"actions":[{"action":"tap","options":{"x":1,"y":1,"element":"d53da404-289a-4ad6-b9c7-ad0eb472b3c5"}},{"action":"release","options":{}}]}[39m
[35m[UiAutomator2][39m calling get location: d53da404-289a-4ad6-b9c7-ad0eb472b3c5
[35m[HTTP][39m [37m<-- POST /wd/hub/session/22eece4a-5c70-49a4-9618-f3b4c918e7d1/touch/perform [39m[32m200[39m [90m248 ms - 14[39m
[35m[HTTP][39m [90m[39m
[35m[HTTP][39m [37m-->[39m [37mPOST[39m [37m/wd/hub/session/22eece4a-5c70-49a4-9618-f3b4c918e7d1/timeouts[39m
[35m[HTTP][39m [90m{"implicit":50}[39m
[35m[HTTP][39m [37m<-- POST /wd/hub/session/22eece4a-5c70-49a4-9618-f3b4c918e7d1/timeouts [39m[32m200[39m [90m3 ms - 14[39m
[35m[HTTP][39m [90m[39m
[35m[HTTP][39m [37m-->[39m [37mGET[39m [37m/wd/hub/session/22eece4a-5c70-49a4-9618-f3b4c918e7d1/window/rect[39m
[35m[HTTP][39m [90m{}[39m
[35m[HTTP][39m [37m<-- GET /wd/hub/session/22eece4a-5c70-49a4-9618-f3b4c918e7d1/window/rect [39m[32m200[39m [90m45 ms - 49[39m
[35m[HTTP][39m [90m[39m
[35m[HTTP][39m [37m-->[39m [37mPOST[39m [37m/wd/hub/session/22eece4a-5c70-49a4-9618-f3b4c918e7d1/elements[39m
[35m[HTTP][39m [90m{"using":"accessibility id","value":"test-BACK TO PRODUCTS"}[39m
[35m[HTTP][39m [37m<-- POST /wd/hub/session/22eece4a-5c70-49a4-9618-f3b4c918e7d1/elements [39m[32m200[39m [90m852 ms - 139[39m
[35m[HTTP][39m [90m[39m
[35m[HTTP][39m [37m-->[39m [37mGET[39m [37m/wd/hub/session/22eece4a-5c70-49a4-9618-f3b4c918e7d1/element/421f186f-0daa-4d93-87e3-420b99e971ff/location[39m
[35m[HTTP][39m [90m{}[39m
[35m[W3C (22eece4a)][39m Driver proxy active, passing request on via HTTP proxy
[35m[WD Proxy][39m Replacing sessionId 3092abd3-50a8-4089-b777-3bb25ea2dd62 with 22eece4a-5c70-49a4-9618-f3b4c918e7d1
[35m[HTTP][39m [37m<-- GET /wd/hub/session/22eece4a-5c70-49a4-9618-f3b4c918e7d1/element/421f186f-0daa-4d93-87e3-420b99e971ff/location [39m[32m200[39m [90m56 ms - 77[39m
[35m[HTTP][39m [90m[39m
[35m[HTTP][39m [37m-->[39m [37mPOST[39m [37m/wd/hub/session/22eece4a-5c70-49a4-9618-f3b4c918e7d1/timeouts[39m
[35m[HTTP][39m [90m{"implicit":30000}[39m
[35m[HTTP][39m [37m<-- POST /wd/hub/session/22eece4a-5c70-49a4-9618-f3b4c918e7d1/timeouts [39m[32m200[39m [90m6 ms - 14[39m
[35m[HTTP][39m [90m[39m
[35m[HTTP][39m [37m-->[39m [37mPOST[39m [37m/wd/hub/session/22eece4a-5c70-49a4-9618-f3b4c918e7d1/touch/perform[39m
[35m[HTTP][39m [90m{"actions":[{"action":"tap","options":{"x":1,"y":1,"element":"421f186f-0daa-4d93-87e3-420b99e971ff"}},{"action":"release","options":{}}]}[39m
[35m[UiAutomator2][39m calling get location: 421f186f-0daa-4d93-87e3-420b99e971ff
[35m[HTTP][39m [37m<-- POST /wd/hub/session/22eece4a-5c70-49a4-9618-f3b4c918e7d1/touch/perform [39m[32m200[39m [90m214 ms - 14[39m
[35m[HTTP][39m [90m[39m
[35m[HTTP][39m [37m-->[39m [37mGET[39m [37m/wd/hub/session/22eece4a-5c70-49a4-9618-f3b4c918e7d1/context[39m
[35m[HTTP][39m [90m{}[39m
[35m[HTTP][39m [37m<-- GET /wd/hub/session/22eece4a-5c70-49a4-9618-f3b4c918e7d1/context [39m[32m200[39m [90m3 ms - 22[39m
[35m[HTTP][39m [90m[39m
[35m[HTTP][39m [37m-->[39m [37mGET[39m [37m/wd/hub/session/22eece4a-5c70-49a4-9618-f3b4c918e7d1/contexts[39m
[35m[HTTP][39m [90m{}[39m
[35m[AndroidDriver][39m Not collecting web view details. Details collection might help to make Chromedriver initialization more precise. Use the 'enableWebviewDetailsCollection' cap to turn it on
[35m[AndroidDriver][39m Skipping the webview 'WEBVIEW_13865' at '@webview_devtools_remote_13865' since it has reported having zero pages
[35m[HTTP][39m [37m<-- GET /wd/hub/session/22eece4a-5c70-49a4-9618-f3b4c918e7d1/contexts [39m[32m200[39m [90m599 ms - 24[39m
[35m[HTTP][39m [90m[39m
[35m[HTTP][39m [37m-->[39m [37mPOST[39m [37m/wd/hub/session/22eece4a-5c70-49a4-9618-f3b4c918e7d1/context[39m
[35m[HTTP][39m [90m{"name":"NATIVE_APP"}[39m
[35m[HTTP][39m [37m<-- POST /wd/hub/session/22eece4a-5c70-49a4-9618-f3b4c918e7d1/context [39m[32m200[39m [90m2 ms - 14[39m
[35m[HTTP][39m [90m[39m
[35m[HTTP][39m [37m-->[39m [37mPOST[39m [37m/wd/hub/session/22eece4a-5c70-49a4-9618-f3b4c918e7d1/element[39m
[35m[HTTP][39m [90m{"using":"-android uiautomator","value":"new UiScrollable(new UiSelector().scrollable(true).instance(0)).scrollIntoView(new UiSelector().textContains(\"Bolt\"))"}[39m
[35m[HTTP][39m [37m<-- POST /wd/hub/session/22eece4a-5c70-49a4-9618-f3b4c918e7d1/element [39m[32m200[39m [90m489 ms - 137[39m
[35m[HTTP][39m [90m[39m
[35m[HTTP][39m [37m-->[39m [37mPOST[39m [37m/wd/hub/session/22eece4a-5c70-49a4-9618-f3b4c918e7d1/context[39m
[35m[HTTP][39m [90m{"name":"NATIVE_APP"}[39m
[35m[HTTP][39m [37m<-- POST /wd/hub/session/22eece4a-5c70-49a4-9618-f3b4c918e7d1/context [39m[32m200[39m [90m2 ms - 14[39m
[35m[HTTP][39m [90m[39m
[35m[HTTP][39m [37m-->[39m [37mPOST[39m [37m/wd/hub/session/22eece4a-5c70-49a4-9618-f3b4c918e7d1/timeouts[39m
[35m[HTTP][39m [90m{"implicit":50}[39m
[35m[HTTP][39m [37m<-- POST /wd/hub/session/22eece4a-5c70-49a4-9618-f3b4c918e7d1/timeouts [39m[32m200[39m [90m2 ms - 14[39m
[35m[HTTP][39m [90m[39m
[35m[HTTP][39m [37m-->[39m [37mGET[39m [37m/wd/hub/session/22eece4a-5c70-49a4-9618-f3b4c918e7d1/window/rect[39m
[35m[HTTP][39m [90m{}[39m
[35m[HTTP][39m [37m<-- GET /wd/hub/session/22eece4a-5c70-49a4-9618-f3b4c918e7d1/window/rect [39m[32m200[39m [90m39 ms - 49[39m
[35m[HTTP][39m [90m[39m
[35m[HTTP][39m [37m-->[39m [37mPOST[39m [37m/wd/hub/session/22eece4a-5c70-49a4-9618-f3b4c918e7d1/elements[39m
[35m[HTTP][39m [90m{"using":"xpath","value":"//*[@class = 'android.widget.TextView' and (contains(@text, 'Bolt') or contains(., 'Bolt'))]"}[39m
[35m[HTTP][39m [37m<-- POST /wd/hub/session/22eece4a-5c70-49a4-9618-f3b4c918e7d1/elements [39m[32m200[39m [90m205 ms - 139[39m
[35m[HTTP][39m [90m[39m
[35m[HTTP][39m [37m-->[39m [37mGET[39m [37m/wd/hub/session/22eece4a-5c70-49a4-9618-f3b4c918e7d1/element/9fd66033-cc58-42e4-98e6-7ae57e514308/location[39m
[35m[HTTP][39m [90m{}[39m
[35m[W3C (22eece4a)][39m Driver proxy active, passing request on via HTTP proxy
[35m[WD Proxy][39m Replacing sessionId 3092abd3-50a8-4089-b777-3bb25ea2dd62 with 22eece4a-5c70-49a4-9618-f3b4c918e7d1
[35m[HTTP][39m [37m<-- GET /wd/hub/session/22eece4a-5c70-49a4-9618-f3b4c918e7d1/element/9fd66033-cc58-42e4-98e6-7ae57e514308/location [39m[32m200[39m [90m39 ms - 77[39m
[35m[HTTP][39m [90m[39m
[35m[HTTP][39m [37m-->[39m [37mPOST[39m [37m/wd/hub/session/22eece4a-5c70-49a4-9618-f3b4c918e7d1/timeouts[39m
[35m[HTTP][39m [90m{"implicit":30000}[39m
[35m[HTTP][39m [37m<-- POST /wd/hub/session/22eece4a-5c70-49a4-9618-f3b4c918e7d1/timeouts [39m[32m200[39m [90m2 ms - 14[39m
[35m[HTTP][39m [90m[39m
[35m[HTTP][39m [37m-->[39m [37mPOST[39m [37m/wd/hub/session/22eece4a-5c70-49a4-9618-f3b4c918e7d1/touch/perform[39m
[35m[HTTP][39m [90m{"actions":[{"action":"tap","options":{"x":1,"y":1,"element":"9fd66033-cc58-42e4-98e6-7ae57e514308"}},{"action":"release","options":{}}]}[39m
[35m[UiAutomator2][39m calling get location: 9fd66033-cc58-42e4-98e6-7ae57e514308
[35m[HTTP][39m [37m<-- POST /wd/hub/session/22eece4a-5c70-49a4-9618-f3b4c918e7d1/touch/perform [39m[32m200[39m [90m210 ms - 14[39m
[35m[HTTP][39m [90m[39m
[35m[HTTP][39m [37m-->[39m [37mGET[39m [37m/wd/hub/session/22eece4a-5c70-49a4-9618-f3b4c918e7d1/context[39m
[35m[HTTP][39m [90m{}[39m
[35m[HTTP][39m [37m<-- GET /wd/hub/session/22eece4a-5c70-49a4-9618-f3b4c918e7d1/context [39m[32m200[39m [90m3 ms - 22[39m
[35m[HTTP][39m [90m[39m
[35m[HTTP][39m [37m-->[39m [37mGET[39m [37m/wd/hub/session/22eece4a-5c70-49a4-9618-f3b4c918e7d1/contexts[39m
[35m[HTTP][39m [90m{}[39m
[35m[AndroidDriver][39m Not collecting web view details. Details collection might help to make Chromedriver initialization more precise. Use the 'enableWebviewDetailsCollection' cap to turn it on
[35m[AndroidDriver][39m Skipping the webview 'WEBVIEW_13865' at '@webview_devtools_remote_13865' since it has reported having zero pages
[35m[HTTP][39m [37m<-- GET /wd/hub/session/22eece4a-5c70-49a4-9618-f3b4c918e7d1/contexts [39m[32m200[39m [90m594 ms - 24[39m
[35m[HTTP][39m [90m[39m
[35m[HTTP][39m [37m-->[39m [37mPOST[39m [37m/wd/hub/session/22eece4a-5c70-49a4-9618-f3b4c918e7d1/context[39m
[35m[HTTP][39m [90m{"name":"NATIVE_APP"}[39m
[35m[HTTP][39m [37m<-- POST /wd/hub/session/22eece4a-5c70-49a4-9618-f3b4c918e7d1/context [39m[32m200[39m [90m3 ms - 14[39m
[35m[HTTP][39m [90m[39m
[35m[HTTP][39m [37m-->[39m [37mPOST[39m [37m/wd/hub/session/22eece4a-5c70-49a4-9618-f3b4c918e7d1/element[39m
[35m[HTTP][39m [90m{"using":"-android uiautomator","value":"new UiScrollable(new UiSelector().scrollable(true).instance(0)).scrollIntoView(new UiSelector().textContains(\"ADD TO CART\"))"}[39m
[35m[HTTP][39m [37m<-- POST /wd/hub/session/22eece4a-5c70-49a4-9618-f3b4c918e7d1/element [39m[32m200[39m [90m4130 ms - 137[39m
[35m[HTTP][39m [90m[39m
[35m[HTTP][39m [37m-->[39m [37mPOST[39m [37m/wd/hub/session/22eece4a-5c70-49a4-9618-f3b4c918e7d1/context[39m
[35m[HTTP][39m [90m{"name":"NATIVE_APP"}[39m
[35m[HTTP][39m [37m<-- POST /wd/hub/session/22eece4a-5c70-49a4-9618-f3b4c918e7d1/context [39m[32m200[39m [90m2 ms - 14[39m
[35m[HTTP][39m [90m[39m
[35m[HTTP][39m [37m-->[39m [37mPOST[39m [37m/wd/hub/session/22eece4a-5c70-49a4-9618-f3b4c918e7d1/timeouts[39m
[35m[HTTP][39m [90m{"implicit":50}[39m
[35m[HTTP][39m [37m<-- POST /wd/hub/session/22eece4a-5c70-49a4-9618-f3b4c918e7d1/timeouts [39m[32m200[39m [90m2 ms - 14[39m
[35m[HTTP][39m [90m[39m
[35m[HTTP][39m [37m-->[39m [37mGET[39m [37m/wd/hub/session/22eece4a-5c70-49a4-9618-f3b4c918e7d1/window/rect[39m
[35m[HTTP][39m [90m{}[39m
[35m[HTTP][39m [37m<-- GET /wd/hub/session/22eece4a-5c70-49a4-9618-f3b4c918e7d1/window/rect [39m[32m200[39m [90m36 ms - 49[39m
[35m[HTTP][39m [90m[39m
[35m[HTTP][39m [37m-->[39m [37mPOST[39m [37m/wd/hub/session/22eece4a-5c70-49a4-9618-f3b4c918e7d1/elements[39m
[35m[HTTP][39m [90m{"using":"xpath","value":"//*[@class = 'android.widget.TextView' and (@text = 'ADD TO CART' or . = 'ADD TO CART')]"}[39m
[35m[HTTP][39m [37m<-- POST /wd/hub/session/22eece4a-5c70-49a4-9618-f3b4c918e7d1/elements [39m[32m200[39m [90m437 ms - 139[39m
[35m[HTTP][39m [90m[39m
[35m[HTTP][39m [37m-->[39m [37mGET[39m [37m/wd/hub/session/22eece4a-5c70-49a4-9618-f3b4c918e7d1/element/e019d6b7-4188-4ff8-9f28-69d88e89a29b/location[39m
[35m[HTTP][39m [90m{}[39m
[35m[W3C (22eece4a)][39m Driver proxy active, passing request on via HTTP proxy
[35m[WD Proxy][39m Replacing sessionId 3092abd3-50a8-4089-b777-3bb25ea2dd62 with 22eece4a-5c70-49a4-9618-f3b4c918e7d1
[35m[HTTP][39m [37m<-- GET /wd/hub/session/22eece4a-5c70-49a4-9618-f3b4c918e7d1/element/e019d6b7-4188-4ff8-9f28-69d88e89a29b/location [39m[32m200[39m [90m24 ms - 78[39m
[35m[HTTP][39m [90m[39m
[35m[HTTP][39m [37m-->[39m [37mPOST[39m [37m/wd/hub/session/22eece4a-5c70-49a4-9618-f3b4c918e7d1/timeouts[39m
[35m[HTTP][39m [90m{"implicit":30000}[39m
[35m[HTTP][39m [37m<-- POST /wd/hub/session/22eece4a-5c70-49a4-9618-f3b4c918e7d1/timeouts [39m[32m200[39m [90m2 ms - 14[39m
[35m[HTTP][39m [90m[39m
[35m[HTTP][39m [37m-->[39m [37mPOST[39m [37m/wd/hub/session/22eece4a-5c70-49a4-9618-f3b4c918e7d1/touch/perform[39m
[35m[HTTP][39m [90m{"actions":[{"action":"tap","options":{"x":1,"y":1,"element":"e019d6b7-4188-4ff8-9f28-69d88e89a29b"}},{"action":"release","options":{}}]}[39m
[35m[UiAutomator2][39m calling get location: e019d6b7-4188-4ff8-9f28-69d88e89a29b
[35m[HTTP][39m [37m<-- POST /wd/hub/session/22eece4a-5c70-49a4-9618-f3b4c918e7d1/touch/perform [39m[32m200[39m [90m180 ms - 14[39m
[35m[HTTP][39m [90m[39m
[35m[HTTP][39m [37m-->[39m [37mPOST[39m [37m/wd/hub/session/22eece4a-5c70-49a4-9618-f3b4c918e7d1/timeouts[39m
[35m[HTTP][39m [90m{"implicit":50}[39m
[35m[HTTP][39m [37m<-- POST /wd/hub/session/22eece4a-5c70-49a4-9618-f3b4c918e7d1/timeouts [39m[32m200[39m [90m3 ms - 14[39m
[35m[HTTP][39m [90m[39m
[35m[HTTP][39m [37m-->[39m [37mGET[39m [37m/wd/hub/session/22eece4a-5c70-49a4-9618-f3b4c918e7d1/window/rect[39m
[35m[HTTP][39m [90m{}[39m
[35m[HTTP][39m [37m<-- GET /wd/hub/session/22eece4a-5c70-49a4-9618-f3b4c918e7d1/window/rect [39m[32m200[39m [90m26 ms - 49[39m
[35m[HTTP][39m [90m[39m
[35m[HTTP][39m [37m-->[39m [37mPOST[39m [37m/wd/hub/session/22eece4a-5c70-49a4-9618-f3b4c918e7d1/elements[39m
[35m[HTTP][39m [90m{"using":"accessibility id","value":"test-BACK TO PRODUCTS"}[39m
[35m[HTTP][39m [37m<-- POST /wd/hub/session/22eece4a-5c70-49a4-9618-f3b4c918e7d1/elements [39m[32m200[39m [90m914 ms - 139[39m
[35m[HTTP][39m [90m[39m
[35m[HTTP][39m [37m-->[39m [37mGET[39m [37m/wd/hub/session/22eece4a-5c70-49a4-9618-f3b4c918e7d1/element/ba2705d0-52cf-454e-af93-f423b5584372/location[39m
[35m[HTTP][39m [90m{}[39m
[35m[W3C (22eece4a)][39m Driver proxy active, passing request on via HTTP proxy
[35m[WD Proxy][39m Replacing sessionId 3092abd3-50a8-4089-b777-3bb25ea2dd62 with 22eece4a-5c70-49a4-9618-f3b4c918e7d1
[35m[HTTP][39m [37m<-- GET /wd/hub/session/22eece4a-5c70-49a4-9618-f3b4c918e7d1/element/ba2705d0-52cf-454e-af93-f423b5584372/location [39m[32m200[39m [90m40 ms - 77[39m
[35m[HTTP][39m [90m[39m
[35m[HTTP][39m [37m-->[39m [37mPOST[39m [37m/wd/hub/session/22eece4a-5c70-49a4-9618-f3b4c918e7d1/timeouts[39m
[35m[HTTP][39m [90m{"implicit":30000}[39m
[35m[HTTP][39m [37m<-- POST /wd/hub/session/22eece4a-5c70-49a4-9618-f3b4c918e7d1/timeouts [39m[32m200[39m [90m2 ms - 14[39m
[35m[HTTP][39m [90m[39m
[35m[HTTP][39m [37m-->[39m [37mPOST[39m [37m/wd/hub/session/22eece4a-5c70-49a4-9618-f3b4c918e7d1/touch/perform[39m
[35m[HTTP][39m [90m{"actions":[{"action":"tap","options":{"x":1,"y":1,"element":"ba2705d0-52cf-454e-af93-f423b5584372"}},{"action":"release","options":{}}]}[39m
[35m[UiAutomator2][39m calling get location: ba2705d0-52cf-454e-af93-f423b5584372
[35m[HTTP][39m [37m<-- POST /wd/hub/session/22eece4a-5c70-49a4-9618-f3b4c918e7d1/touch/perform [39m[32m200[39m [90m1132 ms - 14[39m
[35m[HTTP][39m [90m[39m
[35m[HTTP][39m [37m-->[39m [37mPOST[39m [37m/wd/hub/session/22eece4a-5c70-49a4-9618-f3b4c918e7d1/timeouts[39m
[35m[HTTP][39m [90m{"implicit":50}[39m
[35m[HTTP][39m [37m<-- POST /wd/hub/session/22eece4a-5c70-49a4-9618-f3b4c918e7d1/timeouts [39m[32m200[39m [90m2 ms - 14[39m
[35m[HTTP][39m [90m[39m
[35m[HTTP][39m [37m-->[39m [37mGET[39m [37m/wd/hub/session/22eece4a-5c70-49a4-9618-f3b4c918e7d1/window/rect[39m
[35m[HTTP][39m [90m{}[39m
[35m[HTTP][39m [37m<-- GET /wd/hub/session/22eece4a-5c70-49a4-9618-f3b4c918e7d1/window/rect [39m[32m200[39m [90m25 ms - 49[39m
[35m[HTTP][39m [90m[39m
[35m[HTTP][39m [37m-->[39m [37mPOST[39m [37m/wd/hub/session/22eece4a-5c70-49a4-9618-f3b4c918e7d1/elements[39m
[35m[HTTP][39m [90m{"using":"xpath","value":"//hierarchy/android.widget.FrameLayout[1]/android.widget.LinearLayout[1]/android.widget.FrameLayout[1]/android.widget.LinearLayout[1]/android.widget.FrameLayout[1]/android.widget.FrameLayout[1]/android.view.ViewGroup[1]/android.view.ViewGroup[1]/android.view.ViewGroup[1]/android.view.ViewGroup[1]/android.view.ViewGroup[1]/android.view.ViewGroup[1]/android.view.ViewGroup[1]/android.view.ViewGroup[1]/android.view.ViewGroup[1]/android.view.ViewGroup[2]/android.view.ViewGroup[1]/android.widget.ImageView[1]"}[39m
[35m[HTTP][39m [37m<-- POST /wd/hub/session/22eece4a-5c70-49a4-9618-f3b4c918e7d1/elements [39m[32m200[39m [90m139 ms - 139[39m
[35m[HTTP][39m [90m[39m
[35m[HTTP][39m [37m-->[39m [37mGET[39m [37m/wd/hub/session/22eece4a-5c70-49a4-9618-f3b4c918e7d1/element/e286c0a1-ab72-4d89-8ae1-7f5d788f79da/location[39m
[35m[HTTP][39m [90m{}[39m
[35m[W3C (22eece4a)][39m Driver proxy active, passing request on via HTTP proxy
[35m[WD Proxy][39m Replacing sessionId 3092abd3-50a8-4089-b777-3bb25ea2dd62 with 22eece4a-5c70-49a4-9618-f3b4c918e7d1
[35m[HTTP][39m [37m<-- GET /wd/hub/session/22eece4a-5c70-49a4-9618-f3b4c918e7d1/element/e286c0a1-ab72-4d89-8ae1-7f5d788f79da/location [39m[32m200[39m [90m468 ms - 77[39m
[35m[HTTP][39m [90m[39m
[35m[HTTP][39m [37m-->[39m [37mPOST[39m [37m/wd/hub/session/22eece4a-5c70-49a4-9618-f3b4c918e7d1/timeouts[39m
[35m[HTTP][39m [90m{"implicit":30000}[39m
[35m[HTTP][39m [37m<-- POST /wd/hub/session/22eece4a-5c70-49a4-9618-f3b4c918e7d1/timeouts [39m[32m200[39m [90m2 ms - 14[39m
[35m[HTTP][39m [90m[39m
[35m[HTTP][39m [37m-->[39m [37mPOST[39m [37m/wd/hub/session/22eece4a-5c70-49a4-9618-f3b4c918e7d1/touch/perform[39m
[35m[HTTP][39m [90m{"actions":[{"action":"tap","options":{"x":1,"y":1,"element":"e286c0a1-ab72-4d89-8ae1-7f5d788f79da"}},{"action":"release","options":{}}]}[39m
[35m[UiAutomator2][39m calling get location: e286c0a1-ab72-4d89-8ae1-7f5d788f79da
[35m[HTTP][39m [37m<-- POST /wd/hub/session/22eece4a-5c70-49a4-9618-f3b4c918e7d1/touch/perform [39m[32m200[39m [90m195 ms - 14[39m
[35m[HTTP][39m [90m[39m
[35m[HTTP][39m [37m-->[39m [37mGET[39m [37m/wd/hub/session/22eece4a-5c70-49a4-9618-f3b4c918e7d1/context[39m
[35m[HTTP][39m [90m{}[39m
[35m[HTTP][39m [37m<-- GET /wd/hub/session/22eece4a-5c70-49a4-9618-f3b4c918e7d1/context [39m[32m200[39m [90m3 ms - 22[39m
[35m[HTTP][39m [90m[39m
[35m[HTTP][39m [37m-->[39m [37mGET[39m [37m/wd/hub/session/22eece4a-5c70-49a4-9618-f3b4c918e7d1/contexts[39m
[35m[HTTP][39m [90m{}[39m
[35m[AndroidDriver][39m Not collecting web view details. Details collection might help to make Chromedriver initialization more precise. Use the 'enableWebviewDetailsCollection' cap to turn it on
[35m[AndroidDriver][39m Skipping the webview 'WEBVIEW_13865' at '@webview_devtools_remote_13865' since it has reported having zero pages
[35m[HTTP][39m [37m<-- GET /wd/hub/session/22eece4a-5c70-49a4-9618-f3b4c918e7d1/contexts [39m[32m200[39m [90m618 ms - 24[39m
[35m[HTTP][39m [90m[39m
[35m[HTTP][39m [37m-->[39m [37mPOST[39m [37m/wd/hub/session/22eece4a-5c70-49a4-9618-f3b4c918e7d1/context[39m
[35m[HTTP][39m [90m{"name":"NATIVE_APP"}[39m
[35m[HTTP][39m [37m<-- POST /wd/hub/session/22eece4a-5c70-49a4-9618-f3b4c918e7d1/context [39m[32m200[39m [90m4 ms - 14[39m
[35m[HTTP][39m [90m[39m
[35m[HTTP][39m [37m-->[39m [37mPOST[39m [37m/wd/hub/session/22eece4a-5c70-49a4-9618-f3b4c918e7d1/element[39m
[35m[HTTP][39m [90m{"using":"-android uiautomator","value":"new UiScrollable(new UiSelector().scrollable(true).instance(0)).scrollIntoView(new UiSelector().textContains(\"CHECKOUT\"))"}[39m
[35m[HTTP][39m [37m<-- POST /wd/hub/session/22eece4a-5c70-49a4-9618-f3b4c918e7d1/element [39m[32m200[39m [90m4059 ms - 137[39m
[35m[HTTP][39m [90m[39m
[35m[HTTP][39m [37m-->[39m [37mPOST[39m [37m/wd/hub/session/22eece4a-5c70-49a4-9618-f3b4c918e7d1/context[39m
[35m[HTTP][39m [90m{"name":"NATIVE_APP"}[39m
[35m[HTTP][39m [37m<-- POST /wd/hub/session/22eece4a-5c70-49a4-9618-f3b4c918e7d1/context [39m[32m200[39m [90m3 ms - 14[39m
[35m[HTTP][39m [90m[39m
[35m[HTTP][39m [37m-->[39m [37mPOST[39m [37m/wd/hub/session/22eece4a-5c70-49a4-9618-f3b4c918e7d1/timeouts[39m
[35m[HTTP][39m [90m{"implicit":50}[39m
[35m[HTTP][39m [37m<-- POST /wd/hub/session/22eece4a-5c70-49a4-9618-f3b4c918e7d1/timeouts [39m[32m200[39m [90m3 ms - 14[39m
[35m[HTTP][39m [90m[39m
[35m[HTTP][39m [37m-->[39m [37mGET[39m [37m/wd/hub/session/22eece4a-5c70-49a4-9618-f3b4c918e7d1/window/rect[39m
[35m[HTTP][39m [90m{}[39m
[35m[HTTP][39m [37m<-- GET /wd/hub/session/22eece4a-5c70-49a4-9618-f3b4c918e7d1/window/rect [39m[32m200[39m [90m39 ms - 49[39m
[35m[HTTP][39m [90m[39m
[35m[HTTP][39m [37m-->[39m [37mPOST[39m [37m/wd/hub/session/22eece4a-5c70-49a4-9618-f3b4c918e7d1/elements[39m
[35m[HTTP][39m [90m{"using":"xpath","value":"//*[@class = 'android.widget.TextView' and (@text = 'CHECKOUT' or . = 'CHECKOUT')]"}[39m
[35m[HTTP][39m [37m<-- POST /wd/hub/session/22eece4a-5c70-49a4-9618-f3b4c918e7d1/elements [39m[32m200[39m [90m189 ms - 139[39m
[35m[HTTP][39m [90m[39m
[35m[HTTP][39m [37m-->[39m [37mGET[39m [37m/wd/hub/session/22eece4a-5c70-49a4-9618-f3b4c918e7d1/element/7c817110-f976-4ad6-9572-852e334285b3/location[39m
[35m[HTTP][39m [90m{}[39m
[35m[W3C (22eece4a)][39m Driver proxy active, passing request on via HTTP proxy
[35m[WD Proxy][39m Replacing sessionId 3092abd3-50a8-4089-b777-3bb25ea2dd62 with 22eece4a-5c70-49a4-9618-f3b4c918e7d1
[35m[HTTP][39m [37m<-- GET /wd/hub/session/22eece4a-5c70-49a4-9618-f3b4c918e7d1/element/7c817110-f976-4ad6-9572-852e334285b3/location [39m[32m200[39m [90m36 ms - 79[39m
[35m[HTTP][39m [90m[39m
[35m[HTTP][39m [37m-->[39m [37mPOST[39m [37m/wd/hub/session/22eece4a-5c70-49a4-9618-f3b4c918e7d1/timeouts[39m
[35m[HTTP][39m [90m{"implicit":30000}[39m
[35m[HTTP][39m [37m<-- POST /wd/hub/session/22eece4a-5c70-49a4-9618-f3b4c918e7d1/timeouts [39m[32m200[39m [90m2 ms - 14[39m
[35m[HTTP][39m [90m[39m
[35m[HTTP][39m [37m-->[39m [37mPOST[39m [37m/wd/hub/session/22eece4a-5c70-49a4-9618-f3b4c918e7d1/touch/perform[39m
[35m[HTTP][39m [90m{"actions":[{"action":"tap","options":{"x":1,"y":1,"element":"7c817110-f976-4ad6-9572-852e334285b3"}},{"action":"release","options":{}}]}[39m
[35m[UiAutomator2][39m calling get location: 7c817110-f976-4ad6-9572-852e334285b3
[35m[HTTP][39m [37m<-- POST /wd/hub/session/22eece4a-5c70-49a4-9618-f3b4c918e7d1/touch/perform [39m[32m200[39m [90m225 ms - 14[39m
[35m[HTTP][39m [90m[39m
[35m[HTTP][39m [37m-->[39m [37mPOST[39m [37m/wd/hub/session/22eece4a-5c70-49a4-9618-f3b4c918e7d1/timeouts[39m
[35m[HTTP][39m [90m{"implicit":50}[39m
[35m[HTTP][39m [37m<-- POST /wd/hub/session/22eece4a-5c70-49a4-9618-f3b4c918e7d1/timeouts [39m[32m200[39m [90m2 ms - 14[39m
[35m[HTTP][39m [90m[39m
[35m[HTTP][39m [37m-->[39m [37mGET[39m [37m/wd/hub/session/22eece4a-5c70-49a4-9618-f3b4c918e7d1/window/rect[39m
[35m[HTTP][39m [90m{}[39m
[35m[HTTP][39m [37m<-- GET /wd/hub/session/22eece4a-5c70-49a4-9618-f3b4c918e7d1/window/rect [39m[32m200[39m [90m31 ms - 49[39m
[35m[HTTP][39m [90m[39m
[35m[HTTP][39m [37m-->[39m [37mPOST[39m [37m/wd/hub/session/22eece4a-5c70-49a4-9618-f3b4c918e7d1/elements[39m
[35m[HTTP][39m [90m{"using":"xpath","value":"//*[@class = 'android.widget.EditText' and (@text = 'First Name' or . = 'First Name')]"}[39m
[35m[HTTP][39m [37m<-- POST /wd/hub/session/22eece4a-5c70-49a4-9618-f3b4c918e7d1/elements [39m[32m200[39m [90m228 ms - 12[39m
[35m[HTTP][39m [90m[39m
[35m[HTTP][39m [37m-->[39m [37mPOST[39m [37m/wd/hub/session/22eece4a-5c70-49a4-9618-f3b4c918e7d1/elements[39m
[35m[HTTP][39m [90m{"using":"xpath","value":"//*[@class = 'android.widget.EditText' and (@text = 'First Name' or . = 'First Name')]"}[39m
[35m[HTTP][39m [37m<-- POST /wd/hub/session/22eece4a-5c70-49a4-9618-f3b4c918e7d1/elements [39m[32m200[39m [90m165 ms - 12[39m
[35m[HTTP][39m [90m[39m
[35m[HTTP][39m [37m-->[39m [37mPOST[39m [37m/wd/hub/session/22eece4a-5c70-49a4-9618-f3b4c918e7d1/elements[39m
[35m[HTTP][39m [90m{"using":"xpath","value":"//*[@class = 'android.widget.EditText' and (@text = 'First Name' or . = 'First Name')]"}[39m
[35m[HTTP][39m [37m<-- POST /wd/hub/session/22eece4a-5c70-49a4-9618-f3b4c918e7d1/elements [39m[32m200[39m [90m875 ms - 12[39m
[35m[HTTP][39m [90m[39m
[35m[HTTP][39m [37m-->[39m [37mPOST[39m [37m/wd/hub/session/22eece4a-5c70-49a4-9618-f3b4c918e7d1/elements[39m
[35m[HTTP][39m [90m{"using":"xpath","value":"//*[@class = 'android.widget.EditText' and (@text = 'First Name' or . = 'First Name')]"}[39m
[35m[HTTP][39m [37m<-- POST /wd/hub/session/22eece4a-5c70-49a4-9618-f3b4c918e7d1/elements [39m[32m200[39m [90m185 ms - 12[39m
[35m[HTTP][39m [90m[39m
[35m[HTTP][39m [37m-->[39m [37mPOST[39m [37m/wd/hub/session/22eece4a-5c70-49a4-9618-f3b4c918e7d1/elements[39m
[35m[HTTP][39m [90m{"using":"xpath","value":"//*[@class = 'android.widget.EditText' and (@text = 'First Name' or . = 'First Name')]"}[39m
[35m[HTTP][39m [37m<-- POST /wd/hub/session/22eece4a-5c70-49a4-9618-f3b4c918e7d1/elements [39m[32m200[39m [90m203 ms - 12[39m
[35m[HTTP][39m [90m[39m
[35m[HTTP][39m [37m-->[39m [37mPOST[39m [37m/wd/hub/session/22eece4a-5c70-49a4-9618-f3b4c918e7d1/elements[39m
[35m[HTTP][39m [90m{"using":"xpath","value":"//*[@class = 'android.widget.EditText' and (@text = 'First Name' or . = 'First Name')]"}[39m
[35m[HTTP][39m [37m<-- POST /wd/hub/session/22eece4a-5c70-49a4-9618-f3b4c918e7d1/elements [39m[32m200[39m [90m180 ms - 12[39m
[35m[HTTP][39m [90m[39m
[35m[HTTP][39m [37m-->[39m [37mPOST[39m [37m/wd/hub/session/22eece4a-5c70-49a4-9618-f3b4c918e7d1/elements[39m
[35m[HTTP][39m [90m{"using":"xpath","value":"//*[@class = 'android.widget.EditText' and (@text = 'First Name' or . = 'First Name')]"}[39m
[35m[HTTP][39m [37m<-- POST /wd/hub/session/22eece4a-5c70-49a4-9618-f3b4c918e7d1/elements [39m[32m200[39m [90m176 ms - 12[39m
[35m[HTTP][39m [90m[39m
[35m[HTTP][39m [37m-->[39m [37mPOST[39m [37m/wd/hub/session/22eece4a-5c70-49a4-9618-f3b4c918e7d1/elements[39m
[35m[HTTP][39m [90m{"using":"xpath","value":"//*[@class = 'android.widget.EditText' and (@text = 'First Name' or . = 'First Name')]"}[39m
[35m[HTTP][39m [37m<-- POST /wd/hub/session/22eece4a-5c70-49a4-9618-f3b4c918e7d1/elements [39m[32m200[39m [90m181 ms - 12[39m
[35m[HTTP][39m [90m[39m
[35m[HTTP][39m [37m-->[39m [37mPOST[39m [37m/wd/hub/session/22eece4a-5c70-49a4-9618-f3b4c918e7d1/elements[39m
[35m[HTTP][39m [90m{"using":"xpath","value":"//*[@class = 'android.widget.EditText' and (@text = 'First Name' or . = 'First Name')]"}[39m
[35m[HTTP][39m [37m<-- POST /wd/hub/session/22eece4a-5c70-49a4-9618-f3b4c918e7d1/elements [39m[32m200[39m [90m161 ms - 12[39m
[35m[HTTP][39m [90m[39m
[35m[HTTP][39m [37m-->[39m [37mPOST[39m [37m/wd/hub/session/22eece4a-5c70-49a4-9618-f3b4c918e7d1/elements[39m
[35m[HTTP][39m [90m{"using":"xpath","value":"//*[@class = 'android.widget.EditText' and (@text = 'First Name' or . = 'First Name')]"}[39m
[35m[HTTP][39m [37m<-- POST /wd/hub/session/22eece4a-5c70-49a4-9618-f3b4c918e7d1/elements [39m[32m200[39m [90m179 ms - 12[39m
[35m[HTTP][39m [90m[39m
[35m[HTTP][39m [37m-->[39m [37mPOST[39m [37m/wd/hub/session/22eece4a-5c70-49a4-9618-f3b4c918e7d1/elements[39m
[35m[HTTP][39m [90m{"using":"xpath","value":"//*[@class = 'android.widget.EditText' and (@text = 'First Name' or . = 'First Name')]"}[39m
[35m[HTTP][39m [37m<-- POST /wd/hub/session/22eece4a-5c70-49a4-9618-f3b4c918e7d1/elements [39m[32m200[39m [90m169 ms - 12[39m
[35m[HTTP][39m [90m[39m
[35m[HTTP][39m [37m-->[39m [37mPOST[39m [37m/wd/hub/session/22eece4a-5c70-49a4-9618-f3b4c918e7d1/elements[39m
[35m[HTTP][39m [90m{"using":"xpath","value":"//*[@class = 'android.widget.EditText' and (@text = 'First Name' or . = 'First Name')]"}[39m
[35m[HTTP][39m [37m<-- POST /wd/hub/session/22eece4a-5c70-49a4-9618-f3b4c918e7d1/elements [39m[32m200[39m [90m170 ms - 12[39m
[35m[HTTP][39m [90m[39m
[35m[HTTP][39m [37m-->[39m [37mPOST[39m [37m/wd/hub/session/22eece4a-5c70-49a4-9618-f3b4c918e7d1/elements[39m
[35m[HTTP][39m [90m{"using":"xpath","value":"//*[@class = 'android.widget.EditText' and (@text = 'First Name' or . = 'First Name')]"}[39m
[35m[HTTP][39m [37m<-- POST /wd/hub/session/22eece4a-5c70-49a4-9618-f3b4c918e7d1/elements [39m[32m200[39m [90m187 ms - 12[39m
[35m[HTTP][39m [90m[39m
[35m[HTTP][39m [37m-->[39m [37mPOST[39m [37m/wd/hub/session/22eece4a-5c70-49a4-9618-f3b4c918e7d1/elements[39m
[35m[HTTP][39m [90m{"using":"xpath","value":"//*[@class = 'android.widget.EditText' and (@text = 'First Name' or . = 'First Name')]"}[39m
[35m[HTTP][39m [37m<-- POST /wd/hub/session/22eece4a-5c70-49a4-9618-f3b4c918e7d1/elements [39m[32m200[39m [90m159 ms - 12[39m
[35m[HTTP][39m [90m[39m
[35m[HTTP][39m [37m-->[39m [37mPOST[39m [37m/wd/hub/session/22eece4a-5c70-49a4-9618-f3b4c918e7d1/elements[39m
[35m[HTTP][39m [90m{"using":"xpath","value":"//*[@class = 'android.widget.EditText' and (@text = 'First Name' or . = 'First Name')]"}[39m
[35m[HTTP][39m [37m<-- POST /wd/hub/session/22eece4a-5c70-49a4-9618-f3b4c918e7d1/elements [39m[32m200[39m [90m172 ms - 12[39m
[35m[HTTP][39m [90m[39m
[35m[HTTP][39m [37m-->[39m [37mPOST[39m [37m/wd/hub/session/22eece4a-5c70-49a4-9618-f3b4c918e7d1/elements[39m
[35m[HTTP][39m [90m{"using":"xpath","value":"//*[@class = 'android.widget.EditText' and (@text = 'First Name' or . = 'First Name')]"}[39m
[35m[HTTP][39m [37m<-- POST /wd/hub/session/22eece4a-5c70-49a4-9618-f3b4c918e7d1/elements [39m[32m200[39m [90m489 ms - 12[39m
[35m[HTTP][39m [90m[39m
[35m[HTTP][39m [37m-->[39m [37mPOST[39m [37m/wd/hub/session/22eece4a-5c70-49a4-9618-f3b4c918e7d1/elements[39m
[35m[HTTP][39m [90m{"using":"xpath","value":"//*[@class = 'android.widget.EditText' and (@text = 'First Name' or . = 'First Name')]"}[39m
[35m[HTTP][39m [37m<-- POST /wd/hub/session/22eece4a-5c70-49a4-9618-f3b4c918e7d1/elements [39m[32m200[39m [90m166 ms - 12[39m
[35m[HTTP][39m [90m[39m
[35m[HTTP][39m [37m-->[39m [37mPOST[39m [37m/wd/hub/session/22eece4a-5c70-49a4-9618-f3b4c918e7d1/elements[39m
[35m[HTTP][39m [90m{"using":"xpath","value":"//*[@class = 'android.widget.EditText' and (@text = 'First Name' or . = 'First Name')]"}[39m
[35m[HTTP][39m [37m<-- POST /wd/hub/session/22eece4a-5c70-49a4-9618-f3b4c918e7d1/elements [39m[32m200[39m [90m143 ms - 12[39m
[35m[HTTP][39m [90m[39m
[35m[HTTP][39m [37m-->[39m [37mPOST[39m [37m/wd/hub/session/22eece4a-5c70-49a4-9618-f3b4c918e7d1/elements[39m
[35m[HTTP][39m [90m{"using":"xpath","value":"//*[@class = 'android.widget.EditText' and (@text = 'First Name' or . = 'First Name')]"}[39m
[35m[HTTP][39m [37m<-- POST /wd/hub/session/22eece4a-5c70-49a4-9618-f3b4c918e7d1/elements [39m[32m200[39m [90m666 ms - 12[39m
[35m[HTTP][39m [90m[39m
[35m[HTTP][39m [37m-->[39m [37mPOST[39m [37m/wd/hub/session/22eece4a-5c70-49a4-9618-f3b4c918e7d1/elements[39m
[35m[HTTP][39m [90m{"using":"xpath","value":"//*[@class = 'android.widget.EditText' and (@text = 'First Name' or . = 'First Name')]"}[39m
[35m[HTTP][39m [37m<-- POST /wd/hub/session/22eece4a-5c70-49a4-9618-f3b4c918e7d1/elements [39m[32m200[39m [90m151 ms - 12[39m
[35m[HTTP][39m [90m[39m
[35m[HTTP][39m [37m-->[39m [37mPOST[39m [37m/wd/hub/session/22eece4a-5c70-49a4-9618-f3b4c918e7d1/elements[39m
[35m[HTTP][39m [90m{"using":"xpath","value":"//*[@class = 'android.widget.EditText' and (@text = 'First Name' or . = 'First Name')]"}[39m
[35m[HTTP][39m [37m<-- POST /wd/hub/session/22eece4a-5c70-49a4-9618-f3b4c918e7d1/elements [39m[32m200[39m [90m161 ms - 12[39m
[35m[HTTP][39m [90m[39m
[35m[HTTP][39m [37m-->[39m [37mPOST[39m [37m/wd/hub/session/22eece4a-5c70-49a4-9618-f3b4c918e7d1/elements[39m
[35m[HTTP][39m [90m{"using":"xpath","value":"//*[@class = 'android.widget.EditText' and (@text = 'First Name' or . = 'First Name')]"}[39m
[35m[HTTP][39m [37m<-- POST /wd/hub/session/22eece4a-5c70-49a4-9618-f3b4c918e7d1/elements [39m[32m200[39m [90m145 ms - 12[39m
[35m[HTTP][39m [90m[39m
[35m[HTTP][39m [37m-->[39m [37mPOST[39m [37m/wd/hub/session/22eece4a-5c70-49a4-9618-f3b4c918e7d1/elements[39m
[35m[HTTP][39m [90m{"using":"xpath","value":"//*[@class = 'android.widget.EditText' and (@text = 'First Name' or . = 'First Name')]"}[39m
[35m[HTTP][39m [37m<-- POST /wd/hub/session/22eece4a-5c70-49a4-9618-f3b4c918e7d1/elements [39m[32m200[39m [90m162 ms - 12[39m
[35m[HTTP][39m [90m[39m
[35m[HTTP][39m [37m-->[39m [37mPOST[39m [37m/wd/hub/session/22eece4a-5c70-49a4-9618-f3b4c918e7d1/elements[39m
[35m[HTTP][39m [90m{"using":"xpath","value":"//*[@class = 'android.widget.EditText' and (@text = 'First Name' or . = 'First Name')]"}[39m
[35m[HTTP][39m [37m<-- POST /wd/hub/session/22eece4a-5c70-49a4-9618-f3b4c918e7d1/elements [39m[32m200[39m [90m183 ms - 12[39m
[35m[HTTP][39m [90m[39m
[35m[HTTP][39m [37m-->[39m [37mPOST[39m [37m/wd/hub/session/22eece4a-5c70-49a4-9618-f3b4c918e7d1/elements[39m
[35m[HTTP][39m [90m{"using":"xpath","value":"//*[@class = 'android.widget.EditText' and (@text = 'First Name' or . = 'First Name')]"}[39m
[35m[HTTP][39m [37m<-- POST /wd/hub/session/22eece4a-5c70-49a4-9618-f3b4c918e7d1/elements [39m[32m200[39m [90m167 ms - 12[39m
[35m[HTTP][39m [90m[39m
[35m[HTTP][39m [37m-->[39m [37mPOST[39m [37m/wd/hub/session/22eece4a-5c70-49a4-9618-f3b4c918e7d1/elements[39m
[35m[HTTP][39m [90m{"using":"xpath","value":"//*[@class = 'android.widget.EditText' and (@text = 'First Name' or . = 'First Name')]"}[39m
[35m[HTTP][39m [37m<-- POST /wd/hub/session/22eece4a-5c70-49a4-9618-f3b4c918e7d1/elements [39m[32m200[39m [90m156 ms - 12[39m
[35m[HTTP][39m [90m[39m
[35m[HTTP][39m [37m-->[39m [37mPOST[39m [37m/wd/hub/session/22eece4a-5c70-49a4-9618-f3b4c918e7d1/elements[39m
[35m[HTTP][39m [90m{"using":"xpath","value":"//*[@class = 'android.widget.EditText' and (@text = 'First Name' or . = 'First Name')]"}[39m
[35m[HTTP][39m [37m<-- POST /wd/hub/session/22eece4a-5c70-49a4-9618-f3b4c918e7d1/elements [39m[32m200[39m [90m151 ms - 12[39m
[35m[HTTP][39m [90m[39m
[35m[HTTP][39m [37m-->[39m [37mPOST[39m [37m/wd/hub/session/22eece4a-5c70-49a4-9618-f3b4c918e7d1/elements[39m
[35m[HTTP][39m [90m{"using":"xpath","value":"//*[@class = 'android.widget.EditText' and (@text = 'First Name' or . = 'First Name')]"}[39m
[35m[HTTP][39m [37m<-- POST /wd/hub/session/22eece4a-5c70-49a4-9618-f3b4c918e7d1/elements [39m[32m200[39m [90m188 ms - 12[39m
[35m[HTTP][39m [90m[39m
[35m[HTTP][39m [37m-->[39m [37mPOST[39m [37m/wd/hub/session/22eece4a-5c70-49a4-9618-f3b4c918e7d1/elements[39m
[35m[HTTP][39m [90m{"using":"xpath","value":"//*[@class = 'android.widget.EditText' and (@text = 'First Name' or . = 'First Name')]"}[39m
[35m[HTTP][39m [37m<-- POST /wd/hub/session/22eece4a-5c70-49a4-9618-f3b4c918e7d1/elements [39m[32m200[39m [90m172 ms - 12[39m
[35m[HTTP][39m [90m[39m
[35m[HTTP][39m [37m-->[39m [37mPOST[39m [37m/wd/hub/session/22eece4a-5c70-49a4-9618-f3b4c918e7d1/elements[39m
[35m[HTTP][39m [90m{"using":"xpath","value":"//*[@class = 'android.widget.EditText' and (@text = 'First Name' or . = 'First Name')]"}[39m
[35m[HTTP][39m [37m<-- POST /wd/hub/session/22eece4a-5c70-49a4-9618-f3b4c918e7d1/elements [39m[32m200[39m [90m153 ms - 12[39m
[35m[HTTP][39m [90m[39m
[35m[HTTP][39m [37m-->[39m [37mPOST[39m [37m/wd/hub/session/22eece4a-5c70-49a4-9618-f3b4c918e7d1/elements[39m
[35m[HTTP][39m [90m{"using":"xpath","value":"//*[@class = 'android.widget.EditText' and (@text = 'First Name' or . = 'First Name')]"}[39m
[35m[HTTP][39m [37m<-- POST /wd/hub/session/22eece4a-5c70-49a4-9618-f3b4c918e7d1/elements [39m[32m200[39m [90m156 ms - 12[39m
[35m[HTTP][39m [90m[39m
[35m[HTTP][39m [37m-->[39m [37mPOST[39m [37m/wd/hub/session/22eece4a-5c70-49a4-9618-f3b4c918e7d1/elements[39m
[35m[HTTP][39m [90m{"using":"xpath","value":"//*[@class = 'android.widget.EditText' and (@text = 'First Name' or . = 'First Name')]"}[39m
[35m[HTTP][39m [37m<-- POST /wd/hub/session/22eece4a-5c70-49a4-9618-f3b4c918e7d1/elements [39m[32m200[39m [90m151 ms - 12[39m
[35m[HTTP][39m [90m[39m
[35m[HTTP][39m [37m-->[39m [37mPOST[39m [37m/wd/hub/session/22eece4a-5c70-49a4-9618-f3b4c918e7d1/elements[39m
[35m[HTTP][39m [90m{"using":"xpath","value":"//*[@class = 'android.widget.EditText' and (@text = 'First Name' or . = 'First Name')]"}[39m
[35m[HTTP][39m [37m<-- POST /wd/hub/session/22eece4a-5c70-49a4-9618-f3b4c918e7d1/elements [39m[32m200[39m [90m197 ms - 12[39m
[35m[HTTP][39m [90m[39m
[35m[HTTP][39m [37m-->[39m [37mPOST[39m [37m/wd/hub/session/22eece4a-5c70-49a4-9618-f3b4c918e7d1/elements[39m
[35m[HTTP][39m [90m{"using":"xpath","value":"//*[@class = 'android.widget.EditText' and (@text = 'First Name' or . = 'First Name')]"}[39m
[35m[HTTP][39m [37m<-- POST /wd/hub/session/22eece4a-5c70-49a4-9618-f3b4c918e7d1/elements [39m[32m200[39m [90m167 ms - 12[39m
[35m[HTTP][39m [90m[39m
[35m[HTTP][39m [37m-->[39m [37mPOST[39m [37m/wd/hub/session/22eece4a-5c70-49a4-9618-f3b4c918e7d1/elements[39m
[35m[HTTP][39m [90m{"using":"xpath","value":"//*[@class = 'android.widget.EditText' and (@text = 'First Name' or . = 'First Name')]"}[39m
[35m[HTTP][39m [37m<-- POST /wd/hub/session/22eece4a-5c70-49a4-9618-f3b4c918e7d1/elements [39m[32m200[39m [90m173 ms - 12[39m
[35m[HTTP][39m [90m[39m
[35m[HTTP][39m [37m-->[39m [37mPOST[39m [37m/wd/hub/session/22eece4a-5c70-49a4-9618-f3b4c918e7d1/elements[39m
[35m[HTTP][39m [90m{"using":"xpath","value":"//*[@class = 'android.widget.EditText' and (@text = 'First Name' or . = 'First Name')]"}[39m
[35m[HTTP][39m [37m<-- POST /wd/hub/session/22eece4a-5c70-49a4-9618-f3b4c918e7d1/elements [39m[32m200[39m [90m185 ms - 12[39m
[35m[HTTP][39m [90m[39m
[35m[HTTP][39m [37m-->[39m [37mPOST[39m [37m/wd/hub/session/22eece4a-5c70-49a4-9618-f3b4c918e7d1/elements[39m
[35m[HTTP][39m [90m{"using":"xpath","value":"//*[@class = 'android.widget.EditText' and (@text = 'First Name' or . = 'First Name')]"}[39m
[35m[HTTP][39m [37m<-- POST /wd/hub/session/22eece4a-5c70-49a4-9618-f3b4c918e7d1/elements [39m[32m200[39m [90m155 ms - 12[39m
[35m[HTTP][39m [90m[39m
[35m[HTTP][39m [37m-->[39m [37mPOST[39m [37m/wd/hub/session/22eece4a-5c70-49a4-9618-f3b4c918e7d1/elements[39m
[35m[HTTP][39m [90m{"using":"xpath","value":"//*[@class = 'android.widget.EditText' and (@text = 'First Name' or . = 'First Name')]"}[39m
[35m[HTTP][39m [37m<-- POST /wd/hub/session/22eece4a-5c70-49a4-9618-f3b4c918e7d1/elements [39m[32m200[39m [90m170 ms - 12[39m
[35m[HTTP][39m [90m[39m
[35m[HTTP][39m [37m-->[39m [37mPOST[39m [37m/wd/hub/session/22eece4a-5c70-49a4-9618-f3b4c918e7d1/elements[39m
[35m[HTTP][39m [90m{"using":"xpath","value":"//*[@class = 'android.widget.EditText' and (@text = 'First Name' or . = 'First Name')]"}[39m
[35m[HTTP][39m [37m<-- POST /wd/hub/session/22eece4a-5c70-49a4-9618-f3b4c918e7d1/elements [39m[32m200[39m [90m1062 ms - 12[39m
[35m[HTTP][39m [90m[39m
[35m[HTTP][39m [37m-->[39m [37mPOST[39m [37m/wd/hub/session/22eece4a-5c70-49a4-9618-f3b4c918e7d1/elements[39m
[35m[HTTP][39m [90m{"using":"xpath","value":"//*[@class = 'android.widget.EditText' and (@text = 'First Name' or . = 'First Name')]"}[39m
[35m[HTTP][39m [37m<-- POST /wd/hub/session/22eece4a-5c70-49a4-9618-f3b4c918e7d1/elements [39m[32m200[39m [90m545 ms - 12[39m
[35m[HTTP][39m [90m[39m
[35m[HTTP][39m [37m-->[39m [37mPOST[39m [37m/wd/hub/session/22eece4a-5c70-49a4-9618-f3b4c918e7d1/elements[39m
[35m[HTTP][39m [90m{"using":"xpath","value":"//*[@class = 'android.widget.EditText' and (@text = 'First Name' or . = 'First Name')]"}[39m
[35m[HTTP][39m [37m<-- POST /wd/hub/session/22eece4a-5c70-49a4-9618-f3b4c918e7d1/elements [39m[32m200[39m [90m162 ms - 12[39m
[35m[HTTP][39m [90m[39m
[35m[HTTP][39m [37m-->[39m [37mPOST[39m [37m/wd/hub/session/22eece4a-5c70-49a4-9618-f3b4c918e7d1/elements[39m
[35m[HTTP][39m [90m{"using":"xpath","value":"//*[@class = 'android.widget.EditText' and (@text = 'First Name' or . = 'First Name')]"}[39m
[35m[HTTP][39m [37m<-- POST /wd/hub/session/22eece4a-5c70-49a4-9618-f3b4c918e7d1/elements [39m[32m200[39m [90m136 ms - 12[39m
[35m[HTTP][39m [90m[39m
[35m[HTTP][39m [37m-->[39m [37mPOST[39m [37m/wd/hub/session/22eece4a-5c70-49a4-9618-f3b4c918e7d1/elements[39m
[35m[HTTP][39m [90m{"using":"xpath","value":"//*[@class = 'android.widget.EditText' and (@text = 'First Name' or . = 'First Name')]"}[39m
[35m[HTTP][39m [37m<-- POST /wd/hub/session/22eece4a-5c70-49a4-9618-f3b4c918e7d1/elements [39m[32m200[39m [90m156 ms - 12[39m
[35m[HTTP][39m [90m[39m
[35m[HTTP][39m [37m-->[39m [37mPOST[39m [37m/wd/hub/session/22eece4a-5c70-49a4-9618-f3b4c918e7d1/elements[39m
[35m[HTTP][39m [90m{"using":"xpath","value":"//*[@class = 'android.widget.EditText' and (@text = 'First Name' or . = 'First Name')]"}[39m
[35m[HTTP][39m [37m<-- POST /wd/hub/session/22eece4a-5c70-49a4-9618-f3b4c918e7d1/elements [39m[32m200[39m [90m176 ms - 12[39m
[35m[HTTP][39m [90m[39m
[35m[HTTP][39m [37m-->[39m [37mPOST[39m [37m/wd/hub/session/22eece4a-5c70-49a4-9618-f3b4c918e7d1/elements[39m
[35m[HTTP][39m [90m{"using":"xpath","value":"//*[@class = 'android.widget.EditText' and (@text = 'First Name' or . = 'First Name')]"}[39m
[35m[HTTP][39m [37m<-- POST /wd/hub/session/22eece4a-5c70-49a4-9618-f3b4c918e7d1/elements [39m[32m200[39m [90m159 ms - 12[39m
[35m[HTTP][39m [90m[39m
[35m[HTTP][39m [37m-->[39m [37mPOST[39m [37m/wd/hub/session/22eece4a-5c70-49a4-9618-f3b4c918e7d1/elements[39m
[35m[HTTP][39m [90m{"using":"xpath","value":"//*[@class = 'android.widget.EditText' and (@text = 'First Name' or . = 'First Name')]"}[39m
[35m[HTTP][39m [37m<-- POST /wd/hub/session/22eece4a-5c70-49a4-9618-f3b4c918e7d1/elements [39m[32m200[39m [90m156 ms - 12[39m
[35m[HTTP][39m [90m[39m
[35m[HTTP][39m [37m-->[39m [37mPOST[39m [37m/wd/hub/session/22eece4a-5c70-49a4-9618-f3b4c918e7d1/elements[39m
[35m[HTTP][39m [90m{"using":"xpath","value":"//*[@class = 'android.widget.EditText' and (@text = 'First Name' or . = 'First Name')]"}[39m
[35m[HTTP][39m [37m<-- POST /wd/hub/session/22eece4a-5c70-49a4-9618-f3b4c918e7d1/elements [39m[32m200[39m [90m166 ms - 12[39m
[35m[HTTP][39m [90m[39m
[35m[HTTP][39m [37m-->[39m [37mPOST[39m [37m/wd/hub/session/22eece4a-5c70-49a4-9618-f3b4c918e7d1/elements[39m
[35m[HTTP][39m [90m{"using":"xpath","value":"//*[@class = 'android.widget.EditText' and (@text = 'First Name' or . = 'First Name')]"}[39m
[35m[HTTP][39m [37m<-- POST /wd/hub/session/22eece4a-5c70-49a4-9618-f3b4c918e7d1/elements [39m[32m200[39m [90m117 ms - 12[39m
[35m[HTTP][39m [90m[39m
[35m[HTTP][39m [37m-->[39m [37mPOST[39m [37m/wd/hub/session/22eece4a-5c70-49a4-9618-f3b4c918e7d1/elements[39m
[35m[HTTP][39m [90m{"using":"xpath","value":"//*[@class = 'android.widget.EditText' and (@text = 'First Name' or . = 'First Name')]"}[39m
[35m[HTTP][39m [37m<-- POST /wd/hub/session/22eece4a-5c70-49a4-9618-f3b4c918e7d1/elements [39m[32m200[39m [90m664 ms - 12[39m
[35m[HTTP][39m [90m[39m
[35m[HTTP][39m [37m-->[39m [37mPOST[39m [37m/wd/hub/session/22eece4a-5c70-49a4-9618-f3b4c918e7d1/elements[39m
[35m[HTTP][39m [90m{"using":"xpath","value":"//*[@class = 'android.widget.EditText' and (@text = 'First Name' or . = 'First Name')]"}[39m
[35m[HTTP][39m [37m<-- POST /wd/hub/session/22eece4a-5c70-49a4-9618-f3b4c918e7d1/elements [39m[32m200[39m [90m169 ms - 12[39m
[35m[HTTP][39m [90m[39m
[35m[HTTP][39m [37m-->[39m [37mPOST[39m [37m/wd/hub/session/22eece4a-5c70-49a4-9618-f3b4c918e7d1/elements[39m
[35m[HTTP][39m [90m{"using":"xpath","value":"//*[@class = 'android.widget.EditText' and (@text = 'First Name' or . = 'First Name')]"}[39m
[35m[HTTP][39m [37m<-- POST /wd/hub/session/22eece4a-5c70-49a4-9618-f3b4c918e7d1/elements [39m[32m200[39m [90m747 ms - 12[39m
[35m[HTTP][39m [90m[39m
[35m[HTTP][39m [37m-->[39m [37mPOST[39m [37m/wd/hub/session/22eece4a-5c70-49a4-9618-f3b4c918e7d1/elements[39m
[35m[HTTP][39m [90m{"using":"xpath","value":"//*[@class = 'android.widget.EditText' and (@text = 'First Name' or . = 'First Name')]"}[39m
[35m[HTTP][39m [37m<-- POST /wd/hub/session/22eece4a-5c70-49a4-9618-f3b4c918e7d1/elements [39m[32m200[39m [90m161 ms - 12[39m
[35m[HTTP][39m [90m[39m
[35m[HTTP][39m [37m-->[39m [37mPOST[39m [37m/wd/hub/session/22eece4a-5c70-49a4-9618-f3b4c918e7d1/elements[39m
[35m[HTTP][39m [90m{"using":"xpath","value":"//*[@class = 'android.widget.EditText' and (@text = 'First Name' or . = 'First Name')]"}[39m
[35m[HTTP][39m [37m<-- POST /wd/hub/session/22eece4a-5c70-49a4-9618-f3b4c918e7d1/elements [39m[32m200[39m [90m163 ms - 12[39m
[35m[HTTP][39m [90m[39m
[35m[HTTP][39m [37m-->[39m [37mPOST[39m [37m/wd/hub/session/22eece4a-5c70-49a4-9618-f3b4c918e7d1/elements[39m
[35m[HTTP][39m [90m{"using":"xpath","value":"//*[@class = 'android.widget.EditText' and (@text = 'First Name' or . = 'First Name')]"}[39m
[35m[HTTP][39m [37m<-- POST /wd/hub/session/22eece4a-5c70-49a4-9618-f3b4c918e7d1/elements [39m[32m200[39m [90m185 ms - 12[39m
[35m[HTTP][39m [90m[39m
[35m[HTTP][39m [37m-->[39m [37mPOST[39m [37m/wd/hub/session/22eece4a-5c70-49a4-9618-f3b4c918e7d1/elements[39m
[35m[HTTP][39m [90m{"using":"xpath","value":"//*[@class = 'android.widget.EditText' and (@text = 'First Name' or . = 'First Name')]"}[39m
[35m[HTTP][39m [37m<-- POST /wd/hub/session/22eece4a-5c70-49a4-9618-f3b4c918e7d1/elements [39m[32m200[39m [90m189 ms - 12[39m
[35m[HTTP][39m [90m[39m
[35m[HTTP][39m [37m-->[39m [37mPOST[39m [37m/wd/hub/session/22eece4a-5c70-49a4-9618-f3b4c918e7d1/elements[39m
[35m[HTTP][39m [90m{"using":"xpath","value":"//*[@class = 'android.widget.EditText' and (@text = 'First Name' or . = 'First Name')]"}[39m
[35m[HTTP][39m [37m<-- POST /wd/hub/session/22eece4a-5c70-49a4-9618-f3b4c918e7d1/elements [39m[32m200[39m [90m175 ms - 12[39m
[35m[HTTP][39m [90m[39m
[35m[HTTP][39m [37m-->[39m [37mPOST[39m [37m/wd/hub/session/22eece4a-5c70-49a4-9618-f3b4c918e7d1/elements[39m
[35m[HTTP][39m [90m{"using":"xpath","value":"//*[@class = 'android.widget.EditText' and (@text = 'First Name' or . = 'First Name')]"}[39m
[35m[HTTP][39m [37m<-- POST /wd/hub/session/22eece4a-5c70-49a4-9618-f3b4c918e7d1/elements [39m[32m200[39m [90m198 ms - 12[39m
[35m[HTTP][39m [90m[39m
[35m[HTTP][39m [37m-->[39m [37mPOST[39m [37m/wd/hub/session/22eece4a-5c70-49a4-9618-f3b4c918e7d1/elements[39m
[35m[HTTP][39m [90m{"using":"xpath","value":"//*[@class = 'android.widget.EditText' and (@text = 'First Name' or . = 'First Name')]"}[39m
[35m[HTTP][39m [37m<-- POST /wd/hub/session/22eece4a-5c70-49a4-9618-f3b4c918e7d1/elements [39m[32m200[39m [90m187 ms - 12[39m
[35m[HTTP][39m [90m[39m
[35m[HTTP][39m [37m-->[39m [37mPOST[39m [37m/wd/hub/session/22eece4a-5c70-49a4-9618-f3b4c918e7d1/elements[39m
[35m[HTTP][39m [90m{"using":"xpath","value":"//*[@class = 'android.widget.EditText' and (@text = 'First Name' or . = 'First Name')]"}[39m
[35m[HTTP][39m [37m<-- POST /wd/hub/session/22eece4a-5c70-49a4-9618-f3b4c918e7d1/elements [39m[32m200[39m [90m159 ms - 12[39m
[35m[HTTP][39m [90m[39m
[35m[HTTP][39m [37m-->[39m [37mPOST[39m [37m/wd/hub/session/22eece4a-5c70-49a4-9618-f3b4c918e7d1/elements[39m
[35m[HTTP][39m [90m{"using":"xpath","value":"//*[@class = 'android.widget.EditText' and (@text = 'First Name' or . = 'First Name')]"}[39m
[35m[HTTP][39m [37m<-- POST /wd/hub/session/22eece4a-5c70-49a4-9618-f3b4c918e7d1/elements [39m[32m200[39m [90m548 ms - 12[39m
[35m[HTTP][39m [90m[39m
[35m[HTTP][39m [37m-->[39m [37mPOST[39m [37m/wd/hub/session/22eece4a-5c70-49a4-9618-f3b4c918e7d1/elements[39m
[35m[HTTP][39m [90m{"using":"xpath","value":"//*[@class = 'android.widget.EditText' and (@text = 'First Name' or . = 'First Name')]"}[39m
[35m[HTTP][39m [37m<-- POST /wd/hub/session/22eece4a-5c70-49a4-9618-f3b4c918e7d1/elements [39m[32m200[39m [90m159 ms - 12[39m
[35m[HTTP][39m [90m[39m
[35m[HTTP][39m [37m-->[39m [37mPOST[39m [37m/wd/hub/session/22eece4a-5c70-49a4-9618-f3b4c918e7d1/elements[39m
[35m[HTTP][39m [90m{"using":"xpath","value":"//*[@class = 'android.widget.EditText' and (@text = 'First Name' or . = 'First Name')]"}[39m
[35m[HTTP][39m [37m<-- POST /wd/hub/session/22eece4a-5c70-49a4-9618-f3b4c918e7d1/elements [39m[32m200[39m [90m607 ms - 12[39m
[35m[HTTP][39m [90m[39m
[35m[HTTP][39m [37m-->[39m [37mPOST[39m [37m/wd/hub/session/22eece4a-5c70-49a4-9618-f3b4c918e7d1/elements[39m
[35m[HTTP][39m [90m{"using":"xpath","value":"//*[@class = 'android.widget.EditText' and (@text = 'First Name' or . = 'First Name')]"}[39m
[35m[HTTP][39m [37m<-- POST /wd/hub/session/22eece4a-5c70-49a4-9618-f3b4c918e7d1/elements [39m[32m200[39m [90m149 ms - 12[39m
[35m[HTTP][39m [90m[39m
[35m[HTTP][39m [37m-->[39m [37mPOST[39m [37m/wd/hub/session/22eece4a-5c70-49a4-9618-f3b4c918e7d1/elements[39m
[35m[HTTP][39m [90m{"using":"xpath","value":"//*[@class = 'android.widget.EditText' and (@text = 'First Name' or . = 'First Name')]"}[39m
[35m[HTTP][39m [37m<-- POST /wd/hub/session/22eece4a-5c70-49a4-9618-f3b4c918e7d1/elements [39m[32m200[39m [90m166 ms - 12[39m
[35m[HTTP][39m [90m[39m
[35m[HTTP][39m [37m-->[39m [37mPOST[39m [37m/wd/hub/session/22eece4a-5c70-49a4-9618-f3b4c918e7d1/elements[39m
[35m[HTTP][39m [90m{"using":"xpath","value":"//*[@class = 'android.widget.EditText' and (@text = 'First Name' or . = 'First Name')]"}[39m
[35m[HTTP][39m [37m<-- POST /wd/hub/session/22eece4a-5c70-49a4-9618-f3b4c918e7d1/elements [39m[32m200[39m [90m177 ms - 12[39m
[35m[HTTP][39m [90m[39m
[35m[HTTP][39m [37m-->[39m [37mPOST[39m [37m/wd/hub/session/22eece4a-5c70-49a4-9618-f3b4c918e7d1/elements[39m
[35m[HTTP][39m [90m{"using":"xpath","value":"//*[@class = 'android.widget.EditText' and (@text = 'First Name' or . = 'First Name')]"}[39m
[35m[HTTP][39m [37m<-- POST /wd/hub/session/22eece4a-5c70-49a4-9618-f3b4c918e7d1/elements [39m[32m200[39m [90m570 ms - 12[39m
[35m[HTTP][39m [90m[39m
[35m[HTTP][39m [37m-->[39m [37mPOST[39m [37m/wd/hub/session/22eece4a-5c70-49a4-9618-f3b4c918e7d1/elements[39m
[35m[HTTP][39m [90m{"using":"xpath","value":"//*[@class = 'android.widget.EditText' and (@text = 'First Name' or . = 'First Name')]"}[39m
[35m[HTTP][39m [37m<-- POST /wd/hub/session/22eece4a-5c70-49a4-9618-f3b4c918e7d1/elements [39m[32m200[39m [90m171 ms - 12[39m
[35m[HTTP][39m [90m[39m
[35m[HTTP][39m [37m-->[39m [37mPOST[39m [37m/wd/hub/session/22eece4a-5c70-49a4-9618-f3b4c918e7d1/elements[39m
[35m[HTTP][39m [90m{"using":"xpath","value":"//*[@class = 'android.widget.EditText' and (@text = 'First Name' or . = 'First Name')]"}[39m
[35m[HTTP][39m [37m<-- POST /wd/hub/session/22eece4a-5c70-49a4-9618-f3b4c918e7d1/elements [39m[32m200[39m [90m176 ms - 12[39m
[35m[HTTP][39m [90m[39m
[35m[HTTP][39m [37m-->[39m [37mPOST[39m [37m/wd/hub/session/22eece4a-5c70-49a4-9618-f3b4c918e7d1/elements[39m
[35m[HTTP][39m [90m{"using":"xpath","value":"//*[@class = 'android.widget.EditText' and (@text = 'First Name' or . = 'First Name')]"}[39m
[35m[HTTP][39m [37m<-- POST /wd/hub/session/22eece4a-5c70-49a4-9618-f3b4c918e7d1/elements [39m[32m200[39m [90m166 ms - 12[39m
[35m[HTTP][39m [90m[39m
[35m[HTTP][39m [37m-->[39m [37mPOST[39m [37m/wd/hub/session/22eece4a-5c70-49a4-9618-f3b4c918e7d1/elements[39m
[35m[HTTP][39m [90m{"using":"xpath","value":"//*[@class = 'android.widget.EditText' and (@text = 'First Name' or . = 'First Name')]"}[39m
[35m[HTTP][39m [37m<-- POST /wd/hub/session/22eece4a-5c70-49a4-9618-f3b4c918e7d1/elements [39m[32m200[39m [90m531 ms - 12[39m
[35m[HTTP][39m [90m[39m
[35m[HTTP][39m [37m-->[39m [37mPOST[39m [37m/wd/hub/session/22eece4a-5c70-49a4-9618-f3b4c918e7d1/elements[39m
[35m[HTTP][39m [90m{"using":"xpath","value":"//*[@class = 'android.widget.EditText' and (@text = 'First Name' or . = 'First Name')]"}[39m
[35m[HTTP][39m [37m<-- POST /wd/hub/session/22eece4a-5c70-49a4-9618-f3b4c918e7d1/elements [39m[32m200[39m [90m174 ms - 12[39m
[35m[HTTP][39m [90m[39m
[35m[HTTP][39m [37m-->[39m [37mPOST[39m [37m/wd/hub/session/22eece4a-5c70-49a4-9618-f3b4c918e7d1/elements[39m
[35m[HTTP][39m [90m{"using":"xpath","value":"//*[@class = 'android.widget.EditText' and (@text = 'First Name' or . = 'First Name')]"}[39m
[35m[HTTP][39m [37m<-- POST /wd/hub/session/22eece4a-5c70-49a4-9618-f3b4c918e7d1/elements [39m[32m200[39m [90m186 ms - 12[39m
[35m[HTTP][39m [90m[39m
[35m[HTTP][39m [37m-->[39m [37mPOST[39m [37m/wd/hub/session/22eece4a-5c70-49a4-9618-f3b4c918e7d1/elements[39m
[35m[HTTP][39m [90m{"using":"xpath","value":"//*[@class = 'android.widget.EditText' and (@text = 'First Name' or . = 'First Name')]"}[39m
[35m[HTTP][39m [37m<-- POST /wd/hub/session/22eece4a-5c70-49a4-9618-f3b4c918e7d1/elements [39m[32m200[39m [90m204 ms - 12[39m
[35m[HTTP][39m [90m[39m
[35m[HTTP][39m [37m-->[39m [37mPOST[39m [37m/wd/hub/session/22eece4a-5c70-49a4-9618-f3b4c918e7d1/elements[39m
[35m[HTTP][39m [90m{"using":"xpath","value":"//*[@class = 'android.widget.EditText' and (@text = 'First Name' or . = 'First Name')]"}[39m
[35m[HTTP][39m [37m<-- POST /wd/hub/session/22eece4a-5c70-49a4-9618-f3b4c918e7d1/elements [39m[32m200[39m [90m147 ms - 12[39m
[35m[HTTP][39m [90m[39m
[35m[HTTP][39m [37m-->[39m [37mPOST[39m [37m/wd/hub/session/22eece4a-5c70-49a4-9618-f3b4c918e7d1/elements[39m
[35m[HTTP][39m [90m{"using":"xpath","value":"//*[@class = 'android.widget.EditText' and (@text = 'First Name' or . = 'First Name')]"}[39m
[35m[HTTP][39m [37m<-- POST /wd/hub/session/22eece4a-5c70-49a4-9618-f3b4c918e7d1/elements [39m[32m200[39m [90m154 ms - 12[39m
[35m[HTTP][39m [90m[39m
[35m[HTTP][39m [37m-->[39m [37mPOST[39m [37m/wd/hub/session/22eece4a-5c70-49a4-9618-f3b4c918e7d1/elements[39m
[35m[HTTP][39m [90m{"using":"xpath","value":"//*[@class = 'android.widget.EditText' and (@text = 'First Name' or . = 'First Name')]"}[39m
[35m[HTTP][39m [37m<-- POST /wd/hub/session/22eece4a-5c70-49a4-9618-f3b4c918e7d1/elements [39m[32m200[39m [90m182 ms - 12[39m
[35m[HTTP][39m [90m[39m
[35m[HTTP][39m [37m-->[39m [37mPOST[39m [37m/wd/hub/session/22eece4a-5c70-49a4-9618-f3b4c918e7d1/elements[39m
[35m[HTTP][39m [90m{"using":"xpath","value":"//*[@class = 'android.widget.EditText' and (@text = 'First Name' or . = 'First Name')]"}[39m
[35m[HTTP][39m [37m<-- POST /wd/hub/session/22eece4a-5c70-49a4-9618-f3b4c918e7d1/elements [39m[32m200[39m [90m158 ms - 12[39m
[35m[HTTP][39m [90m[39m
[35m[HTTP][39m [37m-->[39m [37mPOST[39m [37m/wd/hub/session/22eece4a-5c70-49a4-9618-f3b4c918e7d1/elements[39m
[35m[HTTP][39m [90m{"using":"xpath","value":"//*[@class = 'android.widget.EditText' and (@text = 'First Name' or . = 'First Name')]"}[39m
[35m[HTTP][39m [37m<-- POST /wd/hub/session/22eece4a-5c70-49a4-9618-f3b4c918e7d1/elements [39m[32m200[39m [90m176 ms - 12[39m
[35m[HTTP][39m [90m[39m
[35m[HTTP][39m [37m-->[39m [37mPOST[39m [37m/wd/hub/session/22eece4a-5c70-49a4-9618-f3b4c918e7d1/elements[39m
[35m[HTTP][39m [90m{"using":"xpath","value":"//*[@class = 'android.widget.EditText' and (@text = 'First Name' or . = 'First Name')]"}[39m
[35m[HTTP][39m [37m<-- POST /wd/hub/session/22eece4a-5c70-49a4-9618-f3b4c918e7d1/elements [39m[32m200[39m [90m155 ms - 12[39m
[35m[HTTP][39m [90m[39m
[35m[HTTP][39m [37m-->[39m [37mPOST[39m [37m/wd/hub/session/22eece4a-5c70-49a4-9618-f3b4c918e7d1/elements[39m
[35m[HTTP][39m [90m{"using":"xpath","value":"//*[@class = 'android.widget.EditText' and (@text = 'First Name' or . = 'First Name')]"}[39m
[35m[HTTP][39m [37m<-- POST /wd/hub/session/22eece4a-5c70-49a4-9618-f3b4c918e7d1/elements [39m[32m200[39m [90m169 ms - 12[39m
[35m[HTTP][39m [90m[39m
[35m[HTTP][39m [37m-->[39m [37mPOST[39m [37m/wd/hub/session/22eece4a-5c70-49a4-9618-f3b4c918e7d1/elements[39m
[35m[HTTP][39m [90m{"using":"xpath","value":"//*[@class = 'android.widget.EditText' and (@text = 'First Name' or . = 'First Name')]"}[39m
[35m[HTTP][39m [37m<-- POST /wd/hub/session/22eece4a-5c70-49a4-9618-f3b4c918e7d1/elements [39m[32m200[39m [90m159 ms - 12[39m
[35m[HTTP][39m [90m[39m
[35m[HTTP][39m [37m-->[39m [37mPOST[39m [37m/wd/hub/session/22eece4a-5c70-49a4-9618-f3b4c918e7d1/elements[39m
[35m[HTTP][39m [90m{"using":"xpath","value":"//*[@class = 'android.widget.EditText' and (@text = 'First Name' or . = 'First Name')]"}[39m
[35m[HTTP][39m [37m<-- POST /wd/hub/session/22eece4a-5c70-49a4-9618-f3b4c918e7d1/elements [39m[32m200[39m [90m138 ms - 12[39m
[35m[HTTP][39m [90m[39m
[35m[HTTP][39m [37m-->[39m [37mPOST[39m [37m/wd/hub/session/22eece4a-5c70-49a4-9618-f3b4c918e7d1/elements[39m
[35m[HTTP][39m [90m{"using":"xpath","value":"//*[@class = 'android.widget.EditText' and (@text = 'First Name' or . = 'First Name')]"}[39m
[35m[HTTP][39m [37m<-- POST /wd/hub/session/22eece4a-5c70-49a4-9618-f3b4c918e7d1/elements [39m[32m200[39m [90m171 ms - 12[39m
[35m[HTTP][39m [90m[39m
[35m[HTTP][39m [37m-->[39m [37mPOST[39m [37m/wd/hub/session/22eece4a-5c70-49a4-9618-f3b4c918e7d1/elements[39m
[35m[HTTP][39m [90m{"using":"xpath","value":"//*[@class = 'android.widget.EditText' and (@text = 'First Name' or . = 'First Name')]"}[39m
[35m[HTTP][39m [37m<-- POST /wd/hub/session/22eece4a-5c70-49a4-9618-f3b4c918e7d1/elements [39m[32m200[39m [90m563 ms - 12[39m
[35m[HTTP][39m [90m[39m
[35m[HTTP][39m [37m-->[39m [37mPOST[39m [37m/wd/hub/session/22eece4a-5c70-49a4-9618-f3b4c918e7d1/elements[39m
[35m[HTTP][39m [90m{"using":"xpath","value":"//*[@class = 'android.widget.EditText' and (@text = 'First Name' or . = 'First Name')]"}[39m
[35m[HTTP][39m [37m<-- POST /wd/hub/session/22eece4a-5c70-49a4-9618-f3b4c918e7d1/elements [39m[32m200[39m [90m165 ms - 12[39m
[35m[HTTP][39m [90m[39m
[35m[HTTP][39m [37m-->[39m [37mPOST[39m [37m/wd/hub/session/22eece4a-5c70-49a4-9618-f3b4c918e7d1/elements[39m
[35m[HTTP][39m [90m{"using":"xpath","value":"//*[@class = 'android.widget.EditText' and (@text = 'First Name' or . = 'First Name')]"}[39m
[35m[HTTP][39m [37m<-- POST /wd/hub/session/22eece4a-5c70-49a4-9618-f3b4c918e7d1/elements [39m[32m200[39m [90m144 ms - 12[39m
[35m[HTTP][39m [90m[39m
[35m[HTTP][39m [37m-->[39m [37mPOST[39m [37m/wd/hub/session/22eece4a-5c70-49a4-9618-f3b4c918e7d1/elements[39m
[35m[HTTP][39m [90m{"using":"xpath","value":"//*[@class = 'android.widget.EditText' and (@text = 'First Name' or . = 'First Name')]"}[39m
[35m[HTTP][39m [37m<-- POST /wd/hub/session/22eece4a-5c70-49a4-9618-f3b4c918e7d1/elements [39m[32m200[39m [90m195 ms - 12[39m
[35m[HTTP][39m [90m[39m
[35m[HTTP][39m [37m-->[39m [37mPOST[39m [37m/wd/hub/session/22eece4a-5c70-49a4-9618-f3b4c918e7d1/elements[39m
[35m[HTTP][39m [90m{"using":"xpath","value":"//*[@class = 'android.widget.EditText' and (@text = 'First Name' or . = 'First Name')]"}[39m
[35m[HTTP][39m [37m<-- POST /wd/hub/session/22eece4a-5c70-49a4-9618-f3b4c918e7d1/elements [39m[32m200[39m [90m160 ms - 12[39m
[35m[HTTP][39m [90m[39m
[35m[HTTP][39m [37m-->[39m [37mPOST[39m [37m/wd/hub/session/22eece4a-5c70-49a4-9618-f3b4c918e7d1/elements[39m
[35m[HTTP][39m [90m{"using":"xpath","value":"//*[@class = 'android.widget.EditText' and (@text = 'First Name' or . = 'First Name')]"}[39m
[35m[HTTP][39m [37m<-- POST /wd/hub/session/22eece4a-5c70-49a4-9618-f3b4c918e7d1/elements [39m[32m200[39m [90m144 ms - 12[39m
[35m[HTTP][39m [90m[39m
[35m[HTTP][39m [37m-->[39m [37mPOST[39m [37m/wd/hub/session/22eece4a-5c70-49a4-9618-f3b4c918e7d1/elements[39m
[35m[HTTP][39m [90m{"using":"xpath","value":"//*[@class = 'android.widget.EditText' and (@text = 'First Name' or . = 'First Name')]"}[39m
[35m[HTTP][39m [37m<-- POST /wd/hub/session/22eece4a-5c70-49a4-9618-f3b4c918e7d1/elements [39m[32m200[39m [90m152 ms - 12[39m
[35m[HTTP][39m [90m[39m
[35m[HTTP][39m [37m-->[39m [37mPOST[39m [37m/wd/hub/session/22eece4a-5c70-49a4-9618-f3b4c918e7d1/elements[39m
[35m[HTTP][39m [90m{"using":"xpath","value":"//*[@class = 'android.widget.EditText' and (@text = 'First Name' or . = 'First Name')]"}[39m
[35m[HTTP][39m [37m<-- POST /wd/hub/session/22eece4a-5c70-49a4-9618-f3b4c918e7d1/elements [39m[32m200[39m [90m158 ms - 12[39m
[35m[HTTP][39m [90m[39m
[35m[HTTP][39m [37m-->[39m [37mPOST[39m [37m/wd/hub/session/22eece4a-5c70-49a4-9618-f3b4c918e7d1/elements[39m
[35m[HTTP][39m [90m{"using":"xpath","value":"//*[@class = 'android.widget.EditText' and (@text = 'First Name' or . = 'First Name')]"}[39m
[35m[HTTP][39m [37m<-- POST /wd/hub/session/22eece4a-5c70-49a4-9618-f3b4c918e7d1/elements [39m[32m200[39m [90m151 ms - 12[39m
[35m[HTTP][39m [90m[39m
[35m[HTTP][39m [37m-->[39m [37mPOST[39m [37m/wd/hub/session/22eece4a-5c70-49a4-9618-f3b4c918e7d1/elements[39m
[35m[HTTP][39m [90m{"using":"xpath","value":"//*[@class = 'android.widget.EditText' and (@text = 'First Name' or . = 'First Name')]"}[39m
[35m[HTTP][39m [37m<-- POST /wd/hub/session/22eece4a-5c70-49a4-9618-f3b4c918e7d1/elements [39m[32m200[39m [90m127 ms - 12[39m
[35m[HTTP][39m [90m[39m
[35m[HTTP][39m [37m-->[39m [37mPOST[39m [37m/wd/hub/session/22eece4a-5c70-49a4-9618-f3b4c918e7d1/elements[39m
[35m[HTTP][39m [90m{"using":"xpath","value":"//*[@class = 'android.widget.EditText' and (@text = 'First Name' or . = 'First Name')]"}[39m
[35m[HTTP][39m [37m<-- POST /wd/hub/session/22eece4a-5c70-49a4-9618-f3b4c918e7d1/elements [39m[32m200[39m [90m598 ms - 12[39m
[35m[HTTP][39m [90m[39m
[35m[HTTP][39m [37m-->[39m [37mPOST[39m [37m/wd/hub/session/22eece4a-5c70-49a4-9618-f3b4c918e7d1/elements[39m
[35m[HTTP][39m [90m{"using":"xpath","value":"//*[@class = 'android.widget.EditText' and (@text = 'First Name' or . = 'First Name')]"}[39m
[35m[HTTP][39m [37m<-- POST /wd/hub/session/22eece4a-5c70-49a4-9618-f3b4c918e7d1/elements [39m[32m200[39m [90m156 ms - 12[39m
[35m[HTTP][39m [90m[39m
[35m[HTTP][39m [37m-->[39m [37mPOST[39m [37m/wd/hub/session/22eece4a-5c70-49a4-9618-f3b4c918e7d1/elements[39m
[35m[HTTP][39m [90m{"using":"xpath","value":"//*[@class = 'android.widget.EditText' and (@text = 'First Name' or . = 'First Name')]"}[39m
[35m[HTTP][39m [37m<-- POST /wd/hub/session/22eece4a-5c70-49a4-9618-f3b4c918e7d1/elements [39m[32m200[39m [90m156 ms - 12[39m
[35m[HTTP][39m [90m[39m
[35m[HTTP][39m [37m-->[39m [37mPOST[39m [37m/wd/hub/session/22eece4a-5c70-49a4-9618-f3b4c918e7d1/elements[39m
[35m[HTTP][39m [90m{"using":"xpath","value":"//*[@class = 'android.widget.EditText' and (@text = 'First Name' or . = 'First Name')]"}[39m
[35m[HTTP][39m [37m<-- POST /wd/hub/session/22eece4a-5c70-49a4-9618-f3b4c918e7d1/elements [39m[32m200[39m [90m656 ms - 12[39m
[35m[HTTP][39m [90m[39m
[35m[HTTP][39m [37m-->[39m [37mPOST[39m [37m/wd/hub/session/22eece4a-5c70-49a4-9618-f3b4c918e7d1/elements[39m
[35m[HTTP][39m [90m{"using":"xpath","value":"//*[@class = 'android.widget.EditText' and (@text = 'First Name' or . = 'First Name')]"}[39m
[35m[HTTP][39m [37m<-- POST /wd/hub/session/22eece4a-5c70-49a4-9618-f3b4c918e7d1/elements [39m[32m200[39m [90m173 ms - 12[39m
[35m[HTTP][39m [90m[39m
[35m[HTTP][39m [37m-->[39m [37mPOST[39m [37m/wd/hub/session/22eece4a-5c70-49a4-9618-f3b4c918e7d1/elements[39m
[35m[HTTP][39m [90m{"using":"xpath","value":"//*[@class = 'android.widget.EditText' and (@text = 'First Name' or . = 'First Name')]"}[39m
[35m[HTTP][39m [37m<-- POST /wd/hub/session/22eece4a-5c70-49a4-9618-f3b4c918e7d1/elements [39m[32m200[39m [90m336 ms - 12[39m
[35m[HTTP][39m [90m[39m
[35m[HTTP][39m [37m-->[39m [37mPOST[39m [37m/wd/hub/session/22eece4a-5c70-49a4-9618-f3b4c918e7d1/elements[39m
[35m[HTTP][39m [90m{"using":"xpath","value":"//*[@class = 'android.widget.EditText' and (@text = 'First Name' or . = 'First Name')]"}[39m
[35m[HTTP][39m [37m<-- POST /wd/hub/session/22eece4a-5c70-49a4-9618-f3b4c918e7d1/elements [39m[32m200[39m [90m4299 ms - 12[39m
[35m[HTTP][39m [90m[39m
[35m[HTTP][39m [37m-->[39m [37mPOST[39m [37m/wd/hub/session/22eece4a-5c70-49a4-9618-f3b4c918e7d1/elements[39m
[35m[HTTP][39m [90m{"using":"xpath","value":"//*[@class = 'android.widget.EditText' and (@text = 'First Name' or . = 'First Name')]"}[39m
[35m[HTTP][39m [37m<-- POST /wd/hub/session/22eece4a-5c70-49a4-9618-f3b4c918e7d1/elements [39m[32m200[39m [90m54 ms - 12[39m
[35m[HTTP][39m [90m[39m
[35m[HTTP][39m [37m-->[39m [37mPOST[39m [37m/wd/hub/session/22eece4a-5c70-49a4-9618-f3b4c918e7d1/elements[39m
[35m[HTTP][39m [90m{"using":"xpath","value":"//*[@class = 'android.widget.EditText' and (@text = 'First Name' or . = 'First Name')]"}[39m
[35m[HTTP][39m [37m<-- POST /wd/hub/session/22eece4a-5c70-49a4-9618-f3b4c918e7d1/elements [39m[32m200[39m [90m1250 ms - 12[39m
[35m[HTTP][39m [90m[39m
[35m[HTTP][39m [37m-->[39m [37mPOST[39m [37m/wd/hub/session/22eece4a-5c70-49a4-9618-f3b4c918e7d1/timeouts[39m
[35m[HTTP][39m [90m{"implicit":30000}[39m
[35m[HTTP][39m [37m<-- POST /wd/hub/session/22eece4a-5c70-49a4-9618-f3b4c918e7d1/timeouts [39m[32m200[39m [90m2 ms - 14[39m
[35m[HTTP][39m [90m[39m
[35m[HTTP][39m [37m-->[39m [37mGET[39m [37m/wd/hub/session/22eece4a-5c70-49a4-9618-f3b4c918e7d1/context[39m
[35m[HTTP][39m [90m{}[39m
[35m[HTTP][39m [37m<-- GET /wd/hub/session/22eece4a-5c70-49a4-9618-f3b4c918e7d1/context [39m[32m200[39m [90m2 ms - 22[39m
[35m[HTTP][39m [90m[39m
[35m[HTTP][39m [37m-->[39m [37mGET[39m [37m/wd/hub/session/22eece4a-5c70-49a4-9618-f3b4c918e7d1/contexts[39m
[35m[HTTP][39m [90m{}[39m
[35m[AndroidDriver][39m Not collecting web view details. Details collection might help to make Chromedriver initialization more precise. Use the 'enableWebviewDetailsCollection' cap to turn it on
[35m[AndroidDriver][39m Skipping the webview 'WEBVIEW_14293' at '@webview_devtools_remote_14293' since it has reported having zero pages
[35m[HTTP][39m [37m<-- GET /wd/hub/session/22eece4a-5c70-49a4-9618-f3b4c918e7d1/contexts [39m[32m200[39m [90m552 ms - 24[39m
[35m[HTTP][39m [90m[39m
[35m[HTTP][39m [37m-->[39m [37mPOST[39m [37m/wd/hub/session/22eece4a-5c70-49a4-9618-f3b4c918e7d1/context[39m
[35m[HTTP][39m [90m{"name":"NATIVE_APP"}[39m
[35m[HTTP][39m [37m<-- POST /wd/hub/session/22eece4a-5c70-49a4-9618-f3b4c918e7d1/context [39m[32m200[39m [90m2 ms - 14[39m
[35m[HTTP][39m [90m[39m
[35m[HTTP][39m [37m-->[39m [37mGET[39m [37m/wd/hub/session/22eece4a-5c70-49a4-9618-f3b4c918e7d1/screenshot[39m
[35m[HTTP][39m [90m{}[39m
[35m[HTTP][39m [37m<-- GET /wd/hub/session/22eece4a-5c70-49a4-9618-f3b4c918e7d1/screenshot [39m[32m200[39m [90m640 ms - 170936[39m
[35m[HTTP][39m [90m[39m
[35m[HTTP][39m [37m-->[39m [37mPOST[39m [37m/wd/hub/session/22eece4a-5c70-49a4-9618-f3b4c918e7d1/context[39m
[35m[HTTP][39m [90m{"name":"NATIVE_APP"}[39m
[35m[HTTP][39m [37m<-- POST /wd/hub/session/22eece4a-5c70-49a4-9618-f3b4c918e7d1/context [39m[32m200[39m [90m3 ms - 14[39m
[35m[HTTP][39m [90m[39m
[35m[HTTP][39m [37m-->[39m [37mGET[39m [37m/wd/hub/session/22eece4a-5c70-49a4-9618-f3b4c918e7d1/context[39m
[35m[HTTP][39m [90m{}[39m
[35m[HTTP][39m [37m<-- GET /wd/hub/session/22eece4a-5c70-49a4-9618-f3b4c918e7d1/context [39m[32m200[39m [90m2 ms - 22[39m
[35m[HTTP][39m [90m[39m
[35m[HTTP][39m [37m-->[39m [37mGET[39m [37m/wd/hub/session/22eece4a-5c70-49a4-9618-f3b4c918e7d1/contexts[39m
[35m[HTTP][39m [90m{}[39m
[35m[AndroidDriver][39m Not collecting web view details. Details collection might help to make Chromedriver initialization more precise. Use the 'enableWebviewDetailsCollection' cap to turn it on
[35m[AndroidDriver][39m Skipping the webview 'WEBVIEW_14293' at '@webview_devtools_remote_14293' since it has reported having zero pages
[35m[HTTP][39m [37m<-- GET /wd/hub/session/22eece4a-5c70-49a4-9618-f3b4c918e7d1/contexts [39m[32m200[39m [90m552 ms - 24[39m
[35m[HTTP][39m [90m[39m
[35m[HTTP][39m [37m-->[39m [37mPOST[39m [37m/wd/hub/session/22eece4a-5c70-49a4-9618-f3b4c918e7d1/context[39m
[35m[HTTP][39m [90m{"name":"NATIVE_APP"}[39m
[35m[HTTP][39m [37m<-- POST /wd/hub/session/22eece4a-5c70-49a4-9618-f3b4c918e7d1/context [39m[32m200[39m [90m2 ms - 14[39m
[35m[HTTP][39m [90m[39m
[35m[HTTP][39m [37m-->[39m [37mGET[39m [37m/wd/hub/session/22eece4a-5c70-49a4-9618-f3b4c918e7d1/screenshot[39m
[35m[HTTP][39m [90m{}[39m
[35m[HTTP][39m [37m<-- GET /wd/hub/session/22eece4a-5c70-49a4-9618-f3b4c918e7d1/screenshot [39m[32m-[39m [90m- ms - -[39m
[35m[HTTP][39m [90m[39m
[35m[BaseDriver][39m Shutting down because we waited 1800 seconds for a command
[35m[Appium][39m Closing session, cause was 'New Command Timeout of 1800 seconds expired. Try customizing the timeout using the 'newCommandTimeout' desired capability'
[35m[Appium][39m Removing session '22eece4a-5c70-49a4-9618-f3b4c918e7d1' from our master session list
[35m[UiAutomator2][39m Did not get confirmation UiAutomator2 deleteSession worked; Error was: UnknownError: An unknown server-side error occurred while processing the command. Original error: 'DELETE /' cannot be proxied to UiAutomator2 server because the instrumentation process is not running (probably crashed). Check the server log and/or the logcat output for more details
[35m[UiAutomator2][39m Restoring hidden api policy to the device default configuration
