[35m[Appium][39m Welcome to Appium v1.21.0
[35m[Appium][39m Non-default server args:
[35m[Appium][39m   port: 60084
[35m[Appium][39m   loglevel: info
[35m[Appium][39m   tmpDir: C:\Users\Lenovo\AppData\Local\Temp\\Katalon\Appium\Temp1645119119902
[35m[Appium][39m   chromedriverPort: 60085
[35m[Appium][39m Deprecated server args:
[35m[Appium][39m   [31m--chromedriver-port[39m => --default-capabilities
[35m[Appium][39m Default capabilities, which will be added to each request unless overridden by desired capabilities:
[35m[Appium][39m   chromedriverPort: 60085
[35m[Appium][39m Appium REST http interface listener started on 0.0.0.0:60084
[35m[HTTP][39m [37m-->[39m [37mGET[39m [37m/wd/hub/status[39m
[35m[HTTP][39m [90m{}[39m
[35m[HTTP][39m [37m<-- GET /wd/hub/status [39m[32m200[39m [90m13 ms - 68[39m
[35m[HTTP][39m [90m[39m
[35m[HTTP][39m [37m-->[39m [37mPOST[39m [37m/wd/hub/session[39m
[35m[HTTP][39m [90m{"desiredCapabilities":{"app":"C:\\Users\\Lenovo\\Katalon Studio\\Sauce Labs Mobile Test\\Android.SauceLabs.Mobile.Sample.app.2.7.1.apk","noReset":true,"appWaitActivity":"*","deviceId":"4a90dd0d","deviceName":"Xiaomi Redmi 7 (Android 10)","fullReset":false,"platform":"ANDROID","newCommandTimeout":1800,"platformVersion":"10","automationName":"uiautomator2","autoGrantPermissions":true,"platformName":"Android","udid":"4a90dd0d","systemPort":60083},"capabilities":{"firstMatch":[{"appium:app":"C:\\Users\\Lenovo\\Katalon Studio\\Sauce Labs Mobile Test\\Android.SauceLabs.Mobile.Sample.app.2.7.1.apk","appium:appWaitActivity":"*","appium:autoGrantPermissions":true,"appium:automationName":"uiautomator2","deviceId":"4a90dd0d","appium:deviceName":"Xiaomi Redmi 7 (Android 10)","appium:fullReset":false,"appium:newCommandTimeout":1800,"appium:noReset":true,"platform":"ANDROID","platformName":"android","appium:platformVersion":"10","appium:systemPort":60083,"appium:udid":"4a90dd0d"}]}}[39m
[35m[BaseDriver][39m The following capabilities are not standard capabilities and should have an extension prefix:
[35m[BaseDriver][39m   deviceId
[35m[BaseDriver][39m   platform
[35m[BaseDriver][39m   chromedriverPort
[35m[Appium][39m Appium v1.21.0 creating new AndroidUiautomator2Driver (v1.65.0) session
[35m[BaseDriver][39m The following capabilities were provided, but are not recognized by Appium:
[35m[BaseDriver][39m   deviceId
[35m[BaseDriver][39m   platform
[35m[BaseDriver][39m Session created with session id: 0ad975bf-16b9-4740-b42b-9d0ff495098c
[35m[BaseDriver][39m Using local app 'C:\Users\Lenovo\Katalon Studio\Sauce Labs Mobile Test\Android.SauceLabs.Mobile.Sample.app.2.7.1.apk'
[35m[ADB][39m Found 1 'build-tools' folders under 'C:\Users\Lenovo\.katalon\tools\android_sdk' (newest first):
[35m[ADB][39m     C:/Users/Lenovo/.katalon/tools/android_sdk/build-tools/29.0.3
[35m[ADB][39m Using 'adb.exe' from 'C:\Users\Lenovo\.katalon\tools\android_sdk\platform-tools\adb.exe'
[35m[AndroidDriver][39m Retrieving device list
[35m[AndroidDriver][39m Using device: 4a90dd0d
[35m[ADB][39m Using 'adb.exe' from 'C:\Users\Lenovo\.katalon\tools\android_sdk\platform-tools\adb.exe'
[35m[ADB][39m Getting device platform version
[35m[UiAutomator2][39m Relaxing hidden api policy
[35m[ADB][39m Package name: 'com.swaglabsmobileapp'
[35m[ADB][39m Main activity name: 'com.swaglabsmobileapp.SplashActivity'
[35m[ADB][39m Using 'apksigner.jar' from 'C:\Users\Lenovo\.katalon\tools\android_sdk\build-tools\29.0.3\lib\apksigner.jar'
[35m[ADB][39m 'C:\Users\Lenovo\AppData\Roaming\npm\node_modules\appium\node_modules\appium-uiautomator2-server\apks\appium-uiautomator2-server-v4.21.1.apk' is signed with the default certificate
[35m[ADB][39m 'C:\Users\Lenovo\AppData\Roaming\npm\node_modules\appium\node_modules\appium-uiautomator2-server\apks\appium-uiautomator2-server-debug-androidTest.apk' is signed with the default certificate
[35m[UiAutomator2][39m Server packages are not going to be (re)installed
[35m[ADB][39m Adding packages ["io.appium.settings","io.appium.uiautomator2.server","io.appium.uiautomator2.server.test"] to Doze whitelist
[35m[ADB][39m 'C:\Users\Lenovo\Katalon Studio\Sauce Labs Mobile Test\Android.SauceLabs.Mobile.Sample.app.2.7.1.apk' is signed with a non-default certificate
[35m[UiAutomator2][39m Starting UIAutomator2 server 4.21.1
[35m[UiAutomator2][39m Using UIAutomator2 server from 'C:\Users\Lenovo\AppData\Roaming\npm\node_modules\appium\node_modules\appium-uiautomator2-server\apks\appium-uiautomator2-server-v4.21.1.apk' and test from 'C:\Users\Lenovo\AppData\Roaming\npm\node_modules\appium\node_modules\appium-uiautomator2-server\apks\appium-uiautomator2-server-debug-androidTest.apk'
[35m[UiAutomator2][39m Waiting up to 30000ms for UiAutomator2 to be online...
[35m[WD Proxy][39m socket hang up
[35m[WD Proxy][39m socket hang up
[35m[WD Proxy][39m socket hang up
[35m[WD Proxy][39m socket hang up
[35m[WD Proxy][39m Determined the downstream protocol as 'W3C'
[35m[AndroidDriver][39m Screen already unlocked, doing nothing
[35m[UiAutomator2][39m Starting 'com.swaglabsmobileapp/com.swaglabsmobileapp.SplashActivity and waiting for 'com.swaglabsmobileapp/*'
[35m[Appium][39m New AndroidUiautomator2Driver session created successfully, session 0ad975bf-16b9-4740-b42b-9d0ff495098c added to master session list
[35m[HTTP][39m [37m<-- POST /wd/hub/session [39m[32m200[39m [90m16218 ms - 1431[39m
[35m[HTTP][39m [90m[39m
[35m[HTTP][39m [37m-->[39m [37mGET[39m [37m/wd/hub/session/0ad975bf-16b9-4740-b42b-9d0ff495098c[39m
[35m[HTTP][39m [90m{}[39m
[35m[HTTP][39m [37m<-- GET /wd/hub/session/0ad975bf-16b9-4740-b42b-9d0ff495098c [39m[32m200[39m [90m24 ms - 1385[39m
[35m[HTTP][39m [90m[39m
[35m[HTTP][39m [37m-->[39m [37mGET[39m [37m/wd/hub/session/0ad975bf-16b9-4740-b42b-9d0ff495098c[39m
[35m[HTTP][39m [90m{}[39m
[35m[HTTP][39m [37m<-- GET /wd/hub/session/0ad975bf-16b9-4740-b42b-9d0ff495098c [39m[32m200[39m [90m20 ms - 1385[39m
[35m[HTTP][39m [90m[39m
[35m[HTTP][39m [37m-->[39m [37mGET[39m [37m/wd/hub/status[39m
[35m[HTTP][39m [90m{}[39m
[35m[HTTP][39m [37m<-- GET /wd/hub/status [39m[32m200[39m [90m2 ms - 68[39m
[35m[HTTP][39m [90m[39m
[35m[HTTP][39m [37m-->[39m [37mPOST[39m [37m/wd/hub/session/0ad975bf-16b9-4740-b42b-9d0ff495098c/timeouts[39m
[35m[HTTP][39m [90m{"implicit":30000}[39m
[35m[HTTP][39m [37m<-- POST /wd/hub/session/0ad975bf-16b9-4740-b42b-9d0ff495098c/timeouts [39m[32m200[39m [90m6 ms - 14[39m
[35m[HTTP][39m [90m[39m
[35m[HTTP][39m [37m-->[39m [37mGET[39m [37m/wd/hub/session/0ad975bf-16b9-4740-b42b-9d0ff495098c/screenshot[39m
[35m[HTTP][39m [90m{}[39m
[35m[HTTP][39m [37m<-- GET /wd/hub/session/0ad975bf-16b9-4740-b42b-9d0ff495098c/screenshot [39m[32m200[39m [90m942 ms - 166074[39m
[35m[HTTP][39m [90m[39m
[35m[HTTP][39m [37m-->[39m [37mGET[39m [37m/wd/hub/session/0ad975bf-16b9-4740-b42b-9d0ff495098c/window/rect[39m
[35m[HTTP][39m [90m{}[39m
[35m[HTTP][39m [37m<-- GET /wd/hub/session/0ad975bf-16b9-4740-b42b-9d0ff495098c/window/rect [39m[32m200[39m [90m35 ms - 49[39m
[35m[HTTP][39m [90m[39m
[35m[HTTP][39m [37m-->[39m [37mGET[39m [37m/wd/hub/session/0ad975bf-16b9-4740-b42b-9d0ff495098c/appium/device/system_bars[39m
[35m[HTTP][39m [90m{}[39m
[35m[HTTP][39m [37m<-- GET /wd/hub/session/0ad975bf-16b9-4740-b42b-9d0ff495098c/appium/device/system_bars [39m[31m500[39m [90m459 ms - 649[39m
[35m[HTTP][39m [90m[39m
[35m[HTTP][39m [37m-->[39m [37mPOST[39m [37m/wd/hub/session/0ad975bf-16b9-4740-b42b-9d0ff495098c/timeouts[39m
[35m[HTTP][39m [90m{"implicit":50}[39m
[35m[HTTP][39m [37m<-- POST /wd/hub/session/0ad975bf-16b9-4740-b42b-9d0ff495098c/timeouts [39m[32m200[39m [90m7 ms - 14[39m
[35m[HTTP][39m [90m[39m
[35m[HTTP][39m [37m-->[39m [37mGET[39m [37m/wd/hub/session/0ad975bf-16b9-4740-b42b-9d0ff495098c/window/rect[39m
[35m[HTTP][39m [90m{}[39m
[35m[HTTP][39m [37m<-- GET /wd/hub/session/0ad975bf-16b9-4740-b42b-9d0ff495098c/window/rect [39m[32m200[39m [90m29 ms - 49[39m
[35m[HTTP][39m [90m[39m
[35m[HTTP][39m [37m-->[39m [37mPOST[39m [37m/wd/hub/session/0ad975bf-16b9-4740-b42b-9d0ff495098c/elements[39m
[35m[HTTP][39m [90m{"using":"xpath","value":"//*[@class = 'android.widget.EditText' and (@text = 'Username' or . = 'Username')]"}[39m
[35m[HTTP][39m [37m<-- POST /wd/hub/session/0ad975bf-16b9-4740-b42b-9d0ff495098c/elements [39m[32m200[39m [90m556 ms - 139[39m
[35m[HTTP][39m [90m[39m
[35m[HTTP][39m [37m-->[39m [37mGET[39m [37m/wd/hub/session/0ad975bf-16b9-4740-b42b-9d0ff495098c/element/13cd12cd-66e9-41e8-93f2-ca14aa201cd8/location[39m
[35m[HTTP][39m [90m{}[39m
[35m[W3C (0ad975bf)][39m Driver proxy active, passing request on via HTTP proxy
[35m[WD Proxy][39m Replacing sessionId 63f22de6-32a9-495d-be9b-ce715f5c04d4 with 0ad975bf-16b9-4740-b42b-9d0ff495098c
[35m[HTTP][39m [37m<-- GET /wd/hub/session/0ad975bf-16b9-4740-b42b-9d0ff495098c/element/13cd12cd-66e9-41e8-93f2-ca14aa201cd8/location [39m[32m200[39m [90m492 ms - 77[39m
[35m[HTTP][39m [90m[39m
[35m[HTTP][39m [37m-->[39m [37mPOST[39m [37m/wd/hub/session/0ad975bf-16b9-4740-b42b-9d0ff495098c/timeouts[39m
[35m[HTTP][39m [90m{"implicit":30000}[39m
[35m[HTTP][39m [37m<-- POST /wd/hub/session/0ad975bf-16b9-4740-b42b-9d0ff495098c/timeouts [39m[32m200[39m [90m3 ms - 14[39m
[35m[HTTP][39m [90m[39m
[35m[HTTP][39m [37m-->[39m [37mPOST[39m [37m/wd/hub/session/0ad975bf-16b9-4740-b42b-9d0ff495098c/element/13cd12cd-66e9-41e8-93f2-ca14aa201cd8/clear[39m
[35m[HTTP][39m [90m{"id":"13cd12cd-66e9-41e8-93f2-ca14aa201cd8"}[39m
[35m[HTTP][39m [37m<-- POST /wd/hub/session/0ad975bf-16b9-4740-b42b-9d0ff495098c/element/13cd12cd-66e9-41e8-93f2-ca14aa201cd8/clear [39m[32m200[39m [90m44 ms - 14[39m
[35m[HTTP][39m [90m[39m
[35m[HTTP][39m [37m-->[39m [37mPOST[39m [37m/wd/hub/session/0ad975bf-16b9-4740-b42b-9d0ff495098c/element/13cd12cd-66e9-41e8-93f2-ca14aa201cd8/value[39m
[35m[HTTP][39m [90m{"id":"13cd12cd-66e9-41e8-93f2-ca14aa201cd8","text":"standard_user","value":["s","t","a","n","d","a","r","d","_","u","s","e","r"]}[39m
[35m[HTTP][39m [37m<-- POST /wd/hub/session/0ad975bf-16b9-4740-b42b-9d0ff495098c/element/13cd12cd-66e9-41e8-93f2-ca14aa201cd8/value [39m[32m200[39m [90m511 ms - 14[39m
[35m[HTTP][39m [90m[39m
[35m[HTTP][39m [37m-->[39m [37mPOST[39m [37m/wd/hub/session/0ad975bf-16b9-4740-b42b-9d0ff495098c/timeouts[39m
[35m[HTTP][39m [90m{"implicit":50}[39m
[35m[HTTP][39m [37m<-- POST /wd/hub/session/0ad975bf-16b9-4740-b42b-9d0ff495098c/timeouts [39m[32m200[39m [90m4 ms - 14[39m
[35m[HTTP][39m [90m[39m
[35m[HTTP][39m [37m-->[39m [37mGET[39m [37m/wd/hub/session/0ad975bf-16b9-4740-b42b-9d0ff495098c/window/rect[39m
[35m[HTTP][39m [90m{}[39m
[35m[HTTP][39m [37m<-- GET /wd/hub/session/0ad975bf-16b9-4740-b42b-9d0ff495098c/window/rect [39m[32m200[39m [90m26 ms - 49[39m
[35m[HTTP][39m [90m[39m
[35m[HTTP][39m [37m-->[39m [37mPOST[39m [37m/wd/hub/session/0ad975bf-16b9-4740-b42b-9d0ff495098c/elements[39m
[35m[HTTP][39m [90m{"using":"xpath","value":"//*[@class = 'android.widget.EditText' and (@text = 'Password' or . = 'Password')]"}[39m
[35m[HTTP][39m [37m<-- POST /wd/hub/session/0ad975bf-16b9-4740-b42b-9d0ff495098c/elements [39m[32m200[39m [90m333 ms - 139[39m
[35m[HTTP][39m [90m[39m
[35m[HTTP][39m [37m-->[39m [37mGET[39m [37m/wd/hub/session/0ad975bf-16b9-4740-b42b-9d0ff495098c/element/694a1f1b-b784-4969-8603-6c2560b35482/location[39m
[35m[HTTP][39m [90m{}[39m
[35m[W3C (0ad975bf)][39m Driver proxy active, passing request on via HTTP proxy
[35m[WD Proxy][39m Replacing sessionId 63f22de6-32a9-495d-be9b-ce715f5c04d4 with 0ad975bf-16b9-4740-b42b-9d0ff495098c
[35m[HTTP][39m [37m<-- GET /wd/hub/session/0ad975bf-16b9-4740-b42b-9d0ff495098c/element/694a1f1b-b784-4969-8603-6c2560b35482/location [39m[32m200[39m [90m26 ms - 77[39m
[35m[HTTP][39m [90m[39m
[35m[HTTP][39m [37m-->[39m [37mPOST[39m [37m/wd/hub/session/0ad975bf-16b9-4740-b42b-9d0ff495098c/timeouts[39m
[35m[HTTP][39m [90m{"implicit":30000}[39m
[35m[HTTP][39m [37m<-- POST /wd/hub/session/0ad975bf-16b9-4740-b42b-9d0ff495098c/timeouts [39m[32m200[39m [90m2 ms - 14[39m
[35m[HTTP][39m [90m[39m
[35m[HTTP][39m [37m-->[39m [37mPOST[39m [37m/wd/hub/session/0ad975bf-16b9-4740-b42b-9d0ff495098c/element/694a1f1b-b784-4969-8603-6c2560b35482/clear[39m
[35m[HTTP][39m [90m{"id":"694a1f1b-b784-4969-8603-6c2560b35482"}[39m
[35m[HTTP][39m [37m<-- POST /wd/hub/session/0ad975bf-16b9-4740-b42b-9d0ff495098c/element/694a1f1b-b784-4969-8603-6c2560b35482/clear [39m[32m200[39m [90m40 ms - 14[39m
[35m[HTTP][39m [90m[39m
[35m[HTTP][39m [37m-->[39m [37mPOST[39m [37m/wd/hub/session/0ad975bf-16b9-4740-b42b-9d0ff495098c/element/694a1f1b-b784-4969-8603-6c2560b35482/value[39m
[35m[HTTP][39m [90m{"id":"694a1f1b-b784-4969-8603-6c2560b35482","text":"secret_sauce","value":["s","e","c","r","e","t","_","s","a","u","c","e"]}[39m
[35m[HTTP][39m [37m<-- POST /wd/hub/session/0ad975bf-16b9-4740-b42b-9d0ff495098c/element/694a1f1b-b784-4969-8603-6c2560b35482/value [39m[32m200[39m [90m1009 ms - 14[39m
[35m[HTTP][39m [90m[39m
[35m[HTTP][39m [37m-->[39m [37mPOST[39m [37m/wd/hub/session/0ad975bf-16b9-4740-b42b-9d0ff495098c/timeouts[39m
[35m[HTTP][39m [90m{"implicit":50}[39m
[35m[HTTP][39m [37m<-- POST /wd/hub/session/0ad975bf-16b9-4740-b42b-9d0ff495098c/timeouts [39m[32m200[39m [90m3 ms - 14[39m
[35m[HTTP][39m [90m[39m
[35m[HTTP][39m [37m-->[39m [37mGET[39m [37m/wd/hub/session/0ad975bf-16b9-4740-b42b-9d0ff495098c/window/rect[39m
[35m[HTTP][39m [90m{}[39m
[35m[HTTP][39m [37m<-- GET /wd/hub/session/0ad975bf-16b9-4740-b42b-9d0ff495098c/window/rect [39m[32m200[39m [90m26 ms - 49[39m
[35m[HTTP][39m [90m[39m
[35m[HTTP][39m [37m-->[39m [37mPOST[39m [37m/wd/hub/session/0ad975bf-16b9-4740-b42b-9d0ff495098c/elements[39m
[35m[HTTP][39m [90m{"using":"xpath","value":"//*[@class = 'android.widget.TextView' and (@text = 'LOGIN' or . = 'LOGIN')]"}[39m
[35m[HTTP][39m [37m<-- POST /wd/hub/session/0ad975bf-16b9-4740-b42b-9d0ff495098c/elements [39m[32m200[39m [90m297 ms - 139[39m
[35m[HTTP][39m [90m[39m
[35m[HTTP][39m [37m-->[39m [37mGET[39m [37m/wd/hub/session/0ad975bf-16b9-4740-b42b-9d0ff495098c/element/f4005d6a-450e-4067-889d-91ff4e1561eb/location[39m
[35m[HTTP][39m [90m{}[39m
[35m[W3C (0ad975bf)][39m Driver proxy active, passing request on via HTTP proxy
[35m[WD Proxy][39m Replacing sessionId 63f22de6-32a9-495d-be9b-ce715f5c04d4 with 0ad975bf-16b9-4740-b42b-9d0ff495098c
[35m[HTTP][39m [37m<-- GET /wd/hub/session/0ad975bf-16b9-4740-b42b-9d0ff495098c/element/f4005d6a-450e-4067-889d-91ff4e1561eb/location [39m[32m200[39m [90m25 ms - 78[39m
[35m[HTTP][39m [90m[39m
[35m[HTTP][39m [37m-->[39m [37mPOST[39m [37m/wd/hub/session/0ad975bf-16b9-4740-b42b-9d0ff495098c/timeouts[39m
[35m[HTTP][39m [90m{"implicit":30000}[39m
[35m[HTTP][39m [37m<-- POST /wd/hub/session/0ad975bf-16b9-4740-b42b-9d0ff495098c/timeouts [39m[32m200[39m [90m2 ms - 14[39m
[35m[HTTP][39m [90m[39m
[35m[HTTP][39m [37m-->[39m [37mPOST[39m [37m/wd/hub/session/0ad975bf-16b9-4740-b42b-9d0ff495098c/touch/perform[39m
[35m[HTTP][39m [90m{"actions":[{"action":"tap","options":{"x":1,"y":1,"element":"f4005d6a-450e-4067-889d-91ff4e1561eb"}},{"action":"release","options":{}}]}[39m
[35m[UiAutomator2][39m calling get location: f4005d6a-450e-4067-889d-91ff4e1561eb
[35m[HTTP][39m [37m<-- POST /wd/hub/session/0ad975bf-16b9-4740-b42b-9d0ff495098c/touch/perform [39m[32m200[39m [90m271 ms - 14[39m
[35m[HTTP][39m [90m[39m
[35m[HTTP][39m [37m-->[39m [37mGET[39m [37m/wd/hub/session/0ad975bf-16b9-4740-b42b-9d0ff495098c/context[39m
[35m[HTTP][39m [90m{}[39m
[35m[HTTP][39m [37m<-- GET /wd/hub/session/0ad975bf-16b9-4740-b42b-9d0ff495098c/context [39m[32m200[39m [90m2 ms - 22[39m
[35m[HTTP][39m [90m[39m
[35m[HTTP][39m [37m-->[39m [37mGET[39m [37m/wd/hub/session/0ad975bf-16b9-4740-b42b-9d0ff495098c/contexts[39m
[35m[HTTP][39m [90m{}[39m
[35m[AndroidDriver][39m Not collecting web view details. Details collection might help to make Chromedriver initialization more precise. Use the 'enableWebviewDetailsCollection' cap to turn it on
[35m[AndroidDriver][39m Skipping the webview 'WEBVIEW_3221' at '@webview_devtools_remote_3221' since it has reported having zero pages
[35m[HTTP][39m [37m<-- GET /wd/hub/session/0ad975bf-16b9-4740-b42b-9d0ff495098c/contexts [39m[32m200[39m [90m812 ms - 24[39m
[35m[HTTP][39m [90m[39m
[35m[HTTP][39m [37m-->[39m [37mPOST[39m [37m/wd/hub/session/0ad975bf-16b9-4740-b42b-9d0ff495098c/context[39m
[35m[HTTP][39m [90m{"name":"NATIVE_APP"}[39m
[35m[HTTP][39m [37m<-- POST /wd/hub/session/0ad975bf-16b9-4740-b42b-9d0ff495098c/context [39m[32m200[39m [90m4 ms - 14[39m
[35m[HTTP][39m [90m[39m
[35m[HTTP][39m [37m-->[39m [37mPOST[39m [37m/wd/hub/session/0ad975bf-16b9-4740-b42b-9d0ff495098c/element[39m
[35m[HTTP][39m [90m{"using":"-android uiautomator","value":"new UiScrollable(new UiSelector().scrollable(true).instance(0)).scrollIntoView(new UiSelector().textContains(\"Jacket\"))"}[39m
[35m[HTTP][39m [37m<-- POST /wd/hub/session/0ad975bf-16b9-4740-b42b-9d0ff495098c/element [39m[32m200[39m [90m3381 ms - 137[39m
[35m[HTTP][39m [90m[39m
[35m[HTTP][39m [37m-->[39m [37mPOST[39m [37m/wd/hub/session/0ad975bf-16b9-4740-b42b-9d0ff495098c/context[39m
[35m[HTTP][39m [90m{"name":"NATIVE_APP"}[39m
[35m[HTTP][39m [37m<-- POST /wd/hub/session/0ad975bf-16b9-4740-b42b-9d0ff495098c/context [39m[32m200[39m [90m3 ms - 14[39m
[35m[HTTP][39m [90m[39m
[35m[HTTP][39m [37m-->[39m [37mPOST[39m [37m/wd/hub/session/0ad975bf-16b9-4740-b42b-9d0ff495098c/timeouts[39m
[35m[HTTP][39m [90m{"implicit":50}[39m
[35m[HTTP][39m [37m<-- POST /wd/hub/session/0ad975bf-16b9-4740-b42b-9d0ff495098c/timeouts [39m[32m200[39m [90m3 ms - 14[39m
[35m[HTTP][39m [90m[39m
[35m[HTTP][39m [37m-->[39m [37mGET[39m [37m/wd/hub/session/0ad975bf-16b9-4740-b42b-9d0ff495098c/window/rect[39m
[35m[HTTP][39m [90m{}[39m
[35m[HTTP][39m [37m<-- GET /wd/hub/session/0ad975bf-16b9-4740-b42b-9d0ff495098c/window/rect [39m[32m200[39m [90m32 ms - 49[39m
[35m[HTTP][39m [90m[39m
[35m[HTTP][39m [37m-->[39m [37mPOST[39m [37m/wd/hub/session/0ad975bf-16b9-4740-b42b-9d0ff495098c/elements[39m
[35m[HTTP][39m [90m{"using":"xpath","value":"//*[@class = 'android.widget.TextView' and (contains(@text, 'Jacket') or contains(., 'Jacket'))]"}[39m
[35m[HTTP][39m [37m<-- POST /wd/hub/session/0ad975bf-16b9-4740-b42b-9d0ff495098c/elements [39m[32m200[39m [90m514 ms - 139[39m
[35m[HTTP][39m [90m[39m
[35m[HTTP][39m [37m-->[39m [37mGET[39m [37m/wd/hub/session/0ad975bf-16b9-4740-b42b-9d0ff495098c/element/effee5f2-20cd-482f-b4db-2d7d2fa143e3/location[39m
[35m[HTTP][39m [90m{}[39m
[35m[W3C (0ad975bf)][39m Driver proxy active, passing request on via HTTP proxy
[35m[WD Proxy][39m Replacing sessionId 63f22de6-32a9-495d-be9b-ce715f5c04d4 with 0ad975bf-16b9-4740-b42b-9d0ff495098c
[35m[HTTP][39m [37m<-- GET /wd/hub/session/0ad975bf-16b9-4740-b42b-9d0ff495098c/element/effee5f2-20cd-482f-b4db-2d7d2fa143e3/location [39m[32m200[39m [90m23 ms - 78[39m
[35m[HTTP][39m [90m[39m
[35m[HTTP][39m [37m-->[39m [37mPOST[39m [37m/wd/hub/session/0ad975bf-16b9-4740-b42b-9d0ff495098c/timeouts[39m
[35m[HTTP][39m [90m{"implicit":30000}[39m
[35m[HTTP][39m [37m<-- POST /wd/hub/session/0ad975bf-16b9-4740-b42b-9d0ff495098c/timeouts [39m[32m200[39m [90m2 ms - 14[39m
[35m[HTTP][39m [90m[39m
[35m[HTTP][39m [37m-->[39m [37mPOST[39m [37m/wd/hub/session/0ad975bf-16b9-4740-b42b-9d0ff495098c/touch/perform[39m
[35m[HTTP][39m [90m{"actions":[{"action":"tap","options":{"x":1,"y":1,"element":"effee5f2-20cd-482f-b4db-2d7d2fa143e3"}},{"action":"release","options":{}}]}[39m
[35m[UiAutomator2][39m calling get location: effee5f2-20cd-482f-b4db-2d7d2fa143e3
[35m[HTTP][39m [37m<-- POST /wd/hub/session/0ad975bf-16b9-4740-b42b-9d0ff495098c/touch/perform [39m[32m200[39m [90m175 ms - 14[39m
[35m[HTTP][39m [90m[39m
[35m[HTTP][39m [37m-->[39m [37mGET[39m [37m/wd/hub/session/0ad975bf-16b9-4740-b42b-9d0ff495098c/context[39m
[35m[HTTP][39m [90m{}[39m
[35m[HTTP][39m [37m<-- GET /wd/hub/session/0ad975bf-16b9-4740-b42b-9d0ff495098c/context [39m[32m200[39m [90m2 ms - 22[39m
[35m[HTTP][39m [90m[39m
[35m[HTTP][39m [37m-->[39m [37mGET[39m [37m/wd/hub/session/0ad975bf-16b9-4740-b42b-9d0ff495098c/contexts[39m
[35m[HTTP][39m [90m{}[39m
[35m[AndroidDriver][39m Not collecting web view details. Details collection might help to make Chromedriver initialization more precise. Use the 'enableWebviewDetailsCollection' cap to turn it on
[35m[AndroidDriver][39m Skipping the webview 'WEBVIEW_3221' at '@webview_devtools_remote_3221' since it has reported having zero pages
[35m[HTTP][39m [37m<-- GET /wd/hub/session/0ad975bf-16b9-4740-b42b-9d0ff495098c/contexts [39m[32m200[39m [90m487 ms - 24[39m
[35m[HTTP][39m [90m[39m
[35m[HTTP][39m [37m-->[39m [37mPOST[39m [37m/wd/hub/session/0ad975bf-16b9-4740-b42b-9d0ff495098c/context[39m
[35m[HTTP][39m [90m{"name":"NATIVE_APP"}[39m
[35m[HTTP][39m [37m<-- POST /wd/hub/session/0ad975bf-16b9-4740-b42b-9d0ff495098c/context [39m[32m200[39m [90m2 ms - 14[39m
[35m[HTTP][39m [90m[39m
[35m[HTTP][39m [37m-->[39m [37mPOST[39m [37m/wd/hub/session/0ad975bf-16b9-4740-b42b-9d0ff495098c/element[39m
[35m[HTTP][39m [90m{"using":"-android uiautomator","value":"new UiScrollable(new UiSelector().scrollable(true).instance(0)).scrollIntoView(new UiSelector().textContains(\"ADD TO CART\"))"}[39m
[35m[HTTP][39m [37m<-- POST /wd/hub/session/0ad975bf-16b9-4740-b42b-9d0ff495098c/element [39m[32m200[39m [90m3270 ms - 137[39m
[35m[HTTP][39m [90m[39m
[35m[HTTP][39m [37m-->[39m [37mPOST[39m [37m/wd/hub/session/0ad975bf-16b9-4740-b42b-9d0ff495098c/context[39m
[35m[HTTP][39m [90m{"name":"NATIVE_APP"}[39m
[35m[HTTP][39m [37m<-- POST /wd/hub/session/0ad975bf-16b9-4740-b42b-9d0ff495098c/context [39m[32m200[39m [90m3 ms - 14[39m
[35m[HTTP][39m [90m[39m
[35m[HTTP][39m [37m-->[39m [37mPOST[39m [37m/wd/hub/session/0ad975bf-16b9-4740-b42b-9d0ff495098c/timeouts[39m
[35m[HTTP][39m [90m{"implicit":50}[39m
[35m[HTTP][39m [37m<-- POST /wd/hub/session/0ad975bf-16b9-4740-b42b-9d0ff495098c/timeouts [39m[32m200[39m [90m3 ms - 14[39m
[35m[HTTP][39m [90m[39m
[35m[HTTP][39m [37m-->[39m [37mGET[39m [37m/wd/hub/session/0ad975bf-16b9-4740-b42b-9d0ff495098c/window/rect[39m
[35m[HTTP][39m [90m{}[39m
[35m[HTTP][39m [37m<-- GET /wd/hub/session/0ad975bf-16b9-4740-b42b-9d0ff495098c/window/rect [39m[32m200[39m [90m39 ms - 49[39m
[35m[HTTP][39m [90m[39m
[35m[HTTP][39m [37m-->[39m [37mPOST[39m [37m/wd/hub/session/0ad975bf-16b9-4740-b42b-9d0ff495098c/elements[39m
[35m[HTTP][39m [90m{"using":"xpath","value":"//*[@class = 'android.widget.TextView' and (@text = 'ADD TO CART' or . = 'ADD TO CART')]"}[39m
[35m[HTTP][39m [37m<-- POST /wd/hub/session/0ad975bf-16b9-4740-b42b-9d0ff495098c/elements [39m[32m200[39m [90m173 ms - 139[39m
[35m[HTTP][39m [90m[39m
[35m[HTTP][39m [37m-->[39m [37mGET[39m [37m/wd/hub/session/0ad975bf-16b9-4740-b42b-9d0ff495098c/element/1652b309-14af-49c8-b468-54d7e229f549/location[39m
[35m[HTTP][39m [90m{}[39m
[35m[W3C (0ad975bf)][39m Driver proxy active, passing request on via HTTP proxy
[35m[WD Proxy][39m Replacing sessionId 63f22de6-32a9-495d-be9b-ce715f5c04d4 with 0ad975bf-16b9-4740-b42b-9d0ff495098c
[35m[HTTP][39m [37m<-- GET /wd/hub/session/0ad975bf-16b9-4740-b42b-9d0ff495098c/element/1652b309-14af-49c8-b468-54d7e229f549/location [39m[32m200[39m [90m26 ms - 78[39m
[35m[HTTP][39m [90m[39m
[35m[HTTP][39m [37m-->[39m [37mPOST[39m [37m/wd/hub/session/0ad975bf-16b9-4740-b42b-9d0ff495098c/timeouts[39m
[35m[HTTP][39m [90m{"implicit":30000}[39m
[35m[HTTP][39m [37m<-- POST /wd/hub/session/0ad975bf-16b9-4740-b42b-9d0ff495098c/timeouts [39m[32m200[39m [90m2 ms - 14[39m
[35m[HTTP][39m [90m[39m
[35m[HTTP][39m [37m-->[39m [37mPOST[39m [37m/wd/hub/session/0ad975bf-16b9-4740-b42b-9d0ff495098c/touch/perform[39m
[35m[HTTP][39m [90m{"actions":[{"action":"tap","options":{"x":1,"y":1,"element":"1652b309-14af-49c8-b468-54d7e229f549"}},{"action":"release","options":{}}]}[39m
[35m[UiAutomator2][39m calling get location: 1652b309-14af-49c8-b468-54d7e229f549
[35m[HTTP][39m [37m<-- POST /wd/hub/session/0ad975bf-16b9-4740-b42b-9d0ff495098c/touch/perform [39m[32m200[39m [90m212 ms - 14[39m
[35m[HTTP][39m [90m[39m
[35m[HTTP][39m [37m-->[39m [37mGET[39m [37m/wd/hub/session/0ad975bf-16b9-4740-b42b-9d0ff495098c/context[39m
[35m[HTTP][39m [90m{}[39m
[35m[HTTP][39m [37m<-- GET /wd/hub/session/0ad975bf-16b9-4740-b42b-9d0ff495098c/context [39m[32m200[39m [90m2 ms - 22[39m
[35m[HTTP][39m [90m[39m
[35m[HTTP][39m [37m-->[39m [37mGET[39m [37m/wd/hub/session/0ad975bf-16b9-4740-b42b-9d0ff495098c/contexts[39m
[35m[HTTP][39m [90m{}[39m
[35m[AndroidDriver][39m Not collecting web view details. Details collection might help to make Chromedriver initialization more precise. Use the 'enableWebviewDetailsCollection' cap to turn it on
[35m[AndroidDriver][39m Skipping the webview 'WEBVIEW_3221' at '@webview_devtools_remote_3221' since it has reported having zero pages
[35m[HTTP][39m [37m<-- GET /wd/hub/session/0ad975bf-16b9-4740-b42b-9d0ff495098c/contexts [39m[32m200[39m [90m586 ms - 24[39m
[35m[HTTP][39m [90m[39m
[35m[HTTP][39m [37m-->[39m [37mPOST[39m [37m/wd/hub/session/0ad975bf-16b9-4740-b42b-9d0ff495098c/context[39m
[35m[HTTP][39m [90m{"name":"NATIVE_APP"}[39m
[35m[HTTP][39m [37m<-- POST /wd/hub/session/0ad975bf-16b9-4740-b42b-9d0ff495098c/context [39m[32m200[39m [90m2 ms - 14[39m
[35m[HTTP][39m [90m[39m
[35m[HTTP][39m [37m-->[39m [37mGET[39m [37m/wd/hub/session/0ad975bf-16b9-4740-b42b-9d0ff495098c/screenshot[39m
[35m[HTTP][39m [90m{}[39m
[35m[HTTP][39m [37m<-- GET /wd/hub/session/0ad975bf-16b9-4740-b42b-9d0ff495098c/screenshot [39m[32m200[39m [90m774 ms - 193194[39m
[35m[HTTP][39m [90m[39m
[35m[HTTP][39m [37m-->[39m [37mPOST[39m [37m/wd/hub/session/0ad975bf-16b9-4740-b42b-9d0ff495098c/context[39m
[35m[HTTP][39m [90m{"name":"NATIVE_APP"}[39m
[35m[HTTP][39m [37m<-- POST /wd/hub/session/0ad975bf-16b9-4740-b42b-9d0ff495098c/context [39m[32m200[39m [90m2 ms - 14[39m
[35m[HTTP][39m [90m[39m
[35m[HTTP][39m [37m-->[39m [37mGET[39m [37m/wd/hub/status[39m
[35m[HTTP][39m [90m{}[39m
[35m[HTTP][39m [37m<-- GET /wd/hub/status [39m[32m200[39m [90m2 ms - 68[39m
[35m[HTTP][39m [90m[39m
[35m[HTTP][39m [37m-->[39m [37mPOST[39m [37m/wd/hub/session[39m
[35m[HTTP][39m [90m{"desiredCapabilities":{"app":"C:\\Users\\Lenovo\\Katalon Studio\\Sauce Labs Mobile Test\\Android.SauceLabs.Mobile.Sample.app.2.7.1.apk","noReset":true,"appWaitActivity":"*","deviceId":"4a90dd0d","deviceName":"Xiaomi Redmi 7 (Android 10)","fullReset":false,"platform":"ANDROID","newCommandTimeout":1800,"platformVersion":"10","automationName":"uiautomator2","autoGrantPermissions":true,"platformName":"Android","udid":"4a90dd0d","systemPort":60311},"capabilities":{"firstMatch":[{"appium:app":"C:\\Users\\Lenovo\\Katalon Studio\\Sauce Labs Mobile Test\\Android.SauceLabs.Mobile.Sample.app.2.7.1.apk","appium:appWaitActivity":"*","appium:autoGrantPermissions":true,"appium:automationName":"uiautomator2","deviceId":"4a90dd0d","appium:deviceName":"Xiaomi Redmi 7 (Android 10)","appium:fullReset":false,"appium:newCommandTimeout":1800,"appium:noReset":true,"platform":"ANDROID","platformName":"android","appium:platformVersion":"10","appium:systemPort":60311,"appium:udid":"4a90dd0d"}]}}[39m
[35m[BaseDriver][39m The following capabilities are not standard capabilities and should have an extension prefix:
[35m[BaseDriver][39m   deviceId
[35m[BaseDriver][39m   platform
[35m[BaseDriver][39m   chromedriverPort
[35m[Appium][39m Appium v1.21.0 creating new AndroidUiautomator2Driver (v1.65.0) session
[35m[BaseDriver][39m The following capabilities were provided, but are not recognized by Appium:
[35m[BaseDriver][39m   deviceId
[35m[BaseDriver][39m   platform
[35m[BaseDriver][39m Session created with session id: dcb9de72-2ec8-4fb7-a788-412117cb518b
[35m[BaseDriver][39m Using local app 'C:\Users\Lenovo\Katalon Studio\Sauce Labs Mobile Test\Android.SauceLabs.Mobile.Sample.app.2.7.1.apk'
[35m[ADB][39m Using 'adb.exe' from 'C:\Users\Lenovo\.katalon\tools\android_sdk\platform-tools\adb.exe'
[35m[AndroidDriver][39m Retrieving device list
[35m[AndroidDriver][39m Using device: 4a90dd0d
[35m[ADB][39m Using 'adb.exe' from 'C:\Users\Lenovo\.katalon\tools\android_sdk\platform-tools\adb.exe'
[35m[ADB][39m Getting device platform version
[35m[UiAutomator2][39m Relaxing hidden api policy
[35m[ADB][39m Package name: 'com.swaglabsmobileapp'
[35m[ADB][39m Main activity name: 'com.swaglabsmobileapp.SplashActivity'
[35m[ADB][39m Using 'apksigner.jar' from 'C:\Users\Lenovo\.katalon\tools\android_sdk\build-tools\29.0.3\lib\apksigner.jar'
[35m[ADB][39m 'C:\Users\Lenovo\AppData\Roaming\npm\node_modules\appium\node_modules\appium-uiautomator2-server\apks\appium-uiautomator2-server-v4.21.1.apk' is signed with the default certificate
[35m[ADB][39m 'C:\Users\Lenovo\AppData\Roaming\npm\node_modules\appium\node_modules\appium-uiautomator2-server\apks\appium-uiautomator2-server-debug-androidTest.apk' is signed with the default certificate
[35m[UiAutomator2][39m Server packages are not going to be (re)installed
[35m[ADB][39m Adding packages ["io.appium.settings","io.appium.uiautomator2.server","io.appium.uiautomator2.server.test"] to Doze whitelist
[35m[ADB][39m 'C:\Users\Lenovo\Katalon Studio\Sauce Labs Mobile Test\Android.SauceLabs.Mobile.Sample.app.2.7.1.apk' is signed with a non-default certificate
[35m[UiAutomator2][39m Starting UIAutomator2 server 4.21.1
[35m[UiAutomator2][39m Using UIAutomator2 server from 'C:\Users\Lenovo\AppData\Roaming\npm\node_modules\appium\node_modules\appium-uiautomator2-server\apks\appium-uiautomator2-server-v4.21.1.apk' and test from 'C:\Users\Lenovo\AppData\Roaming\npm\node_modules\appium\node_modules\appium-uiautomator2-server\apks\appium-uiautomator2-server-debug-androidTest.apk'
[35m[UiAutomator2][39m Waiting up to 30000ms for UiAutomator2 to be online...
[35m[WD Proxy][39m socket hang up
[35m[WD Proxy][39m socket hang up
[35m[WD Proxy][39m socket hang up
[35m[WD Proxy][39m socket hang up
[35m[WD Proxy][39m Determined the downstream protocol as 'W3C'
[35m[AndroidDriver][39m Screen already unlocked, doing nothing
[35m[UiAutomator2][39m Starting 'com.swaglabsmobileapp/com.swaglabsmobileapp.SplashActivity and waiting for 'com.swaglabsmobileapp/*'
[35m[Appium][39m New AndroidUiautomator2Driver session created successfully, session dcb9de72-2ec8-4fb7-a788-412117cb518b added to master session list
[35m[HTTP][39m [37m<-- POST /wd/hub/session [39m[32m200[39m [90m17508 ms - 1431[39m
[35m[HTTP][39m [90m[39m
[35m[HTTP][39m [37m-->[39m [37mGET[39m [37m/wd/hub/session/dcb9de72-2ec8-4fb7-a788-412117cb518b[39m
[35m[HTTP][39m [90m{}[39m
[35m[HTTP][39m [37m<-- GET /wd/hub/session/dcb9de72-2ec8-4fb7-a788-412117cb518b [39m[32m200[39m [90m14 ms - 1385[39m
[35m[HTTP][39m [90m[39m
[35m[HTTP][39m [37m-->[39m [37mGET[39m [37m/wd/hub/session/dcb9de72-2ec8-4fb7-a788-412117cb518b[39m
[35m[HTTP][39m [90m{}[39m
[35m[HTTP][39m [37m<-- GET /wd/hub/session/dcb9de72-2ec8-4fb7-a788-412117cb518b [39m[32m200[39m [90m13 ms - 1385[39m
[35m[HTTP][39m [90m[39m
[35m[HTTP][39m [37m-->[39m [37mGET[39m [37m/wd/hub/status[39m
[35m[HTTP][39m [90m{}[39m
[35m[HTTP][39m [37m<-- GET /wd/hub/status [39m[32m200[39m [90m2 ms - 68[39m
[35m[HTTP][39m [90m[39m
[35m[HTTP][39m [37m-->[39m [37mPOST[39m [37m/wd/hub/session/dcb9de72-2ec8-4fb7-a788-412117cb518b/timeouts[39m
[35m[HTTP][39m [90m{"implicit":30000}[39m
[35m[HTTP][39m [37m<-- POST /wd/hub/session/dcb9de72-2ec8-4fb7-a788-412117cb518b/timeouts [39m[32m200[39m [90m2 ms - 14[39m
[35m[HTTP][39m [90m[39m
[35m[HTTP][39m [37m-->[39m [37mGET[39m [37m/wd/hub/session/dcb9de72-2ec8-4fb7-a788-412117cb518b/screenshot[39m
[35m[HTTP][39m [90m{}[39m
[35m[HTTP][39m [37m<-- GET /wd/hub/session/dcb9de72-2ec8-4fb7-a788-412117cb518b/screenshot [39m[32m200[39m [90m465 ms - 27382[39m
[35m[HTTP][39m [90m[39m
[35m[HTTP][39m [37m-->[39m [37mGET[39m [37m/wd/hub/session/dcb9de72-2ec8-4fb7-a788-412117cb518b/window/rect[39m
[35m[HTTP][39m [90m{}[39m
[35m[HTTP][39m [37m<-- GET /wd/hub/session/dcb9de72-2ec8-4fb7-a788-412117cb518b/window/rect [39m[32m200[39m [90m19 ms - 49[39m
[35m[HTTP][39m [90m[39m
[35m[HTTP][39m [37m-->[39m [37mGET[39m [37m/wd/hub/session/dcb9de72-2ec8-4fb7-a788-412117cb518b/appium/device/system_bars[39m
[35m[HTTP][39m [90m{}[39m
[35m[HTTP][39m [37m<-- GET /wd/hub/session/dcb9de72-2ec8-4fb7-a788-412117cb518b/appium/device/system_bars [39m[31m500[39m [90m154 ms - 649[39m
[35m[HTTP][39m [90m[39m
[35m[HTTP][39m [37m-->[39m [37mPOST[39m [37m/wd/hub/session/dcb9de72-2ec8-4fb7-a788-412117cb518b/timeouts[39m
[35m[HTTP][39m [90m{"implicit":50}[39m
[35m[HTTP][39m [37m<-- POST /wd/hub/session/dcb9de72-2ec8-4fb7-a788-412117cb518b/timeouts [39m[32m200[39m [90m3 ms - 14[39m
[35m[HTTP][39m [90m[39m
[35m[HTTP][39m [37m-->[39m [37mGET[39m [37m/wd/hub/session/dcb9de72-2ec8-4fb7-a788-412117cb518b/window/rect[39m
[35m[HTTP][39m [90m{}[39m
[35m[HTTP][39m [37m<-- GET /wd/hub/session/dcb9de72-2ec8-4fb7-a788-412117cb518b/window/rect [39m[32m200[39m [90m31 ms - 49[39m
[35m[HTTP][39m [90m[39m
[35m[HTTP][39m [37m-->[39m [37mPOST[39m [37m/wd/hub/session/dcb9de72-2ec8-4fb7-a788-412117cb518b/elements[39m
[35m[HTTP][39m [90m{"using":"xpath","value":"//*[@class = 'android.widget.EditText' and (@text = 'Username' or . = 'Username')]"}[39m
[35m[HTTP][39m [37m<-- POST /wd/hub/session/dcb9de72-2ec8-4fb7-a788-412117cb518b/elements [39m[32m200[39m [90m869 ms - 139[39m
[35m[HTTP][39m [90m[39m
[35m[HTTP][39m [37m-->[39m [37mGET[39m [37m/wd/hub/session/dcb9de72-2ec8-4fb7-a788-412117cb518b/element/aff87f0f-840e-499d-9e7f-da0614a08d4e/location[39m
[35m[HTTP][39m [90m{}[39m
[35m[W3C (dcb9de72)][39m Driver proxy active, passing request on via HTTP proxy
[35m[WD Proxy][39m Replacing sessionId 2291ab6a-1af2-401c-ad2d-202f8da3fe4b with dcb9de72-2ec8-4fb7-a788-412117cb518b
[35m[HTTP][39m [37m<-- GET /wd/hub/session/dcb9de72-2ec8-4fb7-a788-412117cb518b/element/aff87f0f-840e-499d-9e7f-da0614a08d4e/location [39m[32m200[39m [90m30 ms - 77[39m
[35m[HTTP][39m [90m[39m
[35m[HTTP][39m [37m-->[39m [37mPOST[39m [37m/wd/hub/session/dcb9de72-2ec8-4fb7-a788-412117cb518b/timeouts[39m
[35m[HTTP][39m [90m{"implicit":30000}[39m
[35m[HTTP][39m [37m<-- POST /wd/hub/session/dcb9de72-2ec8-4fb7-a788-412117cb518b/timeouts [39m[32m200[39m [90m2 ms - 14[39m
[35m[HTTP][39m [90m[39m
[35m[HTTP][39m [37m-->[39m [37mPOST[39m [37m/wd/hub/session/dcb9de72-2ec8-4fb7-a788-412117cb518b/element/aff87f0f-840e-499d-9e7f-da0614a08d4e/clear[39m
[35m[HTTP][39m [90m{"id":"aff87f0f-840e-499d-9e7f-da0614a08d4e"}[39m
[35m[HTTP][39m [37m<-- POST /wd/hub/session/dcb9de72-2ec8-4fb7-a788-412117cb518b/element/aff87f0f-840e-499d-9e7f-da0614a08d4e/clear [39m[32m200[39m [90m35 ms - 14[39m
[35m[HTTP][39m [90m[39m
[35m[HTTP][39m [37m-->[39m [37mPOST[39m [37m/wd/hub/session/dcb9de72-2ec8-4fb7-a788-412117cb518b/element/aff87f0f-840e-499d-9e7f-da0614a08d4e/value[39m
[35m[HTTP][39m [90m{"id":"aff87f0f-840e-499d-9e7f-da0614a08d4e","text":"standard_user","value":["s","t","a","n","d","a","r","d","_","u","s","e","r"]}[39m
[35m[HTTP][39m [37m<-- POST /wd/hub/session/dcb9de72-2ec8-4fb7-a788-412117cb518b/element/aff87f0f-840e-499d-9e7f-da0614a08d4e/value [39m[32m200[39m [90m602 ms - 14[39m
[35m[HTTP][39m [90m[39m
[35m[HTTP][39m [37m-->[39m [37mPOST[39m [37m/wd/hub/session/dcb9de72-2ec8-4fb7-a788-412117cb518b/timeouts[39m
[35m[HTTP][39m [90m{"implicit":50}[39m
[35m[HTTP][39m [37m<-- POST /wd/hub/session/dcb9de72-2ec8-4fb7-a788-412117cb518b/timeouts [39m[32m200[39m [90m3 ms - 14[39m
[35m[HTTP][39m [90m[39m
[35m[HTTP][39m [37m-->[39m [37mGET[39m [37m/wd/hub/session/dcb9de72-2ec8-4fb7-a788-412117cb518b/window/rect[39m
[35m[HTTP][39m [90m{}[39m
[35m[HTTP][39m [37m<-- GET /wd/hub/session/dcb9de72-2ec8-4fb7-a788-412117cb518b/window/rect [39m[32m200[39m [90m36 ms - 49[39m
[35m[HTTP][39m [90m[39m
[35m[HTTP][39m [37m-->[39m [37mPOST[39m [37m/wd/hub/session/dcb9de72-2ec8-4fb7-a788-412117cb518b/elements[39m
[35m[HTTP][39m [90m{"using":"xpath","value":"//*[@class = 'android.widget.EditText' and (@text = 'Password' or . = 'Password')]"}[39m
[35m[HTTP][39m [37m<-- POST /wd/hub/session/dcb9de72-2ec8-4fb7-a788-412117cb518b/elements [39m[32m200[39m [90m652 ms - 139[39m
[35m[HTTP][39m [90m[39m
[35m[HTTP][39m [37m-->[39m [37mGET[39m [37m/wd/hub/session/dcb9de72-2ec8-4fb7-a788-412117cb518b/element/8c23294d-f34c-406e-b791-144ae86f3c58/location[39m
[35m[HTTP][39m [90m{}[39m
[35m[W3C (dcb9de72)][39m Driver proxy active, passing request on via HTTP proxy
[35m[WD Proxy][39m Replacing sessionId 2291ab6a-1af2-401c-ad2d-202f8da3fe4b with dcb9de72-2ec8-4fb7-a788-412117cb518b
[35m[HTTP][39m [37m<-- GET /wd/hub/session/dcb9de72-2ec8-4fb7-a788-412117cb518b/element/8c23294d-f34c-406e-b791-144ae86f3c58/location [39m[32m200[39m [90m68 ms - 77[39m
[35m[HTTP][39m [90m[39m
[35m[HTTP][39m [37m-->[39m [37mPOST[39m [37m/wd/hub/session/dcb9de72-2ec8-4fb7-a788-412117cb518b/timeouts[39m
[35m[HTTP][39m [90m{"implicit":30000}[39m
[35m[HTTP][39m [37m<-- POST /wd/hub/session/dcb9de72-2ec8-4fb7-a788-412117cb518b/timeouts [39m[32m200[39m [90m4 ms - 14[39m
[35m[HTTP][39m [90m[39m
[35m[HTTP][39m [37m-->[39m [37mPOST[39m [37m/wd/hub/session/dcb9de72-2ec8-4fb7-a788-412117cb518b/element/8c23294d-f34c-406e-b791-144ae86f3c58/clear[39m
[35m[HTTP][39m [90m{"id":"8c23294d-f34c-406e-b791-144ae86f3c58"}[39m
[35m[HTTP][39m [37m<-- POST /wd/hub/session/dcb9de72-2ec8-4fb7-a788-412117cb518b/element/8c23294d-f34c-406e-b791-144ae86f3c58/clear [39m[32m200[39m [90m62 ms - 14[39m
[35m[HTTP][39m [90m[39m
[35m[HTTP][39m [37m-->[39m [37mPOST[39m [37m/wd/hub/session/dcb9de72-2ec8-4fb7-a788-412117cb518b/element/8c23294d-f34c-406e-b791-144ae86f3c58/value[39m
[35m[HTTP][39m [90m{"id":"8c23294d-f34c-406e-b791-144ae86f3c58","text":"secret_sauce","value":["s","e","c","r","e","t","_","s","a","u","c","e"]}[39m
[35m[HTTP][39m [37m<-- POST /wd/hub/session/dcb9de72-2ec8-4fb7-a788-412117cb518b/element/8c23294d-f34c-406e-b791-144ae86f3c58/value [39m[32m200[39m [90m844 ms - 14[39m
[35m[HTTP][39m [90m[39m
[35m[HTTP][39m [37m-->[39m [37mPOST[39m [37m/wd/hub/session/dcb9de72-2ec8-4fb7-a788-412117cb518b/timeouts[39m
[35m[HTTP][39m [90m{"implicit":50}[39m
[35m[HTTP][39m [37m<-- POST /wd/hub/session/dcb9de72-2ec8-4fb7-a788-412117cb518b/timeouts [39m[32m200[39m [90m2 ms - 14[39m
[35m[HTTP][39m [90m[39m
[35m[HTTP][39m [37m-->[39m [37mGET[39m [37m/wd/hub/session/dcb9de72-2ec8-4fb7-a788-412117cb518b/window/rect[39m
[35m[HTTP][39m [90m{}[39m
[35m[HTTP][39m [37m<-- GET /wd/hub/session/dcb9de72-2ec8-4fb7-a788-412117cb518b/window/rect [39m[32m200[39m [90m44 ms - 49[39m
[35m[HTTP][39m [90m[39m
[35m[HTTP][39m [37m-->[39m [37mPOST[39m [37m/wd/hub/session/dcb9de72-2ec8-4fb7-a788-412117cb518b/elements[39m
[35m[HTTP][39m [90m{"using":"xpath","value":"//*[@class = 'android.widget.TextView' and (@text = 'LOGIN' or . = 'LOGIN')]"}[39m
[35m[HTTP][39m [37m<-- POST /wd/hub/session/dcb9de72-2ec8-4fb7-a788-412117cb518b/elements [39m[32m200[39m [90m821 ms - 139[39m
[35m[HTTP][39m [90m[39m
[35m[HTTP][39m [37m-->[39m [37mGET[39m [37m/wd/hub/session/dcb9de72-2ec8-4fb7-a788-412117cb518b/element/0295abbe-5e24-4b70-94e5-b810ec5da9b3/location[39m
[35m[HTTP][39m [90m{}[39m
[35m[W3C (dcb9de72)][39m Driver proxy active, passing request on via HTTP proxy
[35m[WD Proxy][39m Replacing sessionId 2291ab6a-1af2-401c-ad2d-202f8da3fe4b with dcb9de72-2ec8-4fb7-a788-412117cb518b
[35m[HTTP][39m [37m<-- GET /wd/hub/session/dcb9de72-2ec8-4fb7-a788-412117cb518b/element/0295abbe-5e24-4b70-94e5-b810ec5da9b3/location [39m[32m200[39m [90m41 ms - 78[39m
[35m[HTTP][39m [90m[39m
[35m[HTTP][39m [37m-->[39m [37mPOST[39m [37m/wd/hub/session/dcb9de72-2ec8-4fb7-a788-412117cb518b/timeouts[39m
[35m[HTTP][39m [90m{"implicit":30000}[39m
[35m[HTTP][39m [37m<-- POST /wd/hub/session/dcb9de72-2ec8-4fb7-a788-412117cb518b/timeouts [39m[32m200[39m [90m3 ms - 14[39m
[35m[HTTP][39m [90m[39m
[35m[HTTP][39m [37m-->[39m [37mPOST[39m [37m/wd/hub/session/dcb9de72-2ec8-4fb7-a788-412117cb518b/touch/perform[39m
[35m[HTTP][39m [90m{"actions":[{"action":"tap","options":{"x":1,"y":1,"element":"0295abbe-5e24-4b70-94e5-b810ec5da9b3"}},{"action":"release","options":{}}]}[39m
[35m[UiAutomator2][39m calling get location: 0295abbe-5e24-4b70-94e5-b810ec5da9b3
[35m[HTTP][39m [37m<-- POST /wd/hub/session/dcb9de72-2ec8-4fb7-a788-412117cb518b/touch/perform [39m[32m200[39m [90m1819 ms - 14[39m
[35m[HTTP][39m [90m[39m
[35m[HTTP][39m [37m-->[39m [37mGET[39m [37m/wd/hub/session/dcb9de72-2ec8-4fb7-a788-412117cb518b/context[39m
[35m[HTTP][39m [90m{}[39m
[35m[HTTP][39m [37m<-- GET /wd/hub/session/dcb9de72-2ec8-4fb7-a788-412117cb518b/context [39m[32m200[39m [90m3 ms - 22[39m
[35m[HTTP][39m [90m[39m
[35m[HTTP][39m [37m-->[39m [37mGET[39m [37m/wd/hub/session/dcb9de72-2ec8-4fb7-a788-412117cb518b/contexts[39m
[35m[HTTP][39m [90m{}[39m
[35m[AndroidDriver][39m Not collecting web view details. Details collection might help to make Chromedriver initialization more precise. Use the 'enableWebviewDetailsCollection' cap to turn it on
[35m[AndroidDriver][39m Skipping the webview 'WEBVIEW_3701' at '@webview_devtools_remote_3701' since it has reported having zero pages
[35m[HTTP][39m [37m<-- GET /wd/hub/session/dcb9de72-2ec8-4fb7-a788-412117cb518b/contexts [39m[32m200[39m [90m702 ms - 24[39m
[35m[HTTP][39m [90m[39m
[35m[HTTP][39m [37m-->[39m [37mPOST[39m [37m/wd/hub/session/dcb9de72-2ec8-4fb7-a788-412117cb518b/context[39m
[35m[HTTP][39m [90m{"name":"NATIVE_APP"}[39m
[35m[HTTP][39m [37m<-- POST /wd/hub/session/dcb9de72-2ec8-4fb7-a788-412117cb518b/context [39m[32m200[39m [90m2 ms - 14[39m
[35m[HTTP][39m [90m[39m
[35m[HTTP][39m [37m-->[39m [37mPOST[39m [37m/wd/hub/session/dcb9de72-2ec8-4fb7-a788-412117cb518b/element[39m
[35m[HTTP][39m [90m{"using":"-android uiautomator","value":"new UiScrollable(new UiSelector().scrollable(true).instance(0)).scrollIntoView(new UiSelector().textContains(\"Backpack\"))"}[39m
[35m[HTTP][39m [37m<-- POST /wd/hub/session/dcb9de72-2ec8-4fb7-a788-412117cb518b/element [39m[32m200[39m [90m817 ms - 137[39m
[35m[HTTP][39m [90m[39m
[35m[HTTP][39m [37m-->[39m [37mPOST[39m [37m/wd/hub/session/dcb9de72-2ec8-4fb7-a788-412117cb518b/context[39m
[35m[HTTP][39m [90m{"name":"NATIVE_APP"}[39m
[35m[HTTP][39m [37m<-- POST /wd/hub/session/dcb9de72-2ec8-4fb7-a788-412117cb518b/context [39m[32m200[39m [90m2 ms - 14[39m
[35m[HTTP][39m [90m[39m
[35m[HTTP][39m [37m-->[39m [37mPOST[39m [37m/wd/hub/session/dcb9de72-2ec8-4fb7-a788-412117cb518b/timeouts[39m
[35m[HTTP][39m [90m{"implicit":50}[39m
[35m[HTTP][39m [37m<-- POST /wd/hub/session/dcb9de72-2ec8-4fb7-a788-412117cb518b/timeouts [39m[32m200[39m [90m3 ms - 14[39m
[35m[HTTP][39m [90m[39m
[35m[HTTP][39m [37m-->[39m [37mGET[39m [37m/wd/hub/session/dcb9de72-2ec8-4fb7-a788-412117cb518b/window/rect[39m
[35m[HTTP][39m [90m{}[39m
[35m[HTTP][39m [37m<-- GET /wd/hub/session/dcb9de72-2ec8-4fb7-a788-412117cb518b/window/rect [39m[32m200[39m [90m49 ms - 49[39m
[35m[HTTP][39m [90m[39m
[35m[HTTP][39m [37m-->[39m [37mPOST[39m [37m/wd/hub/session/dcb9de72-2ec8-4fb7-a788-412117cb518b/elements[39m
[35m[HTTP][39m [90m{"using":"xpath","value":"//*[@class = 'android.widget.TextView' and (contains(@text, 'Backpack') or contains(., 'Backpack'))]"}[39m
[35m[HTTP][39m [37m<-- POST /wd/hub/session/dcb9de72-2ec8-4fb7-a788-412117cb518b/elements [39m[32m200[39m [90m172 ms - 139[39m
[35m[HTTP][39m [90m[39m
[35m[HTTP][39m [37m-->[39m [37mGET[39m [37m/wd/hub/session/dcb9de72-2ec8-4fb7-a788-412117cb518b/element/38fd0621-a310-43c6-b268-b28aea05d848/location[39m
[35m[HTTP][39m [90m{}[39m
[35m[W3C (dcb9de72)][39m Driver proxy active, passing request on via HTTP proxy
[35m[WD Proxy][39m Replacing sessionId 2291ab6a-1af2-401c-ad2d-202f8da3fe4b with dcb9de72-2ec8-4fb7-a788-412117cb518b
[35m[HTTP][39m [37m<-- GET /wd/hub/session/dcb9de72-2ec8-4fb7-a788-412117cb518b/element/38fd0621-a310-43c6-b268-b28aea05d848/location [39m[32m200[39m [90m455 ms - 77[39m
[35m[HTTP][39m [90m[39m
[35m[HTTP][39m [37m-->[39m [37mPOST[39m [37m/wd/hub/session/dcb9de72-2ec8-4fb7-a788-412117cb518b/timeouts[39m
[35m[HTTP][39m [90m{"implicit":30000}[39m
[35m[HTTP][39m [37m<-- POST /wd/hub/session/dcb9de72-2ec8-4fb7-a788-412117cb518b/timeouts [39m[32m200[39m [90m3 ms - 14[39m
[35m[HTTP][39m [90m[39m
[35m[HTTP][39m [37m-->[39m [37mPOST[39m [37m/wd/hub/session/dcb9de72-2ec8-4fb7-a788-412117cb518b/touch/perform[39m
[35m[HTTP][39m [90m{"actions":[{"action":"tap","options":{"x":1,"y":1,"element":"38fd0621-a310-43c6-b268-b28aea05d848"}},{"action":"release","options":{}}]}[39m
[35m[UiAutomator2][39m calling get location: 38fd0621-a310-43c6-b268-b28aea05d848
[35m[HTTP][39m [37m<-- POST /wd/hub/session/dcb9de72-2ec8-4fb7-a788-412117cb518b/touch/perform [39m[32m200[39m [90m309 ms - 14[39m
[35m[HTTP][39m [90m[39m
[35m[HTTP][39m [37m-->[39m [37mGET[39m [37m/wd/hub/session/dcb9de72-2ec8-4fb7-a788-412117cb518b/context[39m
[35m[HTTP][39m [90m{}[39m
[35m[HTTP][39m [37m<-- GET /wd/hub/session/dcb9de72-2ec8-4fb7-a788-412117cb518b/context [39m[32m200[39m [90m3 ms - 22[39m
[35m[HTTP][39m [90m[39m
[35m[HTTP][39m [37m-->[39m [37mGET[39m [37m/wd/hub/session/dcb9de72-2ec8-4fb7-a788-412117cb518b/contexts[39m
[35m[HTTP][39m [90m{}[39m
[35m[AndroidDriver][39m Not collecting web view details. Details collection might help to make Chromedriver initialization more precise. Use the 'enableWebviewDetailsCollection' cap to turn it on
[35m[AndroidDriver][39m Skipping the webview 'WEBVIEW_3701' at '@webview_devtools_remote_3701' since it has reported having zero pages
[35m[HTTP][39m [37m<-- GET /wd/hub/session/dcb9de72-2ec8-4fb7-a788-412117cb518b/contexts [39m[32m200[39m [90m575 ms - 24[39m
[35m[HTTP][39m [90m[39m
[35m[HTTP][39m [37m-->[39m [37mPOST[39m [37m/wd/hub/session/dcb9de72-2ec8-4fb7-a788-412117cb518b/context[39m
[35m[HTTP][39m [90m{"name":"NATIVE_APP"}[39m
[35m[HTTP][39m [37m<-- POST /wd/hub/session/dcb9de72-2ec8-4fb7-a788-412117cb518b/context [39m[32m200[39m [90m2 ms - 14[39m
[35m[HTTP][39m [90m[39m
[35m[HTTP][39m [37m-->[39m [37mPOST[39m [37m/wd/hub/session/dcb9de72-2ec8-4fb7-a788-412117cb518b/element[39m
[35m[HTTP][39m [90m{"using":"-android uiautomator","value":"new UiScrollable(new UiSelector().scrollable(true).instance(0)).scrollIntoView(new UiSelector().textContains(\"ADD TO CART\"))"}[39m
[35m[HTTP][39m [37m<-- POST /wd/hub/session/dcb9de72-2ec8-4fb7-a788-412117cb518b/element [39m[32m200[39m [90m3611 ms - 137[39m
[35m[HTTP][39m [90m[39m
[35m[HTTP][39m [37m-->[39m [37mPOST[39m [37m/wd/hub/session/dcb9de72-2ec8-4fb7-a788-412117cb518b/context[39m
[35m[HTTP][39m [90m{"name":"NATIVE_APP"}[39m
[35m[HTTP][39m [37m<-- POST /wd/hub/session/dcb9de72-2ec8-4fb7-a788-412117cb518b/context [39m[32m200[39m [90m2 ms - 14[39m
[35m[HTTP][39m [90m[39m
[35m[HTTP][39m [37m-->[39m [37mPOST[39m [37m/wd/hub/session/dcb9de72-2ec8-4fb7-a788-412117cb518b/timeouts[39m
[35m[HTTP][39m [90m{"implicit":50}[39m
[35m[HTTP][39m [37m<-- POST /wd/hub/session/dcb9de72-2ec8-4fb7-a788-412117cb518b/timeouts [39m[32m200[39m [90m2 ms - 14[39m
[35m[HTTP][39m [90m[39m
[35m[HTTP][39m [37m-->[39m [37mGET[39m [37m/wd/hub/session/dcb9de72-2ec8-4fb7-a788-412117cb518b/window/rect[39m
[35m[HTTP][39m [90m{}[39m
[35m[HTTP][39m [37m<-- GET /wd/hub/session/dcb9de72-2ec8-4fb7-a788-412117cb518b/window/rect [39m[32m200[39m [90m42 ms - 49[39m
[35m[HTTP][39m [90m[39m
[35m[HTTP][39m [37m-->[39m [37mPOST[39m [37m/wd/hub/session/dcb9de72-2ec8-4fb7-a788-412117cb518b/elements[39m
[35m[HTTP][39m [90m{"using":"xpath","value":"//*[@class = 'android.widget.TextView' and (@text = 'ADD TO CART' or . = 'ADD TO CART')]"}[39m
[35m[HTTP][39m [37m<-- POST /wd/hub/session/dcb9de72-2ec8-4fb7-a788-412117cb518b/elements [39m[32m200[39m [90m170 ms - 139[39m
[35m[HTTP][39m [90m[39m
[35m[HTTP][39m [37m-->[39m [37mGET[39m [37m/wd/hub/session/dcb9de72-2ec8-4fb7-a788-412117cb518b/element/852eadae-9d6c-4ed9-a06b-107943ce5890/location[39m
[35m[HTTP][39m [90m{}[39m
[35m[W3C (dcb9de72)][39m Driver proxy active, passing request on via HTTP proxy
[35m[WD Proxy][39m Replacing sessionId 2291ab6a-1af2-401c-ad2d-202f8da3fe4b with dcb9de72-2ec8-4fb7-a788-412117cb518b
[35m[HTTP][39m [37m<-- GET /wd/hub/session/dcb9de72-2ec8-4fb7-a788-412117cb518b/element/852eadae-9d6c-4ed9-a06b-107943ce5890/location [39m[32m200[39m [90m24 ms - 78[39m
[35m[HTTP][39m [90m[39m
[35m[HTTP][39m [37m-->[39m [37mPOST[39m [37m/wd/hub/session/dcb9de72-2ec8-4fb7-a788-412117cb518b/timeouts[39m
[35m[HTTP][39m [90m{"implicit":30000}[39m
[35m[HTTP][39m [37m<-- POST /wd/hub/session/dcb9de72-2ec8-4fb7-a788-412117cb518b/timeouts [39m[32m200[39m [90m2 ms - 14[39m
[35m[HTTP][39m [90m[39m
[35m[HTTP][39m [37m-->[39m [37mPOST[39m [37m/wd/hub/session/dcb9de72-2ec8-4fb7-a788-412117cb518b/touch/perform[39m
[35m[HTTP][39m [90m{"actions":[{"action":"tap","options":{"x":1,"y":1,"element":"852eadae-9d6c-4ed9-a06b-107943ce5890"}},{"action":"release","options":{}}]}[39m
[35m[UiAutomator2][39m calling get location: 852eadae-9d6c-4ed9-a06b-107943ce5890
[35m[HTTP][39m [37m<-- POST /wd/hub/session/dcb9de72-2ec8-4fb7-a788-412117cb518b/touch/perform [39m[32m200[39m [90m700 ms - 14[39m
[35m[HTTP][39m [90m[39m
[35m[HTTP][39m [37m-->[39m [37mGET[39m [37m/wd/hub/session/dcb9de72-2ec8-4fb7-a788-412117cb518b/context[39m
[35m[HTTP][39m [90m{}[39m
[35m[HTTP][39m [37m<-- GET /wd/hub/session/dcb9de72-2ec8-4fb7-a788-412117cb518b/context [39m[32m200[39m [90m6 ms - 22[39m
[35m[HTTP][39m [90m[39m
[35m[HTTP][39m [37m-->[39m [37mGET[39m [37m/wd/hub/session/dcb9de72-2ec8-4fb7-a788-412117cb518b/contexts[39m
[35m[HTTP][39m [90m{}[39m
[35m[AndroidDriver][39m Not collecting web view details. Details collection might help to make Chromedriver initialization more precise. Use the 'enableWebviewDetailsCollection' cap to turn it on
[35m[AndroidDriver][39m Skipping the webview 'WEBVIEW_3701' at '@webview_devtools_remote_3701' since it has reported having zero pages
[35m[HTTP][39m [37m<-- GET /wd/hub/session/dcb9de72-2ec8-4fb7-a788-412117cb518b/contexts [39m[32m200[39m [90m527 ms - 24[39m
[35m[HTTP][39m [90m[39m
[35m[HTTP][39m [37m-->[39m [37mPOST[39m [37m/wd/hub/session/dcb9de72-2ec8-4fb7-a788-412117cb518b/context[39m
[35m[HTTP][39m [90m{"name":"NATIVE_APP"}[39m
[35m[HTTP][39m [37m<-- POST /wd/hub/session/dcb9de72-2ec8-4fb7-a788-412117cb518b/context [39m[32m200[39m [90m2 ms - 14[39m
[35m[HTTP][39m [90m[39m
[35m[HTTP][39m [37m-->[39m [37mGET[39m [37m/wd/hub/session/dcb9de72-2ec8-4fb7-a788-412117cb518b/screenshot[39m
[35m[HTTP][39m [90m{}[39m
[35m[HTTP][39m [37m<-- GET /wd/hub/session/dcb9de72-2ec8-4fb7-a788-412117cb518b/screenshot [39m[32m200[39m [90m565 ms - 202082[39m
[35m[HTTP][39m [90m[39m
[35m[HTTP][39m [37m-->[39m [37mPOST[39m [37m/wd/hub/session/dcb9de72-2ec8-4fb7-a788-412117cb518b/context[39m
[35m[HTTP][39m [90m{"name":"NATIVE_APP"}[39m
[35m[HTTP][39m [37m<-- POST /wd/hub/session/dcb9de72-2ec8-4fb7-a788-412117cb518b/context [39m[32m200[39m [90m2 ms - 14[39m
[35m[HTTP][39m [90m[39m
[35m[HTTP][39m [37m-->[39m [37mGET[39m [37m/wd/hub/status[39m
[35m[HTTP][39m [90m{}[39m
[35m[HTTP][39m [37m<-- GET /wd/hub/status [39m[32m200[39m [90m2 ms - 68[39m
[35m[HTTP][39m [90m[39m
[35m[HTTP][39m [37m-->[39m [37mPOST[39m [37m/wd/hub/session[39m
[35m[HTTP][39m [90m{"desiredCapabilities":{"app":"C:\\Users\\Lenovo\\Katalon Studio\\Sauce Labs Mobile Test\\Android.SauceLabs.Mobile.Sample.app.2.7.1.apk","noReset":true,"appWaitActivity":"*","deviceId":"4a90dd0d","deviceName":"Xiaomi Redmi 7 (Android 10)","fullReset":false,"platform":"ANDROID","newCommandTimeout":1800,"platformVersion":"10","automationName":"uiautomator2","autoGrantPermissions":true,"platformName":"Android","udid":"4a90dd0d","systemPort":60527},"capabilities":{"firstMatch":[{"appium:app":"C:\\Users\\Lenovo\\Katalon Studio\\Sauce Labs Mobile Test\\Android.SauceLabs.Mobile.Sample.app.2.7.1.apk","appium:appWaitActivity":"*","appium:autoGrantPermissions":true,"appium:automationName":"uiautomator2","deviceId":"4a90dd0d","appium:deviceName":"Xiaomi Redmi 7 (Android 10)","appium:fullReset":false,"appium:newCommandTimeout":1800,"appium:noReset":true,"platform":"ANDROID","platformName":"android","appium:platformVersion":"10","appium:systemPort":60527,"appium:udid":"4a90dd0d"}]}}[39m
[35m[BaseDriver][39m The following capabilities are not standard capabilities and should have an extension prefix:
[35m[BaseDriver][39m   deviceId
[35m[BaseDriver][39m   platform
[35m[BaseDriver][39m   chromedriverPort
[35m[Appium][39m Appium v1.21.0 creating new AndroidUiautomator2Driver (v1.65.0) session
[35m[BaseDriver][39m The following capabilities were provided, but are not recognized by Appium:
[35m[BaseDriver][39m   deviceId
[35m[BaseDriver][39m   platform
[35m[BaseDriver][39m Session created with session id: 1a93dfe5-f257-4074-bd91-58eb54042698
[35m[BaseDriver][39m Using local app 'C:\Users\Lenovo\Katalon Studio\Sauce Labs Mobile Test\Android.SauceLabs.Mobile.Sample.app.2.7.1.apk'
[35m[ADB][39m Using 'adb.exe' from 'C:\Users\Lenovo\.katalon\tools\android_sdk\platform-tools\adb.exe'
[35m[AndroidDriver][39m Retrieving device list
[35m[AndroidDriver][39m Using device: 4a90dd0d
[35m[ADB][39m Using 'adb.exe' from 'C:\Users\Lenovo\.katalon\tools\android_sdk\platform-tools\adb.exe'
[35m[ADB][39m Getting device platform version
[35m[UiAutomator2][39m Relaxing hidden api policy
[35m[ADB][39m Package name: 'com.swaglabsmobileapp'
[35m[ADB][39m Main activity name: 'com.swaglabsmobileapp.SplashActivity'
[35m[ADB][39m Using 'apksigner.jar' from 'C:\Users\Lenovo\.katalon\tools\android_sdk\build-tools\29.0.3\lib\apksigner.jar'
[35m[ADB][39m 'C:\Users\Lenovo\AppData\Roaming\npm\node_modules\appium\node_modules\appium-uiautomator2-server\apks\appium-uiautomator2-server-v4.21.1.apk' is signed with the default certificate
[35m[ADB][39m 'C:\Users\Lenovo\AppData\Roaming\npm\node_modules\appium\node_modules\appium-uiautomator2-server\apks\appium-uiautomator2-server-debug-androidTest.apk' is signed with the default certificate
[35m[UiAutomator2][39m Server packages are not going to be (re)installed
[35m[ADB][39m Adding packages ["io.appium.settings","io.appium.uiautomator2.server","io.appium.uiautomator2.server.test"] to Doze whitelist
[35m[HTTP][39m [37m<-- POST /wd/hub/session [39m[32m-[39m [90m- ms - -[39m
[35m[HTTP][39m [90m[39m
[35m[ADB][39m 'C:\Users\Lenovo\Katalon Studio\Sauce Labs Mobile Test\Android.SauceLabs.Mobile.Sample.app.2.7.1.apk' is signed with a non-default certificate
[35m[UiAutomator2][39m Starting UIAutomator2 server 4.21.1
[35m[UiAutomator2][39m Using UIAutomator2 server from 'C:\Users\Lenovo\AppData\Roaming\npm\node_modules\appium\node_modules\appium-uiautomator2-server\apks\appium-uiautomator2-server-v4.21.1.apk' and test from 'C:\Users\Lenovo\AppData\Roaming\npm\node_modules\appium\node_modules\appium-uiautomator2-server\apks\appium-uiautomator2-server-debug-androidTest.apk'
[35m[UiAutomator2][39m Waiting up to 30000ms for UiAutomator2 to be online...
[35m[WD Proxy][39m socket hang up
[35m[WD Proxy][39m socket hang up
[35m[WD Proxy][39m socket hang up
[35m[WD Proxy][39m Determined the downstream protocol as 'W3C'
[35m[AndroidDriver][39m Screen already unlocked, doing nothing
[35m[UiAutomator2][39m Starting 'com.swaglabsmobileapp/com.swaglabsmobileapp.SplashActivity and waiting for 'com.swaglabsmobileapp/*'
[35m[Appium][39m New AndroidUiautomator2Driver session created successfully, session 1a93dfe5-f257-4074-bd91-58eb54042698 added to master session list
