[35m[Appium][39m Welcome to Appium v1.21.0
[35m[Appium][39m Non-default server args:
[35m[Appium][39m   port: 49312
[35m[Appium][39m   loglevel: info
[35m[Appium][39m   tmpDir: C:\Users\Lenovo\AppData\Local\Temp\\Katalon\Appium\Temp1645005605461
[35m[Appium][39m   chromedriverPort: 49313
[35m[Appium][39m Deprecated server args:
[35m[Appium][39m   [31m--chromedriver-port[39m => --default-capabilities
[35m[Appium][39m Default capabilities, which will be added to each request unless overridden by desired capabilities:
[35m[Appium][39m   chromedriverPort: 49313
[35m[Appium][39m Appium REST http interface listener started on 0.0.0.0:49312
[35m[HTTP][39m [37m-->[39m [37mGET[39m [37m/wd/hub/status[39m
[35m[HTTP][39m [90m{}[39m
[35m[HTTP][39m [37m<-- GET /wd/hub/status [39m[32m200[39m [90m18 ms - 68[39m
[35m[HTTP][39m [90m[39m
[35m[HTTP][39m [37m-->[39m [37mPOST[39m [37m/wd/hub/session[39m
[35m[HTTP][39m [90m{"desiredCapabilities":{"appActivity":".Settings","appPackage":"com.android.settings","newCommandTimeout":1800,"platformVersion":"10","automationName":"uiautomator2","autoGrantPermissions":true,"platformName":"Android","udid":"4a90dd0d","deviceName":"Xiaomi Redmi 7 (Android 10)","platform":"ANDROID","systemPort":8272},"capabilities":{"firstMatch":[{"appium:appActivity":".Settings","appium:appPackage":"com.android.settings","appium:autoGrantPermissions":true,"appium:automationName":"uiautomator2","appium:deviceName":"Xiaomi Redmi 7 (Android 10)","appium:newCommandTimeout":1800,"platform":"ANDROID","platformName":"android","appium:platformVersion":"10","appium:systemPort":8272,"appium:udid":"4a90dd0d"}]}}[39m
[35m[BaseDriver][39m The following capabilities are not standard capabilities and should have an extension prefix:
[35m[BaseDriver][39m   platform
[35m[BaseDriver][39m   chromedriverPort
[35m[Appium][39m Appium v1.21.0 creating new AndroidUiautomator2Driver (v1.65.0) session
[35m[BaseDriver][39m The following capabilities were provided, but are not recognized by Appium:
[35m[BaseDriver][39m   platform
[35m[BaseDriver][39m Session created with session id: fb6c08e5-933a-474d-b27d-3f9df2997bd4
[35m[UiAutomator2][39m Starting 'com.android.settings' directly on the device
[35m[ADB][39m Found 1 'build-tools' folders under 'C:\Users\Lenovo\.katalon\tools\android_sdk' (newest first):
[35m[ADB][39m     C:/Users/Lenovo/.katalon/tools/android_sdk/build-tools/29.0.3
[35m[ADB][39m Using 'adb.exe' from 'C:\Users\Lenovo\.katalon\tools\android_sdk\platform-tools\adb.exe'
[35m[AndroidDriver][39m Retrieving device list
[35m[AndroidDriver][39m Using device: 4a90dd0d
[35m[ADB][39m Using 'adb.exe' from 'C:\Users\Lenovo\.katalon\tools\android_sdk\platform-tools\adb.exe'
[35m[ADB][39m Getting device platform version
[35m[UiAutomator2][39m Relaxing hidden api policy
[35m[AndroidDriver][39m No app sent in, not parsing package/activity
[35m[ADB][39m Using 'apksigner.jar' from 'C:\Users\Lenovo\.katalon\tools\android_sdk\build-tools\29.0.3\lib\apksigner.jar'
[35m[ADB][39m 'C:\Users\Lenovo\AppData\Roaming\npm\node_modules\appium\node_modules\appium-uiautomator2-server\apks\appium-uiautomator2-server-v4.21.1.apk' is signed with the default certificate
[35m[ADB][39m 'C:\Users\Lenovo\AppData\Roaming\npm\node_modules\appium\node_modules\appium-uiautomator2-server\apks\appium-uiautomator2-server-debug-androidTest.apk' is signed with the default certificate
[35m[UiAutomator2][39m Server packages are not going to be (re)installed
[35m[ADB][39m Adding packages ["io.appium.settings","io.appium.uiautomator2.server","io.appium.uiautomator2.server.test"] to Doze whitelist
[35m[UiAutomator2][39m Starting UIAutomator2 server 4.21.1
[35m[UiAutomator2][39m Using UIAutomator2 server from 'C:\Users\Lenovo\AppData\Roaming\npm\node_modules\appium\node_modules\appium-uiautomator2-server\apks\appium-uiautomator2-server-v4.21.1.apk' and test from 'C:\Users\Lenovo\AppData\Roaming\npm\node_modules\appium\node_modules\appium-uiautomator2-server\apks\appium-uiautomator2-server-debug-androidTest.apk'
[35m[UiAutomator2][39m Waiting up to 30000ms for UiAutomator2 to be online...
[35m[WD Proxy][39m socket hang up
[35m[WD Proxy][39m socket hang up
[35m[WD Proxy][39m socket hang up
[35m[WD Proxy][39m Determined the downstream protocol as 'W3C'
[35m[AndroidDriver][39m Screen already unlocked, doing nothing
[35m[UiAutomator2][39m Starting 'com.android.settings/.Settings and waiting for 'com.android.settings/.Settings'
[35m[UiAutomator2][39m Restoring hidden api policy to the device default configuration
[35m[HTTP][39m [37m<-- POST /wd/hub/session [39m[31m500[39m [90m33297 ms - 1787[39m
[35m[HTTP][39m [90m[39m
[35m[HTTP][39m [37m-->[39m [37mGET[39m [37m/wd/hub/status[39m
[35m[HTTP][39m [90m{}[39m
[35m[HTTP][39m [37m<-- GET /wd/hub/status [39m[32m200[39m [90m3 ms - 68[39m
[35m[HTTP][39m [90m[39m
[35m[HTTP][39m [37m-->[39m [37mPOST[39m [37m/wd/hub/session[39m
[35m[HTTP][39m [90m{"desiredCapabilities":{"appActivity":".Settings","appPackage":"com.android.settings","newCommandTimeout":1800,"platformVersion":"10","automationName":"uiautomator2","autoGrantPermissions":true,"platformName":"Android","udid":"4a90dd0d","deviceName":"Xiaomi Redmi 7 (Android 10)","platform":"ANDROID","systemPort":8250},"capabilities":{"firstMatch":[{"appium:appActivity":".Settings","appium:appPackage":"com.android.settings","appium:autoGrantPermissions":true,"appium:automationName":"uiautomator2","appium:deviceName":"Xiaomi Redmi 7 (Android 10)","appium:newCommandTimeout":1800,"platform":"ANDROID","platformName":"android","appium:platformVersion":"10","appium:systemPort":8250,"appium:udid":"4a90dd0d"}]}}[39m
[35m[BaseDriver][39m The following capabilities are not standard capabilities and should have an extension prefix:
[35m[BaseDriver][39m   platform
[35m[BaseDriver][39m   chromedriverPort
[35m[Appium][39m Appium v1.21.0 creating new AndroidUiautomator2Driver (v1.65.0) session
[35m[BaseDriver][39m The following capabilities were provided, but are not recognized by Appium:
[35m[BaseDriver][39m   platform
[35m[BaseDriver][39m Session created with session id: 31fc2755-9d7b-451d-b0ff-2694b6d1e1ea
[35m[UiAutomator2][39m Starting 'com.android.settings' directly on the device
[35m[ADB][39m Using 'adb.exe' from 'C:\Users\Lenovo\.katalon\tools\android_sdk\platform-tools\adb.exe'
[35m[AndroidDriver][39m Retrieving device list
[35m[AndroidDriver][39m Using device: 4a90dd0d
[35m[ADB][39m Using 'adb.exe' from 'C:\Users\Lenovo\.katalon\tools\android_sdk\platform-tools\adb.exe'
[35m[ADB][39m Getting device platform version
[35m[UiAutomator2][39m Relaxing hidden api policy
[35m[AndroidDriver][39m No app sent in, not parsing package/activity
[35m[ADB][39m Using 'apksigner.jar' from 'C:\Users\Lenovo\.katalon\tools\android_sdk\build-tools\29.0.3\lib\apksigner.jar'
[35m[ADB][39m 'C:\Users\Lenovo\AppData\Roaming\npm\node_modules\appium\node_modules\appium-uiautomator2-server\apks\appium-uiautomator2-server-v4.21.1.apk' is signed with the default certificate
[35m[ADB][39m 'C:\Users\Lenovo\AppData\Roaming\npm\node_modules\appium\node_modules\appium-uiautomator2-server\apks\appium-uiautomator2-server-debug-androidTest.apk' is signed with the default certificate
[35m[UiAutomator2][39m Server packages are not going to be (re)installed
[35m[ADB][39m Adding packages ["io.appium.settings","io.appium.uiautomator2.server","io.appium.uiautomator2.server.test"] to Doze whitelist
[35m[UiAutomator2][39m Starting UIAutomator2 server 4.21.1
[35m[UiAutomator2][39m Using UIAutomator2 server from 'C:\Users\Lenovo\AppData\Roaming\npm\node_modules\appium\node_modules\appium-uiautomator2-server\apks\appium-uiautomator2-server-v4.21.1.apk' and test from 'C:\Users\Lenovo\AppData\Roaming\npm\node_modules\appium\node_modules\appium-uiautomator2-server\apks\appium-uiautomator2-server-debug-androidTest.apk'
[35m[UiAutomator2][39m Waiting up to 30000ms for UiAutomator2 to be online...
[35m[WD Proxy][39m socket hang up
[35m[WD Proxy][39m socket hang up
[35m[WD Proxy][39m socket hang up
[35m[WD Proxy][39m Determined the downstream protocol as 'W3C'
[35m[AndroidDriver][39m Screen already unlocked, doing nothing
[35m[UiAutomator2][39m Starting 'com.android.settings/.Settings and waiting for 'com.android.settings/.Settings'
[35m[Appium][39m New AndroidUiautomator2Driver session created successfully, session 31fc2755-9d7b-451d-b0ff-2694b6d1e1ea added to master session list
[35m[HTTP][39m [37m<-- POST /wd/hub/session [39m[32m200[39m [90m11477 ms - 1136[39m
[35m[HTTP][39m [90m[39m
[35m[HTTP][39m [37m-->[39m [37mGET[39m [37m/wd/hub/session/31fc2755-9d7b-451d-b0ff-2694b6d1e1ea[39m
[35m[HTTP][39m [90m{}[39m
[35m[HTTP][39m [37m<-- GET /wd/hub/session/31fc2755-9d7b-451d-b0ff-2694b6d1e1ea [39m[32m200[39m [90m24 ms - 1090[39m
[35m[HTTP][39m [90m[39m
[35m[HTTP][39m [37m-->[39m [37mGET[39m [37m/wd/hub/session/31fc2755-9d7b-451d-b0ff-2694b6d1e1ea[39m
[35m[HTTP][39m [90m{}[39m
[35m[HTTP][39m [37m<-- GET /wd/hub/session/31fc2755-9d7b-451d-b0ff-2694b6d1e1ea [39m[32m200[39m [90m20 ms - 1090[39m
[35m[HTTP][39m [90m[39m
[35m[HTTP][39m [37m-->[39m [37mGET[39m [37m/wd/hub/status[39m
[35m[HTTP][39m [90m{}[39m
[35m[HTTP][39m [37m<-- GET /wd/hub/status [39m[32m200[39m [90m2 ms - 68[39m
[35m[HTTP][39m [90m[39m
[35m[HTTP][39m [37m-->[39m [37mPOST[39m [37m/wd/hub/session/31fc2755-9d7b-451d-b0ff-2694b6d1e1ea/timeouts[39m
[35m[HTTP][39m [90m{"implicit":30000}[39m
[35m[HTTP][39m [37m<-- POST /wd/hub/session/31fc2755-9d7b-451d-b0ff-2694b6d1e1ea/timeouts [39m[32m200[39m [90m6 ms - 14[39m
[35m[HTTP][39m [90m[39m
[35m[HTTP][39m [37m-->[39m [37mGET[39m [37m/wd/hub/session/31fc2755-9d7b-451d-b0ff-2694b6d1e1ea/screenshot[39m
[35m[HTTP][39m [90m{}[39m
[35m[HTTP][39m [37m<-- GET /wd/hub/session/31fc2755-9d7b-451d-b0ff-2694b6d1e1ea/screenshot [39m[32m200[39m [90m486 ms - 129062[39m
[35m[HTTP][39m [90m[39m
[35m[HTTP][39m [37m-->[39m [37mGET[39m [37m/wd/hub/session/31fc2755-9d7b-451d-b0ff-2694b6d1e1ea/window/rect[39m
[35m[HTTP][39m [90m{}[39m
[35m[HTTP][39m [37m<-- GET /wd/hub/session/31fc2755-9d7b-451d-b0ff-2694b6d1e1ea/window/rect [39m[32m200[39m [90m42 ms - 49[39m
[35m[HTTP][39m [90m[39m
[35m[HTTP][39m [37m-->[39m [37mGET[39m [37m/wd/hub/session/31fc2755-9d7b-451d-b0ff-2694b6d1e1ea/appium/device/system_bars[39m
[35m[HTTP][39m [90m{}[39m
[35m[HTTP][39m [37m<-- GET /wd/hub/session/31fc2755-9d7b-451d-b0ff-2694b6d1e1ea/appium/device/system_bars [39m[31m500[39m [90m278 ms - 649[39m
[35m[HTTP][39m [90m[39m
[35m[HTTP][39m [37m-->[39m [37mPOST[39m [37m/wd/hub/session/31fc2755-9d7b-451d-b0ff-2694b6d1e1ea/appium/device/activate_app[39m
[35m[HTTP][39m [90m{"bundleId":"com.swaglabsmobileapp"}[39m
[35m[HTTP][39m [37m<-- POST /wd/hub/session/31fc2755-9d7b-451d-b0ff-2694b6d1e1ea/appium/device/activate_app [39m[32m200[39m [90m655 ms - 14[39m
[35m[HTTP][39m [90m[39m
[35m[HTTP][39m [37m-->[39m [37mPOST[39m [37m/wd/hub/session/31fc2755-9d7b-451d-b0ff-2694b6d1e1ea/timeouts[39m
[35m[HTTP][39m [90m{"implicit":50}[39m
[35m[HTTP][39m [37m<-- POST /wd/hub/session/31fc2755-9d7b-451d-b0ff-2694b6d1e1ea/timeouts [39m[32m200[39m [90m5 ms - 14[39m
[35m[HTTP][39m [90m[39m
[35m[HTTP][39m [37m-->[39m [37mGET[39m [37m/wd/hub/session/31fc2755-9d7b-451d-b0ff-2694b6d1e1ea/window/rect[39m
[35m[HTTP][39m [90m{}[39m
[35m[HTTP][39m [37m<-- GET /wd/hub/session/31fc2755-9d7b-451d-b0ff-2694b6d1e1ea/window/rect [39m[32m200[39m [90m28 ms - 49[39m
[35m[HTTP][39m [90m[39m
[35m[HTTP][39m [37m-->[39m [37mPOST[39m [37m/wd/hub/session/31fc2755-9d7b-451d-b0ff-2694b6d1e1ea/elements[39m
[35m[HTTP][39m [90m{"using":"xpath","value":"//*[@class = 'android.widget.EditText' and (@text = 'Username' or . = 'Username')]"}[39m
[35m[HTTP][39m [37m<-- POST /wd/hub/session/31fc2755-9d7b-451d-b0ff-2694b6d1e1ea/elements [39m[32m200[39m [90m435 ms - 12[39m
[35m[HTTP][39m [90m[39m
[35m[HTTP][39m [37m-->[39m [37mPOST[39m [37m/wd/hub/session/31fc2755-9d7b-451d-b0ff-2694b6d1e1ea/elements[39m
[35m[HTTP][39m [90m{"using":"xpath","value":"//*[@class = 'android.widget.EditText' and (@text = 'Username' or . = 'Username')]"}[39m
[35m[HTTP][39m [37m<-- POST /wd/hub/session/31fc2755-9d7b-451d-b0ff-2694b6d1e1ea/elements [39m[32m200[39m [90m1846 ms - 139[39m
[35m[HTTP][39m [90m[39m
[35m[HTTP][39m [37m-->[39m [37mGET[39m [37m/wd/hub/session/31fc2755-9d7b-451d-b0ff-2694b6d1e1ea/element/f0e9c57a-79d4-4aab-be58-21a400183716/location[39m
[35m[HTTP][39m [90m{}[39m
[35m[W3C (31fc2755)][39m Driver proxy active, passing request on via HTTP proxy
[35m[WD Proxy][39m Replacing sessionId 44ab8e72-72a5-437c-bbae-f7198cc7b7ca with 31fc2755-9d7b-451d-b0ff-2694b6d1e1ea
[35m[HTTP][39m [37m<-- GET /wd/hub/session/31fc2755-9d7b-451d-b0ff-2694b6d1e1ea/element/f0e9c57a-79d4-4aab-be58-21a400183716/location [39m[32m200[39m [90m49 ms - 77[39m
[35m[HTTP][39m [90m[39m
[35m[HTTP][39m [37m-->[39m [37mPOST[39m [37m/wd/hub/session/31fc2755-9d7b-451d-b0ff-2694b6d1e1ea/timeouts[39m
[35m[HTTP][39m [90m{"implicit":30000}[39m
[35m[HTTP][39m [37m<-- POST /wd/hub/session/31fc2755-9d7b-451d-b0ff-2694b6d1e1ea/timeouts [39m[32m200[39m [90m3 ms - 14[39m
[35m[HTTP][39m [90m[39m
[35m[HTTP][39m [37m-->[39m [37mPOST[39m [37m/wd/hub/session/31fc2755-9d7b-451d-b0ff-2694b6d1e1ea/element/f0e9c57a-79d4-4aab-be58-21a400183716/clear[39m
[35m[HTTP][39m [90m{"id":"f0e9c57a-79d4-4aab-be58-21a400183716"}[39m
[35m[HTTP][39m [37m<-- POST /wd/hub/session/31fc2755-9d7b-451d-b0ff-2694b6d1e1ea/element/f0e9c57a-79d4-4aab-be58-21a400183716/clear [39m[32m200[39m [90m49 ms - 14[39m
[35m[HTTP][39m [90m[39m
[35m[HTTP][39m [37m-->[39m [37mPOST[39m [37m/wd/hub/session/31fc2755-9d7b-451d-b0ff-2694b6d1e1ea/element/f0e9c57a-79d4-4aab-be58-21a400183716/value[39m
[35m[HTTP][39m [90m{"id":"f0e9c57a-79d4-4aab-be58-21a400183716","text":"standard_user","value":["s","t","a","n","d","a","r","d","_","u","s","e","r"]}[39m
[35m[HTTP][39m [37m<-- POST /wd/hub/session/31fc2755-9d7b-451d-b0ff-2694b6d1e1ea/element/f0e9c57a-79d4-4aab-be58-21a400183716/value [39m[32m200[39m [90m2064 ms - 14[39m
[35m[HTTP][39m [90m[39m
[35m[HTTP][39m [37m-->[39m [37mPOST[39m [37m/wd/hub/session/31fc2755-9d7b-451d-b0ff-2694b6d1e1ea/timeouts[39m
[35m[HTTP][39m [90m{"implicit":50}[39m
[35m[HTTP][39m [37m<-- POST /wd/hub/session/31fc2755-9d7b-451d-b0ff-2694b6d1e1ea/timeouts [39m[32m200[39m [90m4 ms - 14[39m
[35m[HTTP][39m [90m[39m
[35m[HTTP][39m [37m-->[39m [37mGET[39m [37m/wd/hub/session/31fc2755-9d7b-451d-b0ff-2694b6d1e1ea/window/rect[39m
[35m[HTTP][39m [90m{}[39m
[35m[HTTP][39m [37m<-- GET /wd/hub/session/31fc2755-9d7b-451d-b0ff-2694b6d1e1ea/window/rect [39m[32m200[39m [90m44 ms - 49[39m
[35m[HTTP][39m [90m[39m
[35m[HTTP][39m [37m-->[39m [37mPOST[39m [37m/wd/hub/session/31fc2755-9d7b-451d-b0ff-2694b6d1e1ea/elements[39m
[35m[HTTP][39m [90m{"using":"xpath","value":"//*[@class = 'android.widget.EditText' and (@text = 'Password' or . = 'Password')]"}[39m
[35m[HTTP][39m [37m<-- POST /wd/hub/session/31fc2755-9d7b-451d-b0ff-2694b6d1e1ea/elements [39m[32m200[39m [90m678 ms - 139[39m
[35m[HTTP][39m [90m[39m
[35m[HTTP][39m [37m-->[39m [37mGET[39m [37m/wd/hub/session/31fc2755-9d7b-451d-b0ff-2694b6d1e1ea/element/5b957af7-e7d8-4bf4-be57-8ca55875a6f2/location[39m
[35m[HTTP][39m [90m{}[39m
[35m[W3C (31fc2755)][39m Driver proxy active, passing request on via HTTP proxy
[35m[WD Proxy][39m Replacing sessionId 44ab8e72-72a5-437c-bbae-f7198cc7b7ca with 31fc2755-9d7b-451d-b0ff-2694b6d1e1ea
[35m[HTTP][39m [37m<-- GET /wd/hub/session/31fc2755-9d7b-451d-b0ff-2694b6d1e1ea/element/5b957af7-e7d8-4bf4-be57-8ca55875a6f2/location [39m[32m200[39m [90m42 ms - 77[39m
[35m[HTTP][39m [90m[39m
[35m[HTTP][39m [37m-->[39m [37mPOST[39m [37m/wd/hub/session/31fc2755-9d7b-451d-b0ff-2694b6d1e1ea/timeouts[39m
[35m[HTTP][39m [90m{"implicit":30000}[39m
[35m[HTTP][39m [37m<-- POST /wd/hub/session/31fc2755-9d7b-451d-b0ff-2694b6d1e1ea/timeouts [39m[32m200[39m [90m2 ms - 14[39m
[35m[HTTP][39m [90m[39m
[35m[HTTP][39m [37m-->[39m [37mPOST[39m [37m/wd/hub/session/31fc2755-9d7b-451d-b0ff-2694b6d1e1ea/element/5b957af7-e7d8-4bf4-be57-8ca55875a6f2/clear[39m
[35m[HTTP][39m [90m{"id":"5b957af7-e7d8-4bf4-be57-8ca55875a6f2"}[39m
[35m[HTTP][39m [37m<-- POST /wd/hub/session/31fc2755-9d7b-451d-b0ff-2694b6d1e1ea/element/5b957af7-e7d8-4bf4-be57-8ca55875a6f2/clear [39m[32m200[39m [90m41 ms - 14[39m
[35m[HTTP][39m [90m[39m
[35m[HTTP][39m [37m-->[39m [37mPOST[39m [37m/wd/hub/session/31fc2755-9d7b-451d-b0ff-2694b6d1e1ea/element/5b957af7-e7d8-4bf4-be57-8ca55875a6f2/value[39m
[35m[HTTP][39m [90m{"id":"5b957af7-e7d8-4bf4-be57-8ca55875a6f2","text":"secret_sauce","value":["s","e","c","r","e","t","_","s","a","u","c","e"]}[39m
[35m[HTTP][39m [37m<-- POST /wd/hub/session/31fc2755-9d7b-451d-b0ff-2694b6d1e1ea/element/5b957af7-e7d8-4bf4-be57-8ca55875a6f2/value [39m[32m200[39m [90m1044 ms - 14[39m
[35m[HTTP][39m [90m[39m
[35m[HTTP][39m [37m-->[39m [37mPOST[39m [37m/wd/hub/session/31fc2755-9d7b-451d-b0ff-2694b6d1e1ea/timeouts[39m
[35m[HTTP][39m [90m{"implicit":50}[39m
[35m[HTTP][39m [37m<-- POST /wd/hub/session/31fc2755-9d7b-451d-b0ff-2694b6d1e1ea/timeouts [39m[32m200[39m [90m4 ms - 14[39m
[35m[HTTP][39m [90m[39m
[35m[HTTP][39m [37m-->[39m [37mGET[39m [37m/wd/hub/session/31fc2755-9d7b-451d-b0ff-2694b6d1e1ea/window/rect[39m
[35m[HTTP][39m [90m{}[39m
[35m[HTTP][39m [37m<-- GET /wd/hub/session/31fc2755-9d7b-451d-b0ff-2694b6d1e1ea/window/rect [39m[32m200[39m [90m56 ms - 49[39m
[35m[HTTP][39m [90m[39m
[35m[HTTP][39m [37m-->[39m [37mPOST[39m [37m/wd/hub/session/31fc2755-9d7b-451d-b0ff-2694b6d1e1ea/elements[39m
[35m[HTTP][39m [90m{"using":"accessibility id","value":"test-LOGIN"}[39m
[35m[HTTP][39m [37m<-- POST /wd/hub/session/31fc2755-9d7b-451d-b0ff-2694b6d1e1ea/elements [39m[32m200[39m [90m309 ms - 139[39m
[35m[HTTP][39m [90m[39m
[35m[HTTP][39m [37m-->[39m [37mGET[39m [37m/wd/hub/session/31fc2755-9d7b-451d-b0ff-2694b6d1e1ea/element/475f5aff-ef93-41fe-a87b-b794b3f18253/location[39m
[35m[HTTP][39m [90m{}[39m
[35m[W3C (31fc2755)][39m Driver proxy active, passing request on via HTTP proxy
[35m[WD Proxy][39m Replacing sessionId 44ab8e72-72a5-437c-bbae-f7198cc7b7ca with 31fc2755-9d7b-451d-b0ff-2694b6d1e1ea
[35m[HTTP][39m [37m<-- GET /wd/hub/session/31fc2755-9d7b-451d-b0ff-2694b6d1e1ea/element/475f5aff-ef93-41fe-a87b-b794b3f18253/location [39m[32m200[39m [90m39 ms - 77[39m
[35m[HTTP][39m [90m[39m
[35m[HTTP][39m [37m-->[39m [37mPOST[39m [37m/wd/hub/session/31fc2755-9d7b-451d-b0ff-2694b6d1e1ea/timeouts[39m
[35m[HTTP][39m [90m{"implicit":30000}[39m
[35m[HTTP][39m [37m<-- POST /wd/hub/session/31fc2755-9d7b-451d-b0ff-2694b6d1e1ea/timeouts [39m[32m200[39m [90m2 ms - 14[39m
[35m[HTTP][39m [90m[39m
[35m[HTTP][39m [37m-->[39m [37mPOST[39m [37m/wd/hub/session/31fc2755-9d7b-451d-b0ff-2694b6d1e1ea/touch/perform[39m
[35m[HTTP][39m [90m{"actions":[{"action":"tap","options":{"x":1,"y":1,"element":"475f5aff-ef93-41fe-a87b-b794b3f18253"}},{"action":"release","options":{}}]}[39m
[35m[UiAutomator2][39m calling get location: 475f5aff-ef93-41fe-a87b-b794b3f18253
[35m[HTTP][39m [37m<-- POST /wd/hub/session/31fc2755-9d7b-451d-b0ff-2694b6d1e1ea/touch/perform [39m[32m200[39m [90m315 ms - 14[39m
[35m[HTTP][39m [90m[39m
[35m[HTTP][39m [37m-->[39m [37mGET[39m [37m/wd/hub/session/31fc2755-9d7b-451d-b0ff-2694b6d1e1ea/context[39m
[35m[HTTP][39m [90m{}[39m
[35m[HTTP][39m [37m<-- GET /wd/hub/session/31fc2755-9d7b-451d-b0ff-2694b6d1e1ea/context [39m[32m200[39m [90m11 ms - 22[39m
[35m[HTTP][39m [90m[39m
[35m[HTTP][39m [37m-->[39m [37mGET[39m [37m/wd/hub/session/31fc2755-9d7b-451d-b0ff-2694b6d1e1ea/contexts[39m
[35m[HTTP][39m [90m{}[39m
[35m[AndroidDriver][39m Not collecting web view details. Details collection might help to make Chromedriver initialization more precise. Use the 'enableWebviewDetailsCollection' cap to turn it on
[35m[AndroidDriver][39m Skipping the webview 'WEBVIEW_12684' at '@webview_devtools_remote_12684' since it has reported having zero pages
[35m[HTTP][39m [37m<-- GET /wd/hub/session/31fc2755-9d7b-451d-b0ff-2694b6d1e1ea/contexts [39m[32m200[39m [90m722 ms - 24[39m
[35m[HTTP][39m [90m[39m
[35m[HTTP][39m [37m-->[39m [37mPOST[39m [37m/wd/hub/session/31fc2755-9d7b-451d-b0ff-2694b6d1e1ea/context[39m
[35m[HTTP][39m [90m{"name":"NATIVE_APP"}[39m
[35m[HTTP][39m [37m<-- POST /wd/hub/session/31fc2755-9d7b-451d-b0ff-2694b6d1e1ea/context [39m[32m200[39m [90m3 ms - 14[39m
[35m[HTTP][39m [90m[39m
[35m[HTTP][39m [37m-->[39m [37mPOST[39m [37m/wd/hub/session/31fc2755-9d7b-451d-b0ff-2694b6d1e1ea/element[39m
[35m[HTTP][39m [90m{"using":"-android uiautomator","value":"new UiScrollable(new UiSelector().scrollable(true).instance(0)).scrollIntoView(new UiSelector().textContains(\"Jacket\"))"}[39m
[35m[HTTP][39m [37m<-- POST /wd/hub/session/31fc2755-9d7b-451d-b0ff-2694b6d1e1ea/element [39m[32m200[39m [90m3931 ms - 137[39m
[35m[HTTP][39m [90m[39m
[35m[HTTP][39m [37m-->[39m [37mPOST[39m [37m/wd/hub/session/31fc2755-9d7b-451d-b0ff-2694b6d1e1ea/context[39m
[35m[HTTP][39m [90m{"name":"NATIVE_APP"}[39m
[35m[HTTP][39m [37m<-- POST /wd/hub/session/31fc2755-9d7b-451d-b0ff-2694b6d1e1ea/context [39m[32m200[39m [90m7 ms - 14[39m
[35m[HTTP][39m [90m[39m
[35m[HTTP][39m [37m-->[39m [37mPOST[39m [37m/wd/hub/session/31fc2755-9d7b-451d-b0ff-2694b6d1e1ea/timeouts[39m
[35m[HTTP][39m [90m{"implicit":50}[39m
[35m[HTTP][39m [37m<-- POST /wd/hub/session/31fc2755-9d7b-451d-b0ff-2694b6d1e1ea/timeouts [39m[32m200[39m [90m5 ms - 14[39m
[35m[HTTP][39m [90m[39m
[35m[HTTP][39m [37m-->[39m [37mGET[39m [37m/wd/hub/session/31fc2755-9d7b-451d-b0ff-2694b6d1e1ea/window/rect[39m
[35m[HTTP][39m [90m{}[39m
[35m[HTTP][39m [37m<-- GET /wd/hub/session/31fc2755-9d7b-451d-b0ff-2694b6d1e1ea/window/rect [39m[32m200[39m [90m46 ms - 49[39m
[35m[HTTP][39m [90m[39m
[35m[HTTP][39m [37m-->[39m [37mPOST[39m [37m/wd/hub/session/31fc2755-9d7b-451d-b0ff-2694b6d1e1ea/elements[39m
[35m[HTTP][39m [90m{"using":"xpath","value":"//*[@class = 'android.widget.TextView' and (contains(@text, 'Jacket') or contains(., 'Jacket'))]"}[39m
[35m[HTTP][39m [37m<-- POST /wd/hub/session/31fc2755-9d7b-451d-b0ff-2694b6d1e1ea/elements [39m[32m200[39m [90m450 ms - 139[39m
[35m[HTTP][39m [90m[39m
[35m[HTTP][39m [37m-->[39m [37mGET[39m [37m/wd/hub/session/31fc2755-9d7b-451d-b0ff-2694b6d1e1ea/element/37ff66fa-da67-44d0-b027-7ec34c0a6523/location[39m
[35m[HTTP][39m [90m{}[39m
[35m[W3C (31fc2755)][39m Driver proxy active, passing request on via HTTP proxy
[35m[WD Proxy][39m Replacing sessionId 44ab8e72-72a5-437c-bbae-f7198cc7b7ca with 31fc2755-9d7b-451d-b0ff-2694b6d1e1ea
[35m[HTTP][39m [37m<-- GET /wd/hub/session/31fc2755-9d7b-451d-b0ff-2694b6d1e1ea/element/37ff66fa-da67-44d0-b027-7ec34c0a6523/location [39m[32m200[39m [90m44 ms - 78[39m
[35m[HTTP][39m [90m[39m
[35m[HTTP][39m [37m-->[39m [37mPOST[39m [37m/wd/hub/session/31fc2755-9d7b-451d-b0ff-2694b6d1e1ea/timeouts[39m
[35m[HTTP][39m [90m{"implicit":30000}[39m
[35m[HTTP][39m [37m<-- POST /wd/hub/session/31fc2755-9d7b-451d-b0ff-2694b6d1e1ea/timeouts [39m[32m200[39m [90m2 ms - 14[39m
[35m[HTTP][39m [90m[39m
[35m[HTTP][39m [37m-->[39m [37mPOST[39m [37m/wd/hub/session/31fc2755-9d7b-451d-b0ff-2694b6d1e1ea/touch/perform[39m
[35m[HTTP][39m [90m{"actions":[{"action":"tap","options":{"x":1,"y":1,"element":"37ff66fa-da67-44d0-b027-7ec34c0a6523"}},{"action":"release","options":{}}]}[39m
[35m[UiAutomator2][39m calling get location: 37ff66fa-da67-44d0-b027-7ec34c0a6523
[35m[HTTP][39m [37m<-- POST /wd/hub/session/31fc2755-9d7b-451d-b0ff-2694b6d1e1ea/touch/perform [39m[32m200[39m [90m286 ms - 14[39m
[35m[HTTP][39m [90m[39m
[35m[HTTP][39m [37m-->[39m [37mGET[39m [37m/wd/hub/session/31fc2755-9d7b-451d-b0ff-2694b6d1e1ea/context[39m
[35m[HTTP][39m [90m{}[39m
[35m[HTTP][39m [37m<-- GET /wd/hub/session/31fc2755-9d7b-451d-b0ff-2694b6d1e1ea/context [39m[32m200[39m [90m2 ms - 22[39m
[35m[HTTP][39m [90m[39m
[35m[HTTP][39m [37m-->[39m [37mGET[39m [37m/wd/hub/session/31fc2755-9d7b-451d-b0ff-2694b6d1e1ea/contexts[39m
[35m[HTTP][39m [90m{}[39m
[35m[AndroidDriver][39m Not collecting web view details. Details collection might help to make Chromedriver initialization more precise. Use the 'enableWebviewDetailsCollection' cap to turn it on
[35m[AndroidDriver][39m Skipping the webview 'WEBVIEW_12684' at '@webview_devtools_remote_12684' since it has reported having zero pages
[35m[HTTP][39m [37m<-- GET /wd/hub/session/31fc2755-9d7b-451d-b0ff-2694b6d1e1ea/contexts [39m[32m200[39m [90m590 ms - 24[39m
[35m[HTTP][39m [90m[39m
[35m[HTTP][39m [37m-->[39m [37mPOST[39m [37m/wd/hub/session/31fc2755-9d7b-451d-b0ff-2694b6d1e1ea/context[39m
[35m[HTTP][39m [90m{"name":"NATIVE_APP"}[39m
[35m[HTTP][39m [37m<-- POST /wd/hub/session/31fc2755-9d7b-451d-b0ff-2694b6d1e1ea/context [39m[32m200[39m [90m2 ms - 14[39m
[35m[HTTP][39m [90m[39m
[35m[HTTP][39m [37m-->[39m [37mPOST[39m [37m/wd/hub/session/31fc2755-9d7b-451d-b0ff-2694b6d1e1ea/element[39m
[35m[HTTP][39m [90m{"using":"-android uiautomator","value":"new UiScrollable(new UiSelector().scrollable(true).instance(0)).scrollIntoView(new UiSelector().textContains(\"ADD TO CART\"))"}[39m
[35m[HTTP][39m [37m<-- POST /wd/hub/session/31fc2755-9d7b-451d-b0ff-2694b6d1e1ea/element [39m[32m200[39m [90m3275 ms - 137[39m
[35m[HTTP][39m [90m[39m
[35m[HTTP][39m [37m-->[39m [37mPOST[39m [37m/wd/hub/session/31fc2755-9d7b-451d-b0ff-2694b6d1e1ea/context[39m
[35m[HTTP][39m [90m{"name":"NATIVE_APP"}[39m
[35m[HTTP][39m [37m<-- POST /wd/hub/session/31fc2755-9d7b-451d-b0ff-2694b6d1e1ea/context [39m[32m200[39m [90m3 ms - 14[39m
[35m[HTTP][39m [90m[39m
[35m[HTTP][39m [37m-->[39m [37mPOST[39m [37m/wd/hub/session/31fc2755-9d7b-451d-b0ff-2694b6d1e1ea/timeouts[39m
[35m[HTTP][39m [90m{"implicit":50}[39m
[35m[HTTP][39m [37m<-- POST /wd/hub/session/31fc2755-9d7b-451d-b0ff-2694b6d1e1ea/timeouts [39m[32m200[39m [90m4 ms - 14[39m
[35m[HTTP][39m [90m[39m
[35m[HTTP][39m [37m-->[39m [37mGET[39m [37m/wd/hub/session/31fc2755-9d7b-451d-b0ff-2694b6d1e1ea/window/rect[39m
[35m[HTTP][39m [90m{}[39m
[35m[HTTP][39m [37m<-- GET /wd/hub/session/31fc2755-9d7b-451d-b0ff-2694b6d1e1ea/window/rect [39m[32m200[39m [90m38 ms - 49[39m
[35m[HTTP][39m [90m[39m
[35m[HTTP][39m [37m-->[39m [37mPOST[39m [37m/wd/hub/session/31fc2755-9d7b-451d-b0ff-2694b6d1e1ea/elements[39m
[35m[HTTP][39m [90m{"using":"xpath","value":"//*[@class = 'android.widget.TextView' and (@text = 'ADD TO CART' or . = 'ADD TO CART')]"}[39m
[35m[HTTP][39m [37m<-- POST /wd/hub/session/31fc2755-9d7b-451d-b0ff-2694b6d1e1ea/elements [39m[32m200[39m [90m148 ms - 139[39m
[35m[HTTP][39m [90m[39m
[35m[HTTP][39m [37m-->[39m [37mGET[39m [37m/wd/hub/session/31fc2755-9d7b-451d-b0ff-2694b6d1e1ea/element/537574e9-a6ac-4598-9c5b-b52bc01cab6a/location[39m
[35m[HTTP][39m [90m{}[39m
[35m[W3C (31fc2755)][39m Driver proxy active, passing request on via HTTP proxy
[35m[WD Proxy][39m Replacing sessionId 44ab8e72-72a5-437c-bbae-f7198cc7b7ca with 31fc2755-9d7b-451d-b0ff-2694b6d1e1ea
[35m[HTTP][39m [37m<-- GET /wd/hub/session/31fc2755-9d7b-451d-b0ff-2694b6d1e1ea/element/537574e9-a6ac-4598-9c5b-b52bc01cab6a/location [39m[32m200[39m [90m33 ms - 78[39m
[35m[HTTP][39m [90m[39m
[35m[HTTP][39m [37m-->[39m [37mPOST[39m [37m/wd/hub/session/31fc2755-9d7b-451d-b0ff-2694b6d1e1ea/timeouts[39m
[35m[HTTP][39m [90m{"implicit":30000}[39m
[35m[HTTP][39m [37m<-- POST /wd/hub/session/31fc2755-9d7b-451d-b0ff-2694b6d1e1ea/timeouts [39m[32m200[39m [90m3 ms - 14[39m
[35m[HTTP][39m [90m[39m
[35m[HTTP][39m [37m-->[39m [37mPOST[39m [37m/wd/hub/session/31fc2755-9d7b-451d-b0ff-2694b6d1e1ea/touch/perform[39m
[35m[HTTP][39m [90m{"actions":[{"action":"tap","options":{"x":1,"y":1,"element":"537574e9-a6ac-4598-9c5b-b52bc01cab6a"}},{"action":"release","options":{}}]}[39m
[35m[UiAutomator2][39m calling get location: 537574e9-a6ac-4598-9c5b-b52bc01cab6a
[35m[HTTP][39m [37m<-- POST /wd/hub/session/31fc2755-9d7b-451d-b0ff-2694b6d1e1ea/touch/perform [39m[32m200[39m [90m231 ms - 14[39m
[35m[HTTP][39m [90m[39m
[35m[HTTP][39m [37m-->[39m [37mPOST[39m [37m/wd/hub/session/31fc2755-9d7b-451d-b0ff-2694b6d1e1ea/timeouts[39m
[35m[HTTP][39m [90m{"implicit":50}[39m
[35m[HTTP][39m [37m<-- POST /wd/hub/session/31fc2755-9d7b-451d-b0ff-2694b6d1e1ea/timeouts [39m[32m200[39m [90m4 ms - 14[39m
[35m[HTTP][39m [90m[39m
[35m[HTTP][39m [37m-->[39m [37mGET[39m [37m/wd/hub/session/31fc2755-9d7b-451d-b0ff-2694b6d1e1ea/window/rect[39m
[35m[HTTP][39m [90m{}[39m
[35m[HTTP][39m [37m<-- GET /wd/hub/session/31fc2755-9d7b-451d-b0ff-2694b6d1e1ea/window/rect [39m[32m200[39m [90m35 ms - 49[39m
[35m[HTTP][39m [90m[39m
[35m[HTTP][39m [37m-->[39m [37mPOST[39m [37m/wd/hub/session/31fc2755-9d7b-451d-b0ff-2694b6d1e1ea/elements[39m
[35m[HTTP][39m [90m{"using":"accessibility id","value":"test-BACK TO PRODUCTS"}[39m
[35m[HTTP][39m [37m<-- POST /wd/hub/session/31fc2755-9d7b-451d-b0ff-2694b6d1e1ea/elements [39m[32m200[39m [90m962 ms - 139[39m
[35m[HTTP][39m [90m[39m
[35m[HTTP][39m [37m-->[39m [37mGET[39m [37m/wd/hub/session/31fc2755-9d7b-451d-b0ff-2694b6d1e1ea/element/d244e35f-819e-4758-946d-44e8eee33194/location[39m
[35m[HTTP][39m [90m{}[39m
[35m[W3C (31fc2755)][39m Driver proxy active, passing request on via HTTP proxy
[35m[WD Proxy][39m Replacing sessionId 44ab8e72-72a5-437c-bbae-f7198cc7b7ca with 31fc2755-9d7b-451d-b0ff-2694b6d1e1ea
[35m[HTTP][39m [37m<-- GET /wd/hub/session/31fc2755-9d7b-451d-b0ff-2694b6d1e1ea/element/d244e35f-819e-4758-946d-44e8eee33194/location [39m[32m200[39m [90m45 ms - 77[39m
[35m[HTTP][39m [90m[39m
[35m[HTTP][39m [37m-->[39m [37mPOST[39m [37m/wd/hub/session/31fc2755-9d7b-451d-b0ff-2694b6d1e1ea/timeouts[39m
[35m[HTTP][39m [90m{"implicit":30000}[39m
[35m[HTTP][39m [37m<-- POST /wd/hub/session/31fc2755-9d7b-451d-b0ff-2694b6d1e1ea/timeouts [39m[32m200[39m [90m2 ms - 14[39m
[35m[HTTP][39m [90m[39m
[35m[HTTP][39m [37m-->[39m [37mPOST[39m [37m/wd/hub/session/31fc2755-9d7b-451d-b0ff-2694b6d1e1ea/touch/perform[39m
[35m[HTTP][39m [90m{"actions":[{"action":"tap","options":{"x":1,"y":1,"element":"d244e35f-819e-4758-946d-44e8eee33194"}},{"action":"release","options":{}}]}[39m
[35m[UiAutomator2][39m calling get location: d244e35f-819e-4758-946d-44e8eee33194
[35m[HTTP][39m [37m<-- POST /wd/hub/session/31fc2755-9d7b-451d-b0ff-2694b6d1e1ea/touch/perform [39m[32m200[39m [90m211 ms - 14[39m
[35m[HTTP][39m [90m[39m
[35m[HTTP][39m [37m-->[39m [37mGET[39m [37m/wd/hub/session/31fc2755-9d7b-451d-b0ff-2694b6d1e1ea/context[39m
[35m[HTTP][39m [90m{}[39m
[35m[HTTP][39m [37m<-- GET /wd/hub/session/31fc2755-9d7b-451d-b0ff-2694b6d1e1ea/context [39m[32m200[39m [90m2 ms - 22[39m
[35m[HTTP][39m [90m[39m
[35m[HTTP][39m [37m-->[39m [37mGET[39m [37m/wd/hub/session/31fc2755-9d7b-451d-b0ff-2694b6d1e1ea/contexts[39m
[35m[HTTP][39m [90m{}[39m
[35m[AndroidDriver][39m Not collecting web view details. Details collection might help to make Chromedriver initialization more precise. Use the 'enableWebviewDetailsCollection' cap to turn it on
[35m[AndroidDriver][39m Skipping the webview 'WEBVIEW_12684' at '@webview_devtools_remote_12684' since it has reported having zero pages
[35m[HTTP][39m [37m<-- GET /wd/hub/session/31fc2755-9d7b-451d-b0ff-2694b6d1e1ea/contexts [39m[32m200[39m [90m551 ms - 24[39m
[35m[HTTP][39m [90m[39m
[35m[HTTP][39m [37m-->[39m [37mPOST[39m [37m/wd/hub/session/31fc2755-9d7b-451d-b0ff-2694b6d1e1ea/context[39m
[35m[HTTP][39m [90m{"name":"NATIVE_APP"}[39m
[35m[HTTP][39m [37m<-- POST /wd/hub/session/31fc2755-9d7b-451d-b0ff-2694b6d1e1ea/context [39m[32m200[39m [90m3 ms - 14[39m
[35m[HTTP][39m [90m[39m
[35m[HTTP][39m [37m-->[39m [37mPOST[39m [37m/wd/hub/session/31fc2755-9d7b-451d-b0ff-2694b6d1e1ea/element[39m
[35m[HTTP][39m [90m{"using":"-android uiautomator","value":"new UiScrollable(new UiSelector().scrollable(true).instance(0)).scrollIntoView(new UiSelector().textContains(\"Red\"))"}[39m
[35m[HTTP][39m [37m<-- POST /wd/hub/session/31fc2755-9d7b-451d-b0ff-2694b6d1e1ea/element [39m[32m200[39m [90m620 ms - 137[39m
[35m[HTTP][39m [90m[39m
[35m[HTTP][39m [37m-->[39m [37mPOST[39m [37m/wd/hub/session/31fc2755-9d7b-451d-b0ff-2694b6d1e1ea/context[39m
[35m[HTTP][39m [90m{"name":"NATIVE_APP"}[39m
[35m[HTTP][39m [37m<-- POST /wd/hub/session/31fc2755-9d7b-451d-b0ff-2694b6d1e1ea/context [39m[32m200[39m [90m3 ms - 14[39m
[35m[HTTP][39m [90m[39m
[35m[HTTP][39m [37m-->[39m [37mPOST[39m [37m/wd/hub/session/31fc2755-9d7b-451d-b0ff-2694b6d1e1ea/timeouts[39m
[35m[HTTP][39m [90m{"implicit":50}[39m
[35m[HTTP][39m [37m<-- POST /wd/hub/session/31fc2755-9d7b-451d-b0ff-2694b6d1e1ea/timeouts [39m[32m200[39m [90m8 ms - 14[39m
[35m[HTTP][39m [90m[39m
[35m[HTTP][39m [37m-->[39m [37mGET[39m [37m/wd/hub/session/31fc2755-9d7b-451d-b0ff-2694b6d1e1ea/window/rect[39m
[35m[HTTP][39m [90m{}[39m
[35m[HTTP][39m [37m<-- GET /wd/hub/session/31fc2755-9d7b-451d-b0ff-2694b6d1e1ea/window/rect [39m[32m200[39m [90m41 ms - 49[39m
[35m[HTTP][39m [90m[39m
[35m[HTTP][39m [37m-->[39m [37mPOST[39m [37m/wd/hub/session/31fc2755-9d7b-451d-b0ff-2694b6d1e1ea/elements[39m
[35m[HTTP][39m [90m{"using":"xpath","value":"//*[@class = 'android.widget.TextView' and (contains(@text, 'Red') or contains(., 'Red'))]"}[39m
[35m[HTTP][39m [37m<-- POST /wd/hub/session/31fc2755-9d7b-451d-b0ff-2694b6d1e1ea/elements [39m[32m200[39m [90m197 ms - 139[39m
[35m[HTTP][39m [90m[39m
[35m[HTTP][39m [37m-->[39m [37mGET[39m [37m/wd/hub/session/31fc2755-9d7b-451d-b0ff-2694b6d1e1ea/element/3d89d47a-696e-4697-8b43-892785de734c/location[39m
[35m[HTTP][39m [90m{}[39m
[35m[W3C (31fc2755)][39m Driver proxy active, passing request on via HTTP proxy
[35m[WD Proxy][39m Replacing sessionId 44ab8e72-72a5-437c-bbae-f7198cc7b7ca with 31fc2755-9d7b-451d-b0ff-2694b6d1e1ea
[35m[HTTP][39m [37m<-- GET /wd/hub/session/31fc2755-9d7b-451d-b0ff-2694b6d1e1ea/element/3d89d47a-696e-4697-8b43-892785de734c/location [39m[32m200[39m [90m532 ms - 79[39m
[35m[HTTP][39m [90m[39m
[35m[HTTP][39m [37m-->[39m [37mPOST[39m [37m/wd/hub/session/31fc2755-9d7b-451d-b0ff-2694b6d1e1ea/timeouts[39m
[35m[HTTP][39m [90m{"implicit":30000}[39m
[35m[HTTP][39m [37m<-- POST /wd/hub/session/31fc2755-9d7b-451d-b0ff-2694b6d1e1ea/timeouts [39m[32m200[39m [90m3 ms - 14[39m
[35m[HTTP][39m [90m[39m
[35m[HTTP][39m [37m-->[39m [37mPOST[39m [37m/wd/hub/session/31fc2755-9d7b-451d-b0ff-2694b6d1e1ea/touch/perform[39m
[35m[HTTP][39m [90m{"actions":[{"action":"tap","options":{"x":1,"y":1,"element":"3d89d47a-696e-4697-8b43-892785de734c"}},{"action":"release","options":{}}]}[39m
[35m[UiAutomator2][39m calling get location: 3d89d47a-696e-4697-8b43-892785de734c
[35m[HTTP][39m [37m<-- POST /wd/hub/session/31fc2755-9d7b-451d-b0ff-2694b6d1e1ea/touch/perform [39m[32m200[39m [90m243 ms - 14[39m
[35m[HTTP][39m [90m[39m
[35m[HTTP][39m [37m-->[39m [37mGET[39m [37m/wd/hub/session/31fc2755-9d7b-451d-b0ff-2694b6d1e1ea/context[39m
[35m[HTTP][39m [90m{}[39m
[35m[HTTP][39m [37m<-- GET /wd/hub/session/31fc2755-9d7b-451d-b0ff-2694b6d1e1ea/context [39m[32m200[39m [90m2 ms - 22[39m
[35m[HTTP][39m [90m[39m
[35m[HTTP][39m [37m-->[39m [37mGET[39m [37m/wd/hub/session/31fc2755-9d7b-451d-b0ff-2694b6d1e1ea/contexts[39m
[35m[HTTP][39m [90m{}[39m
[35m[AndroidDriver][39m Not collecting web view details. Details collection might help to make Chromedriver initialization more precise. Use the 'enableWebviewDetailsCollection' cap to turn it on
[35m[AndroidDriver][39m Skipping the webview 'WEBVIEW_12684' at '@webview_devtools_remote_12684' since it has reported having zero pages
[35m[HTTP][39m [37m<-- GET /wd/hub/session/31fc2755-9d7b-451d-b0ff-2694b6d1e1ea/contexts [39m[32m200[39m [90m594 ms - 24[39m
[35m[HTTP][39m [90m[39m
[35m[HTTP][39m [37m-->[39m [37mPOST[39m [37m/wd/hub/session/31fc2755-9d7b-451d-b0ff-2694b6d1e1ea/context[39m
[35m[HTTP][39m [90m{"name":"NATIVE_APP"}[39m
[35m[HTTP][39m [37m<-- POST /wd/hub/session/31fc2755-9d7b-451d-b0ff-2694b6d1e1ea/context [39m[32m200[39m [90m3 ms - 14[39m
[35m[HTTP][39m [90m[39m
[35m[HTTP][39m [37m-->[39m [37mPOST[39m [37m/wd/hub/session/31fc2755-9d7b-451d-b0ff-2694b6d1e1ea/element[39m
[35m[HTTP][39m [90m{"using":"-android uiautomator","value":"new UiScrollable(new UiSelector().scrollable(true).instance(0)).scrollIntoView(new UiSelector().textContains(\"ADD TO CART\"))"}[39m
[35m[HTTP][39m [37m<-- POST /wd/hub/session/31fc2755-9d7b-451d-b0ff-2694b6d1e1ea/element [39m[32m200[39m [90m3198 ms - 137[39m
[35m[HTTP][39m [90m[39m
[35m[HTTP][39m [37m-->[39m [37mPOST[39m [37m/wd/hub/session/31fc2755-9d7b-451d-b0ff-2694b6d1e1ea/context[39m
[35m[HTTP][39m [90m{"name":"NATIVE_APP"}[39m
[35m[HTTP][39m [37m<-- POST /wd/hub/session/31fc2755-9d7b-451d-b0ff-2694b6d1e1ea/context [39m[32m200[39m [90m3 ms - 14[39m
[35m[HTTP][39m [90m[39m
[35m[HTTP][39m [37m-->[39m [37mPOST[39m [37m/wd/hub/session/31fc2755-9d7b-451d-b0ff-2694b6d1e1ea/timeouts[39m
[35m[HTTP][39m [90m{"implicit":50}[39m
[35m[HTTP][39m [37m<-- POST /wd/hub/session/31fc2755-9d7b-451d-b0ff-2694b6d1e1ea/timeouts [39m[32m200[39m [90m2 ms - 14[39m
[35m[HTTP][39m [90m[39m
[35m[HTTP][39m [37m-->[39m [37mGET[39m [37m/wd/hub/session/31fc2755-9d7b-451d-b0ff-2694b6d1e1ea/window/rect[39m
[35m[HTTP][39m [90m{}[39m
[35m[HTTP][39m [37m<-- GET /wd/hub/session/31fc2755-9d7b-451d-b0ff-2694b6d1e1ea/window/rect [39m[32m200[39m [90m27 ms - 49[39m
[35m[HTTP][39m [90m[39m
[35m[HTTP][39m [37m-->[39m [37mPOST[39m [37m/wd/hub/session/31fc2755-9d7b-451d-b0ff-2694b6d1e1ea/elements[39m
[35m[HTTP][39m [90m{"using":"xpath","value":"//*[@class = 'android.widget.TextView' and (@text = 'ADD TO CART' or . = 'ADD TO CART')]"}[39m
[35m[HTTP][39m [37m<-- POST /wd/hub/session/31fc2755-9d7b-451d-b0ff-2694b6d1e1ea/elements [39m[32m200[39m [90m165 ms - 139[39m
[35m[HTTP][39m [90m[39m
[35m[HTTP][39m [37m-->[39m [37mGET[39m [37m/wd/hub/session/31fc2755-9d7b-451d-b0ff-2694b6d1e1ea/element/221b5df1-68f2-4d3d-913c-1188f530d12d/location[39m
[35m[HTTP][39m [90m{}[39m
[35m[W3C (31fc2755)][39m Driver proxy active, passing request on via HTTP proxy
[35m[WD Proxy][39m Replacing sessionId 44ab8e72-72a5-437c-bbae-f7198cc7b7ca with 31fc2755-9d7b-451d-b0ff-2694b6d1e1ea
[35m[HTTP][39m [37m<-- GET /wd/hub/session/31fc2755-9d7b-451d-b0ff-2694b6d1e1ea/element/221b5df1-68f2-4d3d-913c-1188f530d12d/location [39m[32m200[39m [90m24 ms - 78[39m
[35m[HTTP][39m [90m[39m
[35m[HTTP][39m [37m-->[39m [37mPOST[39m [37m/wd/hub/session/31fc2755-9d7b-451d-b0ff-2694b6d1e1ea/timeouts[39m
[35m[HTTP][39m [90m{"implicit":30000}[39m
[35m[HTTP][39m [37m<-- POST /wd/hub/session/31fc2755-9d7b-451d-b0ff-2694b6d1e1ea/timeouts [39m[32m200[39m [90m2 ms - 14[39m
[35m[HTTP][39m [90m[39m
[35m[HTTP][39m [37m-->[39m [37mPOST[39m [37m/wd/hub/session/31fc2755-9d7b-451d-b0ff-2694b6d1e1ea/touch/perform[39m
[35m[HTTP][39m [90m{"actions":[{"action":"tap","options":{"x":1,"y":1,"element":"221b5df1-68f2-4d3d-913c-1188f530d12d"}},{"action":"release","options":{}}]}[39m
[35m[UiAutomator2][39m calling get location: 221b5df1-68f2-4d3d-913c-1188f530d12d
[35m[HTTP][39m [37m<-- POST /wd/hub/session/31fc2755-9d7b-451d-b0ff-2694b6d1e1ea/touch/perform [39m[32m200[39m [90m183 ms - 14[39m
[35m[HTTP][39m [90m[39m
[35m[HTTP][39m [37m-->[39m [37mPOST[39m [37m/wd/hub/session/31fc2755-9d7b-451d-b0ff-2694b6d1e1ea/timeouts[39m
[35m[HTTP][39m [90m{"implicit":50}[39m
[35m[HTTP][39m [37m<-- POST /wd/hub/session/31fc2755-9d7b-451d-b0ff-2694b6d1e1ea/timeouts [39m[32m200[39m [90m7 ms - 14[39m
[35m[HTTP][39m [90m[39m
[35m[HTTP][39m [37m-->[39m [37mGET[39m [37m/wd/hub/session/31fc2755-9d7b-451d-b0ff-2694b6d1e1ea/window/rect[39m
[35m[HTTP][39m [90m{}[39m
[35m[HTTP][39m [37m<-- GET /wd/hub/session/31fc2755-9d7b-451d-b0ff-2694b6d1e1ea/window/rect [39m[32m200[39m [90m20 ms - 49[39m
[35m[HTTP][39m [90m[39m
[35m[HTTP][39m [37m-->[39m [37mPOST[39m [37m/wd/hub/session/31fc2755-9d7b-451d-b0ff-2694b6d1e1ea/elements[39m
[35m[HTTP][39m [90m{"using":"accessibility id","value":"test-BACK TO PRODUCTS"}[39m
[35m[HTTP][39m [37m<-- POST /wd/hub/session/31fc2755-9d7b-451d-b0ff-2694b6d1e1ea/elements [39m[32m200[39m [90m766 ms - 139[39m
[35m[HTTP][39m [90m[39m
[35m[HTTP][39m [37m-->[39m [37mGET[39m [37m/wd/hub/session/31fc2755-9d7b-451d-b0ff-2694b6d1e1ea/element/966d34f7-44e7-4353-99ce-758685129dea/location[39m
[35m[HTTP][39m [90m{}[39m
[35m[W3C (31fc2755)][39m Driver proxy active, passing request on via HTTP proxy
[35m[WD Proxy][39m Replacing sessionId 44ab8e72-72a5-437c-bbae-f7198cc7b7ca with 31fc2755-9d7b-451d-b0ff-2694b6d1e1ea
[35m[HTTP][39m [37m<-- GET /wd/hub/session/31fc2755-9d7b-451d-b0ff-2694b6d1e1ea/element/966d34f7-44e7-4353-99ce-758685129dea/location [39m[32m200[39m [90m31 ms - 77[39m
[35m[HTTP][39m [90m[39m
[35m[HTTP][39m [37m-->[39m [37mPOST[39m [37m/wd/hub/session/31fc2755-9d7b-451d-b0ff-2694b6d1e1ea/timeouts[39m
[35m[HTTP][39m [90m{"implicit":30000}[39m
[35m[HTTP][39m [37m<-- POST /wd/hub/session/31fc2755-9d7b-451d-b0ff-2694b6d1e1ea/timeouts [39m[32m200[39m [90m2 ms - 14[39m
[35m[HTTP][39m [90m[39m
[35m[HTTP][39m [37m-->[39m [37mPOST[39m [37m/wd/hub/session/31fc2755-9d7b-451d-b0ff-2694b6d1e1ea/touch/perform[39m
[35m[HTTP][39m [90m{"actions":[{"action":"tap","options":{"x":1,"y":1,"element":"966d34f7-44e7-4353-99ce-758685129dea"}},{"action":"release","options":{}}]}[39m
[35m[UiAutomator2][39m calling get location: 966d34f7-44e7-4353-99ce-758685129dea
[35m[HTTP][39m [37m<-- POST /wd/hub/session/31fc2755-9d7b-451d-b0ff-2694b6d1e1ea/touch/perform [39m[32m200[39m [90m201 ms - 14[39m
[35m[HTTP][39m [90m[39m
[35m[HTTP][39m [37m-->[39m [37mGET[39m [37m/wd/hub/session/31fc2755-9d7b-451d-b0ff-2694b6d1e1ea/context[39m
[35m[HTTP][39m [90m{}[39m
[35m[HTTP][39m [37m<-- GET /wd/hub/session/31fc2755-9d7b-451d-b0ff-2694b6d1e1ea/context [39m[32m200[39m [90m3 ms - 22[39m
[35m[HTTP][39m [90m[39m
[35m[HTTP][39m [37m-->[39m [37mGET[39m [37m/wd/hub/session/31fc2755-9d7b-451d-b0ff-2694b6d1e1ea/contexts[39m
[35m[HTTP][39m [90m{}[39m
[35m[AndroidDriver][39m Not collecting web view details. Details collection might help to make Chromedriver initialization more precise. Use the 'enableWebviewDetailsCollection' cap to turn it on
[35m[AndroidDriver][39m Skipping the webview 'WEBVIEW_12684' at '@webview_devtools_remote_12684' since it has reported having zero pages
[35m[HTTP][39m [37m<-- GET /wd/hub/session/31fc2755-9d7b-451d-b0ff-2694b6d1e1ea/contexts [39m[32m200[39m [90m510 ms - 24[39m
[35m[HTTP][39m [90m[39m
[35m[HTTP][39m [37m-->[39m [37mPOST[39m [37m/wd/hub/session/31fc2755-9d7b-451d-b0ff-2694b6d1e1ea/context[39m
[35m[HTTP][39m [90m{"name":"NATIVE_APP"}[39m
[35m[HTTP][39m [37m<-- POST /wd/hub/session/31fc2755-9d7b-451d-b0ff-2694b6d1e1ea/context [39m[32m200[39m [90m2 ms - 14[39m
[35m[HTTP][39m [90m[39m
[35m[HTTP][39m [37m-->[39m [37mPOST[39m [37m/wd/hub/session/31fc2755-9d7b-451d-b0ff-2694b6d1e1ea/element[39m
[35m[HTTP][39m [90m{"using":"-android uiautomator","value":"new UiScrollable(new UiSelector().scrollable(true).instance(0)).scrollIntoView(new UiSelector().textContains(\"Light\"))"}[39m
[35m[HTTP][39m [37m<-- POST /wd/hub/session/31fc2755-9d7b-451d-b0ff-2694b6d1e1ea/element [39m[32m200[39m [90m3926 ms - 137[39m
[35m[HTTP][39m [90m[39m
[35m[HTTP][39m [37m-->[39m [37mPOST[39m [37m/wd/hub/session/31fc2755-9d7b-451d-b0ff-2694b6d1e1ea/context[39m
[35m[HTTP][39m [90m{"name":"NATIVE_APP"}[39m
[35m[HTTP][39m [37m<-- POST /wd/hub/session/31fc2755-9d7b-451d-b0ff-2694b6d1e1ea/context [39m[32m200[39m [90m2 ms - 14[39m
[35m[HTTP][39m [90m[39m
[35m[HTTP][39m [37m-->[39m [37mPOST[39m [37m/wd/hub/session/31fc2755-9d7b-451d-b0ff-2694b6d1e1ea/timeouts[39m
[35m[HTTP][39m [90m{"implicit":50}[39m
[35m[HTTP][39m [37m<-- POST /wd/hub/session/31fc2755-9d7b-451d-b0ff-2694b6d1e1ea/timeouts [39m[32m200[39m [90m2 ms - 14[39m
[35m[HTTP][39m [90m[39m
[35m[HTTP][39m [37m-->[39m [37mGET[39m [37m/wd/hub/session/31fc2755-9d7b-451d-b0ff-2694b6d1e1ea/window/rect[39m
[35m[HTTP][39m [90m{}[39m
[35m[HTTP][39m [37m<-- GET /wd/hub/session/31fc2755-9d7b-451d-b0ff-2694b6d1e1ea/window/rect [39m[32m200[39m [90m26 ms - 49[39m
[35m[HTTP][39m [90m[39m
[35m[HTTP][39m [37m-->[39m [37mPOST[39m [37m/wd/hub/session/31fc2755-9d7b-451d-b0ff-2694b6d1e1ea/elements[39m
[35m[HTTP][39m [90m{"using":"xpath","value":"//*[@class = 'android.widget.TextView' and (contains(@text, 'Light') or contains(., 'Light'))]"}[39m
[35m[HTTP][39m [37m<-- POST /wd/hub/session/31fc2755-9d7b-451d-b0ff-2694b6d1e1ea/elements [39m[32m200[39m [90m274 ms - 139[39m
[35m[HTTP][39m [90m[39m
[35m[HTTP][39m [37m-->[39m [37mGET[39m [37m/wd/hub/session/31fc2755-9d7b-451d-b0ff-2694b6d1e1ea/element/b4dade16-b4a2-420f-b761-ab3213f2ab5e/location[39m
[35m[HTTP][39m [90m{}[39m
[35m[W3C (31fc2755)][39m Driver proxy active, passing request on via HTTP proxy
[35m[WD Proxy][39m Replacing sessionId 44ab8e72-72a5-437c-bbae-f7198cc7b7ca with 31fc2755-9d7b-451d-b0ff-2694b6d1e1ea
[35m[HTTP][39m [37m<-- GET /wd/hub/session/31fc2755-9d7b-451d-b0ff-2694b6d1e1ea/element/b4dade16-b4a2-420f-b761-ab3213f2ab5e/location [39m[32m200[39m [90m28 ms - 78[39m
[35m[HTTP][39m [90m[39m
[35m[HTTP][39m [37m-->[39m [37mPOST[39m [37m/wd/hub/session/31fc2755-9d7b-451d-b0ff-2694b6d1e1ea/timeouts[39m
[35m[HTTP][39m [90m{"implicit":30000}[39m
[35m[HTTP][39m [37m<-- POST /wd/hub/session/31fc2755-9d7b-451d-b0ff-2694b6d1e1ea/timeouts [39m[32m200[39m [90m2 ms - 14[39m
[35m[HTTP][39m [90m[39m
[35m[HTTP][39m [37m-->[39m [37mPOST[39m [37m/wd/hub/session/31fc2755-9d7b-451d-b0ff-2694b6d1e1ea/touch/perform[39m
[35m[HTTP][39m [90m{"actions":[{"action":"tap","options":{"x":1,"y":1,"element":"b4dade16-b4a2-420f-b761-ab3213f2ab5e"}},{"action":"release","options":{}}]}[39m
[35m[UiAutomator2][39m calling get location: b4dade16-b4a2-420f-b761-ab3213f2ab5e
[35m[HTTP][39m [37m<-- POST /wd/hub/session/31fc2755-9d7b-451d-b0ff-2694b6d1e1ea/touch/perform [39m[32m200[39m [90m204 ms - 14[39m
[35m[HTTP][39m [90m[39m
[35m[HTTP][39m [37m-->[39m [37mGET[39m [37m/wd/hub/session/31fc2755-9d7b-451d-b0ff-2694b6d1e1ea/context[39m
[35m[HTTP][39m [90m{}[39m
[35m[HTTP][39m [37m<-- GET /wd/hub/session/31fc2755-9d7b-451d-b0ff-2694b6d1e1ea/context [39m[32m200[39m [90m2 ms - 22[39m
[35m[HTTP][39m [90m[39m
[35m[HTTP][39m [37m-->[39m [37mGET[39m [37m/wd/hub/session/31fc2755-9d7b-451d-b0ff-2694b6d1e1ea/contexts[39m
[35m[HTTP][39m [90m{}[39m
[35m[AndroidDriver][39m Not collecting web view details. Details collection might help to make Chromedriver initialization more precise. Use the 'enableWebviewDetailsCollection' cap to turn it on
[35m[AndroidDriver][39m Skipping the webview 'WEBVIEW_12684' at '@webview_devtools_remote_12684' since it has reported having zero pages
[35m[HTTP][39m [37m<-- GET /wd/hub/session/31fc2755-9d7b-451d-b0ff-2694b6d1e1ea/contexts [39m[32m200[39m [90m563 ms - 24[39m
[35m[HTTP][39m [90m[39m
[35m[HTTP][39m [37m-->[39m [37mPOST[39m [37m/wd/hub/session/31fc2755-9d7b-451d-b0ff-2694b6d1e1ea/context[39m
[35m[HTTP][39m [90m{"name":"NATIVE_APP"}[39m
[35m[HTTP][39m [37m<-- POST /wd/hub/session/31fc2755-9d7b-451d-b0ff-2694b6d1e1ea/context [39m[32m200[39m [90m2 ms - 14[39m
[35m[HTTP][39m [90m[39m
[35m[HTTP][39m [37m-->[39m [37mPOST[39m [37m/wd/hub/session/31fc2755-9d7b-451d-b0ff-2694b6d1e1ea/element[39m
[35m[HTTP][39m [90m{"using":"-android uiautomator","value":"new UiScrollable(new UiSelector().scrollable(true).instance(0)).scrollIntoView(new UiSelector().textContains(\"ADD TO CART\"))"}[39m
[35m[HTTP][39m [37m<-- POST /wd/hub/session/31fc2755-9d7b-451d-b0ff-2694b6d1e1ea/element [39m[32m200[39m [90m4083 ms - 137[39m
[35m[HTTP][39m [90m[39m
[35m[HTTP][39m [37m-->[39m [37mPOST[39m [37m/wd/hub/session/31fc2755-9d7b-451d-b0ff-2694b6d1e1ea/context[39m
[35m[HTTP][39m [90m{"name":"NATIVE_APP"}[39m
[35m[HTTP][39m [37m<-- POST /wd/hub/session/31fc2755-9d7b-451d-b0ff-2694b6d1e1ea/context [39m[32m200[39m [90m3 ms - 14[39m
[35m[HTTP][39m [90m[39m
[35m[HTTP][39m [37m-->[39m [37mPOST[39m [37m/wd/hub/session/31fc2755-9d7b-451d-b0ff-2694b6d1e1ea/timeouts[39m
[35m[HTTP][39m [90m{"implicit":50}[39m
[35m[HTTP][39m [37m<-- POST /wd/hub/session/31fc2755-9d7b-451d-b0ff-2694b6d1e1ea/timeouts [39m[32m200[39m [90m3 ms - 14[39m
[35m[HTTP][39m [90m[39m
[35m[HTTP][39m [37m-->[39m [37mGET[39m [37m/wd/hub/session/31fc2755-9d7b-451d-b0ff-2694b6d1e1ea/window/rect[39m
[35m[HTTP][39m [90m{}[39m
[35m[HTTP][39m [37m<-- GET /wd/hub/session/31fc2755-9d7b-451d-b0ff-2694b6d1e1ea/window/rect [39m[32m200[39m [90m25 ms - 49[39m
[35m[HTTP][39m [90m[39m
[35m[HTTP][39m [37m-->[39m [37mPOST[39m [37m/wd/hub/session/31fc2755-9d7b-451d-b0ff-2694b6d1e1ea/elements[39m
[35m[HTTP][39m [90m{"using":"xpath","value":"//*[@class = 'android.widget.TextView' and (@text = 'ADD TO CART' or . = 'ADD TO CART')]"}[39m
[35m[HTTP][39m [37m<-- POST /wd/hub/session/31fc2755-9d7b-451d-b0ff-2694b6d1e1ea/elements [39m[32m200[39m [90m137 ms - 139[39m
[35m[HTTP][39m [90m[39m
[35m[HTTP][39m [37m-->[39m [37mGET[39m [37m/wd/hub/session/31fc2755-9d7b-451d-b0ff-2694b6d1e1ea/element/887f7364-6249-4980-af89-18e829eaa224/location[39m
[35m[HTTP][39m [90m{}[39m
[35m[W3C (31fc2755)][39m Driver proxy active, passing request on via HTTP proxy
[35m[WD Proxy][39m Replacing sessionId 44ab8e72-72a5-437c-bbae-f7198cc7b7ca with 31fc2755-9d7b-451d-b0ff-2694b6d1e1ea
[35m[HTTP][39m [37m<-- GET /wd/hub/session/31fc2755-9d7b-451d-b0ff-2694b6d1e1ea/element/887f7364-6249-4980-af89-18e829eaa224/location [39m[32m200[39m [90m436 ms - 78[39m
[35m[HTTP][39m [90m[39m
[35m[HTTP][39m [37m-->[39m [37mPOST[39m [37m/wd/hub/session/31fc2755-9d7b-451d-b0ff-2694b6d1e1ea/timeouts[39m
[35m[HTTP][39m [90m{"implicit":30000}[39m
[35m[HTTP][39m [37m<-- POST /wd/hub/session/31fc2755-9d7b-451d-b0ff-2694b6d1e1ea/timeouts [39m[32m200[39m [90m2 ms - 14[39m
[35m[HTTP][39m [90m[39m
[35m[HTTP][39m [37m-->[39m [37mPOST[39m [37m/wd/hub/session/31fc2755-9d7b-451d-b0ff-2694b6d1e1ea/touch/perform[39m
[35m[HTTP][39m [90m{"actions":[{"action":"tap","options":{"x":1,"y":1,"element":"887f7364-6249-4980-af89-18e829eaa224"}},{"action":"release","options":{}}]}[39m
[35m[UiAutomator2][39m calling get location: 887f7364-6249-4980-af89-18e829eaa224
[35m[HTTP][39m [37m<-- POST /wd/hub/session/31fc2755-9d7b-451d-b0ff-2694b6d1e1ea/touch/perform [39m[32m200[39m [90m200 ms - 14[39m
[35m[HTTP][39m [90m[39m
[35m[HTTP][39m [37m-->[39m [37mPOST[39m [37m/wd/hub/session/31fc2755-9d7b-451d-b0ff-2694b6d1e1ea/timeouts[39m
[35m[HTTP][39m [90m{"implicit":50}[39m
[35m[HTTP][39m [37m<-- POST /wd/hub/session/31fc2755-9d7b-451d-b0ff-2694b6d1e1ea/timeouts [39m[32m200[39m [90m3 ms - 14[39m
[35m[HTTP][39m [90m[39m
[35m[HTTP][39m [37m-->[39m [37mGET[39m [37m/wd/hub/session/31fc2755-9d7b-451d-b0ff-2694b6d1e1ea/window/rect[39m
[35m[HTTP][39m [90m{}[39m
[35m[HTTP][39m [37m<-- GET /wd/hub/session/31fc2755-9d7b-451d-b0ff-2694b6d1e1ea/window/rect [39m[32m200[39m [90m25 ms - 49[39m
[35m[HTTP][39m [90m[39m
[35m[HTTP][39m [37m-->[39m [37mPOST[39m [37m/wd/hub/session/31fc2755-9d7b-451d-b0ff-2694b6d1e1ea/elements[39m
[35m[HTTP][39m [90m{"using":"accessibility id","value":"test-BACK TO PRODUCTS"}[39m
[35m[HTTP][39m [37m<-- POST /wd/hub/session/31fc2755-9d7b-451d-b0ff-2694b6d1e1ea/elements [39m[32m200[39m [90m604 ms - 139[39m
[35m[HTTP][39m [90m[39m
[35m[HTTP][39m [37m-->[39m [37mGET[39m [37m/wd/hub/session/31fc2755-9d7b-451d-b0ff-2694b6d1e1ea/element/ac65d264-419e-4c44-9e4f-9c01b14e46bd/location[39m
[35m[HTTP][39m [90m{}[39m
[35m[W3C (31fc2755)][39m Driver proxy active, passing request on via HTTP proxy
[35m[WD Proxy][39m Replacing sessionId 44ab8e72-72a5-437c-bbae-f7198cc7b7ca with 31fc2755-9d7b-451d-b0ff-2694b6d1e1ea
[35m[HTTP][39m [37m<-- GET /wd/hub/session/31fc2755-9d7b-451d-b0ff-2694b6d1e1ea/element/ac65d264-419e-4c44-9e4f-9c01b14e46bd/location [39m[32m200[39m [90m35 ms - 77[39m
[35m[HTTP][39m [90m[39m
[35m[HTTP][39m [37m-->[39m [37mPOST[39m [37m/wd/hub/session/31fc2755-9d7b-451d-b0ff-2694b6d1e1ea/timeouts[39m
[35m[HTTP][39m [90m{"implicit":30000}[39m
[35m[HTTP][39m [37m<-- POST /wd/hub/session/31fc2755-9d7b-451d-b0ff-2694b6d1e1ea/timeouts [39m[32m200[39m [90m2 ms - 14[39m
[35m[HTTP][39m [90m[39m
[35m[HTTP][39m [37m-->[39m [37mPOST[39m [37m/wd/hub/session/31fc2755-9d7b-451d-b0ff-2694b6d1e1ea/touch/perform[39m
[35m[HTTP][39m [90m{"actions":[{"action":"tap","options":{"x":1,"y":1,"element":"ac65d264-419e-4c44-9e4f-9c01b14e46bd"}},{"action":"release","options":{}}]}[39m
[35m[UiAutomator2][39m calling get location: ac65d264-419e-4c44-9e4f-9c01b14e46bd
[35m[HTTP][39m [37m<-- POST /wd/hub/session/31fc2755-9d7b-451d-b0ff-2694b6d1e1ea/touch/perform [39m[32m200[39m [90m212 ms - 14[39m
[35m[HTTP][39m [90m[39m
[35m[HTTP][39m [37m-->[39m [37mPOST[39m [37m/wd/hub/session/31fc2755-9d7b-451d-b0ff-2694b6d1e1ea/timeouts[39m
[35m[HTTP][39m [90m{"implicit":50}[39m
[35m[HTTP][39m [37m<-- POST /wd/hub/session/31fc2755-9d7b-451d-b0ff-2694b6d1e1ea/timeouts [39m[32m200[39m [90m2 ms - 14[39m
[35m[HTTP][39m [90m[39m
[35m[HTTP][39m [37m-->[39m [37mGET[39m [37m/wd/hub/session/31fc2755-9d7b-451d-b0ff-2694b6d1e1ea/window/rect[39m
[35m[HTTP][39m [90m{}[39m
[35m[HTTP][39m [37m<-- GET /wd/hub/session/31fc2755-9d7b-451d-b0ff-2694b6d1e1ea/window/rect [39m[32m200[39m [90m33 ms - 49[39m
[35m[HTTP][39m [90m[39m
[35m[HTTP][39m [37m-->[39m [37mPOST[39m [37m/wd/hub/session/31fc2755-9d7b-451d-b0ff-2694b6d1e1ea/elements[39m
[35m[HTTP][39m [90m{"using":"xpath","value":"//hierarchy/android.widget.FrameLayout[1]/android.widget.LinearLayout[1]/android.widget.FrameLayout[1]/android.widget.LinearLayout[1]/android.widget.FrameLayout[1]/android.widget.FrameLayout[1]/android.view.ViewGroup[1]/android.view.ViewGroup[1]/android.view.ViewGroup[1]/android.view.ViewGroup[1]/android.view.ViewGroup[1]/android.view.ViewGroup[1]/android.view.ViewGroup[1]/android.view.ViewGroup[1]/android.view.ViewGroup[1]/android.view.ViewGroup[2]/android.view.ViewGroup[1]/android.widget.ImageView[1]"}[39m
[35m[HTTP][39m [37m<-- POST /wd/hub/session/31fc2755-9d7b-451d-b0ff-2694b6d1e1ea/elements [39m[32m200[39m [90m845 ms - 139[39m
[35m[HTTP][39m [90m[39m
[35m[HTTP][39m [37m-->[39m [37mGET[39m [37m/wd/hub/session/31fc2755-9d7b-451d-b0ff-2694b6d1e1ea/element/d42ae8b7-3c3d-46f5-b5ba-43fa1fbe8629/location[39m
[35m[HTTP][39m [90m{}[39m
[35m[W3C (31fc2755)][39m Driver proxy active, passing request on via HTTP proxy
[35m[WD Proxy][39m Replacing sessionId 44ab8e72-72a5-437c-bbae-f7198cc7b7ca with 31fc2755-9d7b-451d-b0ff-2694b6d1e1ea
[35m[HTTP][39m [37m<-- GET /wd/hub/session/31fc2755-9d7b-451d-b0ff-2694b6d1e1ea/element/d42ae8b7-3c3d-46f5-b5ba-43fa1fbe8629/location [39m[32m200[39m [90m27 ms - 77[39m
[35m[HTTP][39m [90m[39m
[35m[HTTP][39m [37m-->[39m [37mPOST[39m [37m/wd/hub/session/31fc2755-9d7b-451d-b0ff-2694b6d1e1ea/timeouts[39m
[35m[HTTP][39m [90m{"implicit":30000}[39m
[35m[HTTP][39m [37m<-- POST /wd/hub/session/31fc2755-9d7b-451d-b0ff-2694b6d1e1ea/timeouts [39m[32m200[39m [90m2 ms - 14[39m
[35m[HTTP][39m [90m[39m
[35m[HTTP][39m [37m-->[39m [37mPOST[39m [37m/wd/hub/session/31fc2755-9d7b-451d-b0ff-2694b6d1e1ea/touch/perform[39m
[35m[HTTP][39m [90m{"actions":[{"action":"tap","options":{"x":1,"y":1,"element":"d42ae8b7-3c3d-46f5-b5ba-43fa1fbe8629"}},{"action":"release","options":{}}]}[39m
[35m[UiAutomator2][39m calling get location: d42ae8b7-3c3d-46f5-b5ba-43fa1fbe8629
[35m[HTTP][39m [37m<-- POST /wd/hub/session/31fc2755-9d7b-451d-b0ff-2694b6d1e1ea/touch/perform [39m[32m200[39m [90m190 ms - 14[39m
[35m[HTTP][39m [90m[39m
[35m[HTTP][39m [37m-->[39m [37mGET[39m [37m/wd/hub/session/31fc2755-9d7b-451d-b0ff-2694b6d1e1ea/context[39m
[35m[HTTP][39m [90m{}[39m
[35m[HTTP][39m [37m<-- GET /wd/hub/session/31fc2755-9d7b-451d-b0ff-2694b6d1e1ea/context [39m[32m200[39m [90m2 ms - 22[39m
[35m[HTTP][39m [90m[39m
[35m[HTTP][39m [37m-->[39m [37mGET[39m [37m/wd/hub/session/31fc2755-9d7b-451d-b0ff-2694b6d1e1ea/contexts[39m
[35m[HTTP][39m [90m{}[39m
[35m[AndroidDriver][39m Not collecting web view details. Details collection might help to make Chromedriver initialization more precise. Use the 'enableWebviewDetailsCollection' cap to turn it on
[35m[AndroidDriver][39m Skipping the webview 'WEBVIEW_12684' at '@webview_devtools_remote_12684' since it has reported having zero pages
[35m[HTTP][39m [37m<-- GET /wd/hub/session/31fc2755-9d7b-451d-b0ff-2694b6d1e1ea/contexts [39m[32m200[39m [90m505 ms - 24[39m
[35m[HTTP][39m [90m[39m
[35m[HTTP][39m [37m-->[39m [37mPOST[39m [37m/wd/hub/session/31fc2755-9d7b-451d-b0ff-2694b6d1e1ea/context[39m
[35m[HTTP][39m [90m{"name":"NATIVE_APP"}[39m
[35m[HTTP][39m [37m<-- POST /wd/hub/session/31fc2755-9d7b-451d-b0ff-2694b6d1e1ea/context [39m[32m200[39m [90m2 ms - 14[39m
[35m[HTTP][39m [90m[39m
[35m[HTTP][39m [37m-->[39m [37mPOST[39m [37m/wd/hub/session/31fc2755-9d7b-451d-b0ff-2694b6d1e1ea/element[39m
[35m[HTTP][39m [90m{"using":"-android uiautomator","value":"new UiScrollable(new UiSelector().scrollable(true).instance(0)).scrollIntoView(new UiSelector().textContains(\"CHECKOUT\"))"}[39m
[35m[HTTP][39m [37m<-- POST /wd/hub/session/31fc2755-9d7b-451d-b0ff-2694b6d1e1ea/element [39m[32m200[39m [90m5974 ms - 137[39m
[35m[HTTP][39m [90m[39m
[35m[HTTP][39m [37m-->[39m [37mPOST[39m [37m/wd/hub/session/31fc2755-9d7b-451d-b0ff-2694b6d1e1ea/context[39m
[35m[HTTP][39m [90m{"name":"NATIVE_APP"}[39m
[35m[HTTP][39m [37m<-- POST /wd/hub/session/31fc2755-9d7b-451d-b0ff-2694b6d1e1ea/context [39m[32m200[39m [90m2 ms - 14[39m
[35m[HTTP][39m [90m[39m
[35m[HTTP][39m [37m-->[39m [37mPOST[39m [37m/wd/hub/session/31fc2755-9d7b-451d-b0ff-2694b6d1e1ea/timeouts[39m
[35m[HTTP][39m [90m{"implicit":50}[39m
[35m[HTTP][39m [37m<-- POST /wd/hub/session/31fc2755-9d7b-451d-b0ff-2694b6d1e1ea/timeouts [39m[32m200[39m [90m3 ms - 14[39m
[35m[HTTP][39m [90m[39m
[35m[HTTP][39m [37m-->[39m [37mGET[39m [37m/wd/hub/session/31fc2755-9d7b-451d-b0ff-2694b6d1e1ea/window/rect[39m
[35m[HTTP][39m [90m{}[39m
[35m[HTTP][39m [37m<-- GET /wd/hub/session/31fc2755-9d7b-451d-b0ff-2694b6d1e1ea/window/rect [39m[32m200[39m [90m20 ms - 49[39m
[35m[HTTP][39m [90m[39m
[35m[HTTP][39m [37m-->[39m [37mPOST[39m [37m/wd/hub/session/31fc2755-9d7b-451d-b0ff-2694b6d1e1ea/elements[39m
[35m[HTTP][39m [90m{"using":"xpath","value":"//*[@class = 'android.widget.TextView' and (@text = 'CHECKOUT' or . = 'CHECKOUT')]"}[39m
[35m[HTTP][39m [37m<-- POST /wd/hub/session/31fc2755-9d7b-451d-b0ff-2694b6d1e1ea/elements [39m[32m200[39m [90m416 ms - 139[39m
[35m[HTTP][39m [90m[39m
[35m[HTTP][39m [37m-->[39m [37mGET[39m [37m/wd/hub/session/31fc2755-9d7b-451d-b0ff-2694b6d1e1ea/element/d55cf3e2-8a65-42a4-b8ba-6c31ac9c507d/location[39m
[35m[HTTP][39m [90m{}[39m
[35m[W3C (31fc2755)][39m Driver proxy active, passing request on via HTTP proxy
[35m[WD Proxy][39m Replacing sessionId 44ab8e72-72a5-437c-bbae-f7198cc7b7ca with 31fc2755-9d7b-451d-b0ff-2694b6d1e1ea
[35m[HTTP][39m [37m<-- GET /wd/hub/session/31fc2755-9d7b-451d-b0ff-2694b6d1e1ea/element/d55cf3e2-8a65-42a4-b8ba-6c31ac9c507d/location [39m[32m200[39m [90m25 ms - 78[39m
[35m[HTTP][39m [90m[39m
[35m[HTTP][39m [37m-->[39m [37mPOST[39m [37m/wd/hub/session/31fc2755-9d7b-451d-b0ff-2694b6d1e1ea/timeouts[39m
[35m[HTTP][39m [90m{"implicit":30000}[39m
[35m[HTTP][39m [37m<-- POST /wd/hub/session/31fc2755-9d7b-451d-b0ff-2694b6d1e1ea/timeouts [39m[32m200[39m [90m2 ms - 14[39m
[35m[HTTP][39m [90m[39m
[35m[HTTP][39m [37m-->[39m [37mPOST[39m [37m/wd/hub/session/31fc2755-9d7b-451d-b0ff-2694b6d1e1ea/touch/perform[39m
[35m[HTTP][39m [90m{"actions":[{"action":"tap","options":{"x":1,"y":1,"element":"d55cf3e2-8a65-42a4-b8ba-6c31ac9c507d"}},{"action":"release","options":{}}]}[39m
[35m[UiAutomator2][39m calling get location: d55cf3e2-8a65-42a4-b8ba-6c31ac9c507d
[35m[HTTP][39m [37m<-- POST /wd/hub/session/31fc2755-9d7b-451d-b0ff-2694b6d1e1ea/touch/perform [39m[32m200[39m [90m177 ms - 14[39m
[35m[HTTP][39m [90m[39m
[35m[HTTP][39m [37m-->[39m [37mPOST[39m [37m/wd/hub/session/31fc2755-9d7b-451d-b0ff-2694b6d1e1ea/timeouts[39m
[35m[HTTP][39m [90m{"implicit":50}[39m
[35m[HTTP][39m [37m<-- POST /wd/hub/session/31fc2755-9d7b-451d-b0ff-2694b6d1e1ea/timeouts [39m[32m200[39m [90m2 ms - 14[39m
[35m[HTTP][39m [90m[39m
[35m[HTTP][39m [37m-->[39m [37mGET[39m [37m/wd/hub/session/31fc2755-9d7b-451d-b0ff-2694b6d1e1ea/window/rect[39m
[35m[HTTP][39m [90m{}[39m
[35m[HTTP][39m [37m<-- GET /wd/hub/session/31fc2755-9d7b-451d-b0ff-2694b6d1e1ea/window/rect [39m[32m200[39m [90m31 ms - 49[39m
[35m[HTTP][39m [90m[39m
[35m[HTTP][39m [37m-->[39m [37mPOST[39m [37m/wd/hub/session/31fc2755-9d7b-451d-b0ff-2694b6d1e1ea/elements[39m
[35m[HTTP][39m [90m{"using":"xpath","value":"//*[@class = 'android.widget.EditText' and (@text = 'First Name' or . = 'First Name')]"}[39m
[35m[HTTP][39m [37m<-- POST /wd/hub/session/31fc2755-9d7b-451d-b0ff-2694b6d1e1ea/elements [39m[32m200[39m [90m923 ms - 139[39m
[35m[HTTP][39m [90m[39m
[35m[HTTP][39m [37m-->[39m [37mGET[39m [37m/wd/hub/session/31fc2755-9d7b-451d-b0ff-2694b6d1e1ea/element/4fe67f64-437f-4f13-9374-4679b04ac409/location[39m
[35m[HTTP][39m [90m{}[39m
[35m[W3C (31fc2755)][39m Driver proxy active, passing request on via HTTP proxy
[35m[WD Proxy][39m Replacing sessionId 44ab8e72-72a5-437c-bbae-f7198cc7b7ca with 31fc2755-9d7b-451d-b0ff-2694b6d1e1ea
[35m[HTTP][39m [37m<-- GET /wd/hub/session/31fc2755-9d7b-451d-b0ff-2694b6d1e1ea/element/4fe67f64-437f-4f13-9374-4679b04ac409/location [39m[32m200[39m [90m28 ms - 77[39m
[35m[HTTP][39m [90m[39m
[35m[HTTP][39m [37m-->[39m [37mPOST[39m [37m/wd/hub/session/31fc2755-9d7b-451d-b0ff-2694b6d1e1ea/timeouts[39m
[35m[HTTP][39m [90m{"implicit":30000}[39m
[35m[HTTP][39m [37m<-- POST /wd/hub/session/31fc2755-9d7b-451d-b0ff-2694b6d1e1ea/timeouts [39m[32m200[39m [90m3 ms - 14[39m
[35m[HTTP][39m [90m[39m
[35m[HTTP][39m [37m-->[39m [37mPOST[39m [37m/wd/hub/session/31fc2755-9d7b-451d-b0ff-2694b6d1e1ea/element/4fe67f64-437f-4f13-9374-4679b04ac409/clear[39m
[35m[HTTP][39m [90m{"id":"4fe67f64-437f-4f13-9374-4679b04ac409"}[39m
[35m[HTTP][39m [37m<-- POST /wd/hub/session/31fc2755-9d7b-451d-b0ff-2694b6d1e1ea/element/4fe67f64-437f-4f13-9374-4679b04ac409/clear [39m[32m200[39m [90m76 ms - 14[39m
[35m[HTTP][39m [90m[39m
[35m[HTTP][39m [37m-->[39m [37mPOST[39m [37m/wd/hub/session/31fc2755-9d7b-451d-b0ff-2694b6d1e1ea/element/4fe67f64-437f-4f13-9374-4679b04ac409/value[39m
[35m[HTTP][39m [90m{"id":"4fe67f64-437f-4f13-9374-4679b04ac409","text":"Do","value":["D","o"]}[39m
[35m[HTTP][39m [37m<-- POST /wd/hub/session/31fc2755-9d7b-451d-b0ff-2694b6d1e1ea/element/4fe67f64-437f-4f13-9374-4679b04ac409/value [39m[32m200[39m [90m526 ms - 14[39m
[35m[HTTP][39m [90m[39m
[35m[HTTP][39m [37m-->[39m [37mPOST[39m [37m/wd/hub/session/31fc2755-9d7b-451d-b0ff-2694b6d1e1ea/timeouts[39m
[35m[HTTP][39m [90m{"implicit":50}[39m
[35m[HTTP][39m [37m<-- POST /wd/hub/session/31fc2755-9d7b-451d-b0ff-2694b6d1e1ea/timeouts [39m[32m200[39m [90m2 ms - 14[39m
[35m[HTTP][39m [90m[39m
[35m[HTTP][39m [37m-->[39m [37mGET[39m [37m/wd/hub/session/31fc2755-9d7b-451d-b0ff-2694b6d1e1ea/window/rect[39m
[35m[HTTP][39m [90m{}[39m
[35m[HTTP][39m [37m<-- GET /wd/hub/session/31fc2755-9d7b-451d-b0ff-2694b6d1e1ea/window/rect [39m[32m200[39m [90m29 ms - 49[39m
[35m[HTTP][39m [90m[39m
[35m[HTTP][39m [37m-->[39m [37mPOST[39m [37m/wd/hub/session/31fc2755-9d7b-451d-b0ff-2694b6d1e1ea/elements[39m
[35m[HTTP][39m [90m{"using":"xpath","value":"//*[@class = 'android.widget.EditText' and (@text = 'Last Name' or . = 'Last Name')]"}[39m
[35m[HTTP][39m [37m<-- POST /wd/hub/session/31fc2755-9d7b-451d-b0ff-2694b6d1e1ea/elements [39m[32m200[39m [90m661 ms - 139[39m
[35m[HTTP][39m [90m[39m
[35m[HTTP][39m [37m-->[39m [37mGET[39m [37m/wd/hub/session/31fc2755-9d7b-451d-b0ff-2694b6d1e1ea/element/b78436f7-8386-4845-97ed-6012e3f18405/location[39m
[35m[HTTP][39m [90m{}[39m
[35m[W3C (31fc2755)][39m Driver proxy active, passing request on via HTTP proxy
[35m[WD Proxy][39m Replacing sessionId 44ab8e72-72a5-437c-bbae-f7198cc7b7ca with 31fc2755-9d7b-451d-b0ff-2694b6d1e1ea
[35m[HTTP][39m [37m<-- GET /wd/hub/session/31fc2755-9d7b-451d-b0ff-2694b6d1e1ea/element/b78436f7-8386-4845-97ed-6012e3f18405/location [39m[32m200[39m [90m28 ms - 77[39m
[35m[HTTP][39m [90m[39m
[35m[HTTP][39m [37m-->[39m [37mPOST[39m [37m/wd/hub/session/31fc2755-9d7b-451d-b0ff-2694b6d1e1ea/timeouts[39m
[35m[HTTP][39m [90m{"implicit":30000}[39m
[35m[HTTP][39m [37m<-- POST /wd/hub/session/31fc2755-9d7b-451d-b0ff-2694b6d1e1ea/timeouts [39m[32m200[39m [90m2 ms - 14[39m
[35m[HTTP][39m [90m[39m
[35m[HTTP][39m [37m-->[39m [37mPOST[39m [37m/wd/hub/session/31fc2755-9d7b-451d-b0ff-2694b6d1e1ea/element/b78436f7-8386-4845-97ed-6012e3f18405/clear[39m
[35m[HTTP][39m [90m{"id":"b78436f7-8386-4845-97ed-6012e3f18405"}[39m
[35m[HTTP][39m [37m<-- POST /wd/hub/session/31fc2755-9d7b-451d-b0ff-2694b6d1e1ea/element/b78436f7-8386-4845-97ed-6012e3f18405/clear [39m[32m200[39m [90m44 ms - 14[39m
[35m[HTTP][39m [90m[39m
[35m[HTTP][39m [37m-->[39m [37mPOST[39m [37m/wd/hub/session/31fc2755-9d7b-451d-b0ff-2694b6d1e1ea/element/b78436f7-8386-4845-97ed-6012e3f18405/value[39m
[35m[HTTP][39m [90m{"id":"b78436f7-8386-4845-97ed-6012e3f18405","text":"Ni","value":["N","i"]}[39m
[35m[HTTP][39m [37m<-- POST /wd/hub/session/31fc2755-9d7b-451d-b0ff-2694b6d1e1ea/element/b78436f7-8386-4845-97ed-6012e3f18405/value [39m[32m200[39m [90m1344 ms - 14[39m
[35m[HTTP][39m [90m[39m
[35m[HTTP][39m [37m-->[39m [37mGET[39m [37m/wd/hub/status[39m
[35m[HTTP][39m [90m{}[39m
[35m[HTTP][39m [37m<-- GET /wd/hub/status [39m[32m200[39m [90m2 ms - 68[39m
[35m[HTTP][39m [90m[39m
[35m[HTTP][39m [37m-->[39m [37mPOST[39m [37m/wd/hub/session[39m
[35m[HTTP][39m [90m{"desiredCapabilities":{"appActivity":".Settings","appPackage":"com.android.settings","newCommandTimeout":1800,"platformVersion":"10","automationName":"uiautomator2","autoGrantPermissions":true,"platformName":"Android","udid":"4a90dd0d","deviceName":"Xiaomi Redmi 7 (Android 10)","platform":"ANDROID","systemPort":8244},"capabilities":{"firstMatch":[{"appium:appActivity":".Settings","appium:appPackage":"com.android.settings","appium:autoGrantPermissions":true,"appium:automationName":"uiautomator2","appium:deviceName":"Xiaomi Redmi 7 (Android 10)","appium:newCommandTimeout":1800,"platform":"ANDROID","platformName":"android","appium:platformVersion":"10","appium:systemPort":8244,"appium:udid":"4a90dd0d"}]}}[39m
[35m[BaseDriver][39m The following capabilities are not standard capabilities and should have an extension prefix:
[35m[BaseDriver][39m   platform
[35m[BaseDriver][39m   chromedriverPort
[35m[Appium][39m Appium v1.21.0 creating new AndroidUiautomator2Driver (v1.65.0) session
[35m[BaseDriver][39m The following capabilities were provided, but are not recognized by Appium:
[35m[BaseDriver][39m   platform
[35m[BaseDriver][39m Session created with session id: af539b6b-2ff1-4ef0-9171-77cfc921e6db
[35m[UiAutomator2][39m Starting 'com.android.settings' directly on the device
[35m[ADB][39m Using 'adb.exe' from 'C:\Users\Lenovo\.katalon\tools\android_sdk\platform-tools\adb.exe'
[35m[AndroidDriver][39m Retrieving device list
[35m[AndroidDriver][39m Using device: 4a90dd0d
[35m[ADB][39m Using 'adb.exe' from 'C:\Users\Lenovo\.katalon\tools\android_sdk\platform-tools\adb.exe'
[35m[ADB][39m Getting device platform version
[35m[UiAutomator2][39m Relaxing hidden api policy
[35m[AndroidDriver][39m No app sent in, not parsing package/activity
[35m[ADB][39m Using 'apksigner.jar' from 'C:\Users\Lenovo\.katalon\tools\android_sdk\build-tools\29.0.3\lib\apksigner.jar'
[35m[ADB][39m 'C:\Users\Lenovo\AppData\Roaming\npm\node_modules\appium\node_modules\appium-uiautomator2-server\apks\appium-uiautomator2-server-v4.21.1.apk' is signed with the default certificate
[35m[HTTP][39m [37m<-- POST /wd/hub/session [39m[32m-[39m [90m- ms - -[39m
[35m[HTTP][39m [90m[39m
[35m[ADB][39m 'C:\Users\Lenovo\AppData\Roaming\npm\node_modules\appium\node_modules\appium-uiautomator2-server\apks\appium-uiautomator2-server-debug-androidTest.apk' is signed with the default certificate
[35m[UiAutomator2][39m Server packages are not going to be (re)installed
[35m[ADB][39m Adding packages ["io.appium.settings","io.appium.uiautomator2.server","io.appium.uiautomator2.server.test"] to Doze whitelist
[35m[UiAutomator2][39m Starting UIAutomator2 server 4.21.1
[35m[UiAutomator2][39m Using UIAutomator2 server from 'C:\Users\Lenovo\AppData\Roaming\npm\node_modules\appium\node_modules\appium-uiautomator2-server\apks\appium-uiautomator2-server-v4.21.1.apk' and test from 'C:\Users\Lenovo\AppData\Roaming\npm\node_modules\appium\node_modules\appium-uiautomator2-server\apks\appium-uiautomator2-server-debug-androidTest.apk'
[35m[UiAutomator2][39m Waiting up to 30000ms for UiAutomator2 to be online...
[35m[WD Proxy][39m socket hang up
[35m[WD Proxy][39m socket hang up
[35m[WD Proxy][39m socket hang up
[35m[WD Proxy][39m socket hang up
[35m[WD Proxy][39m Determined the downstream protocol as 'W3C'
[35m[AndroidDriver][39m Screen already unlocked, doing nothing
[35m[UiAutomator2][39m Starting 'com.android.settings/.Settings and waiting for 'com.android.settings/.Settings'
[35m[Appium][39m New AndroidUiautomator2Driver session created successfully, session af539b6b-2ff1-4ef0-9171-77cfc921e6db added to master session list
[35m[BaseDriver][39m Shutting down because we waited 1800 seconds for a command
[35m[Appium][39m Closing session, cause was 'New Command Timeout of 1800 seconds expired. Try customizing the timeout using the 'newCommandTimeout' desired capability'
[35m[Appium][39m Removing session '31fc2755-9d7b-451d-b0ff-2694b6d1e1ea' from our master session list
[35m[UiAutomator2][39m Did not get confirmation UiAutomator2 deleteSession worked; Error was: UnknownError: An unknown server-side error occurred while processing the command. Original error: 'DELETE /' cannot be proxied to UiAutomator2 server because the instrumentation process is not running (probably crashed). Check the server log and/or the logcat output for more details
[35m[UiAutomator2][39m Restoring hidden api policy to the device default configuration
[35m[BaseDriver][39m Shutting down because we waited 1800 seconds for a command
[35m[Appium][39m Closing session, cause was 'New Command Timeout of 1800 seconds expired. Try customizing the timeout using the 'newCommandTimeout' desired capability'
[35m[Appium][39m Removing session 'af539b6b-2ff1-4ef0-9171-77cfc921e6db' from our master session list
[35m[UiAutomator2][39m Did not get confirmation UiAutomator2 deleteSession worked; Error was: UnknownError: An unknown server-side error occurred while processing the command. Original error: 'DELETE /' cannot be proxied to UiAutomator2 server because the instrumentation process is not running (probably crashed). Check the server log and/or the logcat output for more details
[35m[UiAutomator2][39m Restoring hidden api policy to the device default configuration
