[35m[Appium][39m Welcome to Appium v1.21.0
[35m[Appium][39m Non-default server args:
[35m[Appium][39m   port: 50412
[35m[Appium][39m   loglevel: info
[35m[Appium][39m   tmpDir: C:\Users\Lenovo\AppData\Local\Temp\\Katalon\Appium\Temp1645005941340
[35m[Appium][39m   chromedriverPort: 50413
[35m[Appium][39m Deprecated server args:
[35m[Appium][39m   [31m--chromedriver-port[39m => --default-capabilities
[35m[Appium][39m Default capabilities, which will be added to each request unless overridden by desired capabilities:
[35m[Appium][39m   chromedriverPort: 50413
[35m[Appium][39m Appium REST http interface listener started on 0.0.0.0:50412
[35m[HTTP][39m [37m-->[39m [37mGET[39m [37m/wd/hub/status[39m
[35m[HTTP][39m [90m{}[39m
[35m[HTTP][39m [37m<-- GET /wd/hub/status [39m[32m200[39m [90m16 ms - 68[39m
[35m[HTTP][39m [90m[39m
[35m[HTTP][39m [37m-->[39m [37mPOST[39m [37m/wd/hub/session[39m
[35m[HTTP][39m [90m{"desiredCapabilities":{"appActivity":".Settings","appPackage":"com.android.settings","newCommandTimeout":1800,"platformVersion":"10","automationName":"uiautomator2","autoGrantPermissions":true,"platformName":"Android","udid":"4a90dd0d","deviceName":"Xiaomi Redmi 7 (Android 10)","platform":"ANDROID","systemPort":8272},"capabilities":{"firstMatch":[{"appium:appActivity":".Settings","appium:appPackage":"com.android.settings","appium:autoGrantPermissions":true,"appium:automationName":"uiautomator2","appium:deviceName":"Xiaomi Redmi 7 (Android 10)","appium:newCommandTimeout":1800,"platform":"ANDROID","platformName":"android","appium:platformVersion":"10","appium:systemPort":8272,"appium:udid":"4a90dd0d"}]}}[39m
[35m[BaseDriver][39m The following capabilities are not standard capabilities and should have an extension prefix:
[35m[BaseDriver][39m   platform
[35m[BaseDriver][39m   chromedriverPort
[35m[Appium][39m Appium v1.21.0 creating new AndroidUiautomator2Driver (v1.65.0) session
[35m[BaseDriver][39m The following capabilities were provided, but are not recognized by Appium:
[35m[BaseDriver][39m   platform
[35m[BaseDriver][39m Session created with session id: 6c62eb61-6fee-48d9-b468-6ad148f86d5c
[35m[UiAutomator2][39m Starting 'com.android.settings' directly on the device
[35m[ADB][39m Found 1 'build-tools' folders under 'C:\Users\Lenovo\.katalon\tools\android_sdk' (newest first):
[35m[ADB][39m     C:/Users/Lenovo/.katalon/tools/android_sdk/build-tools/29.0.3
[35m[ADB][39m Using 'adb.exe' from 'C:\Users\Lenovo\.katalon\tools\android_sdk\platform-tools\adb.exe'
[35m[AndroidDriver][39m Retrieving device list
[35m[AndroidDriver][39m Using device: 4a90dd0d
[35m[ADB][39m Using 'adb.exe' from 'C:\Users\Lenovo\.katalon\tools\android_sdk\platform-tools\adb.exe'
[35m[ADB][39m Getting device platform version
[35m[UiAutomator2][39m Relaxing hidden api policy
[35m[AndroidDriver][39m No app sent in, not parsing package/activity
[35m[ADB][39m Using 'apksigner.jar' from 'C:\Users\Lenovo\.katalon\tools\android_sdk\build-tools\29.0.3\lib\apksigner.jar'
[35m[ADB][39m 'C:\Users\Lenovo\AppData\Roaming\npm\node_modules\appium\node_modules\appium-uiautomator2-server\apks\appium-uiautomator2-server-v4.21.1.apk' is signed with the default certificate
[35m[ADB][39m 'C:\Users\Lenovo\AppData\Roaming\npm\node_modules\appium\node_modules\appium-uiautomator2-server\apks\appium-uiautomator2-server-debug-androidTest.apk' is signed with the default certificate
[35m[UiAutomator2][39m Server packages are not going to be (re)installed
[35m[ADB][39m Adding packages ["io.appium.settings","io.appium.uiautomator2.server","io.appium.uiautomator2.server.test"] to Doze whitelist
[35m[UiAutomator2][39m Starting UIAutomator2 server 4.21.1
[35m[UiAutomator2][39m Using UIAutomator2 server from 'C:\Users\Lenovo\AppData\Roaming\npm\node_modules\appium\node_modules\appium-uiautomator2-server\apks\appium-uiautomator2-server-v4.21.1.apk' and test from 'C:\Users\Lenovo\AppData\Roaming\npm\node_modules\appium\node_modules\appium-uiautomator2-server\apks\appium-uiautomator2-server-debug-androidTest.apk'
[35m[UiAutomator2][39m Waiting up to 30000ms for UiAutomator2 to be online...
[35m[WD Proxy][39m socket hang up
[35m[WD Proxy][39m socket hang up
[35m[WD Proxy][39m socket hang up
[35m[WD Proxy][39m socket hang up
[35m[WD Proxy][39m Determined the downstream protocol as 'W3C'
[35m[AndroidDriver][39m Screen already unlocked, doing nothing
[35m[UiAutomator2][39m Starting 'com.android.settings/.Settings and waiting for 'com.android.settings/.Settings'
[35m[Appium][39m New AndroidUiautomator2Driver session created successfully, session 6c62eb61-6fee-48d9-b468-6ad148f86d5c added to master session list
[35m[HTTP][39m [37m<-- POST /wd/hub/session [39m[32m200[39m [90m16327 ms - 1136[39m
[35m[HTTP][39m [90m[39m
[35m[HTTP][39m [37m-->[39m [37mGET[39m [37m/wd/hub/session/6c62eb61-6fee-48d9-b468-6ad148f86d5c[39m
[35m[HTTP][39m [90m{}[39m
[35m[HTTP][39m [37m<-- GET /wd/hub/session/6c62eb61-6fee-48d9-b468-6ad148f86d5c [39m[32m200[39m [90m22 ms - 1090[39m
[35m[HTTP][39m [90m[39m
[35m[HTTP][39m [37m-->[39m [37mGET[39m [37m/wd/hub/session/6c62eb61-6fee-48d9-b468-6ad148f86d5c[39m
[35m[HTTP][39m [90m{}[39m
[35m[HTTP][39m [37m<-- GET /wd/hub/session/6c62eb61-6fee-48d9-b468-6ad148f86d5c [39m[32m200[39m [90m20 ms - 1090[39m
[35m[HTTP][39m [90m[39m
[35m[HTTP][39m [37m-->[39m [37mGET[39m [37m/wd/hub/status[39m
[35m[HTTP][39m [90m{}[39m
[35m[HTTP][39m [37m<-- GET /wd/hub/status [39m[32m200[39m [90m2 ms - 68[39m
[35m[HTTP][39m [90m[39m
[35m[HTTP][39m [37m-->[39m [37mPOST[39m [37m/wd/hub/session/6c62eb61-6fee-48d9-b468-6ad148f86d5c/timeouts[39m
[35m[HTTP][39m [90m{"implicit":30000}[39m
[35m[HTTP][39m [37m<-- POST /wd/hub/session/6c62eb61-6fee-48d9-b468-6ad148f86d5c/timeouts [39m[32m200[39m [90m8 ms - 14[39m
[35m[HTTP][39m [90m[39m
[35m[HTTP][39m [37m-->[39m [37mGET[39m [37m/wd/hub/session/6c62eb61-6fee-48d9-b468-6ad148f86d5c/screenshot[39m
[35m[HTTP][39m [90m{}[39m
[35m[HTTP][39m [37m<-- GET /wd/hub/session/6c62eb61-6fee-48d9-b468-6ad148f86d5c/screenshot [39m[32m200[39m [90m539 ms - 125502[39m
[35m[HTTP][39m [90m[39m
[35m[HTTP][39m [37m-->[39m [37mGET[39m [37m/wd/hub/session/6c62eb61-6fee-48d9-b468-6ad148f86d5c/window/rect[39m
[35m[HTTP][39m [90m{}[39m
[35m[HTTP][39m [37m<-- GET /wd/hub/session/6c62eb61-6fee-48d9-b468-6ad148f86d5c/window/rect [39m[32m200[39m [90m66 ms - 49[39m
[35m[HTTP][39m [90m[39m
[35m[HTTP][39m [37m-->[39m [37mGET[39m [37m/wd/hub/session/6c62eb61-6fee-48d9-b468-6ad148f86d5c/appium/device/system_bars[39m
[35m[HTTP][39m [90m{}[39m
[35m[HTTP][39m [37m<-- GET /wd/hub/session/6c62eb61-6fee-48d9-b468-6ad148f86d5c/appium/device/system_bars [39m[31m500[39m [90m380 ms - 649[39m
[35m[HTTP][39m [90m[39m
[35m[HTTP][39m [37m-->[39m [37mPOST[39m [37m/wd/hub/session/6c62eb61-6fee-48d9-b468-6ad148f86d5c/appium/device/activate_app[39m
[35m[HTTP][39m [90m{"bundleId":"com.swaglabsmobileapp"}[39m
[35m[HTTP][39m [37m<-- POST /wd/hub/session/6c62eb61-6fee-48d9-b468-6ad148f86d5c/appium/device/activate_app [39m[32m200[39m [90m767 ms - 14[39m
[35m[HTTP][39m [90m[39m
[35m[HTTP][39m [37m-->[39m [37mPOST[39m [37m/wd/hub/session/6c62eb61-6fee-48d9-b468-6ad148f86d5c/timeouts[39m
[35m[HTTP][39m [90m{"implicit":50}[39m
[35m[HTTP][39m [37m<-- POST /wd/hub/session/6c62eb61-6fee-48d9-b468-6ad148f86d5c/timeouts [39m[32m200[39m [90m6 ms - 14[39m
[35m[HTTP][39m [90m[39m
[35m[HTTP][39m [37m-->[39m [37mGET[39m [37m/wd/hub/session/6c62eb61-6fee-48d9-b468-6ad148f86d5c/window/rect[39m
[35m[HTTP][39m [90m{}[39m
[35m[HTTP][39m [37m<-- GET /wd/hub/session/6c62eb61-6fee-48d9-b468-6ad148f86d5c/window/rect [39m[32m200[39m [90m23 ms - 49[39m
[35m[HTTP][39m [90m[39m
[35m[HTTP][39m [37m-->[39m [37mPOST[39m [37m/wd/hub/session/6c62eb61-6fee-48d9-b468-6ad148f86d5c/elements[39m
[35m[HTTP][39m [90m{"using":"xpath","value":"//*[@class = 'android.widget.EditText' and (@text = 'Username' or . = 'Username')]"}[39m
[35m[HTTP][39m [37m<-- POST /wd/hub/session/6c62eb61-6fee-48d9-b468-6ad148f86d5c/elements [39m[32m200[39m [90m437 ms - 12[39m
[35m[HTTP][39m [90m[39m
[35m[HTTP][39m [37m-->[39m [37mPOST[39m [37m/wd/hub/session/6c62eb61-6fee-48d9-b468-6ad148f86d5c/elements[39m
[35m[HTTP][39m [90m{"using":"xpath","value":"//*[@class = 'android.widget.EditText' and (@text = 'Username' or . = 'Username')]"}[39m
[35m[HTTP][39m [37m<-- POST /wd/hub/session/6c62eb61-6fee-48d9-b468-6ad148f86d5c/elements [39m[32m200[39m [90m205 ms - 12[39m
[35m[HTTP][39m [90m[39m
[35m[HTTP][39m [37m-->[39m [37mPOST[39m [37m/wd/hub/session/6c62eb61-6fee-48d9-b468-6ad148f86d5c/elements[39m
[35m[HTTP][39m [90m{"using":"xpath","value":"//*[@class = 'android.widget.EditText' and (@text = 'Username' or . = 'Username')]"}[39m
[35m[HTTP][39m [37m<-- POST /wd/hub/session/6c62eb61-6fee-48d9-b468-6ad148f86d5c/elements [39m[32m200[39m [90m710 ms - 12[39m
[35m[HTTP][39m [90m[39m
[35m[HTTP][39m [37m-->[39m [37mPOST[39m [37m/wd/hub/session/6c62eb61-6fee-48d9-b468-6ad148f86d5c/elements[39m
[35m[HTTP][39m [90m{"using":"xpath","value":"//*[@class = 'android.widget.EditText' and (@text = 'Username' or . = 'Username')]"}[39m
[35m[HTTP][39m [37m<-- POST /wd/hub/session/6c62eb61-6fee-48d9-b468-6ad148f86d5c/elements [39m[32m200[39m [90m903 ms - 139[39m
[35m[HTTP][39m [90m[39m
[35m[HTTP][39m [37m-->[39m [37mGET[39m [37m/wd/hub/session/6c62eb61-6fee-48d9-b468-6ad148f86d5c/element/7cce61dd-1a19-4fcf-8d0e-c1d2e924c092/location[39m
[35m[HTTP][39m [90m{}[39m
[35m[W3C (6c62eb61)][39m Driver proxy active, passing request on via HTTP proxy
[35m[WD Proxy][39m Replacing sessionId 6f798975-303c-406d-840f-668d28e950bb with 6c62eb61-6fee-48d9-b468-6ad148f86d5c
[35m[HTTP][39m [37m<-- GET /wd/hub/session/6c62eb61-6fee-48d9-b468-6ad148f86d5c/element/7cce61dd-1a19-4fcf-8d0e-c1d2e924c092/location [39m[32m200[39m [90m64 ms - 77[39m
[35m[HTTP][39m [90m[39m
[35m[HTTP][39m [37m-->[39m [37mPOST[39m [37m/wd/hub/session/6c62eb61-6fee-48d9-b468-6ad148f86d5c/timeouts[39m
[35m[HTTP][39m [90m{"implicit":30000}[39m
[35m[HTTP][39m [37m<-- POST /wd/hub/session/6c62eb61-6fee-48d9-b468-6ad148f86d5c/timeouts [39m[32m200[39m [90m3 ms - 14[39m
[35m[HTTP][39m [90m[39m
[35m[HTTP][39m [37m-->[39m [37mPOST[39m [37m/wd/hub/session/6c62eb61-6fee-48d9-b468-6ad148f86d5c/element/7cce61dd-1a19-4fcf-8d0e-c1d2e924c092/clear[39m
[35m[HTTP][39m [90m{"id":"7cce61dd-1a19-4fcf-8d0e-c1d2e924c092"}[39m
[35m[HTTP][39m [37m<-- POST /wd/hub/session/6c62eb61-6fee-48d9-b468-6ad148f86d5c/element/7cce61dd-1a19-4fcf-8d0e-c1d2e924c092/clear [39m[32m200[39m [90m42 ms - 14[39m
[35m[HTTP][39m [90m[39m
[35m[HTTP][39m [37m-->[39m [37mPOST[39m [37m/wd/hub/session/6c62eb61-6fee-48d9-b468-6ad148f86d5c/element/7cce61dd-1a19-4fcf-8d0e-c1d2e924c092/value[39m
[35m[HTTP][39m [90m{"id":"7cce61dd-1a19-4fcf-8d0e-c1d2e924c092","text":"standard_user","value":["s","t","a","n","d","a","r","d","_","u","s","e","r"]}[39m
[35m[HTTP][39m [37m<-- POST /wd/hub/session/6c62eb61-6fee-48d9-b468-6ad148f86d5c/element/7cce61dd-1a19-4fcf-8d0e-c1d2e924c092/value [39m[32m200[39m [90m1562 ms - 14[39m
[35m[HTTP][39m [90m[39m
[35m[HTTP][39m [37m-->[39m [37mPOST[39m [37m/wd/hub/session/6c62eb61-6fee-48d9-b468-6ad148f86d5c/timeouts[39m
[35m[HTTP][39m [90m{"implicit":50}[39m
[35m[HTTP][39m [37m<-- POST /wd/hub/session/6c62eb61-6fee-48d9-b468-6ad148f86d5c/timeouts [39m[32m200[39m [90m3 ms - 14[39m
[35m[HTTP][39m [90m[39m
[35m[HTTP][39m [37m-->[39m [37mGET[39m [37m/wd/hub/session/6c62eb61-6fee-48d9-b468-6ad148f86d5c/window/rect[39m
[35m[HTTP][39m [90m{}[39m
[35m[HTTP][39m [37m<-- GET /wd/hub/session/6c62eb61-6fee-48d9-b468-6ad148f86d5c/window/rect [39m[32m200[39m [90m53 ms - 49[39m
[35m[HTTP][39m [90m[39m
[35m[HTTP][39m [37m-->[39m [37mPOST[39m [37m/wd/hub/session/6c62eb61-6fee-48d9-b468-6ad148f86d5c/elements[39m
[35m[HTTP][39m [90m{"using":"xpath","value":"//*[@class = 'android.widget.EditText' and (@text = 'Password' or . = 'Password')]"}[39m
[35m[HTTP][39m [37m<-- POST /wd/hub/session/6c62eb61-6fee-48d9-b468-6ad148f86d5c/elements [39m[32m200[39m [90m345 ms - 139[39m
[35m[HTTP][39m [90m[39m
[35m[HTTP][39m [37m-->[39m [37mGET[39m [37m/wd/hub/session/6c62eb61-6fee-48d9-b468-6ad148f86d5c/element/873329d9-d0a4-4bda-ae92-bf6035034bac/location[39m
[35m[HTTP][39m [90m{}[39m
[35m[W3C (6c62eb61)][39m Driver proxy active, passing request on via HTTP proxy
[35m[WD Proxy][39m Replacing sessionId 6f798975-303c-406d-840f-668d28e950bb with 6c62eb61-6fee-48d9-b468-6ad148f86d5c
[35m[HTTP][39m [37m<-- GET /wd/hub/session/6c62eb61-6fee-48d9-b468-6ad148f86d5c/element/873329d9-d0a4-4bda-ae92-bf6035034bac/location [39m[32m200[39m [90m54 ms - 77[39m
[35m[HTTP][39m [90m[39m
[35m[HTTP][39m [37m-->[39m [37mPOST[39m [37m/wd/hub/session/6c62eb61-6fee-48d9-b468-6ad148f86d5c/timeouts[39m
[35m[HTTP][39m [90m{"implicit":30000}[39m
[35m[HTTP][39m [37m<-- POST /wd/hub/session/6c62eb61-6fee-48d9-b468-6ad148f86d5c/timeouts [39m[32m200[39m [90m3 ms - 14[39m
[35m[HTTP][39m [90m[39m
[35m[HTTP][39m [37m-->[39m [37mPOST[39m [37m/wd/hub/session/6c62eb61-6fee-48d9-b468-6ad148f86d5c/element/873329d9-d0a4-4bda-ae92-bf6035034bac/clear[39m
[35m[HTTP][39m [90m{"id":"873329d9-d0a4-4bda-ae92-bf6035034bac"}[39m
[35m[HTTP][39m [37m<-- POST /wd/hub/session/6c62eb61-6fee-48d9-b468-6ad148f86d5c/element/873329d9-d0a4-4bda-ae92-bf6035034bac/clear [39m[32m200[39m [90m689 ms - 14[39m
[35m[HTTP][39m [90m[39m
[35m[HTTP][39m [37m-->[39m [37mPOST[39m [37m/wd/hub/session/6c62eb61-6fee-48d9-b468-6ad148f86d5c/element/873329d9-d0a4-4bda-ae92-bf6035034bac/value[39m
[35m[HTTP][39m [90m{"id":"873329d9-d0a4-4bda-ae92-bf6035034bac","text":"secret_sauce","value":["s","e","c","r","e","t","_","s","a","u","c","e"]}[39m
[35m[HTTP][39m [37m<-- POST /wd/hub/session/6c62eb61-6fee-48d9-b468-6ad148f86d5c/element/873329d9-d0a4-4bda-ae92-bf6035034bac/value [39m[32m200[39m [90m1683 ms - 14[39m
[35m[HTTP][39m [90m[39m
[35m[HTTP][39m [37m-->[39m [37mPOST[39m [37m/wd/hub/session/6c62eb61-6fee-48d9-b468-6ad148f86d5c/timeouts[39m
[35m[HTTP][39m [90m{"implicit":50}[39m
[35m[HTTP][39m [37m<-- POST /wd/hub/session/6c62eb61-6fee-48d9-b468-6ad148f86d5c/timeouts [39m[32m200[39m [90m3 ms - 14[39m
[35m[HTTP][39m [90m[39m
[35m[HTTP][39m [37m-->[39m [37mGET[39m [37m/wd/hub/session/6c62eb61-6fee-48d9-b468-6ad148f86d5c/window/rect[39m
[35m[HTTP][39m [90m{}[39m
[35m[HTTP][39m [37m<-- GET /wd/hub/session/6c62eb61-6fee-48d9-b468-6ad148f86d5c/window/rect [39m[32m200[39m [90m32 ms - 49[39m
[35m[HTTP][39m [90m[39m
[35m[HTTP][39m [37m-->[39m [37mPOST[39m [37m/wd/hub/session/6c62eb61-6fee-48d9-b468-6ad148f86d5c/elements[39m
[35m[HTTP][39m [90m{"using":"accessibility id","value":"test-LOGIN"}[39m
[35m[HTTP][39m [37m<-- POST /wd/hub/session/6c62eb61-6fee-48d9-b468-6ad148f86d5c/elements [39m[32m200[39m [90m277 ms - 139[39m
[35m[HTTP][39m [90m[39m
[35m[HTTP][39m [37m-->[39m [37mGET[39m [37m/wd/hub/session/6c62eb61-6fee-48d9-b468-6ad148f86d5c/element/34ff04f4-ea6b-45bf-9c65-46e85db937cf/location[39m
[35m[HTTP][39m [90m{}[39m
[35m[W3C (6c62eb61)][39m Driver proxy active, passing request on via HTTP proxy
[35m[WD Proxy][39m Replacing sessionId 6f798975-303c-406d-840f-668d28e950bb with 6c62eb61-6fee-48d9-b468-6ad148f86d5c
[35m[HTTP][39m [37m<-- GET /wd/hub/session/6c62eb61-6fee-48d9-b468-6ad148f86d5c/element/34ff04f4-ea6b-45bf-9c65-46e85db937cf/location [39m[32m200[39m [90m40 ms - 77[39m
[35m[HTTP][39m [90m[39m
[35m[HTTP][39m [37m-->[39m [37mPOST[39m [37m/wd/hub/session/6c62eb61-6fee-48d9-b468-6ad148f86d5c/timeouts[39m
[35m[HTTP][39m [90m{"implicit":30000}[39m
[35m[HTTP][39m [37m<-- POST /wd/hub/session/6c62eb61-6fee-48d9-b468-6ad148f86d5c/timeouts [39m[32m200[39m [90m3 ms - 14[39m
[35m[HTTP][39m [90m[39m
[35m[HTTP][39m [37m-->[39m [37mPOST[39m [37m/wd/hub/session/6c62eb61-6fee-48d9-b468-6ad148f86d5c/touch/perform[39m
[35m[HTTP][39m [90m{"actions":[{"action":"tap","options":{"x":1,"y":1,"element":"34ff04f4-ea6b-45bf-9c65-46e85db937cf"}},{"action":"release","options":{}}]}[39m
[35m[UiAutomator2][39m calling get location: 34ff04f4-ea6b-45bf-9c65-46e85db937cf
[35m[HTTP][39m [37m<-- POST /wd/hub/session/6c62eb61-6fee-48d9-b468-6ad148f86d5c/touch/perform [39m[32m200[39m [90m284 ms - 14[39m
[35m[HTTP][39m [90m[39m
[35m[HTTP][39m [37m-->[39m [37mGET[39m [37m/wd/hub/session/6c62eb61-6fee-48d9-b468-6ad148f86d5c/context[39m
[35m[HTTP][39m [90m{}[39m
[35m[HTTP][39m [37m<-- GET /wd/hub/session/6c62eb61-6fee-48d9-b468-6ad148f86d5c/context [39m[32m200[39m [90m8 ms - 22[39m
[35m[HTTP][39m [90m[39m
[35m[HTTP][39m [37m-->[39m [37mGET[39m [37m/wd/hub/session/6c62eb61-6fee-48d9-b468-6ad148f86d5c/contexts[39m
[35m[HTTP][39m [90m{}[39m
[35m[AndroidDriver][39m Not collecting web view details. Details collection might help to make Chromedriver initialization more precise. Use the 'enableWebviewDetailsCollection' cap to turn it on
[35m[AndroidDriver][39m Skipping the webview 'WEBVIEW_14840' at '@webview_devtools_remote_14840' since it has reported having zero pages
[35m[HTTP][39m [37m<-- GET /wd/hub/session/6c62eb61-6fee-48d9-b468-6ad148f86d5c/contexts [39m[32m200[39m [90m778 ms - 24[39m
[35m[HTTP][39m [90m[39m
[35m[HTTP][39m [37m-->[39m [37mPOST[39m [37m/wd/hub/session/6c62eb61-6fee-48d9-b468-6ad148f86d5c/context[39m
[35m[HTTP][39m [90m{"name":"NATIVE_APP"}[39m
[35m[HTTP][39m [37m<-- POST /wd/hub/session/6c62eb61-6fee-48d9-b468-6ad148f86d5c/context [39m[32m200[39m [90m3 ms - 14[39m
[35m[HTTP][39m [90m[39m
[35m[HTTP][39m [37m-->[39m [37mPOST[39m [37m/wd/hub/session/6c62eb61-6fee-48d9-b468-6ad148f86d5c/element[39m
[35m[HTTP][39m [90m{"using":"-android uiautomator","value":"new UiScrollable(new UiSelector().scrollable(true).instance(0)).scrollIntoView(new UiSelector().textContains(\"Onesie\"))"}[39m
[35m[HTTP][39m [37m<-- POST /wd/hub/session/6c62eb61-6fee-48d9-b468-6ad148f86d5c/element [39m[32m200[39m [90m3711 ms - 137[39m
[35m[HTTP][39m [90m[39m
[35m[HTTP][39m [37m-->[39m [37mPOST[39m [37m/wd/hub/session/6c62eb61-6fee-48d9-b468-6ad148f86d5c/context[39m
[35m[HTTP][39m [90m{"name":"NATIVE_APP"}[39m
[35m[HTTP][39m [37m<-- POST /wd/hub/session/6c62eb61-6fee-48d9-b468-6ad148f86d5c/context [39m[32m200[39m [90m3 ms - 14[39m
[35m[HTTP][39m [90m[39m
[35m[HTTP][39m [37m-->[39m [37mPOST[39m [37m/wd/hub/session/6c62eb61-6fee-48d9-b468-6ad148f86d5c/timeouts[39m
[35m[HTTP][39m [90m{"implicit":50}[39m
[35m[HTTP][39m [37m<-- POST /wd/hub/session/6c62eb61-6fee-48d9-b468-6ad148f86d5c/timeouts [39m[32m200[39m [90m5 ms - 14[39m
[35m[HTTP][39m [90m[39m
[35m[HTTP][39m [37m-->[39m [37mGET[39m [37m/wd/hub/session/6c62eb61-6fee-48d9-b468-6ad148f86d5c/window/rect[39m
[35m[HTTP][39m [90m{}[39m
[35m[HTTP][39m [37m<-- GET /wd/hub/session/6c62eb61-6fee-48d9-b468-6ad148f86d5c/window/rect [39m[32m200[39m [90m47 ms - 49[39m
[35m[HTTP][39m [90m[39m
[35m[HTTP][39m [37m-->[39m [37mPOST[39m [37m/wd/hub/session/6c62eb61-6fee-48d9-b468-6ad148f86d5c/elements[39m
[35m[HTTP][39m [90m{"using":"xpath","value":"//*[@class = 'android.widget.TextView' and (contains(@text, 'Onesie') or contains(., 'Onesie'))]"}[39m
[35m[HTTP][39m [37m<-- POST /wd/hub/session/6c62eb61-6fee-48d9-b468-6ad148f86d5c/elements [39m[32m200[39m [90m396 ms - 139[39m
[35m[HTTP][39m [90m[39m
[35m[HTTP][39m [37m-->[39m [37mGET[39m [37m/wd/hub/session/6c62eb61-6fee-48d9-b468-6ad148f86d5c/element/85a85afd-07d7-4699-b556-eeb127c36ca5/location[39m
[35m[HTTP][39m [90m{}[39m
[35m[W3C (6c62eb61)][39m Driver proxy active, passing request on via HTTP proxy
[35m[WD Proxy][39m Replacing sessionId 6f798975-303c-406d-840f-668d28e950bb with 6c62eb61-6fee-48d9-b468-6ad148f86d5c
[35m[HTTP][39m [37m<-- GET /wd/hub/session/6c62eb61-6fee-48d9-b468-6ad148f86d5c/element/85a85afd-07d7-4699-b556-eeb127c36ca5/location [39m[32m200[39m [90m34 ms - 78[39m
[35m[HTTP][39m [90m[39m
[35m[HTTP][39m [37m-->[39m [37mPOST[39m [37m/wd/hub/session/6c62eb61-6fee-48d9-b468-6ad148f86d5c/timeouts[39m
[35m[HTTP][39m [90m{"implicit":30000}[39m
[35m[HTTP][39m [37m<-- POST /wd/hub/session/6c62eb61-6fee-48d9-b468-6ad148f86d5c/timeouts [39m[32m200[39m [90m4 ms - 14[39m
[35m[HTTP][39m [90m[39m
[35m[HTTP][39m [37m-->[39m [37mPOST[39m [37m/wd/hub/session/6c62eb61-6fee-48d9-b468-6ad148f86d5c/touch/perform[39m
[35m[HTTP][39m [90m{"actions":[{"action":"tap","options":{"x":1,"y":1,"element":"85a85afd-07d7-4699-b556-eeb127c36ca5"}},{"action":"release","options":{}}]}[39m
[35m[UiAutomator2][39m calling get location: 85a85afd-07d7-4699-b556-eeb127c36ca5
[35m[HTTP][39m [37m<-- POST /wd/hub/session/6c62eb61-6fee-48d9-b468-6ad148f86d5c/touch/perform [39m[32m200[39m [90m1644 ms - 14[39m
[35m[HTTP][39m [90m[39m
[35m[HTTP][39m [37m-->[39m [37mGET[39m [37m/wd/hub/session/6c62eb61-6fee-48d9-b468-6ad148f86d5c/context[39m
[35m[HTTP][39m [90m{}[39m
[35m[HTTP][39m [37m<-- GET /wd/hub/session/6c62eb61-6fee-48d9-b468-6ad148f86d5c/context [39m[32m200[39m [90m3 ms - 22[39m
[35m[HTTP][39m [90m[39m
[35m[HTTP][39m [37m-->[39m [37mGET[39m [37m/wd/hub/session/6c62eb61-6fee-48d9-b468-6ad148f86d5c/contexts[39m
[35m[HTTP][39m [90m{}[39m
[35m[AndroidDriver][39m Not collecting web view details. Details collection might help to make Chromedriver initialization more precise. Use the 'enableWebviewDetailsCollection' cap to turn it on
[35m[AndroidDriver][39m Skipping the webview 'WEBVIEW_14840' at '@webview_devtools_remote_14840' since it has reported having zero pages
[35m[HTTP][39m [37m<-- GET /wd/hub/session/6c62eb61-6fee-48d9-b468-6ad148f86d5c/contexts [39m[32m200[39m [90m580 ms - 24[39m
[35m[HTTP][39m [90m[39m
[35m[HTTP][39m [37m-->[39m [37mPOST[39m [37m/wd/hub/session/6c62eb61-6fee-48d9-b468-6ad148f86d5c/context[39m
[35m[HTTP][39m [90m{"name":"NATIVE_APP"}[39m
[35m[HTTP][39m [37m<-- POST /wd/hub/session/6c62eb61-6fee-48d9-b468-6ad148f86d5c/context [39m[32m200[39m [90m3 ms - 14[39m
[35m[HTTP][39m [90m[39m
[35m[HTTP][39m [37m-->[39m [37mPOST[39m [37m/wd/hub/session/6c62eb61-6fee-48d9-b468-6ad148f86d5c/element[39m
[35m[HTTP][39m [90m{"using":"-android uiautomator","value":"new UiScrollable(new UiSelector().scrollable(true).instance(0)).scrollIntoView(new UiSelector().textContains(\"ADD TO CART\"))"}[39m
[35m[HTTP][39m [37m<-- POST /wd/hub/session/6c62eb61-6fee-48d9-b468-6ad148f86d5c/element [39m[32m200[39m [90m3244 ms - 137[39m
[35m[HTTP][39m [90m[39m
[35m[HTTP][39m [37m-->[39m [37mPOST[39m [37m/wd/hub/session/6c62eb61-6fee-48d9-b468-6ad148f86d5c/context[39m
[35m[HTTP][39m [90m{"name":"NATIVE_APP"}[39m
[35m[HTTP][39m [37m<-- POST /wd/hub/session/6c62eb61-6fee-48d9-b468-6ad148f86d5c/context [39m[32m200[39m [90m3 ms - 14[39m
[35m[HTTP][39m [90m[39m
[35m[HTTP][39m [37m-->[39m [37mPOST[39m [37m/wd/hub/session/6c62eb61-6fee-48d9-b468-6ad148f86d5c/timeouts[39m
[35m[HTTP][39m [90m{"implicit":50}[39m
[35m[HTTP][39m [37m<-- POST /wd/hub/session/6c62eb61-6fee-48d9-b468-6ad148f86d5c/timeouts [39m[32m200[39m [90m4 ms - 14[39m
[35m[HTTP][39m [90m[39m
[35m[HTTP][39m [37m-->[39m [37mGET[39m [37m/wd/hub/session/6c62eb61-6fee-48d9-b468-6ad148f86d5c/window/rect[39m
[35m[HTTP][39m [90m{}[39m
[35m[HTTP][39m [37m<-- GET /wd/hub/session/6c62eb61-6fee-48d9-b468-6ad148f86d5c/window/rect [39m[32m200[39m [90m47 ms - 49[39m
[35m[HTTP][39m [90m[39m
[35m[HTTP][39m [37m-->[39m [37mPOST[39m [37m/wd/hub/session/6c62eb61-6fee-48d9-b468-6ad148f86d5c/elements[39m
[35m[HTTP][39m [90m{"using":"xpath","value":"//*[@class = 'android.widget.TextView' and (@text = 'ADD TO CART' or . = 'ADD TO CART')]"}[39m
[35m[HTTP][39m [37m<-- POST /wd/hub/session/6c62eb61-6fee-48d9-b468-6ad148f86d5c/elements [39m[32m200[39m [90m146 ms - 139[39m
[35m[HTTP][39m [90m[39m
[35m[HTTP][39m [37m-->[39m [37mGET[39m [37m/wd/hub/session/6c62eb61-6fee-48d9-b468-6ad148f86d5c/element/5211c792-caa0-46bd-bc2d-02def927d330/location[39m
[35m[HTTP][39m [90m{}[39m
[35m[W3C (6c62eb61)][39m Driver proxy active, passing request on via HTTP proxy
[35m[WD Proxy][39m Replacing sessionId 6f798975-303c-406d-840f-668d28e950bb with 6c62eb61-6fee-48d9-b468-6ad148f86d5c
[35m[HTTP][39m [37m<-- GET /wd/hub/session/6c62eb61-6fee-48d9-b468-6ad148f86d5c/element/5211c792-caa0-46bd-bc2d-02def927d330/location [39m[32m200[39m [90m32 ms - 78[39m
[35m[HTTP][39m [90m[39m
[35m[HTTP][39m [37m-->[39m [37mPOST[39m [37m/wd/hub/session/6c62eb61-6fee-48d9-b468-6ad148f86d5c/timeouts[39m
[35m[HTTP][39m [90m{"implicit":30000}[39m
[35m[HTTP][39m [37m<-- POST /wd/hub/session/6c62eb61-6fee-48d9-b468-6ad148f86d5c/timeouts [39m[32m200[39m [90m2 ms - 14[39m
[35m[HTTP][39m [90m[39m
[35m[HTTP][39m [37m-->[39m [37mPOST[39m [37m/wd/hub/session/6c62eb61-6fee-48d9-b468-6ad148f86d5c/touch/perform[39m
[35m[HTTP][39m [90m{"actions":[{"action":"tap","options":{"x":1,"y":1,"element":"5211c792-caa0-46bd-bc2d-02def927d330"}},{"action":"release","options":{}}]}[39m
[35m[UiAutomator2][39m calling get location: 5211c792-caa0-46bd-bc2d-02def927d330
[35m[HTTP][39m [37m<-- POST /wd/hub/session/6c62eb61-6fee-48d9-b468-6ad148f86d5c/touch/perform [39m[32m200[39m [90m247 ms - 14[39m
[35m[HTTP][39m [90m[39m
[35m[HTTP][39m [37m-->[39m [37mPOST[39m [37m/wd/hub/session/6c62eb61-6fee-48d9-b468-6ad148f86d5c/timeouts[39m
[35m[HTTP][39m [90m{"implicit":50}[39m
[35m[HTTP][39m [37m<-- POST /wd/hub/session/6c62eb61-6fee-48d9-b468-6ad148f86d5c/timeouts [39m[32m200[39m [90m4 ms - 14[39m
[35m[HTTP][39m [90m[39m
[35m[HTTP][39m [37m-->[39m [37mGET[39m [37m/wd/hub/session/6c62eb61-6fee-48d9-b468-6ad148f86d5c/window/rect[39m
[35m[HTTP][39m [90m{}[39m
[35m[HTTP][39m [37m<-- GET /wd/hub/session/6c62eb61-6fee-48d9-b468-6ad148f86d5c/window/rect [39m[32m200[39m [90m48 ms - 49[39m
[35m[HTTP][39m [90m[39m
[35m[HTTP][39m [37m-->[39m [37mPOST[39m [37m/wd/hub/session/6c62eb61-6fee-48d9-b468-6ad148f86d5c/elements[39m
[35m[HTTP][39m [90m{"using":"accessibility id","value":"test-BACK TO PRODUCTS"}[39m
[35m[HTTP][39m [37m<-- POST /wd/hub/session/6c62eb61-6fee-48d9-b468-6ad148f86d5c/elements [39m[32m200[39m [90m875 ms - 139[39m
[35m[HTTP][39m [90m[39m
[35m[HTTP][39m [37m-->[39m [37mGET[39m [37m/wd/hub/session/6c62eb61-6fee-48d9-b468-6ad148f86d5c/element/e316e51d-657c-45ec-a23b-6e76510eb781/location[39m
[35m[HTTP][39m [90m{}[39m
[35m[W3C (6c62eb61)][39m Driver proxy active, passing request on via HTTP proxy
[35m[WD Proxy][39m Replacing sessionId 6f798975-303c-406d-840f-668d28e950bb with 6c62eb61-6fee-48d9-b468-6ad148f86d5c
[35m[HTTP][39m [37m<-- GET /wd/hub/session/6c62eb61-6fee-48d9-b468-6ad148f86d5c/element/e316e51d-657c-45ec-a23b-6e76510eb781/location [39m[32m200[39m [90m40 ms - 77[39m
[35m[HTTP][39m [90m[39m
[35m[HTTP][39m [37m-->[39m [37mPOST[39m [37m/wd/hub/session/6c62eb61-6fee-48d9-b468-6ad148f86d5c/timeouts[39m
[35m[HTTP][39m [90m{"implicit":30000}[39m
[35m[HTTP][39m [37m<-- POST /wd/hub/session/6c62eb61-6fee-48d9-b468-6ad148f86d5c/timeouts [39m[32m200[39m [90m3 ms - 14[39m
[35m[HTTP][39m [90m[39m
[35m[HTTP][39m [37m-->[39m [37mPOST[39m [37m/wd/hub/session/6c62eb61-6fee-48d9-b468-6ad148f86d5c/touch/perform[39m
[35m[HTTP][39m [90m{"actions":[{"action":"tap","options":{"x":1,"y":1,"element":"e316e51d-657c-45ec-a23b-6e76510eb781"}},{"action":"release","options":{}}]}[39m
[35m[UiAutomator2][39m calling get location: e316e51d-657c-45ec-a23b-6e76510eb781
[35m[HTTP][39m [37m<-- POST /wd/hub/session/6c62eb61-6fee-48d9-b468-6ad148f86d5c/touch/perform [39m[32m200[39m [90m212 ms - 14[39m
[35m[HTTP][39m [90m[39m
[35m[HTTP][39m [37m-->[39m [37mGET[39m [37m/wd/hub/session/6c62eb61-6fee-48d9-b468-6ad148f86d5c/context[39m
[35m[HTTP][39m [90m{}[39m
[35m[HTTP][39m [37m<-- GET /wd/hub/session/6c62eb61-6fee-48d9-b468-6ad148f86d5c/context [39m[32m200[39m [90m3 ms - 22[39m
[35m[HTTP][39m [90m[39m
[35m[HTTP][39m [37m-->[39m [37mGET[39m [37m/wd/hub/session/6c62eb61-6fee-48d9-b468-6ad148f86d5c/contexts[39m
[35m[HTTP][39m [90m{}[39m
[35m[AndroidDriver][39m Not collecting web view details. Details collection might help to make Chromedriver initialization more precise. Use the 'enableWebviewDetailsCollection' cap to turn it on
[35m[AndroidDriver][39m Skipping the webview 'WEBVIEW_14840' at '@webview_devtools_remote_14840' since it has reported having zero pages
[35m[HTTP][39m [37m<-- GET /wd/hub/session/6c62eb61-6fee-48d9-b468-6ad148f86d5c/contexts [39m[32m200[39m [90m584 ms - 24[39m
[35m[HTTP][39m [90m[39m
[35m[HTTP][39m [37m-->[39m [37mPOST[39m [37m/wd/hub/session/6c62eb61-6fee-48d9-b468-6ad148f86d5c/context[39m
[35m[HTTP][39m [90m{"name":"NATIVE_APP"}[39m
[35m[HTTP][39m [37m<-- POST /wd/hub/session/6c62eb61-6fee-48d9-b468-6ad148f86d5c/context [39m[32m200[39m [90m2 ms - 14[39m
[35m[HTTP][39m [90m[39m
[35m[HTTP][39m [37m-->[39m [37mPOST[39m [37m/wd/hub/session/6c62eb61-6fee-48d9-b468-6ad148f86d5c/element[39m
[35m[HTTP][39m [90m{"using":"-android uiautomator","value":"new UiScrollable(new UiSelector().scrollable(true).instance(0)).scrollIntoView(new UiSelector().textContains(\"Bolt\"))"}[39m
[35m[HTTP][39m [37m<-- POST /wd/hub/session/6c62eb61-6fee-48d9-b468-6ad148f86d5c/element [39m[32m200[39m [90m129 ms - 137[39m
[35m[HTTP][39m [90m[39m
[35m[HTTP][39m [37m-->[39m [37mPOST[39m [37m/wd/hub/session/6c62eb61-6fee-48d9-b468-6ad148f86d5c/context[39m
[35m[HTTP][39m [90m{"name":"NATIVE_APP"}[39m
[35m[HTTP][39m [37m<-- POST /wd/hub/session/6c62eb61-6fee-48d9-b468-6ad148f86d5c/context [39m[32m200[39m [90m3 ms - 14[39m
[35m[HTTP][39m [90m[39m
[35m[HTTP][39m [37m-->[39m [37mPOST[39m [37m/wd/hub/session/6c62eb61-6fee-48d9-b468-6ad148f86d5c/timeouts[39m
[35m[HTTP][39m [90m{"implicit":50}[39m
[35m[HTTP][39m [37m<-- POST /wd/hub/session/6c62eb61-6fee-48d9-b468-6ad148f86d5c/timeouts [39m[32m200[39m [90m3 ms - 14[39m
[35m[HTTP][39m [90m[39m
[35m[HTTP][39m [37m-->[39m [37mGET[39m [37m/wd/hub/session/6c62eb61-6fee-48d9-b468-6ad148f86d5c/window/rect[39m
[35m[HTTP][39m [90m{}[39m
[35m[HTTP][39m [37m<-- GET /wd/hub/session/6c62eb61-6fee-48d9-b468-6ad148f86d5c/window/rect [39m[32m200[39m [90m25 ms - 49[39m
[35m[HTTP][39m [90m[39m
[35m[HTTP][39m [37m-->[39m [37mPOST[39m [37m/wd/hub/session/6c62eb61-6fee-48d9-b468-6ad148f86d5c/elements[39m
[35m[HTTP][39m [90m{"using":"xpath","value":"//*[@class = 'android.widget.TextView' and (contains(@text, 'Bolt') or contains(., 'Bolt'))]"}[39m
[35m[HTTP][39m [37m<-- POST /wd/hub/session/6c62eb61-6fee-48d9-b468-6ad148f86d5c/elements [39m[32m200[39m [90m794 ms - 139[39m
[35m[HTTP][39m [90m[39m
[35m[HTTP][39m [37m-->[39m [37mGET[39m [37m/wd/hub/session/6c62eb61-6fee-48d9-b468-6ad148f86d5c/element/920a66d2-3541-4b75-a9f8-c1d7cc607935/location[39m
[35m[HTTP][39m [90m{}[39m
[35m[W3C (6c62eb61)][39m Driver proxy active, passing request on via HTTP proxy
[35m[WD Proxy][39m Replacing sessionId 6f798975-303c-406d-840f-668d28e950bb with 6c62eb61-6fee-48d9-b468-6ad148f86d5c
[35m[HTTP][39m [37m<-- GET /wd/hub/session/6c62eb61-6fee-48d9-b468-6ad148f86d5c/element/920a66d2-3541-4b75-a9f8-c1d7cc607935/location [39m[32m200[39m [90m32 ms - 77[39m
[35m[HTTP][39m [90m[39m
[35m[HTTP][39m [37m-->[39m [37mPOST[39m [37m/wd/hub/session/6c62eb61-6fee-48d9-b468-6ad148f86d5c/timeouts[39m
[35m[HTTP][39m [90m{"implicit":30000}[39m
[35m[HTTP][39m [37m<-- POST /wd/hub/session/6c62eb61-6fee-48d9-b468-6ad148f86d5c/timeouts [39m[32m200[39m [90m4 ms - 14[39m
[35m[HTTP][39m [90m[39m
[35m[HTTP][39m [37m-->[39m [37mPOST[39m [37m/wd/hub/session/6c62eb61-6fee-48d9-b468-6ad148f86d5c/touch/perform[39m
[35m[HTTP][39m [90m{"actions":[{"action":"tap","options":{"x":1,"y":1,"element":"920a66d2-3541-4b75-a9f8-c1d7cc607935"}},{"action":"release","options":{}}]}[39m
[35m[UiAutomator2][39m calling get location: 920a66d2-3541-4b75-a9f8-c1d7cc607935
[35m[HTTP][39m [37m<-- POST /wd/hub/session/6c62eb61-6fee-48d9-b468-6ad148f86d5c/touch/perform [39m[32m200[39m [90m221 ms - 14[39m
[35m[HTTP][39m [90m[39m
[35m[HTTP][39m [37m-->[39m [37mGET[39m [37m/wd/hub/session/6c62eb61-6fee-48d9-b468-6ad148f86d5c/context[39m
[35m[HTTP][39m [90m{}[39m
[35m[HTTP][39m [37m<-- GET /wd/hub/session/6c62eb61-6fee-48d9-b468-6ad148f86d5c/context [39m[32m200[39m [90m3 ms - 22[39m
[35m[HTTP][39m [90m[39m
[35m[HTTP][39m [37m-->[39m [37mGET[39m [37m/wd/hub/session/6c62eb61-6fee-48d9-b468-6ad148f86d5c/contexts[39m
[35m[HTTP][39m [90m{}[39m
[35m[AndroidDriver][39m Not collecting web view details. Details collection might help to make Chromedriver initialization more precise. Use the 'enableWebviewDetailsCollection' cap to turn it on
[35m[AndroidDriver][39m Skipping the webview 'WEBVIEW_14840' at '@webview_devtools_remote_14840' since it has reported having zero pages
[35m[HTTP][39m [37m<-- GET /wd/hub/session/6c62eb61-6fee-48d9-b468-6ad148f86d5c/contexts [39m[32m200[39m [90m620 ms - 24[39m
[35m[HTTP][39m [90m[39m
[35m[HTTP][39m [37m-->[39m [37mPOST[39m [37m/wd/hub/session/6c62eb61-6fee-48d9-b468-6ad148f86d5c/context[39m
[35m[HTTP][39m [90m{"name":"NATIVE_APP"}[39m
[35m[HTTP][39m [37m<-- POST /wd/hub/session/6c62eb61-6fee-48d9-b468-6ad148f86d5c/context [39m[32m200[39m [90m2 ms - 14[39m
[35m[HTTP][39m [90m[39m
[35m[HTTP][39m [37m-->[39m [37mPOST[39m [37m/wd/hub/session/6c62eb61-6fee-48d9-b468-6ad148f86d5c/element[39m
[35m[HTTP][39m [90m{"using":"-android uiautomator","value":"new UiScrollable(new UiSelector().scrollable(true).instance(0)).scrollIntoView(new UiSelector().textContains(\"ADD TO CART\"))"}[39m
[35m[HTTP][39m [37m<-- POST /wd/hub/session/6c62eb61-6fee-48d9-b468-6ad148f86d5c/element [39m[32m200[39m [90m3838 ms - 137[39m
[35m[HTTP][39m [90m[39m
[35m[HTTP][39m [37m-->[39m [37mPOST[39m [37m/wd/hub/session/6c62eb61-6fee-48d9-b468-6ad148f86d5c/context[39m
[35m[HTTP][39m [90m{"name":"NATIVE_APP"}[39m
[35m[HTTP][39m [37m<-- POST /wd/hub/session/6c62eb61-6fee-48d9-b468-6ad148f86d5c/context [39m[32m200[39m [90m3 ms - 14[39m
[35m[HTTP][39m [90m[39m
[35m[HTTP][39m [37m-->[39m [37mPOST[39m [37m/wd/hub/session/6c62eb61-6fee-48d9-b468-6ad148f86d5c/timeouts[39m
[35m[HTTP][39m [90m{"implicit":50}[39m
[35m[HTTP][39m [37m<-- POST /wd/hub/session/6c62eb61-6fee-48d9-b468-6ad148f86d5c/timeouts [39m[32m200[39m [90m3 ms - 14[39m
[35m[HTTP][39m [90m[39m
[35m[HTTP][39m [37m-->[39m [37mGET[39m [37m/wd/hub/session/6c62eb61-6fee-48d9-b468-6ad148f86d5c/window/rect[39m
[35m[HTTP][39m [90m{}[39m
[35m[HTTP][39m [37m<-- GET /wd/hub/session/6c62eb61-6fee-48d9-b468-6ad148f86d5c/window/rect [39m[32m200[39m [90m25 ms - 49[39m
[35m[HTTP][39m [90m[39m
[35m[HTTP][39m [37m-->[39m [37mPOST[39m [37m/wd/hub/session/6c62eb61-6fee-48d9-b468-6ad148f86d5c/elements[39m
[35m[HTTP][39m [90m{"using":"xpath","value":"//*[@class = 'android.widget.TextView' and (@text = 'ADD TO CART' or . = 'ADD TO CART')]"}[39m
[35m[HTTP][39m [37m<-- POST /wd/hub/session/6c62eb61-6fee-48d9-b468-6ad148f86d5c/elements [39m[32m200[39m [90m117 ms - 139[39m
[35m[HTTP][39m [90m[39m
[35m[HTTP][39m [37m-->[39m [37mGET[39m [37m/wd/hub/session/6c62eb61-6fee-48d9-b468-6ad148f86d5c/element/a6aa59fa-1b76-4ce6-b04d-649775533ce8/location[39m
[35m[HTTP][39m [90m{}[39m
[35m[W3C (6c62eb61)][39m Driver proxy active, passing request on via HTTP proxy
[35m[WD Proxy][39m Replacing sessionId 6f798975-303c-406d-840f-668d28e950bb with 6c62eb61-6fee-48d9-b468-6ad148f86d5c
[35m[HTTP][39m [37m<-- GET /wd/hub/session/6c62eb61-6fee-48d9-b468-6ad148f86d5c/element/a6aa59fa-1b76-4ce6-b04d-649775533ce8/location [39m[32m200[39m [90m27 ms - 78[39m
[35m[HTTP][39m [90m[39m
[35m[HTTP][39m [37m-->[39m [37mPOST[39m [37m/wd/hub/session/6c62eb61-6fee-48d9-b468-6ad148f86d5c/timeouts[39m
[35m[HTTP][39m [90m{"implicit":30000}[39m
[35m[HTTP][39m [37m<-- POST /wd/hub/session/6c62eb61-6fee-48d9-b468-6ad148f86d5c/timeouts [39m[32m200[39m [90m2 ms - 14[39m
[35m[HTTP][39m [90m[39m
[35m[HTTP][39m [37m-->[39m [37mPOST[39m [37m/wd/hub/session/6c62eb61-6fee-48d9-b468-6ad148f86d5c/touch/perform[39m
[35m[HTTP][39m [90m{"actions":[{"action":"tap","options":{"x":1,"y":1,"element":"a6aa59fa-1b76-4ce6-b04d-649775533ce8"}},{"action":"release","options":{}}]}[39m
[35m[UiAutomator2][39m calling get location: a6aa59fa-1b76-4ce6-b04d-649775533ce8
[35m[HTTP][39m [37m<-- POST /wd/hub/session/6c62eb61-6fee-48d9-b468-6ad148f86d5c/touch/perform [39m[32m200[39m [90m207 ms - 14[39m
[35m[HTTP][39m [90m[39m
[35m[HTTP][39m [37m-->[39m [37mPOST[39m [37m/wd/hub/session/6c62eb61-6fee-48d9-b468-6ad148f86d5c/timeouts[39m
[35m[HTTP][39m [90m{"implicit":50}[39m
[35m[HTTP][39m [37m<-- POST /wd/hub/session/6c62eb61-6fee-48d9-b468-6ad148f86d5c/timeouts [39m[32m200[39m [90m2 ms - 14[39m
[35m[HTTP][39m [90m[39m
[35m[HTTP][39m [37m-->[39m [37mGET[39m [37m/wd/hub/session/6c62eb61-6fee-48d9-b468-6ad148f86d5c/window/rect[39m
[35m[HTTP][39m [90m{}[39m
[35m[HTTP][39m [37m<-- GET /wd/hub/session/6c62eb61-6fee-48d9-b468-6ad148f86d5c/window/rect [39m[32m200[39m [90m28 ms - 49[39m
[35m[HTTP][39m [90m[39m
[35m[HTTP][39m [37m-->[39m [37mPOST[39m [37m/wd/hub/session/6c62eb61-6fee-48d9-b468-6ad148f86d5c/elements[39m
[35m[HTTP][39m [90m{"using":"accessibility id","value":"test-BACK TO PRODUCTS"}[39m
[35m[HTTP][39m [37m<-- POST /wd/hub/session/6c62eb61-6fee-48d9-b468-6ad148f86d5c/elements [39m[32m200[39m [90m520 ms - 139[39m
[35m[HTTP][39m [90m[39m
[35m[HTTP][39m [37m-->[39m [37mGET[39m [37m/wd/hub/session/6c62eb61-6fee-48d9-b468-6ad148f86d5c/element/abeb2b2b-740e-4b56-9734-fd2fbed4d9dd/location[39m
[35m[HTTP][39m [90m{}[39m
[35m[W3C (6c62eb61)][39m Driver proxy active, passing request on via HTTP proxy
[35m[WD Proxy][39m Replacing sessionId 6f798975-303c-406d-840f-668d28e950bb with 6c62eb61-6fee-48d9-b468-6ad148f86d5c
[35m[HTTP][39m [37m<-- GET /wd/hub/session/6c62eb61-6fee-48d9-b468-6ad148f86d5c/element/abeb2b2b-740e-4b56-9734-fd2fbed4d9dd/location [39m[32m200[39m [90m40 ms - 77[39m
[35m[HTTP][39m [90m[39m
[35m[HTTP][39m [37m-->[39m [37mPOST[39m [37m/wd/hub/session/6c62eb61-6fee-48d9-b468-6ad148f86d5c/timeouts[39m
[35m[HTTP][39m [90m{"implicit":30000}[39m
[35m[HTTP][39m [37m<-- POST /wd/hub/session/6c62eb61-6fee-48d9-b468-6ad148f86d5c/timeouts [39m[32m200[39m [90m2 ms - 14[39m
[35m[HTTP][39m [90m[39m
[35m[HTTP][39m [37m-->[39m [37mPOST[39m [37m/wd/hub/session/6c62eb61-6fee-48d9-b468-6ad148f86d5c/touch/perform[39m
[35m[HTTP][39m [90m{"actions":[{"action":"tap","options":{"x":1,"y":1,"element":"abeb2b2b-740e-4b56-9734-fd2fbed4d9dd"}},{"action":"release","options":{}}]}[39m
[35m[UiAutomator2][39m calling get location: abeb2b2b-740e-4b56-9734-fd2fbed4d9dd
[35m[HTTP][39m [37m<-- POST /wd/hub/session/6c62eb61-6fee-48d9-b468-6ad148f86d5c/touch/perform [39m[32m200[39m [90m203 ms - 14[39m
[35m[HTTP][39m [90m[39m
[35m[HTTP][39m [37m-->[39m [37mPOST[39m [37m/wd/hub/session/6c62eb61-6fee-48d9-b468-6ad148f86d5c/timeouts[39m
[35m[HTTP][39m [90m{"implicit":50}[39m
[35m[HTTP][39m [37m<-- POST /wd/hub/session/6c62eb61-6fee-48d9-b468-6ad148f86d5c/timeouts [39m[32m200[39m [90m3 ms - 14[39m
[35m[HTTP][39m [90m[39m
[35m[HTTP][39m [37m-->[39m [37mGET[39m [37m/wd/hub/session/6c62eb61-6fee-48d9-b468-6ad148f86d5c/window/rect[39m
[35m[HTTP][39m [90m{}[39m
[35m[HTTP][39m [37m<-- GET /wd/hub/session/6c62eb61-6fee-48d9-b468-6ad148f86d5c/window/rect [39m[32m200[39m [90m27 ms - 49[39m
[35m[HTTP][39m [90m[39m
[35m[HTTP][39m [37m-->[39m [37mPOST[39m [37m/wd/hub/session/6c62eb61-6fee-48d9-b468-6ad148f86d5c/elements[39m
[35m[HTTP][39m [90m{"using":"xpath","value":"//hierarchy/android.widget.FrameLayout[1]/android.widget.LinearLayout[1]/android.widget.FrameLayout[1]/android.widget.LinearLayout[1]/android.widget.FrameLayout[1]/android.widget.FrameLayout[1]/android.view.ViewGroup[1]/android.view.ViewGroup[1]/android.view.ViewGroup[1]/android.view.ViewGroup[1]/android.view.ViewGroup[1]/android.view.ViewGroup[1]/android.view.ViewGroup[1]/android.view.ViewGroup[1]/android.view.ViewGroup[1]/android.view.ViewGroup[2]/android.view.ViewGroup[1]/android.widget.ImageView[1]"}[39m
[35m[HTTP][39m [37m<-- POST /wd/hub/session/6c62eb61-6fee-48d9-b468-6ad148f86d5c/elements [39m[32m200[39m [90m799 ms - 139[39m
[35m[HTTP][39m [90m[39m
[35m[HTTP][39m [37m-->[39m [37mGET[39m [37m/wd/hub/session/6c62eb61-6fee-48d9-b468-6ad148f86d5c/element/e30ea268-dd62-4c20-af08-5140282966a7/location[39m
[35m[HTTP][39m [90m{}[39m
[35m[W3C (6c62eb61)][39m Driver proxy active, passing request on via HTTP proxy
[35m[WD Proxy][39m Replacing sessionId 6f798975-303c-406d-840f-668d28e950bb with 6c62eb61-6fee-48d9-b468-6ad148f86d5c
[35m[HTTP][39m [37m<-- GET /wd/hub/session/6c62eb61-6fee-48d9-b468-6ad148f86d5c/element/e30ea268-dd62-4c20-af08-5140282966a7/location [39m[32m200[39m [90m29 ms - 77[39m
[35m[HTTP][39m [90m[39m
[35m[HTTP][39m [37m-->[39m [37mPOST[39m [37m/wd/hub/session/6c62eb61-6fee-48d9-b468-6ad148f86d5c/timeouts[39m
[35m[HTTP][39m [90m{"implicit":30000}[39m
[35m[HTTP][39m [37m<-- POST /wd/hub/session/6c62eb61-6fee-48d9-b468-6ad148f86d5c/timeouts [39m[32m200[39m [90m4 ms - 14[39m
[35m[HTTP][39m [90m[39m
[35m[HTTP][39m [37m-->[39m [37mPOST[39m [37m/wd/hub/session/6c62eb61-6fee-48d9-b468-6ad148f86d5c/touch/perform[39m
[35m[HTTP][39m [90m{"actions":[{"action":"tap","options":{"x":1,"y":1,"element":"e30ea268-dd62-4c20-af08-5140282966a7"}},{"action":"release","options":{}}]}[39m
[35m[UiAutomator2][39m calling get location: e30ea268-dd62-4c20-af08-5140282966a7
[35m[HTTP][39m [37m<-- POST /wd/hub/session/6c62eb61-6fee-48d9-b468-6ad148f86d5c/touch/perform [39m[32m200[39m [90m201 ms - 14[39m
[35m[HTTP][39m [90m[39m
[35m[HTTP][39m [37m-->[39m [37mGET[39m [37m/wd/hub/session/6c62eb61-6fee-48d9-b468-6ad148f86d5c/context[39m
[35m[HTTP][39m [90m{}[39m
[35m[HTTP][39m [37m<-- GET /wd/hub/session/6c62eb61-6fee-48d9-b468-6ad148f86d5c/context [39m[32m200[39m [90m3 ms - 22[39m
[35m[HTTP][39m [90m[39m
[35m[HTTP][39m [37m-->[39m [37mGET[39m [37m/wd/hub/session/6c62eb61-6fee-48d9-b468-6ad148f86d5c/contexts[39m
[35m[HTTP][39m [90m{}[39m
[35m[AndroidDriver][39m Not collecting web view details. Details collection might help to make Chromedriver initialization more precise. Use the 'enableWebviewDetailsCollection' cap to turn it on
[35m[AndroidDriver][39m Skipping the webview 'WEBVIEW_14840' at '@webview_devtools_remote_14840' since it has reported having zero pages
[35m[HTTP][39m [37m<-- GET /wd/hub/session/6c62eb61-6fee-48d9-b468-6ad148f86d5c/contexts [39m[32m200[39m [90m572 ms - 24[39m
[35m[HTTP][39m [90m[39m
[35m[HTTP][39m [37m-->[39m [37mPOST[39m [37m/wd/hub/session/6c62eb61-6fee-48d9-b468-6ad148f86d5c/context[39m
[35m[HTTP][39m [90m{"name":"NATIVE_APP"}[39m
[35m[HTTP][39m [37m<-- POST /wd/hub/session/6c62eb61-6fee-48d9-b468-6ad148f86d5c/context [39m[32m200[39m [90m2 ms - 14[39m
[35m[HTTP][39m [90m[39m
[35m[HTTP][39m [37m-->[39m [37mPOST[39m [37m/wd/hub/session/6c62eb61-6fee-48d9-b468-6ad148f86d5c/element[39m
[35m[HTTP][39m [90m{"using":"-android uiautomator","value":"new UiScrollable(new UiSelector().scrollable(true).instance(0)).scrollIntoView(new UiSelector().textContains(\"CHECKOUT\"))"}[39m
[35m[HTTP][39m [37m<-- POST /wd/hub/session/6c62eb61-6fee-48d9-b468-6ad148f86d5c/element [39m[32m200[39m [90m3307 ms - 137[39m
[35m[HTTP][39m [90m[39m
[35m[HTTP][39m [37m-->[39m [37mPOST[39m [37m/wd/hub/session/6c62eb61-6fee-48d9-b468-6ad148f86d5c/context[39m
[35m[HTTP][39m [90m{"name":"NATIVE_APP"}[39m
[35m[HTTP][39m [37m<-- POST /wd/hub/session/6c62eb61-6fee-48d9-b468-6ad148f86d5c/context [39m[32m200[39m [90m3 ms - 14[39m
[35m[HTTP][39m [90m[39m
[35m[HTTP][39m [37m-->[39m [37mPOST[39m [37m/wd/hub/session/6c62eb61-6fee-48d9-b468-6ad148f86d5c/timeouts[39m
[35m[HTTP][39m [90m{"implicit":50}[39m
[35m[HTTP][39m [37m<-- POST /wd/hub/session/6c62eb61-6fee-48d9-b468-6ad148f86d5c/timeouts [39m[32m200[39m [90m3 ms - 14[39m
[35m[HTTP][39m [90m[39m
[35m[HTTP][39m [37m-->[39m [37mGET[39m [37m/wd/hub/session/6c62eb61-6fee-48d9-b468-6ad148f86d5c/window/rect[39m
[35m[HTTP][39m [90m{}[39m
[35m[HTTP][39m [37m<-- GET /wd/hub/session/6c62eb61-6fee-48d9-b468-6ad148f86d5c/window/rect [39m[32m200[39m [90m22 ms - 49[39m
[35m[HTTP][39m [90m[39m
[35m[HTTP][39m [37m-->[39m [37mPOST[39m [37m/wd/hub/session/6c62eb61-6fee-48d9-b468-6ad148f86d5c/elements[39m
[35m[HTTP][39m [90m{"using":"xpath","value":"//*[@class = 'android.widget.TextView' and (@text = 'CHECKOUT' or . = 'CHECKOUT')]"}[39m
[35m[HTTP][39m [37m<-- POST /wd/hub/session/6c62eb61-6fee-48d9-b468-6ad148f86d5c/elements [39m[32m200[39m [90m612 ms - 139[39m
[35m[HTTP][39m [90m[39m
[35m[HTTP][39m [37m-->[39m [37mGET[39m [37m/wd/hub/session/6c62eb61-6fee-48d9-b468-6ad148f86d5c/element/67a4ca59-5aa2-491c-8a1c-85913ba6bf04/location[39m
[35m[HTTP][39m [90m{}[39m
[35m[W3C (6c62eb61)][39m Driver proxy active, passing request on via HTTP proxy
[35m[WD Proxy][39m Replacing sessionId 6f798975-303c-406d-840f-668d28e950bb with 6c62eb61-6fee-48d9-b468-6ad148f86d5c
[35m[HTTP][39m [37m<-- GET /wd/hub/session/6c62eb61-6fee-48d9-b468-6ad148f86d5c/element/67a4ca59-5aa2-491c-8a1c-85913ba6bf04/location [39m[32m200[39m [90m82 ms - 79[39m
[35m[HTTP][39m [90m[39m
[35m[HTTP][39m [37m-->[39m [37mPOST[39m [37m/wd/hub/session/6c62eb61-6fee-48d9-b468-6ad148f86d5c/timeouts[39m
[35m[HTTP][39m [90m{"implicit":30000}[39m
[35m[HTTP][39m [37m<-- POST /wd/hub/session/6c62eb61-6fee-48d9-b468-6ad148f86d5c/timeouts [39m[32m200[39m [90m3 ms - 14[39m
[35m[HTTP][39m [90m[39m
[35m[HTTP][39m [37m-->[39m [37mPOST[39m [37m/wd/hub/session/6c62eb61-6fee-48d9-b468-6ad148f86d5c/touch/perform[39m
[35m[HTTP][39m [90m{"actions":[{"action":"tap","options":{"x":1,"y":1,"element":"67a4ca59-5aa2-491c-8a1c-85913ba6bf04"}},{"action":"release","options":{}}]}[39m
[35m[UiAutomator2][39m calling get location: 67a4ca59-5aa2-491c-8a1c-85913ba6bf04
[35m[HTTP][39m [37m<-- POST /wd/hub/session/6c62eb61-6fee-48d9-b468-6ad148f86d5c/touch/perform [39m[32m200[39m [90m189 ms - 14[39m
[35m[HTTP][39m [90m[39m
[35m[HTTP][39m [37m-->[39m [37mPOST[39m [37m/wd/hub/session/6c62eb61-6fee-48d9-b468-6ad148f86d5c/timeouts[39m
[35m[HTTP][39m [90m{"implicit":50}[39m
[35m[HTTP][39m [37m<-- POST /wd/hub/session/6c62eb61-6fee-48d9-b468-6ad148f86d5c/timeouts [39m[32m200[39m [90m3 ms - 14[39m
[35m[HTTP][39m [90m[39m
[35m[HTTP][39m [37m-->[39m [37mGET[39m [37m/wd/hub/session/6c62eb61-6fee-48d9-b468-6ad148f86d5c/window/rect[39m
[35m[HTTP][39m [90m{}[39m
[35m[HTTP][39m [37m<-- GET /wd/hub/session/6c62eb61-6fee-48d9-b468-6ad148f86d5c/window/rect [39m[32m200[39m [90m27 ms - 49[39m
[35m[HTTP][39m [90m[39m
[35m[HTTP][39m [37m-->[39m [37mPOST[39m [37m/wd/hub/session/6c62eb61-6fee-48d9-b468-6ad148f86d5c/elements[39m
[35m[HTTP][39m [90m{"using":"xpath","value":"//*[@class = 'android.widget.EditText' and (@text = 'First Name' or . = 'First Name')]"}[39m
[35m[HTTP][39m [37m<-- POST /wd/hub/session/6c62eb61-6fee-48d9-b468-6ad148f86d5c/elements [39m[32m200[39m [90m231 ms - 139[39m
[35m[HTTP][39m [90m[39m
[35m[HTTP][39m [37m-->[39m [37mGET[39m [37m/wd/hub/session/6c62eb61-6fee-48d9-b468-6ad148f86d5c/element/cd2a9bbb-8375-4f0c-94ab-9c0e791559db/location[39m
[35m[HTTP][39m [90m{}[39m
[35m[W3C (6c62eb61)][39m Driver proxy active, passing request on via HTTP proxy
[35m[WD Proxy][39m Replacing sessionId 6f798975-303c-406d-840f-668d28e950bb with 6c62eb61-6fee-48d9-b468-6ad148f86d5c
[35m[HTTP][39m [37m<-- GET /wd/hub/session/6c62eb61-6fee-48d9-b468-6ad148f86d5c/element/cd2a9bbb-8375-4f0c-94ab-9c0e791559db/location [39m[32m200[39m [90m34 ms - 77[39m
[35m[HTTP][39m [90m[39m
[35m[HTTP][39m [37m-->[39m [37mPOST[39m [37m/wd/hub/session/6c62eb61-6fee-48d9-b468-6ad148f86d5c/timeouts[39m
[35m[HTTP][39m [90m{"implicit":30000}[39m
[35m[HTTP][39m [37m<-- POST /wd/hub/session/6c62eb61-6fee-48d9-b468-6ad148f86d5c/timeouts [39m[32m200[39m [90m4 ms - 14[39m
[35m[HTTP][39m [90m[39m
[35m[HTTP][39m [37m-->[39m [37mPOST[39m [37m/wd/hub/session/6c62eb61-6fee-48d9-b468-6ad148f86d5c/element/cd2a9bbb-8375-4f0c-94ab-9c0e791559db/clear[39m
[35m[HTTP][39m [90m{"id":"cd2a9bbb-8375-4f0c-94ab-9c0e791559db"}[39m
[35m[HTTP][39m [37m<-- POST /wd/hub/session/6c62eb61-6fee-48d9-b468-6ad148f86d5c/element/cd2a9bbb-8375-4f0c-94ab-9c0e791559db/clear [39m[32m200[39m [90m32 ms - 14[39m
[35m[HTTP][39m [90m[39m
[35m[HTTP][39m [37m-->[39m [37mPOST[39m [37m/wd/hub/session/6c62eb61-6fee-48d9-b468-6ad148f86d5c/element/cd2a9bbb-8375-4f0c-94ab-9c0e791559db/value[39m
[35m[HTTP][39m [90m{"id":"cd2a9bbb-8375-4f0c-94ab-9c0e791559db","text":"Mu","value":["M","u"]}[39m
[35m[HTTP][39m [37m<-- POST /wd/hub/session/6c62eb61-6fee-48d9-b468-6ad148f86d5c/element/cd2a9bbb-8375-4f0c-94ab-9c0e791559db/value [39m[32m200[39m [90m616 ms - 14[39m
[35m[HTTP][39m [90m[39m
[35m[HTTP][39m [37m-->[39m [37mPOST[39m [37m/wd/hub/session/6c62eb61-6fee-48d9-b468-6ad148f86d5c/timeouts[39m
[35m[HTTP][39m [90m{"implicit":50}[39m
[35m[HTTP][39m [37m<-- POST /wd/hub/session/6c62eb61-6fee-48d9-b468-6ad148f86d5c/timeouts [39m[32m200[39m [90m3 ms - 14[39m
[35m[HTTP][39m [90m[39m
[35m[HTTP][39m [37m-->[39m [37mGET[39m [37m/wd/hub/session/6c62eb61-6fee-48d9-b468-6ad148f86d5c/window/rect[39m
[35m[HTTP][39m [90m{}[39m
[35m[HTTP][39m [37m<-- GET /wd/hub/session/6c62eb61-6fee-48d9-b468-6ad148f86d5c/window/rect [39m[32m200[39m [90m23 ms - 49[39m
[35m[HTTP][39m [90m[39m
[35m[HTTP][39m [37m-->[39m [37mPOST[39m [37m/wd/hub/session/6c62eb61-6fee-48d9-b468-6ad148f86d5c/elements[39m
[35m[HTTP][39m [90m{"using":"xpath","value":"//*[@class = 'android.widget.EditText' and (@text = 'Last Name' or . = 'Last Name')]"}[39m
[35m[HTTP][39m [37m<-- POST /wd/hub/session/6c62eb61-6fee-48d9-b468-6ad148f86d5c/elements [39m[32m200[39m [90m397 ms - 139[39m
[35m[HTTP][39m [90m[39m
[35m[HTTP][39m [37m-->[39m [37mGET[39m [37m/wd/hub/session/6c62eb61-6fee-48d9-b468-6ad148f86d5c/element/5d20f519-a224-4ec7-a919-d69d20970c6f/location[39m
[35m[HTTP][39m [90m{}[39m
[35m[W3C (6c62eb61)][39m Driver proxy active, passing request on via HTTP proxy
[35m[WD Proxy][39m Replacing sessionId 6f798975-303c-406d-840f-668d28e950bb with 6c62eb61-6fee-48d9-b468-6ad148f86d5c
[35m[HTTP][39m [37m<-- GET /wd/hub/session/6c62eb61-6fee-48d9-b468-6ad148f86d5c/element/5d20f519-a224-4ec7-a919-d69d20970c6f/location [39m[32m200[39m [90m33 ms - 77[39m
[35m[HTTP][39m [90m[39m
[35m[HTTP][39m [37m-->[39m [37mPOST[39m [37m/wd/hub/session/6c62eb61-6fee-48d9-b468-6ad148f86d5c/timeouts[39m
[35m[HTTP][39m [90m{"implicit":30000}[39m
[35m[HTTP][39m [37m<-- POST /wd/hub/session/6c62eb61-6fee-48d9-b468-6ad148f86d5c/timeouts [39m[32m200[39m [90m3 ms - 14[39m
[35m[HTTP][39m [90m[39m
[35m[HTTP][39m [37m-->[39m [37mPOST[39m [37m/wd/hub/session/6c62eb61-6fee-48d9-b468-6ad148f86d5c/element/5d20f519-a224-4ec7-a919-d69d20970c6f/clear[39m
[35m[HTTP][39m [90m{"id":"5d20f519-a224-4ec7-a919-d69d20970c6f"}[39m
[35m[HTTP][39m [37m<-- POST /wd/hub/session/6c62eb61-6fee-48d9-b468-6ad148f86d5c/element/5d20f519-a224-4ec7-a919-d69d20970c6f/clear [39m[32m200[39m [90m29 ms - 14[39m
[35m[HTTP][39m [90m[39m
[35m[HTTP][39m [37m-->[39m [37mPOST[39m [37m/wd/hub/session/6c62eb61-6fee-48d9-b468-6ad148f86d5c/element/5d20f519-a224-4ec7-a919-d69d20970c6f/value[39m
[35m[HTTP][39m [90m{"id":"5d20f519-a224-4ec7-a919-d69d20970c6f","text":"Ri","value":["R","i"]}[39m
[35m[HTTP][39m [37m<-- POST /wd/hub/session/6c62eb61-6fee-48d9-b468-6ad148f86d5c/element/5d20f519-a224-4ec7-a919-d69d20970c6f/value [39m[32m200[39m [90m1399 ms - 14[39m
[35m[HTTP][39m [90m[39m
[35m[HTTP][39m [37m-->[39m [37mPOST[39m [37m/wd/hub/session/6c62eb61-6fee-48d9-b468-6ad148f86d5c/timeouts[39m
[35m[HTTP][39m [90m{"implicit":50}[39m
[35m[HTTP][39m [37m<-- POST /wd/hub/session/6c62eb61-6fee-48d9-b468-6ad148f86d5c/timeouts [39m[32m200[39m [90m5 ms - 14[39m
[35m[HTTP][39m [90m[39m
[35m[HTTP][39m [37m-->[39m [37mGET[39m [37m/wd/hub/session/6c62eb61-6fee-48d9-b468-6ad148f86d5c/window/rect[39m
[35m[HTTP][39m [90m{}[39m
[35m[HTTP][39m [37m<-- GET /wd/hub/session/6c62eb61-6fee-48d9-b468-6ad148f86d5c/window/rect [39m[32m200[39m [90m28 ms - 49[39m
[35m[HTTP][39m [90m[39m
[35m[HTTP][39m [37m-->[39m [37mPOST[39m [37m/wd/hub/session/6c62eb61-6fee-48d9-b468-6ad148f86d5c/elements[39m
[35m[HTTP][39m [90m{"using":"xpath","value":"//*[@class = 'android.widget.EditText' and (@text = 'Zip/Postal Code' or . = 'Zip/Postal Code')]"}[39m
[35m[HTTP][39m [37m<-- POST /wd/hub/session/6c62eb61-6fee-48d9-b468-6ad148f86d5c/elements [39m[32m200[39m [90m387 ms - 139[39m
[35m[HTTP][39m [90m[39m
[35m[HTTP][39m [37m-->[39m [37mGET[39m [37m/wd/hub/session/6c62eb61-6fee-48d9-b468-6ad148f86d5c/element/16a69919-0304-4f6c-8a04-81cd284160bd/location[39m
[35m[HTTP][39m [90m{}[39m
[35m[W3C (6c62eb61)][39m Driver proxy active, passing request on via HTTP proxy
[35m[WD Proxy][39m Replacing sessionId 6f798975-303c-406d-840f-668d28e950bb with 6c62eb61-6fee-48d9-b468-6ad148f86d5c
[35m[HTTP][39m [37m<-- GET /wd/hub/session/6c62eb61-6fee-48d9-b468-6ad148f86d5c/element/16a69919-0304-4f6c-8a04-81cd284160bd/location [39m[32m200[39m [90m45 ms - 77[39m
[35m[HTTP][39m [90m[39m
[35m[HTTP][39m [37m-->[39m [37mPOST[39m [37m/wd/hub/session/6c62eb61-6fee-48d9-b468-6ad148f86d5c/timeouts[39m
[35m[HTTP][39m [90m{"implicit":30000}[39m
[35m[HTTP][39m [37m<-- POST /wd/hub/session/6c62eb61-6fee-48d9-b468-6ad148f86d5c/timeouts [39m[32m200[39m [90m5 ms - 14[39m
[35m[HTTP][39m [90m[39m
[35m[HTTP][39m [37m-->[39m [37mPOST[39m [37m/wd/hub/session/6c62eb61-6fee-48d9-b468-6ad148f86d5c/element/16a69919-0304-4f6c-8a04-81cd284160bd/clear[39m
[35m[HTTP][39m [90m{"id":"16a69919-0304-4f6c-8a04-81cd284160bd"}[39m
[35m[HTTP][39m [37m<-- POST /wd/hub/session/6c62eb61-6fee-48d9-b468-6ad148f86d5c/element/16a69919-0304-4f6c-8a04-81cd284160bd/clear [39m[32m200[39m [90m31 ms - 14[39m
[35m[HTTP][39m [90m[39m
[35m[HTTP][39m [37m-->[39m [37mPOST[39m [37m/wd/hub/session/6c62eb61-6fee-48d9-b468-6ad148f86d5c/element/16a69919-0304-4f6c-8a04-81cd284160bd/value[39m
[35m[HTTP][39m [90m{"id":"16a69919-0304-4f6c-8a04-81cd284160bd","text":"1334","value":["1","3","3","4"]}[39m
[35m[HTTP][39m [37m<-- POST /wd/hub/session/6c62eb61-6fee-48d9-b468-6ad148f86d5c/element/16a69919-0304-4f6c-8a04-81cd284160bd/value [39m[32m200[39m [90m519 ms - 14[39m
[35m[HTTP][39m [90m[39m
[35m[HTTP][39m [37m-->[39m [37mPOST[39m [37m/wd/hub/session/6c62eb61-6fee-48d9-b468-6ad148f86d5c/timeouts[39m
[35m[HTTP][39m [90m{"implicit":50}[39m
[35m[HTTP][39m [37m<-- POST /wd/hub/session/6c62eb61-6fee-48d9-b468-6ad148f86d5c/timeouts [39m[32m200[39m [90m2 ms - 14[39m
[35m[HTTP][39m [90m[39m
[35m[HTTP][39m [37m-->[39m [37mGET[39m [37m/wd/hub/session/6c62eb61-6fee-48d9-b468-6ad148f86d5c/window/rect[39m
[35m[HTTP][39m [90m{}[39m
[35m[HTTP][39m [37m<-- GET /wd/hub/session/6c62eb61-6fee-48d9-b468-6ad148f86d5c/window/rect [39m[32m200[39m [90m31 ms - 49[39m
[35m[HTTP][39m [90m[39m
[35m[HTTP][39m [37m-->[39m [37mPOST[39m [37m/wd/hub/session/6c62eb61-6fee-48d9-b468-6ad148f86d5c/elements[39m
[35m[HTTP][39m [90m{"using":"accessibility id","value":"test-CONTINUE"}[39m
[35m[HTTP][39m [37m<-- POST /wd/hub/session/6c62eb61-6fee-48d9-b468-6ad148f86d5c/elements [39m[32m200[39m [90m341 ms - 139[39m
[35m[HTTP][39m [90m[39m
[35m[HTTP][39m [37m-->[39m [37mGET[39m [37m/wd/hub/session/6c62eb61-6fee-48d9-b468-6ad148f86d5c/element/4a838870-cd92-40f2-899a-2debb4e231ee/location[39m
[35m[HTTP][39m [90m{}[39m
[35m[W3C (6c62eb61)][39m Driver proxy active, passing request on via HTTP proxy
[35m[WD Proxy][39m Replacing sessionId 6f798975-303c-406d-840f-668d28e950bb with 6c62eb61-6fee-48d9-b468-6ad148f86d5c
[35m[HTTP][39m [37m<-- GET /wd/hub/session/6c62eb61-6fee-48d9-b468-6ad148f86d5c/element/4a838870-cd92-40f2-899a-2debb4e231ee/location [39m[32m200[39m [90m41 ms - 78[39m
[35m[HTTP][39m [90m[39m
[35m[HTTP][39m [37m-->[39m [37mPOST[39m [37m/wd/hub/session/6c62eb61-6fee-48d9-b468-6ad148f86d5c/timeouts[39m
[35m[HTTP][39m [90m{"implicit":30000}[39m
[35m[HTTP][39m [37m<-- POST /wd/hub/session/6c62eb61-6fee-48d9-b468-6ad148f86d5c/timeouts [39m[32m200[39m [90m2 ms - 14[39m
[35m[HTTP][39m [90m[39m
[35m[HTTP][39m [37m-->[39m [37mPOST[39m [37m/wd/hub/session/6c62eb61-6fee-48d9-b468-6ad148f86d5c/touch/perform[39m
[35m[HTTP][39m [90m{"actions":[{"action":"tap","options":{"x":1,"y":1,"element":"4a838870-cd92-40f2-899a-2debb4e231ee"}},{"action":"release","options":{}}]}[39m
[35m[UiAutomator2][39m calling get location: 4a838870-cd92-40f2-899a-2debb4e231ee
[35m[HTTP][39m [37m<-- POST /wd/hub/session/6c62eb61-6fee-48d9-b468-6ad148f86d5c/touch/perform [39m[32m200[39m [90m209 ms - 14[39m
[35m[HTTP][39m [90m[39m
[35m[HTTP][39m [37m-->[39m [37mGET[39m [37m/wd/hub/session/6c62eb61-6fee-48d9-b468-6ad148f86d5c/context[39m
[35m[HTTP][39m [90m{}[39m
[35m[HTTP][39m [37m<-- GET /wd/hub/session/6c62eb61-6fee-48d9-b468-6ad148f86d5c/context [39m[32m200[39m [90m4 ms - 22[39m
[35m[HTTP][39m [90m[39m
[35m[HTTP][39m [37m-->[39m [37mGET[39m [37m/wd/hub/session/6c62eb61-6fee-48d9-b468-6ad148f86d5c/contexts[39m
[35m[HTTP][39m [90m{}[39m
[35m[AndroidDriver][39m Not collecting web view details. Details collection might help to make Chromedriver initialization more precise. Use the 'enableWebviewDetailsCollection' cap to turn it on
[35m[AndroidDriver][39m Skipping the webview 'WEBVIEW_14840' at '@webview_devtools_remote_14840' since it has reported having zero pages
[35m[HTTP][39m [37m<-- GET /wd/hub/session/6c62eb61-6fee-48d9-b468-6ad148f86d5c/contexts [39m[32m200[39m [90m538 ms - 24[39m
[35m[HTTP][39m [90m[39m
[35m[HTTP][39m [37m-->[39m [37mPOST[39m [37m/wd/hub/session/6c62eb61-6fee-48d9-b468-6ad148f86d5c/context[39m
[35m[HTTP][39m [90m{"name":"NATIVE_APP"}[39m
[35m[HTTP][39m [37m<-- POST /wd/hub/session/6c62eb61-6fee-48d9-b468-6ad148f86d5c/context [39m[32m200[39m [90m3 ms - 14[39m
[35m[HTTP][39m [90m[39m
[35m[HTTP][39m [37m-->[39m [37mPOST[39m [37m/wd/hub/session/6c62eb61-6fee-48d9-b468-6ad148f86d5c/element[39m
[35m[HTTP][39m [90m{"using":"-android uiautomator","value":"new UiScrollable(new UiSelector().scrollable(true).instance(0)).scrollIntoView(new UiSelector().textContains(\"FINISH\"))"}[39m
[35m[HTTP][39m [37m<-- POST /wd/hub/session/6c62eb61-6fee-48d9-b468-6ad148f86d5c/element [39m[32m200[39m [90m5561 ms - 137[39m
[35m[HTTP][39m [90m[39m
[35m[HTTP][39m [37m-->[39m [37mPOST[39m [37m/wd/hub/session/6c62eb61-6fee-48d9-b468-6ad148f86d5c/context[39m
[35m[HTTP][39m [90m{"name":"NATIVE_APP"}[39m
[35m[HTTP][39m [37m<-- POST /wd/hub/session/6c62eb61-6fee-48d9-b468-6ad148f86d5c/context [39m[32m200[39m [90m3 ms - 14[39m
[35m[HTTP][39m [90m[39m
[35m[HTTP][39m [37m-->[39m [37mPOST[39m [37m/wd/hub/session/6c62eb61-6fee-48d9-b468-6ad148f86d5c/timeouts[39m
[35m[HTTP][39m [90m{"implicit":50}[39m
[35m[HTTP][39m [37m<-- POST /wd/hub/session/6c62eb61-6fee-48d9-b468-6ad148f86d5c/timeouts [39m[32m200[39m [90m2 ms - 14[39m
[35m[HTTP][39m [90m[39m
[35m[HTTP][39m [37m-->[39m [37mGET[39m [37m/wd/hub/session/6c62eb61-6fee-48d9-b468-6ad148f86d5c/window/rect[39m
[35m[HTTP][39m [90m{}[39m
[35m[HTTP][39m [37m<-- GET /wd/hub/session/6c62eb61-6fee-48d9-b468-6ad148f86d5c/window/rect [39m[32m200[39m [90m29 ms - 49[39m
[35m[HTTP][39m [90m[39m
[35m[HTTP][39m [37m-->[39m [37mPOST[39m [37m/wd/hub/session/6c62eb61-6fee-48d9-b468-6ad148f86d5c/elements[39m
[35m[HTTP][39m [90m{"using":"accessibility id","value":"test-FINISH"}[39m
[35m[HTTP][39m [37m<-- POST /wd/hub/session/6c62eb61-6fee-48d9-b468-6ad148f86d5c/elements [39m[32m200[39m [90m82 ms - 139[39m
[35m[HTTP][39m [90m[39m
[35m[HTTP][39m [37m-->[39m [37mGET[39m [37m/wd/hub/session/6c62eb61-6fee-48d9-b468-6ad148f86d5c/element/4207dd7c-3107-461e-bc48-7dfe531bfea5/location[39m
[35m[HTTP][39m [90m{}[39m
[35m[W3C (6c62eb61)][39m Driver proxy active, passing request on via HTTP proxy
[35m[WD Proxy][39m Replacing sessionId 6f798975-303c-406d-840f-668d28e950bb with 6c62eb61-6fee-48d9-b468-6ad148f86d5c
[35m[HTTP][39m [37m<-- GET /wd/hub/session/6c62eb61-6fee-48d9-b468-6ad148f86d5c/element/4207dd7c-3107-461e-bc48-7dfe531bfea5/location [39m[32m200[39m [90m31 ms - 77[39m
[35m[HTTP][39m [90m[39m
[35m[HTTP][39m [37m-->[39m [37mPOST[39m [37m/wd/hub/session/6c62eb61-6fee-48d9-b468-6ad148f86d5c/timeouts[39m
[35m[HTTP][39m [90m{"implicit":30000}[39m
[35m[HTTP][39m [37m<-- POST /wd/hub/session/6c62eb61-6fee-48d9-b468-6ad148f86d5c/timeouts [39m[32m200[39m [90m4 ms - 14[39m
[35m[HTTP][39m [90m[39m
[35m[HTTP][39m [37m-->[39m [37mPOST[39m [37m/wd/hub/session/6c62eb61-6fee-48d9-b468-6ad148f86d5c/touch/perform[39m
[35m[HTTP][39m [90m{"actions":[{"action":"tap","options":{"x":1,"y":1,"element":"4207dd7c-3107-461e-bc48-7dfe531bfea5"}},{"action":"release","options":{}}]}[39m
[35m[UiAutomator2][39m calling get location: 4207dd7c-3107-461e-bc48-7dfe531bfea5
[35m[HTTP][39m [37m<-- POST /wd/hub/session/6c62eb61-6fee-48d9-b468-6ad148f86d5c/touch/perform [39m[32m200[39m [90m1572 ms - 14[39m
[35m[HTTP][39m [90m[39m
[35m[HTTP][39m [37m-->[39m [37mGET[39m [37m/wd/hub/status[39m
[35m[HTTP][39m [90m{}[39m
[35m[HTTP][39m [37m<-- GET /wd/hub/status [39m[32m200[39m [90m2 ms - 68[39m
[35m[HTTP][39m [90m[39m
[35m[HTTP][39m [37m-->[39m [37mPOST[39m [37m/wd/hub/session[39m
[35m[HTTP][39m [90m{"desiredCapabilities":{"appActivity":".Settings","appPackage":"com.android.settings","newCommandTimeout":1800,"platformVersion":"10","automationName":"uiautomator2","autoGrantPermissions":true,"platformName":"Android","udid":"4a90dd0d","deviceName":"Xiaomi Redmi 7 (Android 10)","platform":"ANDROID","systemPort":8213},"capabilities":{"firstMatch":[{"appium:appActivity":".Settings","appium:appPackage":"com.android.settings","appium:autoGrantPermissions":true,"appium:automationName":"uiautomator2","appium:deviceName":"Xiaomi Redmi 7 (Android 10)","appium:newCommandTimeout":1800,"platform":"ANDROID","platformName":"android","appium:platformVersion":"10","appium:systemPort":8213,"appium:udid":"4a90dd0d"}]}}[39m
[35m[BaseDriver][39m The following capabilities are not standard capabilities and should have an extension prefix:
[35m[BaseDriver][39m   platform
[35m[BaseDriver][39m   chromedriverPort
[35m[Appium][39m Appium v1.21.0 creating new AndroidUiautomator2Driver (v1.65.0) session
[35m[BaseDriver][39m The following capabilities were provided, but are not recognized by Appium:
[35m[BaseDriver][39m   platform
[35m[BaseDriver][39m Session created with session id: 2755aa64-c6f2-406c-917c-c3272ce62f1e
[35m[UiAutomator2][39m Starting 'com.android.settings' directly on the device
[35m[ADB][39m Using 'adb.exe' from 'C:\Users\Lenovo\.katalon\tools\android_sdk\platform-tools\adb.exe'
[35m[AndroidDriver][39m Retrieving device list
[35m[AndroidDriver][39m Using device: 4a90dd0d
[35m[ADB][39m Using 'adb.exe' from 'C:\Users\Lenovo\.katalon\tools\android_sdk\platform-tools\adb.exe'
[35m[ADB][39m Getting device platform version
[35m[UiAutomator2][39m Relaxing hidden api policy
[35m[AndroidDriver][39m No app sent in, not parsing package/activity
[35m[ADB][39m Using 'apksigner.jar' from 'C:\Users\Lenovo\.katalon\tools\android_sdk\build-tools\29.0.3\lib\apksigner.jar'
[35m[ADB][39m 'C:\Users\Lenovo\AppData\Roaming\npm\node_modules\appium\node_modules\appium-uiautomator2-server\apks\appium-uiautomator2-server-v4.21.1.apk' is signed with the default certificate
[35m[ADB][39m 'C:\Users\Lenovo\AppData\Roaming\npm\node_modules\appium\node_modules\appium-uiautomator2-server\apks\appium-uiautomator2-server-debug-androidTest.apk' is signed with the default certificate
[35m[UiAutomator2][39m Server packages are not going to be (re)installed
[35m[ADB][39m Adding packages ["io.appium.settings","io.appium.uiautomator2.server","io.appium.uiautomator2.server.test"] to Doze whitelist
[35m[UiAutomator2][39m Starting UIAutomator2 server 4.21.1
[35m[UiAutomator2][39m Using UIAutomator2 server from 'C:\Users\Lenovo\AppData\Roaming\npm\node_modules\appium\node_modules\appium-uiautomator2-server\apks\appium-uiautomator2-server-v4.21.1.apk' and test from 'C:\Users\Lenovo\AppData\Roaming\npm\node_modules\appium\node_modules\appium-uiautomator2-server\apks\appium-uiautomator2-server-debug-androidTest.apk'
[35m[UiAutomator2][39m Waiting up to 30000ms for UiAutomator2 to be online...
[35m[WD Proxy][39m socket hang up
[35m[WD Proxy][39m socket hang up
[35m[WD Proxy][39m socket hang up
[35m[WD Proxy][39m socket hang up
[35m[WD Proxy][39m Determined the downstream protocol as 'W3C'
[35m[AndroidDriver][39m Screen already unlocked, doing nothing
[35m[UiAutomator2][39m Starting 'com.android.settings/.Settings and waiting for 'com.android.settings/.Settings'
[35m[Appium][39m New AndroidUiautomator2Driver session created successfully, session 2755aa64-c6f2-406c-917c-c3272ce62f1e added to master session list
[35m[HTTP][39m [37m<-- POST /wd/hub/session [39m[32m200[39m [90m15419 ms - 1136[39m
[35m[HTTP][39m [90m[39m
[35m[HTTP][39m [37m-->[39m [37mGET[39m [37m/wd/hub/session/2755aa64-c6f2-406c-917c-c3272ce62f1e[39m
[35m[HTTP][39m [90m{}[39m
[35m[HTTP][39m [37m<-- GET /wd/hub/session/2755aa64-c6f2-406c-917c-c3272ce62f1e [39m[32m200[39m [90m18 ms - 1090[39m
[35m[HTTP][39m [90m[39m
[35m[HTTP][39m [37m-->[39m [37mGET[39m [37m/wd/hub/session/2755aa64-c6f2-406c-917c-c3272ce62f1e[39m
[35m[HTTP][39m [90m{}[39m
[35m[HTTP][39m [37m<-- GET /wd/hub/session/2755aa64-c6f2-406c-917c-c3272ce62f1e [39m[32m200[39m [90m23 ms - 1090[39m
[35m[HTTP][39m [90m[39m
[35m[HTTP][39m [37m-->[39m [37mGET[39m [37m/wd/hub/status[39m
[35m[HTTP][39m [90m{}[39m
[35m[HTTP][39m [37m<-- GET /wd/hub/status [39m[32m200[39m [90m2 ms - 68[39m
[35m[HTTP][39m [90m[39m
[35m[HTTP][39m [37m-->[39m [37mPOST[39m [37m/wd/hub/session/2755aa64-c6f2-406c-917c-c3272ce62f1e/timeouts[39m
[35m[HTTP][39m [90m{"implicit":30000}[39m
[35m[HTTP][39m [37m<-- POST /wd/hub/session/2755aa64-c6f2-406c-917c-c3272ce62f1e/timeouts [39m[32m200[39m [90m3 ms - 14[39m
[35m[HTTP][39m [90m[39m
[35m[HTTP][39m [37m-->[39m [37mGET[39m [37m/wd/hub/session/2755aa64-c6f2-406c-917c-c3272ce62f1e/screenshot[39m
[35m[HTTP][39m [90m{}[39m
[35m[HTTP][39m [37m<-- GET /wd/hub/session/2755aa64-c6f2-406c-917c-c3272ce62f1e/screenshot [39m[32m200[39m [90m467 ms - 124652[39m
[35m[HTTP][39m [90m[39m
[35m[HTTP][39m [37m-->[39m [37mGET[39m [37m/wd/hub/session/2755aa64-c6f2-406c-917c-c3272ce62f1e/window/rect[39m
[35m[HTTP][39m [90m{}[39m
[35m[HTTP][39m [37m<-- GET /wd/hub/session/2755aa64-c6f2-406c-917c-c3272ce62f1e/window/rect [39m[32m200[39m [90m23 ms - 49[39m
[35m[HTTP][39m [90m[39m
[35m[HTTP][39m [37m-->[39m [37mGET[39m [37m/wd/hub/session/2755aa64-c6f2-406c-917c-c3272ce62f1e/appium/device/system_bars[39m
[35m[HTTP][39m [90m{}[39m
[35m[HTTP][39m [37m<-- GET /wd/hub/session/2755aa64-c6f2-406c-917c-c3272ce62f1e/appium/device/system_bars [39m[31m500[39m [90m170 ms - 649[39m
[35m[HTTP][39m [90m[39m
[35m[HTTP][39m [37m-->[39m [37mPOST[39m [37m/wd/hub/session/2755aa64-c6f2-406c-917c-c3272ce62f1e/appium/device/activate_app[39m
[35m[HTTP][39m [90m{"bundleId":"com.swaglabsmobileapp"}[39m
[35m[HTTP][39m [37m<-- POST /wd/hub/session/2755aa64-c6f2-406c-917c-c3272ce62f1e/appium/device/activate_app [39m[32m200[39m [90m700 ms - 14[39m
[35m[HTTP][39m [90m[39m
[35m[HTTP][39m [37m-->[39m [37mPOST[39m [37m/wd/hub/session/2755aa64-c6f2-406c-917c-c3272ce62f1e/timeouts[39m
[35m[HTTP][39m [90m{"implicit":50}[39m
[35m[HTTP][39m [37m<-- POST /wd/hub/session/2755aa64-c6f2-406c-917c-c3272ce62f1e/timeouts [39m[32m200[39m [90m3 ms - 14[39m
[35m[HTTP][39m [90m[39m
[35m[HTTP][39m [37m-->[39m [37mGET[39m [37m/wd/hub/session/2755aa64-c6f2-406c-917c-c3272ce62f1e/window/rect[39m
[35m[HTTP][39m [90m{}[39m
[35m[HTTP][39m [37m<-- GET /wd/hub/session/2755aa64-c6f2-406c-917c-c3272ce62f1e/window/rect [39m[32m200[39m [90m27 ms - 49[39m
[35m[HTTP][39m [90m[39m
[35m[HTTP][39m [37m-->[39m [37mPOST[39m [37m/wd/hub/session/2755aa64-c6f2-406c-917c-c3272ce62f1e/elements[39m
[35m[HTTP][39m [90m{"using":"xpath","value":"//*[@class = 'android.widget.EditText' and (@text = 'Username' or . = 'Username')]"}[39m
[35m[HTTP][39m [37m<-- POST /wd/hub/session/2755aa64-c6f2-406c-917c-c3272ce62f1e/elements [39m[32m200[39m [90m607 ms - 12[39m
[35m[HTTP][39m [90m[39m
[35m[HTTP][39m [37m-->[39m [37mPOST[39m [37m/wd/hub/session/2755aa64-c6f2-406c-917c-c3272ce62f1e/elements[39m
[35m[HTTP][39m [90m{"using":"xpath","value":"//*[@class = 'android.widget.EditText' and (@text = 'Username' or . = 'Username')]"}[39m
[35m[HTTP][39m [37m<-- POST /wd/hub/session/2755aa64-c6f2-406c-917c-c3272ce62f1e/elements [39m[32m200[39m [90m108 ms - 12[39m
[35m[HTTP][39m [90m[39m
[35m[HTTP][39m [37m-->[39m [37mPOST[39m [37m/wd/hub/session/2755aa64-c6f2-406c-917c-c3272ce62f1e/elements[39m
[35m[HTTP][39m [90m{"using":"xpath","value":"//*[@class = 'android.widget.EditText' and (@text = 'Username' or . = 'Username')]"}[39m
[35m[HTTP][39m [37m<-- POST /wd/hub/session/2755aa64-c6f2-406c-917c-c3272ce62f1e/elements [39m[32m200[39m [90m128 ms - 12[39m
[35m[HTTP][39m [90m[39m
[35m[HTTP][39m [37m-->[39m [37mPOST[39m [37m/wd/hub/session/2755aa64-c6f2-406c-917c-c3272ce62f1e/elements[39m
[35m[HTTP][39m [90m{"using":"xpath","value":"//*[@class = 'android.widget.EditText' and (@text = 'Username' or . = 'Username')]"}[39m
[35m[HTTP][39m [37m<-- POST /wd/hub/session/2755aa64-c6f2-406c-917c-c3272ce62f1e/elements [39m[32m200[39m [90m113 ms - 12[39m
[35m[HTTP][39m [90m[39m
[35m[HTTP][39m [37m-->[39m [37mPOST[39m [37m/wd/hub/session/2755aa64-c6f2-406c-917c-c3272ce62f1e/elements[39m
[35m[HTTP][39m [90m{"using":"xpath","value":"//*[@class = 'android.widget.EditText' and (@text = 'Username' or . = 'Username')]"}[39m
[35m[HTTP][39m [37m<-- POST /wd/hub/session/2755aa64-c6f2-406c-917c-c3272ce62f1e/elements [39m[32m200[39m [90m114 ms - 12[39m
[35m[HTTP][39m [90m[39m
[35m[HTTP][39m [37m-->[39m [37mPOST[39m [37m/wd/hub/session/2755aa64-c6f2-406c-917c-c3272ce62f1e/elements[39m
[35m[HTTP][39m [90m{"using":"xpath","value":"//*[@class = 'android.widget.EditText' and (@text = 'Username' or . = 'Username')]"}[39m
[35m[HTTP][39m [37m<-- POST /wd/hub/session/2755aa64-c6f2-406c-917c-c3272ce62f1e/elements [39m[32m200[39m [90m508 ms - 12[39m
[35m[HTTP][39m [90m[39m
[35m[HTTP][39m [37m-->[39m [37mPOST[39m [37m/wd/hub/session/2755aa64-c6f2-406c-917c-c3272ce62f1e/elements[39m
[35m[HTTP][39m [90m{"using":"xpath","value":"//*[@class = 'android.widget.EditText' and (@text = 'Username' or . = 'Username')]"}[39m
[35m[HTTP][39m [37m<-- POST /wd/hub/session/2755aa64-c6f2-406c-917c-c3272ce62f1e/elements [39m[32m200[39m [90m117 ms - 12[39m
[35m[HTTP][39m [90m[39m
[35m[HTTP][39m [37m-->[39m [37mPOST[39m [37m/wd/hub/session/2755aa64-c6f2-406c-917c-c3272ce62f1e/elements[39m
[35m[HTTP][39m [90m{"using":"xpath","value":"//*[@class = 'android.widget.EditText' and (@text = 'Username' or . = 'Username')]"}[39m
[35m[HTTP][39m [37m<-- POST /wd/hub/session/2755aa64-c6f2-406c-917c-c3272ce62f1e/elements [39m[32m200[39m [90m115 ms - 12[39m
[35m[HTTP][39m [90m[39m
[35m[HTTP][39m [37m-->[39m [37mPOST[39m [37m/wd/hub/session/2755aa64-c6f2-406c-917c-c3272ce62f1e/elements[39m
[35m[HTTP][39m [90m{"using":"xpath","value":"//*[@class = 'android.widget.EditText' and (@text = 'Username' or . = 'Username')]"}[39m
[35m[HTTP][39m [37m<-- POST /wd/hub/session/2755aa64-c6f2-406c-917c-c3272ce62f1e/elements [39m[32m200[39m [90m102 ms - 12[39m
[35m[HTTP][39m [90m[39m
[35m[HTTP][39m [37m-->[39m [37mPOST[39m [37m/wd/hub/session/2755aa64-c6f2-406c-917c-c3272ce62f1e/elements[39m
[35m[HTTP][39m [90m{"using":"xpath","value":"//*[@class = 'android.widget.EditText' and (@text = 'Username' or . = 'Username')]"}[39m
[35m[HTTP][39m [37m<-- POST /wd/hub/session/2755aa64-c6f2-406c-917c-c3272ce62f1e/elements [39m[32m200[39m [90m103 ms - 12[39m
[35m[HTTP][39m [90m[39m
[35m[HTTP][39m [37m-->[39m [37mPOST[39m [37m/wd/hub/session/2755aa64-c6f2-406c-917c-c3272ce62f1e/elements[39m
[35m[HTTP][39m [90m{"using":"xpath","value":"//*[@class = 'android.widget.EditText' and (@text = 'Username' or . = 'Username')]"}[39m
[35m[HTTP][39m [37m<-- POST /wd/hub/session/2755aa64-c6f2-406c-917c-c3272ce62f1e/elements [39m[32m200[39m [90m516 ms - 12[39m
[35m[HTTP][39m [90m[39m
[35m[HTTP][39m [37m-->[39m [37mPOST[39m [37m/wd/hub/session/2755aa64-c6f2-406c-917c-c3272ce62f1e/elements[39m
[35m[HTTP][39m [90m{"using":"xpath","value":"//*[@class = 'android.widget.EditText' and (@text = 'Username' or . = 'Username')]"}[39m
[35m[HTTP][39m [37m<-- POST /wd/hub/session/2755aa64-c6f2-406c-917c-c3272ce62f1e/elements [39m[32m200[39m [90m116 ms - 12[39m
[35m[HTTP][39m [90m[39m
[35m[HTTP][39m [37m-->[39m [37mPOST[39m [37m/wd/hub/session/2755aa64-c6f2-406c-917c-c3272ce62f1e/elements[39m
[35m[HTTP][39m [90m{"using":"xpath","value":"//*[@class = 'android.widget.EditText' and (@text = 'Username' or . = 'Username')]"}[39m
[35m[HTTP][39m [37m<-- POST /wd/hub/session/2755aa64-c6f2-406c-917c-c3272ce62f1e/elements [39m[32m200[39m [90m891 ms - 12[39m
[35m[HTTP][39m [90m[39m
[35m[HTTP][39m [37m-->[39m [37mPOST[39m [37m/wd/hub/session/2755aa64-c6f2-406c-917c-c3272ce62f1e/elements[39m
[35m[HTTP][39m [90m{"using":"xpath","value":"//*[@class = 'android.widget.EditText' and (@text = 'Username' or . = 'Username')]"}[39m
[35m[HTTP][39m [37m<-- POST /wd/hub/session/2755aa64-c6f2-406c-917c-c3272ce62f1e/elements [39m[32m200[39m [90m85 ms - 12[39m
[35m[HTTP][39m [90m[39m
[35m[HTTP][39m [37m-->[39m [37mPOST[39m [37m/wd/hub/session/2755aa64-c6f2-406c-917c-c3272ce62f1e/elements[39m
[35m[HTTP][39m [90m{"using":"xpath","value":"//*[@class = 'android.widget.EditText' and (@text = 'Username' or . = 'Username')]"}[39m
[35m[HTTP][39m [37m<-- POST /wd/hub/session/2755aa64-c6f2-406c-917c-c3272ce62f1e/elements [39m[32m200[39m [90m96 ms - 12[39m
[35m[HTTP][39m [90m[39m
[35m[HTTP][39m [37m-->[39m [37mPOST[39m [37m/wd/hub/session/2755aa64-c6f2-406c-917c-c3272ce62f1e/elements[39m
[35m[HTTP][39m [90m{"using":"xpath","value":"//*[@class = 'android.widget.EditText' and (@text = 'Username' or . = 'Username')]"}[39m
[35m[HTTP][39m [37m<-- POST /wd/hub/session/2755aa64-c6f2-406c-917c-c3272ce62f1e/elements [39m[32m200[39m [90m113 ms - 12[39m
[35m[HTTP][39m [90m[39m
[35m[HTTP][39m [37m-->[39m [37mPOST[39m [37m/wd/hub/session/2755aa64-c6f2-406c-917c-c3272ce62f1e/elements[39m
[35m[HTTP][39m [90m{"using":"xpath","value":"//*[@class = 'android.widget.EditText' and (@text = 'Username' or . = 'Username')]"}[39m
[35m[HTTP][39m [37m<-- POST /wd/hub/session/2755aa64-c6f2-406c-917c-c3272ce62f1e/elements [39m[32m200[39m [90m105 ms - 12[39m
[35m[HTTP][39m [90m[39m
[35m[HTTP][39m [37m-->[39m [37mPOST[39m [37m/wd/hub/session/2755aa64-c6f2-406c-917c-c3272ce62f1e/elements[39m
[35m[HTTP][39m [90m{"using":"xpath","value":"//*[@class = 'android.widget.EditText' and (@text = 'Username' or . = 'Username')]"}[39m
[35m[HTTP][39m [37m<-- POST /wd/hub/session/2755aa64-c6f2-406c-917c-c3272ce62f1e/elements [39m[32m200[39m [90m111 ms - 12[39m
[35m[HTTP][39m [90m[39m
[35m[HTTP][39m [37m-->[39m [37mPOST[39m [37m/wd/hub/session/2755aa64-c6f2-406c-917c-c3272ce62f1e/elements[39m
[35m[HTTP][39m [90m{"using":"xpath","value":"//*[@class = 'android.widget.EditText' and (@text = 'Username' or . = 'Username')]"}[39m
[35m[HTTP][39m [37m<-- POST /wd/hub/session/2755aa64-c6f2-406c-917c-c3272ce62f1e/elements [39m[32m200[39m [90m95 ms - 12[39m
[35m[HTTP][39m [90m[39m
[35m[HTTP][39m [37m-->[39m [37mPOST[39m [37m/wd/hub/session/2755aa64-c6f2-406c-917c-c3272ce62f1e/elements[39m
[35m[HTTP][39m [90m{"using":"xpath","value":"//*[@class = 'android.widget.EditText' and (@text = 'Username' or . = 'Username')]"}[39m
[35m[HTTP][39m [37m<-- POST /wd/hub/session/2755aa64-c6f2-406c-917c-c3272ce62f1e/elements [39m[32m200[39m [90m112 ms - 12[39m
[35m[HTTP][39m [90m[39m
[35m[HTTP][39m [37m-->[39m [37mPOST[39m [37m/wd/hub/session/2755aa64-c6f2-406c-917c-c3272ce62f1e/elements[39m
[35m[HTTP][39m [90m{"using":"xpath","value":"//*[@class = 'android.widget.EditText' and (@text = 'Username' or . = 'Username')]"}[39m
[35m[HTTP][39m [37m<-- POST /wd/hub/session/2755aa64-c6f2-406c-917c-c3272ce62f1e/elements [39m[32m200[39m [90m114 ms - 12[39m
[35m[HTTP][39m [90m[39m
[35m[HTTP][39m [37m-->[39m [37mPOST[39m [37m/wd/hub/session/2755aa64-c6f2-406c-917c-c3272ce62f1e/elements[39m
[35m[HTTP][39m [90m{"using":"xpath","value":"//*[@class = 'android.widget.EditText' and (@text = 'Username' or . = 'Username')]"}[39m
[35m[HTTP][39m [37m<-- POST /wd/hub/session/2755aa64-c6f2-406c-917c-c3272ce62f1e/elements [39m[32m200[39m [90m95 ms - 12[39m
[35m[HTTP][39m [90m[39m
[35m[HTTP][39m [37m-->[39m [37mPOST[39m [37m/wd/hub/session/2755aa64-c6f2-406c-917c-c3272ce62f1e/elements[39m
[35m[HTTP][39m [90m{"using":"xpath","value":"//*[@class = 'android.widget.EditText' and (@text = 'Username' or . = 'Username')]"}[39m
[35m[HTTP][39m [37m<-- POST /wd/hub/session/2755aa64-c6f2-406c-917c-c3272ce62f1e/elements [39m[32m200[39m [90m937 ms - 12[39m
[35m[HTTP][39m [90m[39m
[35m[HTTP][39m [37m-->[39m [37mPOST[39m [37m/wd/hub/session/2755aa64-c6f2-406c-917c-c3272ce62f1e/elements[39m
[35m[HTTP][39m [90m{"using":"xpath","value":"//*[@class = 'android.widget.EditText' and (@text = 'Username' or . = 'Username')]"}[39m
[35m[HTTP][39m [37m<-- POST /wd/hub/session/2755aa64-c6f2-406c-917c-c3272ce62f1e/elements [39m[32m200[39m [90m100 ms - 12[39m
[35m[HTTP][39m [90m[39m
[35m[HTTP][39m [37m-->[39m [37mPOST[39m [37m/wd/hub/session/2755aa64-c6f2-406c-917c-c3272ce62f1e/elements[39m
[35m[HTTP][39m [90m{"using":"xpath","value":"//*[@class = 'android.widget.EditText' and (@text = 'Username' or . = 'Username')]"}[39m
[35m[HTTP][39m [37m<-- POST /wd/hub/session/2755aa64-c6f2-406c-917c-c3272ce62f1e/elements [39m[32m200[39m [90m83 ms - 12[39m
[35m[HTTP][39m [90m[39m
[35m[HTTP][39m [37m-->[39m [37mPOST[39m [37m/wd/hub/session/2755aa64-c6f2-406c-917c-c3272ce62f1e/elements[39m
[35m[HTTP][39m [90m{"using":"xpath","value":"//*[@class = 'android.widget.EditText' and (@text = 'Username' or . = 'Username')]"}[39m
[35m[HTTP][39m [37m<-- POST /wd/hub/session/2755aa64-c6f2-406c-917c-c3272ce62f1e/elements [39m[32m200[39m [90m100 ms - 12[39m
[35m[HTTP][39m [90m[39m
[35m[HTTP][39m [37m-->[39m [37mPOST[39m [37m/wd/hub/session/2755aa64-c6f2-406c-917c-c3272ce62f1e/elements[39m
[35m[HTTP][39m [90m{"using":"xpath","value":"//*[@class = 'android.widget.EditText' and (@text = 'Username' or . = 'Username')]"}[39m
[35m[HTTP][39m [37m<-- POST /wd/hub/session/2755aa64-c6f2-406c-917c-c3272ce62f1e/elements [39m[32m200[39m [90m102 ms - 12[39m
[35m[HTTP][39m [90m[39m
[35m[HTTP][39m [37m-->[39m [37mPOST[39m [37m/wd/hub/session/2755aa64-c6f2-406c-917c-c3272ce62f1e/elements[39m
[35m[HTTP][39m [90m{"using":"xpath","value":"//*[@class = 'android.widget.EditText' and (@text = 'Username' or . = 'Username')]"}[39m
[35m[HTTP][39m [37m<-- POST /wd/hub/session/2755aa64-c6f2-406c-917c-c3272ce62f1e/elements [39m[32m200[39m [90m105 ms - 12[39m
[35m[HTTP][39m [90m[39m
[35m[HTTP][39m [37m-->[39m [37mPOST[39m [37m/wd/hub/session/2755aa64-c6f2-406c-917c-c3272ce62f1e/elements[39m
[35m[HTTP][39m [90m{"using":"xpath","value":"//*[@class = 'android.widget.EditText' and (@text = 'Username' or . = 'Username')]"}[39m
[35m[HTTP][39m [37m<-- POST /wd/hub/session/2755aa64-c6f2-406c-917c-c3272ce62f1e/elements [39m[32m200[39m [90m92 ms - 12[39m
[35m[HTTP][39m [90m[39m
[35m[HTTP][39m [37m-->[39m [37mPOST[39m [37m/wd/hub/session/2755aa64-c6f2-406c-917c-c3272ce62f1e/elements[39m
[35m[HTTP][39m [90m{"using":"xpath","value":"//*[@class = 'android.widget.EditText' and (@text = 'Username' or . = 'Username')]"}[39m
[35m[HTTP][39m [37m<-- POST /wd/hub/session/2755aa64-c6f2-406c-917c-c3272ce62f1e/elements [39m[32m200[39m [90m76 ms - 12[39m
[35m[HTTP][39m [90m[39m
[35m[BaseDriver][39m Shutting down because we waited 1800 seconds for a command
[35m[Appium][39m Closing session, cause was 'New Command Timeout of 1800 seconds expired. Try customizing the timeout using the 'newCommandTimeout' desired capability'
[35m[Appium][39m Removing session '6c62eb61-6fee-48d9-b468-6ad148f86d5c' from our master session list
[35m[UiAutomator2][39m Did not get confirmation UiAutomator2 deleteSession worked; Error was: UnknownError: An unknown server-side error occurred while processing the command. Original error: 'DELETE /' cannot be proxied to UiAutomator2 server because the instrumentation process is not running (probably crashed). Check the server log and/or the logcat output for more details
[35m[UiAutomator2][39m Restoring hidden api policy to the device default configuration
[35m[BaseDriver][39m Shutting down because we waited 1800 seconds for a command
[35m[Appium][39m Closing session, cause was 'New Command Timeout of 1800 seconds expired. Try customizing the timeout using the 'newCommandTimeout' desired capability'
[35m[Appium][39m Removing session '2755aa64-c6f2-406c-917c-c3272ce62f1e' from our master session list
[35m[UiAutomator2][39m Did not get confirmation UiAutomator2 deleteSession worked; Error was: UnknownError: An unknown server-side error occurred while processing the command. Original error: 'DELETE /' cannot be proxied to UiAutomator2 server because the instrumentation process is not running (probably crashed). Check the server log and/or the logcat output for more details
[35m[UiAutomator2][39m Restoring hidden api policy to the device default configuration
